{"D:\\property\\property-management-api\\src\\controllers\\auth.controller.ts": {"path":"D:\\property\\property-management-api\\src\\controllers\\auth.controller.ts","statementMap":{"0":{"start":{"line":2,"column":0},"end":{"line":2,"column":28}},"1":{"start":{"line":3,"column":0},"end":{"line":3,"column":31}},"2":{"start":{"line":4,"column":0},"end":{"line":4,"column":24}},"3":{"start":{"line":6,"column":0},"end":{"line":6,"column":38}},"4":{"start":{"line":25,"column":23},"end":{"line":30,"column":2}},"5":{"start":{"line":32,"column":20},"end":{"line":36,"column":2}},"6":{"start":{"line":38,"column":19},"end":{"line":38,"column":66}},"7":{"start":{"line":40,"column":20},"end":{"line":42,"column":1}},"8":{"start":{"line":41,"column":2},"end":{"line":41,"column":60}},"9":{"start":{"line":44,"column":24},"end":{"line":101,"column":1}},"10":{"start":{"line":45,"column":54},"end":{"line":45,"column":84}},"11":{"start":{"line":47,"column":23},"end":{"line":47,"column":73}},"12":{"start":{"line":48,"column":2},"end":{"line":50,"column":3}},"13":{"start":{"line":49,"column":4},"end":{"line":49,"column":69}},"14":{"start":{"line":52,"column":25},"end":{"line":52,"column":56}},"15":{"start":{"line":53,"column":27},"end":{"line":57,"column":28}},"16":{"start":{"line":59,"column":17},"end":{"line":84,"column":4}},"17":{"start":{"line":60,"column":17},"end":{"line":66,"column":6}},"18":{"start":{"line":68,"column":25},"end":{"line":73,"column":6}},"19":{"start":{"line":75,"column":23},"end":{"line":81,"column":6}},"20":{"start":{"line":83,"column":4},"end":{"line":83,"column":46}},"21":{"start":{"line":86,"column":16},"end":{"line":91,"column":4}},"22":{"start":{"line":93,"column":2},"end":{"line":100,"column":5}},"23":{"start":{"line":44,"column":13},"end":{"line":44,"column":24}},"24":{"start":{"line":103,"column":21},"end":{"line":147,"column":1}},"25":{"start":{"line":104,"column":46},"end":{"line":104,"column":73}},"26":{"start":{"line":106,"column":15},"end":{"line":113,"column":34}},"27":{"start":{"line":115,"column":2},"end":{"line":117,"column":3}},"28":{"start":{"line":116,"column":4},"end":{"line":116,"column":68}},"29":{"start":{"line":119,"column":26},"end":{"line":119,"column":71}},"30":{"start":{"line":120,"column":2},"end":{"line":122,"column":3}},"31":{"start":{"line":121,"column":4},"end":{"line":121,"column":68}},"32":{"start":{"line":124,"column":21},"end":{"line":126,"column":25}},"33":{"start":{"line":125,"column":63},"end":{"line":125,"column":98}},"34":{"start":{"line":128,"column":2},"end":{"line":130,"column":3}},"35":{"start":{"line":129,"column":4},"end":{"line":129,"column":103}},"36":{"start":{"line":132,"column":16},"end":{"line":137,"column":4}},"37":{"start":{"line":139,"column":2},"end":{"line":146,"column":5}},"38":{"start":{"line":103,"column":13},"end":{"line":103,"column":21}}},"fnMap":{"0":{"name":"(anonymous_1)","decl":{"start":{"line":40,"column":20},"end":{"line":40,"column":21}},"loc":{"start":{"line":40,"column":105},"end":{"line":42,"column":1}}},"1":{"name":"(anonymous_2)","decl":{"start":{"line":44,"column":24},"end":{"line":44,"column":29}},"loc":{"start":{"line":44,"column":62},"end":{"line":101,"column":1}}},"2":{"name":"(anonymous_3)","decl":{"start":{"line":59,"column":43},"end":{"line":59,"column":48}},"loc":{"start":{"line":59,"column":82},"end":{"line":84,"column":3}}},"3":{"name":"(anonymous_4)","decl":{"start":{"line":103,"column":21},"end":{"line":103,"column":26}},"loc":{"start":{"line":103,"column":59},"end":{"line":147,"column":1}}},"4":{"name":"(anonymous_5)","decl":{"start":{"line":125,"column":28},"end":{"line":125,"column":29}},"loc":{"start":{"line":125,"column":63},"end":{"line":125,"column":98}}}},"branchMap":{"0":{"loc":{"start":{"line":38,"column":19},"end":{"line":38,"column":66}},"type":"binary-expr","locations":[{"start":{"line":38,"column":19},"end":{"line":38,"column":41}},{"start":{"line":38,"column":45},"end":{"line":38,"column":66}}]},"1":{"loc":{"start":{"line":48,"column":2},"end":{"line":50,"column":3}},"type":"if","locations":[{"start":{"line":48,"column":2},"end":{"line":50,"column":3}}]},"2":{"loc":{"start":{"line":71,"column":14},"end":{"line":71,"column":53}},"type":"binary-expr","locations":[{"start":{"line":71,"column":14},"end":{"line":71,"column":30}},{"start":{"line":71,"column":34},"end":{"line":71,"column":53}}]},"3":{"loc":{"start":{"line":115,"column":2},"end":{"line":117,"column":3}},"type":"if","locations":[{"start":{"line":115,"column":2},"end":{"line":117,"column":3}}]},"4":{"loc":{"start":{"line":120,"column":2},"end":{"line":122,"column":3}},"type":"if","locations":[{"start":{"line":120,"column":2},"end":{"line":122,"column":3}}]},"5":{"loc":{"start":{"line":124,"column":21},"end":{"line":126,"column":25}},"type":"cond-expr","locations":[{"start":{"line":125,"column":6},"end":{"line":125,"column":99}},{"start":{"line":126,"column":6},"end":{"line":126,"column":25}}]},"6":{"loc":{"start":{"line":128,"column":2},"end":{"line":130,"column":3}},"type":"if","locations":[{"start":{"line":128,"column":2},"end":{"line":130,"column":3}}]}},"s":{"0":0,"1":0,"2":0,"3":0,"4":0,"5":0,"6":0,"7":0,"8":0,"9":0,"10":0,"11":0,"12":0,"13":0,"14":0,"15":0,"16":0,"17":0,"18":0,"19":0,"20":0,"21":0,"22":0,"23":0,"24":0,"25":0,"26":0,"27":0,"28":0,"29":0,"30":0,"31":0,"32":0,"33":0,"34":0,"35":0,"36":0,"37":0,"38":0},"f":{"0":0,"1":0,"2":0,"3":0,"4":0},"b":{"0":[0,0],"1":[0],"2":[0,0],"3":[0],"4":[0],"5":[0,0],"6":[0]}}
,"D:\\property\\property-management-api\\src\\controllers\\lease.controller.ts": {"path":"D:\\property\\property-management-api\\src\\controllers\\lease.controller.ts","statementMap":{"0":{"start":{"line":2,"column":0},"end":{"line":2,"column":38}},"1":{"start":{"line":5,"column":26},"end":{"line":11,"column":1}},"2":{"start":{"line":6,"column":17},"end":{"line":9,"column":4}},"3":{"start":{"line":10,"column":2},"end":{"line":10,"column":19}},"4":{"start":{"line":5,"column":13},"end":{"line":5,"column":26}},"5":{"start":{"line":13,"column":24},"end":{"line":25,"column":1}},"6":{"start":{"line":14,"column":18},"end":{"line":14,"column":46}},"7":{"start":{"line":15,"column":16},"end":{"line":18,"column":4}},"8":{"start":{"line":20,"column":2},"end":{"line":22,"column":3}},"9":{"start":{"line":21,"column":4},"end":{"line":21,"column":64}},"10":{"start":{"line":24,"column":2},"end":{"line":24,"column":18}},"11":{"start":{"line":13,"column":13},"end":{"line":13,"column":24}},"12":{"start":{"line":27,"column":27},"end":{"line":55,"column":1}},"13":{"start":{"line":28,"column":64},"end":{"line":28,"column":72}},"14":{"start":{"line":30,"column":15},"end":{"line":32,"column":4}},"15":{"start":{"line":33,"column":2},"end":{"line":35,"column":3}},"16":{"start":{"line":34,"column":4},"end":{"line":34,"column":63}},"17":{"start":{"line":37,"column":17},"end":{"line":39,"column":4}},"18":{"start":{"line":40,"column":2},"end":{"line":42,"column":3}},"19":{"start":{"line":41,"column":4},"end":{"line":41,"column":65}},"20":{"start":{"line":44,"column":16},"end":{"line":52,"column":4}},"21":{"start":{"line":54,"column":2},"end":{"line":54,"column":30}},"22":{"start":{"line":27,"column":13},"end":{"line":27,"column":27}},"23":{"start":{"line":57,"column":27},"end":{"line":78,"column":1}},"24":{"start":{"line":58,"column":18},"end":{"line":58,"column":46}},"25":{"start":{"line":59,"column":46},"end":{"line":59,"column":54}},"26":{"start":{"line":61,"column":16},"end":{"line":63,"column":4}},"27":{"start":{"line":64,"column":2},"end":{"line":66,"column":3}},"28":{"start":{"line":65,"column":4},"end":{"line":65,"column":64}},"29":{"start":{"line":68,"column":18},"end":{"line":75,"column":4}},"30":{"start":{"line":77,"column":2},"end":{"line":77,"column":20}},"31":{"start":{"line":57,"column":13},"end":{"line":57,"column":27}},"32":{"start":{"line":80,"column":27},"end":{"line":92,"column":1}},"33":{"start":{"line":81,"column":18},"end":{"line":81,"column":46}},"34":{"start":{"line":83,"column":18},"end":{"line":85,"column":4}},"35":{"start":{"line":87,"column":2},"end":{"line":89,"column":3}},"36":{"start":{"line":88,"column":4},"end":{"line":88,"column":64}},"37":{"start":{"line":91,"column":2},"end":{"line":91,"column":25}},"38":{"start":{"line":80,"column":13},"end":{"line":80,"column":27}}},"fnMap":{"0":{"name":"(anonymous_1)","decl":{"start":{"line":5,"column":26},"end":{"line":5,"column":31}},"loc":{"start":{"line":5,"column":77},"end":{"line":11,"column":1}}},"1":{"name":"(anonymous_2)","decl":{"start":{"line":13,"column":24},"end":{"line":13,"column":29}},"loc":{"start":{"line":13,"column":75},"end":{"line":25,"column":1}}},"2":{"name":"(anonymous_3)","decl":{"start":{"line":27,"column":27},"end":{"line":27,"column":32}},"loc":{"start":{"line":27,"column":78},"end":{"line":55,"column":1}}},"3":{"name":"(anonymous_4)","decl":{"start":{"line":57,"column":27},"end":{"line":57,"column":32}},"loc":{"start":{"line":57,"column":78},"end":{"line":78,"column":1}}},"4":{"name":"(anonymous_5)","decl":{"start":{"line":80,"column":27},"end":{"line":80,"column":32}},"loc":{"start":{"line":80,"column":78},"end":{"line":92,"column":1}}}},"branchMap":{"0":{"loc":{"start":{"line":20,"column":2},"end":{"line":22,"column":3}},"type":"if","locations":[{"start":{"line":20,"column":2},"end":{"line":22,"column":3}}]},"1":{"loc":{"start":{"line":33,"column":2},"end":{"line":35,"column":3}},"type":"if","locations":[{"start":{"line":33,"column":2},"end":{"line":35,"column":3}}]},"2":{"loc":{"start":{"line":40,"column":2},"end":{"line":42,"column":3}},"type":"if","locations":[{"start":{"line":40,"column":2},"end":{"line":42,"column":3}}]},"3":{"loc":{"start":{"line":64,"column":2},"end":{"line":66,"column":3}},"type":"if","locations":[{"start":{"line":64,"column":2},"end":{"line":66,"column":3}}]},"4":{"loc":{"start":{"line":71,"column":17},"end":{"line":71,"column":60}},"type":"cond-expr","locations":[{"start":{"line":71,"column":29},"end":{"line":71,"column":48}},{"start":{"line":71,"column":51},"end":{"line":71,"column":60}}]},"5":{"loc":{"start":{"line":72,"column":15},"end":{"line":72,"column":54}},"type":"cond-expr","locations":[{"start":{"line":72,"column":25},"end":{"line":72,"column":42}},{"start":{"line":72,"column":45},"end":{"line":72,"column":54}}]},"6":{"loc":{"start":{"line":73,"column":19},"end":{"line":73,"column":70}},"type":"cond-expr","locations":[{"start":{"line":73,"column":47},"end":{"line":73,"column":58}},{"start":{"line":73,"column":61},"end":{"line":73,"column":70}}]},"7":{"loc":{"start":{"line":87,"column":2},"end":{"line":89,"column":3}},"type":"if","locations":[{"start":{"line":87,"column":2},"end":{"line":89,"column":3}}]}},"s":{"0":0,"1":0,"2":0,"3":0,"4":0,"5":0,"6":0,"7":0,"8":0,"9":0,"10":0,"11":0,"12":0,"13":0,"14":0,"15":0,"16":0,"17":0,"18":0,"19":0,"20":0,"21":0,"22":0,"23":0,"24":0,"25":0,"26":0,"27":0,"28":0,"29":0,"30":0,"31":0,"32":0,"33":0,"34":0,"35":0,"36":0,"37":0,"38":0},"f":{"0":0,"1":0,"2":0,"3":0,"4":0},"b":{"0":[0],"1":[0],"2":[0],"3":[0],"4":[0,0],"5":[0,0],"6":[0,0],"7":[0]}}
,"D:\\property\\property-management-api\\src\\controllers\\payment.controller.ts": {"path":"D:\\property\\property-management-api\\src\\controllers\\payment.controller.ts","statementMap":{"0":{"start":{"line":2,"column":0},"end":{"line":2,"column":38}},"1":{"start":{"line":4,"column":0},"end":{"line":4,"column":81}},"2":{"start":{"line":6,"column":28},"end":{"line":12,"column":1}},"3":{"start":{"line":7,"column":19},"end":{"line":10,"column":4}},"4":{"start":{"line":11,"column":2},"end":{"line":11,"column":21}},"5":{"start":{"line":6,"column":13},"end":{"line":6,"column":28}},"6":{"start":{"line":14,"column":26},"end":{"line":26,"column":1}},"7":{"start":{"line":15,"column":20},"end":{"line":15,"column":50}},"8":{"start":{"line":16,"column":18},"end":{"line":19,"column":4}},"9":{"start":{"line":21,"column":2},"end":{"line":23,"column":3}},"10":{"start":{"line":22,"column":4},"end":{"line":22,"column":66}},"11":{"start":{"line":25,"column":2},"end":{"line":25,"column":20}},"12":{"start":{"line":14,"column":13},"end":{"line":14,"column":26}},"13":{"start":{"line":28,"column":29},"end":{"line":49,"column":1}},"14":{"start":{"line":29,"column":51},"end":{"line":29,"column":59}},"15":{"start":{"line":31,"column":16},"end":{"line":33,"column":4}},"16":{"start":{"line":35,"column":2},"end":{"line":37,"column":3}},"17":{"start":{"line":36,"column":4},"end":{"line":36,"column":64}},"18":{"start":{"line":39,"column":18},"end":{"line":46,"column":4}},"19":{"start":{"line":48,"column":2},"end":{"line":48,"column":32}},"20":{"start":{"line":28,"column":13},"end":{"line":28,"column":29}},"21":{"start":{"line":51,"column":31},"end":{"line":101,"column":1}},"22":{"start":{"line":52,"column":50},"end":{"line":52,"column":58}},"23":{"start":{"line":54,"column":2},"end":{"line":56,"column":3}},"24":{"start":{"line":55,"column":4},"end":{"line":55,"column":69}},"25":{"start":{"line":58,"column":16},"end":{"line":60,"column":4}},"26":{"start":{"line":62,"column":2},"end":{"line":64,"column":3}},"27":{"start":{"line":63,"column":4},"end":{"line":63,"column":64}},"28":{"start":{"line":67,"column":18},"end":{"line":75,"column":4}},"29":{"start":{"line":77,"column":2},"end":{"line":100,"column":3}},"30":{"start":{"line":78,"column":29},"end":{"line":83,"column":6}},"31":{"start":{"line":85,"column":30},"end":{"line":85,"column":147}},"32":{"start":{"line":87,"column":4},"end":{"line":93,"column":7}},"33":{"start":{"line":95,"column":4},"end":{"line":95,"column":70}},"34":{"start":{"line":97,"column":4},"end":{"line":97,"column":48}},"35":{"start":{"line":98,"column":4},"end":{"line":98,"column":156}},"36":{"start":{"line":99,"column":4},"end":{"line":99,"column":96}},"37":{"start":{"line":51,"column":13},"end":{"line":51,"column":31}},"38":{"start":{"line":103,"column":29},"end":{"line":125,"column":1}},"39":{"start":{"line":104,"column":20},"end":{"line":104,"column":50}},"40":{"start":{"line":105,"column":42},"end":{"line":105,"column":50}},"41":{"start":{"line":107,"column":18},"end":{"line":109,"column":4}},"42":{"start":{"line":111,"column":2},"end":{"line":113,"column":3}},"43":{"start":{"line":112,"column":4},"end":{"line":112,"column":66}},"44":{"start":{"line":115,"column":18},"end":{"line":122,"column":4}},"45":{"start":{"line":124,"column":2},"end":{"line":124,"column":20}},"46":{"start":{"line":103,"column":13},"end":{"line":103,"column":29}},"47":{"start":{"line":127,"column":29},"end":{"line":139,"column":1}},"48":{"start":{"line":128,"column":20},"end":{"line":128,"column":50}},"49":{"start":{"line":130,"column":18},"end":{"line":132,"column":4}},"50":{"start":{"line":134,"column":2},"end":{"line":136,"column":3}},"51":{"start":{"line":135,"column":4},"end":{"line":135,"column":66}},"52":{"start":{"line":138,"column":2},"end":{"line":138,"column":25}},"53":{"start":{"line":127,"column":13},"end":{"line":127,"column":29}}},"fnMap":{"0":{"name":"(anonymous_1)","decl":{"start":{"line":6,"column":28},"end":{"line":6,"column":33}},"loc":{"start":{"line":6,"column":79},"end":{"line":12,"column":1}}},"1":{"name":"(anonymous_2)","decl":{"start":{"line":14,"column":26},"end":{"line":14,"column":31}},"loc":{"start":{"line":14,"column":77},"end":{"line":26,"column":1}}},"2":{"name":"(anonymous_3)","decl":{"start":{"line":28,"column":29},"end":{"line":28,"column":34}},"loc":{"start":{"line":28,"column":80},"end":{"line":49,"column":1}}},"3":{"name":"(anonymous_4)","decl":{"start":{"line":51,"column":31},"end":{"line":51,"column":36}},"loc":{"start":{"line":51,"column":82},"end":{"line":101,"column":1}}},"4":{"name":"(anonymous_5)","decl":{"start":{"line":103,"column":29},"end":{"line":103,"column":34}},"loc":{"start":{"line":103,"column":80},"end":{"line":125,"column":1}}},"5":{"name":"(anonymous_6)","decl":{"start":{"line":127,"column":29},"end":{"line":127,"column":34}},"loc":{"start":{"line":127,"column":80},"end":{"line":139,"column":1}}}},"branchMap":{"0":{"loc":{"start":{"line":21,"column":2},"end":{"line":23,"column":3}},"type":"if","locations":[{"start":{"line":21,"column":2},"end":{"line":23,"column":3}}]},"1":{"loc":{"start":{"line":35,"column":2},"end":{"line":37,"column":3}},"type":"if","locations":[{"start":{"line":35,"column":2},"end":{"line":37,"column":3}}]},"2":{"loc":{"start":{"line":54,"column":2},"end":{"line":56,"column":3}},"type":"if","locations":[{"start":{"line":54,"column":2},"end":{"line":56,"column":3}}]},"3":{"loc":{"start":{"line":62,"column":2},"end":{"line":64,"column":3}},"type":"if","locations":[{"start":{"line":62,"column":2},"end":{"line":64,"column":3}}]},"4":{"loc":{"start":{"line":85,"column":30},"end":{"line":85,"column":147}},"type":"binary-expr","locations":[{"start":{"line":85,"column":30},"end":{"line":85,"column":50}},{"start":{"line":85,"column":54},"end":{"line":85,"column":80}},{"start":{"line":85,"column":84},"end":{"line":85,"column":116}},{"start":{"line":85,"column":120},"end":{"line":85,"column":147}}]},"5":{"loc":{"start":{"line":90,"column":27},"end":{"line":90,"column":57}},"type":"binary-expr","locations":[{"start":{"line":90,"column":27},"end":{"line":90,"column":44}},{"start":{"line":90,"column":48},"end":{"line":90,"column":57}}]},"6":{"loc":{"start":{"line":98,"column":121},"end":{"line":98,"column":140}},"type":"binary-expr","locations":[{"start":{"line":98,"column":121},"end":{"line":98,"column":133}},{"start":{"line":98,"column":137},"end":{"line":98,"column":140}}]},"7":{"loc":{"start":{"line":99,"column":73},"end":{"line":99,"column":92}},"type":"binary-expr","locations":[{"start":{"line":99,"column":73},"end":{"line":99,"column":85}},{"start":{"line":99,"column":89},"end":{"line":99,"column":92}}]},"8":{"loc":{"start":{"line":111,"column":2},"end":{"line":113,"column":3}},"type":"if","locations":[{"start":{"line":111,"column":2},"end":{"line":113,"column":3}}]},"9":{"loc":{"start":{"line":118,"column":14},"end":{"line":118,"column":55}},"type":"cond-expr","locations":[{"start":{"line":118,"column":37},"end":{"line":118,"column":43}},{"start":{"line":118,"column":46},"end":{"line":118,"column":55}}]},"10":{"loc":{"start":{"line":119,"column":19},"end":{"line":119,"column":66}},"type":"cond-expr","locations":[{"start":{"line":119,"column":33},"end":{"line":119,"column":54}},{"start":{"line":119,"column":57},"end":{"line":119,"column":66}}]},"11":{"loc":{"start":{"line":134,"column":2},"end":{"line":136,"column":3}},"type":"if","locations":[{"start":{"line":134,"column":2},"end":{"line":136,"column":3}}]}},"s":{"0":0,"1":0,"2":0,"3":0,"4":0,"5":0,"6":0,"7":0,"8":0,"9":0,"10":0,"11":0,"12":0,"13":0,"14":0,"15":0,"16":0,"17":0,"18":0,"19":0,"20":0,"21":0,"22":0,"23":0,"24":0,"25":0,"26":0,"27":0,"28":0,"29":0,"30":0,"31":0,"32":0,"33":0,"34":0,"35":0,"36":0,"37":0,"38":0,"39":0,"40":0,"41":0,"42":0,"43":0,"44":0,"45":0,"46":0,"47":0,"48":0,"49":0,"50":0,"51":0,"52":0,"53":0},"f":{"0":0,"1":0,"2":0,"3":0,"4":0,"5":0},"b":{"0":[0],"1":[0],"2":[0],"3":[0],"4":[0,0,0,0],"5":[0,0],"6":[0,0],"7":[0,0],"8":[0],"9":[0,0],"10":[0,0],"11":[0]}}
,"D:\\property\\property-management-api\\src\\controllers\\property.controller.ts": {"path":"D:\\property\\property-management-api\\src\\controllers\\property.controller.ts","statementMap":{"0":{"start":{"line":2,"column":0},"end":{"line":2,"column":38}},"1":{"start":{"line":5,"column":30},"end":{"line":11,"column":1}},"2":{"start":{"line":6,"column":21},"end":{"line":9,"column":4}},"3":{"start":{"line":10,"column":2},"end":{"line":10,"column":23}},"4":{"start":{"line":5,"column":13},"end":{"line":5,"column":30}},"5":{"start":{"line":13,"column":27},"end":{"line":25,"column":1}},"6":{"start":{"line":14,"column":21},"end":{"line":14,"column":52}},"7":{"start":{"line":15,"column":19},"end":{"line":18,"column":4}},"8":{"start":{"line":20,"column":2},"end":{"line":22,"column":3}},"9":{"start":{"line":21,"column":4},"end":{"line":21,"column":67}},"10":{"start":{"line":24,"column":2},"end":{"line":24,"column":21}},"11":{"start":{"line":13,"column":13},"end":{"line":13,"column":27}},"12":{"start":{"line":27,"column":30},"end":{"line":40,"column":1}},"13":{"start":{"line":28,"column":41},"end":{"line":28,"column":49}},"14":{"start":{"line":29,"column":19},"end":{"line":37,"column":4}},"15":{"start":{"line":39,"column":2},"end":{"line":39,"column":33}},"16":{"start":{"line":27,"column":13},"end":{"line":27,"column":30}},"17":{"start":{"line":42,"column":30},"end":{"line":57,"column":1}},"18":{"start":{"line":43,"column":21},"end":{"line":43,"column":52}},"19":{"start":{"line":44,"column":41},"end":{"line":44,"column":49}},"20":{"start":{"line":46,"column":19},"end":{"line":49,"column":4}},"21":{"start":{"line":51,"column":2},"end":{"line":53,"column":3}},"22":{"start":{"line":52,"column":4},"end":{"line":52,"column":67}},"23":{"start":{"line":55,"column":18},"end":{"line":55,"column":91}},"24":{"start":{"line":56,"column":2},"end":{"line":56,"column":20}},"25":{"start":{"line":42,"column":13},"end":{"line":42,"column":30}},"26":{"start":{"line":59,"column":30},"end":{"line":71,"column":1}},"27":{"start":{"line":60,"column":21},"end":{"line":60,"column":52}},"28":{"start":{"line":62,"column":19},"end":{"line":64,"column":4}},"29":{"start":{"line":66,"column":2},"end":{"line":68,"column":3}},"30":{"start":{"line":67,"column":4},"end":{"line":67,"column":67}},"31":{"start":{"line":70,"column":2},"end":{"line":70,"column":25}},"32":{"start":{"line":59,"column":13},"end":{"line":59,"column":30}}},"fnMap":{"0":{"name":"(anonymous_1)","decl":{"start":{"line":5,"column":30},"end":{"line":5,"column":35}},"loc":{"start":{"line":5,"column":81},"end":{"line":11,"column":1}}},"1":{"name":"(anonymous_2)","decl":{"start":{"line":13,"column":27},"end":{"line":13,"column":32}},"loc":{"start":{"line":13,"column":78},"end":{"line":25,"column":1}}},"2":{"name":"(anonymous_3)","decl":{"start":{"line":27,"column":30},"end":{"line":27,"column":35}},"loc":{"start":{"line":27,"column":81},"end":{"line":40,"column":1}}},"3":{"name":"(anonymous_4)","decl":{"start":{"line":42,"column":30},"end":{"line":42,"column":35}},"loc":{"start":{"line":42,"column":81},"end":{"line":57,"column":1}}},"4":{"name":"(anonymous_5)","decl":{"start":{"line":59,"column":30},"end":{"line":59,"column":35}},"loc":{"start":{"line":59,"column":81},"end":{"line":71,"column":1}}}},"branchMap":{"0":{"loc":{"start":{"line":20,"column":2},"end":{"line":22,"column":3}},"type":"if","locations":[{"start":{"line":20,"column":2},"end":{"line":22,"column":3}}]},"1":{"loc":{"start":{"line":51,"column":2},"end":{"line":53,"column":3}},"type":"if","locations":[{"start":{"line":51,"column":2},"end":{"line":53,"column":3}}]},"2":{"loc":{"start":{"line":66,"column":2},"end":{"line":68,"column":3}},"type":"if","locations":[{"start":{"line":66,"column":2},"end":{"line":68,"column":3}}]}},"s":{"0":0,"1":0,"2":0,"3":0,"4":0,"5":0,"6":0,"7":0,"8":0,"9":0,"10":0,"11":0,"12":0,"13":0,"14":0,"15":0,"16":0,"17":0,"18":0,"19":0,"20":0,"21":0,"22":0,"23":0,"24":0,"25":0,"26":0,"27":0,"28":0,"29":0,"30":0,"31":0,"32":0},"f":{"0":0,"1":0,"2":0,"3":0,"4":0},"b":{"0":[0],"1":[0],"2":[0]}}
,"D:\\property\\property-management-api\\src\\controllers\\tenant.controller.ts": {"path":"D:\\property\\property-management-api\\src\\controllers\\tenant.controller.ts","statementMap":{"0":{"start":{"line":2,"column":0},"end":{"line":2,"column":38}},"1":{"start":{"line":5,"column":27},"end":{"line":10,"column":1}},"2":{"start":{"line":6,"column":18},"end":{"line":8,"column":4}},"3":{"start":{"line":9,"column":2},"end":{"line":9,"column":20}},"4":{"start":{"line":5,"column":13},"end":{"line":5,"column":27}},"5":{"start":{"line":12,"column":28},"end":{"line":23,"column":1}},"6":{"start":{"line":13,"column":33},"end":{"line":13,"column":41}},"7":{"start":{"line":14,"column":17},"end":{"line":21,"column":4}},"8":{"start":{"line":22,"column":2},"end":{"line":22,"column":31}},"9":{"start":{"line":12,"column":13},"end":{"line":12,"column":28}}},"fnMap":{"0":{"name":"(anonymous_1)","decl":{"start":{"line":5,"column":27},"end":{"line":5,"column":32}},"loc":{"start":{"line":5,"column":78},"end":{"line":10,"column":1}}},"1":{"name":"(anonymous_2)","decl":{"start":{"line":12,"column":28},"end":{"line":12,"column":33}},"loc":{"start":{"line":12,"column":79},"end":{"line":23,"column":1}}}},"branchMap":{},"s":{"0":0,"1":0,"2":0,"3":0,"4":0,"5":0,"6":0,"7":0,"8":0,"9":0},"f":{"0":0,"1":0},"b":{}}
,"D:\\property\\property-management-api\\src\\controllers\\unit.controller.ts": {"path":"D:\\property\\property-management-api\\src\\controllers\\unit.controller.ts","statementMap":{"0":{"start":{"line":2,"column":0},"end":{"line":2,"column":38}},"1":{"start":{"line":5,"column":25},"end":{"line":13,"column":1}},"2":{"start":{"line":6,"column":16},"end":{"line":11,"column":4}},"3":{"start":{"line":12,"column":2},"end":{"line":12,"column":18}},"4":{"start":{"line":5,"column":13},"end":{"line":5,"column":25}},"5":{"start":{"line":15,"column":23},"end":{"line":30,"column":1}},"6":{"start":{"line":16,"column":17},"end":{"line":16,"column":44}},"7":{"start":{"line":17,"column":15},"end":{"line":23,"column":4}},"8":{"start":{"line":25,"column":2},"end":{"line":27,"column":3}},"9":{"start":{"line":26,"column":4},"end":{"line":26,"column":63}},"10":{"start":{"line":29,"column":2},"end":{"line":29,"column":17}},"11":{"start":{"line":15,"column":13},"end":{"line":15,"column":23}},"12":{"start":{"line":32,"column":26},"end":{"line":51,"column":1}},"13":{"start":{"line":33,"column":49},"end":{"line":33,"column":57}},"14":{"start":{"line":34,"column":19},"end":{"line":36,"column":4}},"15":{"start":{"line":38,"column":2},"end":{"line":40,"column":3}},"16":{"start":{"line":39,"column":4},"end":{"line":39,"column":67}},"17":{"start":{"line":42,"column":15},"end":{"line":48,"column":4}},"18":{"start":{"line":50,"column":2},"end":{"line":50,"column":29}},"19":{"start":{"line":32,"column":13},"end":{"line":32,"column":26}},"20":{"start":{"line":53,"column":26},"end":{"line":77,"column":1}},"21":{"start":{"line":54,"column":17},"end":{"line":54,"column":44}},"22":{"start":{"line":55,"column":37},"end":{"line":55,"column":45}},"23":{"start":{"line":57,"column":15},"end":{"line":62,"column":4}},"24":{"start":{"line":64,"column":2},"end":{"line":66,"column":3}},"25":{"start":{"line":65,"column":4},"end":{"line":65,"column":63}},"26":{"start":{"line":68,"column":18},"end":{"line":74,"column":4}},"27":{"start":{"line":76,"column":2},"end":{"line":76,"column":20}},"28":{"start":{"line":53,"column":13},"end":{"line":53,"column":26}},"29":{"start":{"line":79,"column":26},"end":{"line":94,"column":1}},"30":{"start":{"line":80,"column":17},"end":{"line":80,"column":44}},"31":{"start":{"line":82,"column":18},"end":{"line":87,"column":4}},"32":{"start":{"line":89,"column":2},"end":{"line":91,"column":3}},"33":{"start":{"line":90,"column":4},"end":{"line":90,"column":63}},"34":{"start":{"line":93,"column":2},"end":{"line":93,"column":25}},"35":{"start":{"line":79,"column":13},"end":{"line":79,"column":26}}},"fnMap":{"0":{"name":"(anonymous_1)","decl":{"start":{"line":5,"column":25},"end":{"line":5,"column":30}},"loc":{"start":{"line":5,"column":76},"end":{"line":13,"column":1}}},"1":{"name":"(anonymous_2)","decl":{"start":{"line":15,"column":23},"end":{"line":15,"column":28}},"loc":{"start":{"line":15,"column":74},"end":{"line":30,"column":1}}},"2":{"name":"(anonymous_3)","decl":{"start":{"line":32,"column":26},"end":{"line":32,"column":31}},"loc":{"start":{"line":32,"column":77},"end":{"line":51,"column":1}}},"3":{"name":"(anonymous_4)","decl":{"start":{"line":53,"column":26},"end":{"line":53,"column":31}},"loc":{"start":{"line":53,"column":77},"end":{"line":77,"column":1}}},"4":{"name":"(anonymous_5)","decl":{"start":{"line":79,"column":26},"end":{"line":79,"column":31}},"loc":{"start":{"line":79,"column":77},"end":{"line":94,"column":1}}}},"branchMap":{"0":{"loc":{"start":{"line":25,"column":2},"end":{"line":27,"column":3}},"type":"if","locations":[{"start":{"line":25,"column":2},"end":{"line":27,"column":3}}]},"1":{"loc":{"start":{"line":38,"column":2},"end":{"line":40,"column":3}},"type":"if","locations":[{"start":{"line":38,"column":2},"end":{"line":40,"column":3}}]},"2":{"loc":{"start":{"line":64,"column":2},"end":{"line":66,"column":3}},"type":"if","locations":[{"start":{"line":64,"column":2},"end":{"line":66,"column":3}}]},"3":{"loc":{"start":{"line":72,"column":18},"end":{"line":72,"column":67}},"type":"cond-expr","locations":[{"start":{"line":72,"column":45},"end":{"line":72,"column":55}},{"start":{"line":72,"column":58},"end":{"line":72,"column":67}}]},"4":{"loc":{"start":{"line":89,"column":2},"end":{"line":91,"column":3}},"type":"if","locations":[{"start":{"line":89,"column":2},"end":{"line":91,"column":3}}]}},"s":{"0":0,"1":0,"2":0,"3":0,"4":0,"5":0,"6":0,"7":0,"8":0,"9":0,"10":0,"11":0,"12":0,"13":0,"14":0,"15":0,"16":0,"17":0,"18":0,"19":0,"20":0,"21":0,"22":0,"23":0,"24":0,"25":0,"26":0,"27":0,"28":0,"29":0,"30":0,"31":0,"32":0,"33":0,"34":0,"35":0},"f":{"0":0,"1":0,"2":0,"3":0,"4":0},"b":{"0":[0],"1":[0],"2":[0],"3":[0,0],"4":[0]}}
,"D:\\property\\property-management-api\\src\\middleware\\auth.middleware.ts": {"path":"D:\\property\\property-management-api\\src\\middleware\\auth.middleware.ts","statementMap":{"0":{"start":{"line":2,"column":0},"end":{"line":2,"column":31}},"1":{"start":{"line":3,"column":0},"end":{"line":3,"column":38}},"2":{"start":{"line":16,"column":19},"end":{"line":16,"column":66}},"3":{"start":{"line":18,"column":27},"end":{"line":61,"column":1}},"4":{"start":{"line":23,"column":2},"end":{"line":60,"column":3}},"5":{"start":{"line":24,"column":23},"end":{"line":24,"column":48}},"6":{"start":{"line":25,"column":4},"end":{"line":27,"column":5}},"7":{"start":{"line":26,"column":6},"end":{"line":26,"column":90}},"8":{"start":{"line":29,"column":18},"end":{"line":29,"column":42}},"9":{"start":{"line":30,"column":20},"end":{"line":30,"column":null}},"10":{"start":{"line":37,"column":23},"end":{"line":44,"column":6}},"11":{"start":{"line":46,"column":4},"end":{"line":48,"column":5}},"12":{"start":{"line":47,"column":6},"end":{"line":47,"column":98}},"13":{"start":{"line":50,"column":4},"end":{"line":55,"column":6}},"14":{"start":{"line":57,"column":4},"end":{"line":57,"column":11}},"15":{"start":{"line":59,"column":4},"end":{"line":59,"column":106}},"16":{"start":{"line":18,"column":13},"end":{"line":18,"column":27}},"17":{"start":{"line":63,"column":27},"end":{"line":72,"column":1}},"18":{"start":{"line":64,"column":2},"end":{"line":71,"column":4}},"19":{"start":{"line":65,"column":17},"end":{"line":65,"column":31}},"20":{"start":{"line":66,"column":4},"end":{"line":68,"column":5}},"21":{"start":{"line":67,"column":6},"end":{"line":67,"column":75}},"22":{"start":{"line":70,"column":4},"end":{"line":70,"column":11}},"23":{"start":{"line":63,"column":13},"end":{"line":63,"column":27}}},"fnMap":{"0":{"name":"(anonymous_1)","decl":{"start":{"line":18,"column":27},"end":{"line":18,"column":32}},"loc":{"start":{"line":22,"column":4},"end":{"line":61,"column":1}}},"1":{"name":"(anonymous_2)","decl":{"start":{"line":63,"column":27},"end":{"line":63,"column":28}},"loc":{"start":{"line":63,"column":56},"end":{"line":72,"column":1}}},"2":{"name":"(anonymous_3)","decl":{"start":{"line":64,"column":9},"end":{"line":64,"column":10}},"loc":{"start":{"line":64,"column":74},"end":{"line":71,"column":3}}}},"branchMap":{"0":{"loc":{"start":{"line":16,"column":19},"end":{"line":16,"column":66}},"type":"binary-expr","locations":[{"start":{"line":16,"column":19},"end":{"line":16,"column":41}},{"start":{"line":16,"column":45},"end":{"line":16,"column":66}}]},"1":{"loc":{"start":{"line":25,"column":4},"end":{"line":27,"column":5}},"type":"if","locations":[{"start":{"line":25,"column":4},"end":{"line":27,"column":5}}]},"2":{"loc":{"start":{"line":25,"column":8},"end":{"line":25,"column":56}},"type":"binary-expr","locations":[{"start":{"line":25,"column":8},"end":{"line":25,"column":19}},{"start":{"line":25,"column":23},"end":{"line":25,"column":56}}]},"3":{"loc":{"start":{"line":46,"column":4},"end":{"line":48,"column":5}},"type":"if","locations":[{"start":{"line":46,"column":4},"end":{"line":48,"column":5}}]},"4":{"loc":{"start":{"line":66,"column":4},"end":{"line":68,"column":5}},"type":"if","locations":[{"start":{"line":66,"column":4},"end":{"line":68,"column":5}}]},"5":{"loc":{"start":{"line":66,"column":8},"end":{"line":66,"column":45}},"type":"binary-expr","locations":[{"start":{"line":66,"column":8},"end":{"line":66,"column":13}},{"start":{"line":66,"column":17},"end":{"line":66,"column":45}}]}},"s":{"0":0,"1":0,"2":0,"3":0,"4":0,"5":0,"6":0,"7":0,"8":0,"9":0,"10":0,"11":0,"12":0,"13":0,"14":0,"15":0,"16":0,"17":0,"18":0,"19":0,"20":0,"21":0,"22":0,"23":0},"f":{"0":0,"1":0,"2":0},"b":{"0":[0,0],"1":[0],"2":[0,0],"3":[0],"4":[0],"5":[0,0]}}
,"D:\\property\\property-management-api\\src\\routes\\auth.routes.ts": {"path":"D:\\property\\property-management-api\\src\\routes\\auth.routes.ts","statementMap":{"0":{"start":{"line":1,"column":0},"end":{"line":1,"column":33}},"1":{"start":{"line":2,"column":0},"end":{"line":2,"column":65}},"2":{"start":{"line":4,"column":15},"end":{"line":4,"column":23}},"3":{"start":{"line":6,"column":0},"end":{"line":6,"column":35}},"4":{"start":{"line":7,"column":0},"end":{"line":7,"column":29}},"5":{"start":{"line":9,"column":0},"end":{"line":9,"column":22}}},"fnMap":{},"branchMap":{},"s":{"0":0,"1":0,"2":0,"3":0,"4":0,"5":0},"f":{},"b":{}}
,"D:\\property\\property-management-api\\src\\routes\\lease.routes.ts": {"path":"D:\\property\\property-management-api\\src\\routes\\lease.routes.ts","statementMap":{"0":{"start":{"line":1,"column":0},"end":{"line":1,"column":33}},"1":{"start":{"line":2,"column":0},"end":{"line":2,"column":73}},"2":{"start":{"line":3,"column":0},"end":{"line":3,"column":null}},"3":{"start":{"line":11,"column":15},"end":{"line":11,"column":23}},"4":{"start":{"line":13,"column":0},"end":{"line":13,"column":24}},"5":{"start":{"line":14,"column":0},"end":{"line":14,"column":28}},"6":{"start":{"line":15,"column":0},"end":{"line":15,"column":34}},"7":{"start":{"line":16,"column":0},"end":{"line":16,"column":74}},"8":{"start":{"line":17,"column":0},"end":{"line":17,"column":81}},"9":{"start":{"line":18,"column":0},"end":{"line":18,"column":73}},"10":{"start":{"line":20,"column":0},"end":{"line":20,"column":22}}},"fnMap":{},"branchMap":{},"s":{"0":0,"1":0,"2":0,"3":0,"4":0,"5":0,"6":0,"7":0,"8":0,"9":0,"10":0},"f":{},"b":{}}
,"D:\\property\\property-management-api\\src\\routes\\payment.routes.ts": {"path":"D:\\property\\property-management-api\\src\\routes\\payment.routes.ts","statementMap":{"0":{"start":{"line":1,"column":0},"end":{"line":1,"column":33}},"1":{"start":{"line":2,"column":0},"end":{"line":2,"column":73}},"2":{"start":{"line":3,"column":0},"end":{"line":3,"column":null}},"3":{"start":{"line":12,"column":15},"end":{"line":12,"column":23}},"4":{"start":{"line":14,"column":0},"end":{"line":14,"column":24}},"5":{"start":{"line":15,"column":0},"end":{"line":15,"column":30}},"6":{"start":{"line":16,"column":0},"end":{"line":16,"column":38}},"7":{"start":{"line":17,"column":0},"end":{"line":17,"column":76}},"8":{"start":{"line":18,"column":0},"end":{"line":18,"column":86}},"9":{"start":{"line":19,"column":0},"end":{"line":19,"column":85}},"10":{"start":{"line":20,"column":0},"end":{"line":20,"column":77}},"11":{"start":{"line":22,"column":0},"end":{"line":22,"column":22}}},"fnMap":{},"branchMap":{},"s":{"0":0,"1":0,"2":0,"3":0,"4":0,"5":0,"6":0,"7":0,"8":0,"9":0,"10":0,"11":0},"f":{},"b":{}}
,"D:\\property\\property-management-api\\src\\routes\\payment.webhooks.ts": {"path":"D:\\property\\property-management-api\\src\\routes\\payment.webhooks.ts","statementMap":{"0":{"start":{"line":1,"column":0},"end":{"line":1,"column":52}},"1":{"start":{"line":3,"column":0},"end":{"line":3,"column":67}},"2":{"start":{"line":4,"column":0},"end":{"line":4,"column":67}},"3":{"start":{"line":6,"column":17},"end":{"line":6,"column":25}},"4":{"start":{"line":7,"column":17},"end":{"line":7,"column":25}},"5":{"start":{"line":9,"column":0},"end":{"line":23,"column":3}},"6":{"start":{"line":10,"column":2},"end":{"line":22,"column":3}},"7":{"start":{"line":11,"column":16},"end":{"line":11,"column":34}},"8":{"start":{"line":12,"column":22},"end":{"line":12,"column":79}},"9":{"start":{"line":13,"column":15},"end":{"line":13,"column":69}},"10":{"start":{"line":14,"column":4},"end":{"line":14,"column":75}},"11":{"start":{"line":14,"column":13},"end":{"line":14,"column":75}},"12":{"start":{"line":16,"column":20},"end":{"line":16,"column":52}},"13":{"start":{"line":17,"column":4},"end":{"line":17,"column":49}},"14":{"start":{"line":18,"column":4},"end":{"line":18,"column":27}},"15":{"start":{"line":20,"column":4},"end":{"line":20,"column":49}},"16":{"start":{"line":21,"column":4},"end":{"line":21,"column":40}},"17":{"start":{"line":25,"column":0},"end":{"line":39,"column":3}},"18":{"start":{"line":26,"column":2},"end":{"line":38,"column":3}},"19":{"start":{"line":27,"column":16},"end":{"line":27,"column":34}},"20":{"start":{"line":28,"column":22},"end":{"line":28,"column":78}},"21":{"start":{"line":29,"column":15},"end":{"line":29,"column":69}},"22":{"start":{"line":30,"column":4},"end":{"line":30,"column":75}},"23":{"start":{"line":30,"column":13},"end":{"line":30,"column":75}},"24":{"start":{"line":32,"column":20},"end":{"line":32,"column":52}},"25":{"start":{"line":33,"column":4},"end":{"line":33,"column":49}},"26":{"start":{"line":34,"column":4},"end":{"line":34,"column":27}},"27":{"start":{"line":36,"column":4},"end":{"line":36,"column":49}},"28":{"start":{"line":37,"column":4},"end":{"line":37,"column":40}},"29":{"start":{"line":41,"column":0},"end":{"line":41,"column":38}}},"fnMap":{"0":{"name":"(anonymous_1)","decl":{"start":{"line":9,"column":19},"end":{"line":9,"column":24}},"loc":{"start":{"line":9,"column":57},"end":{"line":23,"column":1}}},"1":{"name":"(anonymous_2)","decl":{"start":{"line":25,"column":19},"end":{"line":25,"column":24}},"loc":{"start":{"line":25,"column":57},"end":{"line":39,"column":1}}}},"branchMap":{"0":{"loc":{"start":{"line":14,"column":4},"end":{"line":14,"column":75}},"type":"if","locations":[{"start":{"line":14,"column":4},"end":{"line":14,"column":75}}]},"1":{"loc":{"start":{"line":30,"column":4},"end":{"line":30,"column":75}},"type":"if","locations":[{"start":{"line":30,"column":4},"end":{"line":30,"column":75}}]}},"s":{"0":0,"1":0,"2":0,"3":0,"4":0,"5":0,"6":0,"7":0,"8":0,"9":0,"10":0,"11":0,"12":0,"13":0,"14":0,"15":0,"16":0,"17":0,"18":0,"19":0,"20":0,"21":0,"22":0,"23":0,"24":0,"25":0,"26":0,"27":0,"28":0,"29":0},"f":{"0":0,"1":0},"b":{"0":[0],"1":[0]}}
,"D:\\property\\property-management-api\\src\\routes\\property.routes.ts": {"path":"D:\\property\\property-management-api\\src\\routes\\property.routes.ts","statementMap":{"0":{"start":{"line":1,"column":0},"end":{"line":1,"column":33}},"1":{"start":{"line":2,"column":0},"end":{"line":2,"column":73}},"2":{"start":{"line":3,"column":0},"end":{"line":3,"column":null}},"3":{"start":{"line":11,"column":15},"end":{"line":11,"column":23}},"4":{"start":{"line":13,"column":0},"end":{"line":13,"column":24}},"5":{"start":{"line":14,"column":0},"end":{"line":14,"column":32}},"6":{"start":{"line":15,"column":0},"end":{"line":15,"column":40}},"7":{"start":{"line":16,"column":0},"end":{"line":16,"column":77}},"8":{"start":{"line":17,"column":0},"end":{"line":17,"column":87}},"9":{"start":{"line":18,"column":0},"end":{"line":18,"column":79}},"10":{"start":{"line":20,"column":0},"end":{"line":20,"column":22}}},"fnMap":{},"branchMap":{},"s":{"0":0,"1":0,"2":0,"3":0,"4":0,"5":0,"6":0,"7":0,"8":0,"9":0,"10":0},"f":{},"b":{}}
,"D:\\property\\property-management-api\\src\\routes\\tenant.routes.ts": {"path":"D:\\property\\property-management-api\\src\\routes\\tenant.routes.ts","statementMap":{"0":{"start":{"line":1,"column":0},"end":{"line":1,"column":33}},"1":{"start":{"line":2,"column":0},"end":{"line":2,"column":73}},"2":{"start":{"line":3,"column":0},"end":{"line":3,"column":77}},"3":{"start":{"line":5,"column":15},"end":{"line":5,"column":23}},"4":{"start":{"line":7,"column":0},"end":{"line":7,"column":24}},"5":{"start":{"line":8,"column":0},"end":{"line":8,"column":29}},"6":{"start":{"line":9,"column":0},"end":{"line":9,"column":75}},"7":{"start":{"line":11,"column":0},"end":{"line":11,"column":22}}},"fnMap":{},"branchMap":{},"s":{"0":0,"1":0,"2":0,"3":0,"4":0,"5":0,"6":0,"7":0},"f":{},"b":{}}
,"D:\\property\\property-management-api\\src\\routes\\unit.routes.ts": {"path":"D:\\property\\property-management-api\\src\\routes\\unit.routes.ts","statementMap":{"0":{"start":{"line":1,"column":0},"end":{"line":1,"column":33}},"1":{"start":{"line":2,"column":0},"end":{"line":2,"column":73}},"2":{"start":{"line":3,"column":0},"end":{"line":3,"column":null}},"3":{"start":{"line":11,"column":15},"end":{"line":11,"column":23}},"4":{"start":{"line":13,"column":0},"end":{"line":13,"column":24}},"5":{"start":{"line":14,"column":0},"end":{"line":14,"column":27}},"6":{"start":{"line":15,"column":0},"end":{"line":15,"column":32}},"7":{"start":{"line":16,"column":0},"end":{"line":16,"column":73}},"8":{"start":{"line":17,"column":0},"end":{"line":17,"column":79}},"9":{"start":{"line":18,"column":0},"end":{"line":18,"column":71}},"10":{"start":{"line":20,"column":0},"end":{"line":20,"column":22}}},"fnMap":{},"branchMap":{},"s":{"0":0,"1":0,"2":0,"3":0,"4":0,"5":0,"6":0,"7":0,"8":0,"9":0,"10":0},"f":{},"b":{}}
,"D:\\property\\property-management-api\\src\\services\\payments\\cashfreeAdapter.ts": {"path":"D:\\property\\property-management-api\\src\\services\\payments\\cashfreeAdapter.ts","statementMap":{"0":{"start":{"line":1,"column":0},"end":{"line":1,"column":26}},"1":{"start":{"line":2,"column":0},"end":{"line":2,"column":28}},"2":{"start":{"line":4,"column":0},"end":{"line":4,"column":41}},"3":{"start":{"line":6,"column":15},"end":{"line":6,"column":48}},"4":{"start":{"line":7,"column":15},"end":{"line":7,"column":48}},"5":{"start":{"line":9,"column":41},"end":{"line":56,"column":2}},"6":{"start":{"line":13,"column":20},"end":{"line":23,"column":6}},"7":{"start":{"line":25,"column":20},"end":{"line":29,"column":6}},"8":{"start":{"line":31,"column":16},"end":{"line":31,"column":92}},"9":{"start":{"line":32,"column":4},"end":{"line":32,"column":20}},"10":{"start":{"line":35,"column":4},"end":{"line":35,"column":39}},"11":{"start":{"line":35,"column":26},"end":{"line":35,"column":39}},"12":{"start":{"line":36,"column":21},"end":{"line":36,"column":86}},"13":{"start":{"line":37,"column":4},"end":{"line":37,"column":40}},"14":{"start":{"line":40,"column":30},"end":{"line":40,"column":101}},"15":{"start":{"line":41,"column":4},"end":{"line":41,"column":49}},"16":{"start":{"line":41,"column":28},"end":{"line":41,"column":49}},"17":{"start":{"line":43,"column":20},"end":{"line":43,"column":84}},"18":{"start":{"line":44,"column":4},"end":{"line":52,"column":5}},"19":{"start":{"line":45,"column":6},"end":{"line":51,"column":9}},"20":{"start":{"line":54,"column":4},"end":{"line":54,"column":24}},"21":{"start":{"line":58,"column":0},"end":{"line":58,"column":31}}},"fnMap":{"0":{"name":"(anonymous_1)","decl":{"start":{"line":11,"column":2},"end":{"line":11,"column":7}},"loc":{"start":{"line":11,"column":48},"end":{"line":33,"column":3}}},"1":{"name":"(anonymous_2)","decl":{"start":{"line":34,"column":2},"end":{"line":34,"column":24}},"loc":{"start":{"line":34,"column":77},"end":{"line":38,"column":3}}},"2":{"name":"(anonymous_3)","decl":{"start":{"line":39,"column":2},"end":{"line":39,"column":7}},"loc":{"start":{"line":39,"column":34},"end":{"line":55,"column":3}}}},"branchMap":{"0":{"loc":{"start":{"line":6,"column":15},"end":{"line":6,"column":48}},"type":"binary-expr","locations":[{"start":{"line":6,"column":15},"end":{"line":6,"column":42}},{"start":{"line":6,"column":46},"end":{"line":6,"column":48}}]},"1":{"loc":{"start":{"line":7,"column":15},"end":{"line":7,"column":48}},"type":"binary-expr","locations":[{"start":{"line":7,"column":15},"end":{"line":7,"column":42}},{"start":{"line":7,"column":46},"end":{"line":7,"column":48}}]},"2":{"loc":{"start":{"line":15,"column":22},"end":{"line":15,"column":44}},"type":"binary-expr","locations":[{"start":{"line":15,"column":22},"end":{"line":15,"column":35}},{"start":{"line":15,"column":39},"end":{"line":15,"column":44}}]},"3":{"loc":{"start":{"line":16,"column":18},"end":{"line":16,"column":50}},"type":"binary-expr","locations":[{"start":{"line":16,"column":18},"end":{"line":16,"column":37}},{"start":{"line":16,"column":41},"end":{"line":16,"column":50}}]},"4":{"loc":{"start":{"line":35,"column":4},"end":{"line":35,"column":39}},"type":"if","locations":[{"start":{"line":35,"column":4},"end":{"line":35,"column":39}}]},"5":{"loc":{"start":{"line":40,"column":30},"end":{"line":40,"column":101}},"type":"binary-expr","locations":[{"start":{"line":40,"column":30},"end":{"line":40,"column":46}},{"start":{"line":40,"column":50},"end":{"line":40,"column":69}},{"start":{"line":40,"column":73},"end":{"line":40,"column":93}},{"start":{"line":40,"column":97},"end":{"line":40,"column":101}}]},"6":{"loc":{"start":{"line":41,"column":4},"end":{"line":41,"column":49}},"type":"if","locations":[{"start":{"line":41,"column":4},"end":{"line":41,"column":49}}]},"7":{"loc":{"start":{"line":44,"column":4},"end":{"line":52,"column":5}},"type":"if","locations":[{"start":{"line":44,"column":4},"end":{"line":52,"column":5}}]},"8":{"loc":{"start":{"line":48,"column":26},"end":{"line":48,"column":86}},"type":"binary-expr","locations":[{"start":{"line":48,"column":26},"end":{"line":48,"column":46}},{"start":{"line":48,"column":50},"end":{"line":48,"column":67}},{"start":{"line":48,"column":71},"end":{"line":48,"column":86}}]}},"s":{"0":1,"1":1,"2":1,"3":1,"4":1,"5":1,"6":0,"7":0,"8":0,"9":0,"10":0,"11":0,"12":0,"13":0,"14":0,"15":0,"16":0,"17":0,"18":0,"19":0,"20":0,"21":1},"f":{"0":0,"1":0,"2":0},"b":{"0":[1,1],"1":[1,1],"2":[0,0],"3":[0,0],"4":[0],"5":[0,0,0,0],"6":[0],"7":[0],"8":[0,0,0]}}
,"D:\\property\\property-management-api\\src\\services\\payments\\payment.service.ts": {"path":"D:\\property\\property-management-api\\src\\services\\payments\\payment.service.ts","statementMap":{"0":{"start":{"line":1,"column":0},"end":{"line":1,"column":48}},"1":{"start":{"line":2,"column":0},"end":{"line":2,"column":48}},"2":{"start":{"line":5,"column":44},"end":{"line":8,"column":2}},"3":{"start":{"line":10,"column":41},"end":{"line":14,"column":1}},"4":{"start":{"line":11,"column":12},"end":{"line":11,"column":31}},"5":{"start":{"line":12,"column":2},"end":{"line":12,"column":50}},"6":{"start":{"line":12,"column":10},"end":{"line":12,"column":50}},"7":{"start":{"line":13,"column":2},"end":{"line":13,"column":31}},"8":{"start":{"line":10,"column":13},"end":{"line":10,"column":41}},"9":{"start":{"line":16,"column":34},"end":{"line":16,"column":80}},"10":{"start":{"line":16,"column":61},"end":{"line":16,"column":80}},"11":{"start":{"line":16,"column":13},"end":{"line":16,"column":34}}},"fnMap":{"0":{"name":"(anonymous_1)","decl":{"start":{"line":10,"column":41},"end":{"line":10,"column":46}},"loc":{"start":{"line":10,"column":101},"end":{"line":14,"column":1}}},"1":{"name":"(anonymous_2)","decl":{"start":{"line":16,"column":34},"end":{"line":16,"column":35}},"loc":{"start":{"line":16,"column":61},"end":{"line":16,"column":80}}}},"branchMap":{"0":{"loc":{"start":{"line":12,"column":2},"end":{"line":12,"column":50}},"type":"if","locations":[{"start":{"line":12,"column":2},"end":{"line":12,"column":50}}]}},"s":{"0":1,"1":1,"2":1,"3":1,"4":2,"5":2,"6":1,"7":1,"8":1,"9":1,"10":2,"11":1},"f":{"0":2,"1":2},"b":{"0":[1]}}
,"D:\\property\\property-management-api\\src\\services\\payments\\razorpayAdapter.ts": {"path":"D:\\property\\property-management-api\\src\\services\\payments\\razorpayAdapter.ts","statementMap":{"0":{"start":{"line":1,"column":0},"end":{"line":1,"column":32}},"1":{"start":{"line":2,"column":0},"end":{"line":2,"column":28}},"2":{"start":{"line":4,"column":0},"end":{"line":4,"column":41}},"3":{"start":{"line":6,"column":15},"end":{"line":6,"column":48}},"4":{"start":{"line":7,"column":19},"end":{"line":7,"column":56}},"5":{"start":{"line":9,"column":17},"end":{"line":9,"column":21}},"6":{"start":{"line":11,"column":28},"end":{"line":16,"column":1}},"7":{"start":{"line":12,"column":2},"end":{"line":14,"column":3}},"8":{"start":{"line":13,"column":4},"end":{"line":13,"column":69}},"9":{"start":{"line":15,"column":2},"end":{"line":15,"column":15}},"10":{"start":{"line":18,"column":41},"end":{"line":58,"column":2}},"11":{"start":{"line":21,"column":18},"end":{"line":21,"column":39}},"12":{"start":{"line":22,"column":4},"end":{"line":22,"column":71}},"13":{"start":{"line":22,"column":16},"end":{"line":22,"column":71}},"14":{"start":{"line":23,"column":18},"end":{"line":28,"column":6}},"15":{"start":{"line":29,"column":4},"end":{"line":29,"column":17}},"16":{"start":{"line":32,"column":4},"end":{"line":32,"column":39}},"17":{"start":{"line":32,"column":26},"end":{"line":32,"column":39}},"18":{"start":{"line":33,"column":21},"end":{"line":33,"column":90}},"19":{"start":{"line":34,"column":4},"end":{"line":34,"column":40}},"20":{"start":{"line":38,"column":18},"end":{"line":38,"column":95}},"21":{"start":{"line":39,"column":19},"end":{"line":39,"column":96}},"22":{"start":{"line":40,"column":30},"end":{"line":40,"column":68}},"23":{"start":{"line":42,"column":4},"end":{"line":42,"column":49}},"24":{"start":{"line":42,"column":28},"end":{"line":42,"column":49}},"25":{"start":{"line":45,"column":20},"end":{"line":45,"column":84}},"26":{"start":{"line":46,"column":4},"end":{"line":54,"column":5}},"27":{"start":{"line":47,"column":6},"end":{"line":53,"column":9}},"28":{"start":{"line":56,"column":4},"end":{"line":56,"column":24}},"29":{"start":{"line":60,"column":0},"end":{"line":60,"column":31}}},"fnMap":{"0":{"name":"(anonymous_1)","decl":{"start":{"line":11,"column":28},"end":{"line":11,"column":31}},"loc":{"start":{"line":11,"column":33},"end":{"line":16,"column":1}}},"1":{"name":"(anonymous_2)","decl":{"start":{"line":20,"column":2},"end":{"line":20,"column":7}},"loc":{"start":{"line":20,"column":48},"end":{"line":30,"column":3}}},"2":{"name":"(anonymous_3)","decl":{"start":{"line":31,"column":2},"end":{"line":31,"column":24}},"loc":{"start":{"line":31,"column":77},"end":{"line":35,"column":3}}},"3":{"name":"(anonymous_4)","decl":{"start":{"line":36,"column":2},"end":{"line":36,"column":7}},"loc":{"start":{"line":36,"column":34},"end":{"line":57,"column":3}}}},"branchMap":{"0":{"loc":{"start":{"line":6,"column":15},"end":{"line":6,"column":48}},"type":"binary-expr","locations":[{"start":{"line":6,"column":15},"end":{"line":6,"column":42}},{"start":{"line":6,"column":46},"end":{"line":6,"column":48}}]},"1":{"loc":{"start":{"line":7,"column":19},"end":{"line":7,"column":56}},"type":"binary-expr","locations":[{"start":{"line":7,"column":19},"end":{"line":7,"column":50}},{"start":{"line":7,"column":54},"end":{"line":7,"column":56}}]},"2":{"loc":{"start":{"line":12,"column":2},"end":{"line":14,"column":3}},"type":"if","locations":[{"start":{"line":12,"column":2},"end":{"line":14,"column":3}}]},"3":{"loc":{"start":{"line":12,"column":6},"end":{"line":12,"column":22}},"type":"binary-expr","locations":[{"start":{"line":12,"column":6},"end":{"line":12,"column":12}},{"start":{"line":12,"column":16},"end":{"line":12,"column":22}}]},"4":{"loc":{"start":{"line":22,"column":4},"end":{"line":22,"column":71}},"type":"if","locations":[{"start":{"line":22,"column":4},"end":{"line":22,"column":71}}]},"5":{"loc":{"start":{"line":25,"column":16},"end":{"line":25,"column":38}},"type":"binary-expr","locations":[{"start":{"line":25,"column":16},"end":{"line":25,"column":29}},{"start":{"line":25,"column":33},"end":{"line":25,"column":38}}]},"6":{"loc":{"start":{"line":32,"column":4},"end":{"line":32,"column":39}},"type":"if","locations":[{"start":{"line":32,"column":4},"end":{"line":32,"column":39}}]},"7":{"loc":{"start":{"line":38,"column":18},"end":{"line":38,"column":95}},"type":"cond-expr","locations":[{"start":{"line":38,"column":70},"end":{"line":38,"column":83}},{"start":{"line":38,"column":86},"end":{"line":38,"column":95}}]},"8":{"loc":{"start":{"line":38,"column":18},"end":{"line":38,"column":67}},"type":"binary-expr","locations":[{"start":{"line":38,"column":18},"end":{"line":38,"column":31}},{"start":{"line":38,"column":35},"end":{"line":38,"column":67}}]},"9":{"loc":{"start":{"line":39,"column":19},"end":{"line":39,"column":96}},"type":"binary-expr","locations":[{"start":{"line":39,"column":19},"end":{"line":39,"column":51}},{"start":{"line":39,"column":55},"end":{"line":39,"column":85}},{"start":{"line":39,"column":89},"end":{"line":39,"column":96}}]},"10":{"loc":{"start":{"line":40,"column":30},"end":{"line":40,"column":68}},"type":"binary-expr","locations":[{"start":{"line":40,"column":30},"end":{"line":40,"column":40}},{"start":{"line":40,"column":44},"end":{"line":40,"column":60}},{"start":{"line":40,"column":64},"end":{"line":40,"column":68}}]},"11":{"loc":{"start":{"line":42,"column":4},"end":{"line":42,"column":49}},"type":"if","locations":[{"start":{"line":42,"column":4},"end":{"line":42,"column":49}}]},"12":{"loc":{"start":{"line":46,"column":4},"end":{"line":54,"column":5}},"type":"if","locations":[{"start":{"line":46,"column":4},"end":{"line":54,"column":5}}]},"13":{"loc":{"start":{"line":50,"column":26},"end":{"line":50,"column":57}},"type":"binary-expr","locations":[{"start":{"line":50,"column":26},"end":{"line":50,"column":39}},{"start":{"line":50,"column":43},"end":{"line":50,"column":57}}]}},"s":{"0":1,"1":1,"2":1,"3":1,"4":1,"5":1,"6":1,"7":0,"8":0,"9":0,"10":1,"11":0,"12":0,"13":0,"14":0,"15":0,"16":0,"17":0,"18":0,"19":0,"20":0,"21":0,"22":0,"23":0,"24":0,"25":0,"26":0,"27":0,"28":0,"29":1},"f":{"0":0,"1":0,"2":0,"3":0},"b":{"0":[1,1],"1":[1,1],"2":[0],"3":[0,0],"4":[0],"5":[0,0],"6":[0],"7":[0,0],"8":[0,0],"9":[0,0,0],"10":[0,0,0],"11":[0],"12":[0],"13":[0,0]}}
}
