{"D:\\property\\property-management-api\\src\\app.ts": {"path":"D:\\property\\property-management-api\\src\\app.ts","statementMap":{"0":{"start":{"line":1,"column":0},"end":{"line":1,"column":28}},"1":{"start":{"line":2,"column":0},"end":{"line":2,"column":67}},"2":{"start":{"line":3,"column":0},"end":{"line":3,"column":43}},"3":{"start":{"line":4,"column":0},"end":{"line":4,"column":46}},"4":{"start":{"line":5,"column":0},"end":{"line":5,"column":62}},"5":{"start":{"line":6,"column":0},"end":{"line":6,"column":46}},"6":{"start":{"line":7,"column":0},"end":{"line":7,"column":50}},"7":{"start":{"line":8,"column":0},"end":{"line":8,"column":54}},"8":{"start":{"line":9,"column":0},"end":{"line":9,"column":46}},"9":{"start":{"line":10,"column":0},"end":{"line":10,"column":50}},"10":{"start":{"line":11,"column":0},"end":{"line":11,"column":48}},"11":{"start":{"line":12,"column":0},"end":{"line":12,"column":52}},"12":{"start":{"line":13,"column":0},"end":{"line":13,"column":60}},"13":{"start":{"line":14,"column":0},"end":{"line":14,"column":63}},"14":{"start":{"line":15,"column":0},"end":{"line":15,"column":72}},"15":{"start":{"line":16,"column":0},"end":{"line":16,"column":68}},"16":{"start":{"line":17,"column":0},"end":{"line":17,"column":null}},"17":{"start":{"line":22,"column":0},"end":{"line":22,"column":77}},"18":{"start":{"line":23,"column":0},"end":{"line":23,"column":53}},"19":{"start":{"line":24,"column":0},"end":{"line":24,"column":46}},"20":{"start":{"line":25,"column":0},"end":{"line":25,"column":41}},"21":{"start":{"line":27,"column":16},"end":{"line":27,"column":70}},"22":{"start":{"line":28,"column":0},"end":{"line":28,"column":33}},"23":{"start":{"line":30,"column":12},"end":{"line":30,"column":21}},"24":{"start":{"line":34,"column":0},"end":{"line":34,"column":34}},"25":{"start":{"line":37,"column":0},"end":{"line":37,"column":32}},"26":{"start":{"line":40,"column":0},"end":{"line":40,"column":24}},"27":{"start":{"line":43,"column":0},"end":{"line":43,"column":36}},"28":{"start":{"line":46,"column":0},"end":{"line":50,"column":3}},"29":{"start":{"line":47,"column":20},"end":{"line":47,"column":97}},"30":{"start":{"line":48,"column":2},"end":{"line":48,"column":43}},"31":{"start":{"line":49,"column":2},"end":{"line":49,"column":9}},"32":{"start":{"line":53,"column":0},"end":{"line":63,"column":3}},"33":{"start":{"line":54,"column":2},"end":{"line":62,"column":4}},"34":{"start":{"line":66,"column":0},"end":{"line":66,"column":33}},"35":{"start":{"line":69,"column":0},"end":{"line":69,"column":38}},"36":{"start":{"line":70,"column":0},"end":{"line":70,"column":103}},"37":{"start":{"line":73,"column":0},"end":{"line":75,"column":3}},"38":{"start":{"line":74,"column":2},"end":{"line":74,"column":24}},"39":{"start":{"line":78,"column":20},"end":{"line":78,"column":36}},"40":{"start":{"line":81,"column":0},"end":{"line":81,"column":86}},"41":{"start":{"line":84,"column":0},"end":{"line":84,"column":54}},"42":{"start":{"line":87,"column":0},"end":{"line":87,"column":37}},"43":{"start":{"line":90,"column":0},"end":{"line":90,"column":47}},"44":{"start":{"line":91,"column":0},"end":{"line":91,"column":38}},"45":{"start":{"line":92,"column":0},"end":{"line":92,"column":42}},"46":{"start":{"line":93,"column":0},"end":{"line":93,"column":40}},"47":{"start":{"line":94,"column":0},"end":{"line":94,"column":44}},"48":{"start":{"line":95,"column":0},"end":{"line":95,"column":51}},"49":{"start":{"line":98,"column":0},"end":{"line":98,"column":32}},"50":{"start":{"line":101,"column":0},"end":{"line":107,"column":3}},"51":{"start":{"line":102,"column":2},"end":{"line":106,"column":4}},"52":{"start":{"line":110,"column":0},"end":{"line":110,"column":28}},"53":{"start":{"line":112,"column":0},"end":{"line":112,"column":19}}},"fnMap":{"0":{"name":"(anonymous_1)","decl":{"start":{"line":46,"column":8},"end":{"line":46,"column":9}},"loc":{"start":{"line":46,"column":60},"end":{"line":50,"column":1}}},"1":{"name":"(anonymous_2)","decl":{"start":{"line":53,"column":13},"end":{"line":53,"column":14}},"loc":{"start":{"line":53,"column":45},"end":{"line":63,"column":1}}},"2":{"name":"(anonymous_3)","decl":{"start":{"line":73,"column":25},"end":{"line":73,"column":26}},"loc":{"start":{"line":73,"column":57},"end":{"line":75,"column":1}}},"3":{"name":"(anonymous_4)","decl":{"start":{"line":101,"column":8},"end":{"line":101,"column":9}},"loc":{"start":{"line":101,"column":40},"end":{"line":107,"column":1}}}},"branchMap":{"0":{"loc":{"start":{"line":27,"column":16},"end":{"line":27,"column":70}},"type":"cond-expr","locations":[{"start":{"line":27,"column":50},"end":{"line":27,"column":61}},{"start":{"line":27,"column":64},"end":{"line":27,"column":70}}]},"1":{"loc":{"start":{"line":47,"column":20},"end":{"line":47,"column":97}},"type":"binary-expr","locations":[{"start":{"line":47,"column":20},"end":{"line":47,"column":57}},{"start":{"line":47,"column":61},"end":{"line":47,"column":97}}]}},"s":{"0":8,"1":8,"2":8,"3":8,"4":8,"5":8,"6":8,"7":8,"8":8,"9":8,"10":8,"11":8,"12":8,"13":8,"14":8,"15":8,"16":8,"17":8,"18":8,"19":8,"20":8,"21":8,"22":8,"23":8,"24":8,"25":8,"26":8,"27":8,"28":8,"29":209,"30":209,"31":209,"32":8,"33":0,"34":8,"35":8,"36":8,"37":8,"38":0,"39":8,"40":8,"41":8,"42":8,"43":8,"44":8,"45":8,"46":8,"47":8,"48":8,"49":8,"50":8,"51":0,"52":8,"53":8},"f":{"0":209,"1":0,"2":0,"3":0},"b":{"0":[8,0],"1":[209,209]}}
,"D:\\property\\property-management-api\\src\\openapi.ts": {"path":"D:\\property\\property-management-api\\src\\openapi.ts","statementMap":{"0":{"start":{"line":1,"column":13},"end":{"line":1650,"column":2}}},"fnMap":{},"branchMap":{},"s":{"0":0},"f":{},"b":{}}
,"D:\\property\\property-management-api\\src\\__tests__\\helpers\\auth.helpers.ts": {"path":"D:\\property\\property-management-api\\src\\__tests__\\helpers\\auth.helpers.ts","statementMap":{"0":{"start":{"line":15,"column":0},"end":{"line":15,"column":16}},"1":{"start":{"line":23,"column":0},"end":{"line":23,"column":16}},"2":{"start":{"line":33,"column":0},"end":{"line":33,"column":16}},"3":{"start":{"line":16,"column":16},"end":{"line":16,"column":41}},"4":{"start":{"line":17,"column":2},"end":{"line":19,"column":3}},"5":{"start":{"line":18,"column":4},"end":{"line":18,"column":57}},"6":{"start":{"line":20,"column":2},"end":{"line":20,"column":15}},"7":{"start":{"line":24,"column":24},"end":{"line":24,"column":57}},"8":{"start":{"line":25,"column":2},"end":{"line":27,"column":3}},"9":{"start":{"line":26,"column":4},"end":{"line":26,"column":64}},"10":{"start":{"line":29,"column":21},"end":{"line":29,"column":37}},"11":{"start":{"line":30,"column":2},"end":{"line":30,"column":72}},"12":{"start":{"line":34,"column":17},"end":{"line":34,"column":39}},"13":{"start":{"line":35,"column":2},"end":{"line":37,"column":3}},"14":{"start":{"line":36,"column":4},"end":{"line":36,"column":53}},"15":{"start":{"line":38,"column":2},"end":{"line":38,"column":16}}},"fnMap":{"0":{"name":"getAccessToken","decl":{"start":{"line":15,"column":16},"end":{"line":15,"column":30}},"loc":{"start":{"line":15,"column":57},"end":{"line":21,"column":1}}},"1":{"name":"getOrganizationId","decl":{"start":{"line":23,"column":16},"end":{"line":23,"column":33}},"loc":{"start":{"line":23,"column":60},"end":{"line":31,"column":1}}},"2":{"name":"getUserId","decl":{"start":{"line":33,"column":16},"end":{"line":33,"column":25}},"loc":{"start":{"line":33,"column":52},"end":{"line":39,"column":1}}}},"branchMap":{"0":{"loc":{"start":{"line":17,"column":2},"end":{"line":19,"column":3}},"type":"if","locations":[{"start":{"line":17,"column":2},"end":{"line":19,"column":3}}]},"1":{"loc":{"start":{"line":25,"column":2},"end":{"line":27,"column":3}},"type":"if","locations":[{"start":{"line":25,"column":2},"end":{"line":27,"column":3}}]},"2":{"loc":{"start":{"line":30,"column":9},"end":{"line":30,"column":71}},"type":"binary-expr","locations":[{"start":{"line":30,"column":9},"end":{"line":30,"column":34}},{"start":{"line":30,"column":38},"end":{"line":30,"column":65}},{"start":{"line":30,"column":69},"end":{"line":30,"column":71}}]},"3":{"loc":{"start":{"line":35,"column":2},"end":{"line":37,"column":3}},"type":"if","locations":[{"start":{"line":35,"column":2},"end":{"line":37,"column":3}}]}},"s":{"0":6,"1":6,"2":6,"3":14,"4":14,"5":0,"6":14,"7":9,"8":9,"9":0,"10":9,"11":9,"12":1,"13":1,"14":0,"15":1},"f":{"0":14,"1":9,"2":1},"b":{"0":[0],"1":[0],"2":[9,0,0],"3":[0]}}
,"D:\\property\\property-management-api\\src\\controllers\\auth.controller.ts": {"path":"D:\\property\\property-management-api\\src\\controllers\\auth.controller.ts","statementMap":{"0":{"start":{"line":8,"column":0},"end":{"line":8,"column":55}},"1":{"start":{"line":9,"column":0},"end":{"line":9,"column":37}},"2":{"start":{"line":10,"column":0},"end":{"line":10,"column":54}},"3":{"start":{"line":11,"column":0},"end":{"line":11,"column":null}},"4":{"start":{"line":19,"column":0},"end":{"line":19,"column":76}},"5":{"start":{"line":25,"column":24},"end":{"line":40,"column":1}},"6":{"start":{"line":26,"column":2},"end":{"line":39,"column":3}},"7":{"start":{"line":27,"column":23},"end":{"line":27,"column":57}},"8":{"start":{"line":28,"column":4},"end":{"line":32,"column":5}},"9":{"start":{"line":29,"column":21},"end":{"line":29,"column":87}},"10":{"start":{"line":30,"column":6},"end":{"line":30,"column":68}},"11":{"start":{"line":31,"column":6},"end":{"line":31,"column":13}},"12":{"start":{"line":34,"column":19},"end":{"line":34,"column":62}},"13":{"start":{"line":35,"column":4},"end":{"line":35,"column":86}},"14":{"start":{"line":37,"column":4},"end":{"line":37,"column":60}},"15":{"start":{"line":38,"column":4},"end":{"line":38,"column":16}},"16":{"start":{"line":25,"column":13},"end":{"line":25,"column":24}},"17":{"start":{"line":46,"column":21},"end":{"line":80,"column":1}},"18":{"start":{"line":47,"column":2},"end":{"line":79,"column":3}},"19":{"start":{"line":48,"column":23},"end":{"line":48,"column":54}},"20":{"start":{"line":49,"column":4},"end":{"line":53,"column":5}},"21":{"start":{"line":50,"column":21},"end":{"line":50,"column":87}},"22":{"start":{"line":51,"column":6},"end":{"line":51,"column":68}},"23":{"start":{"line":52,"column":6},"end":{"line":52,"column":13}},"24":{"start":{"line":55,"column":19},"end":{"line":55,"column":59}},"25":{"start":{"line":58,"column":21},"end":{"line":58,"column":68}},"26":{"start":{"line":59,"column":4},"end":{"line":59,"column":80}},"27":{"start":{"line":61,"column":4},"end":{"line":61,"column":57}},"28":{"start":{"line":63,"column":4},"end":{"line":63,"column":57}},"29":{"start":{"line":66,"column":4},"end":{"line":76,"column":5}},"30":{"start":{"line":67,"column":23},"end":{"line":67,"column":70}},"31":{"start":{"line":68,"column":27},"end":{"line":68,"column":93}},"32":{"start":{"line":69,"column":6},"end":{"line":75,"column":7}},"33":{"start":{"line":70,"column":8},"end":{"line":73,"column":11}},"34":{"start":{"line":74,"column":8},"end":{"line":74,"column":15}},"35":{"start":{"line":78,"column":4},"end":{"line":78,"column":16}},"36":{"start":{"line":46,"column":13},"end":{"line":46,"column":21}},"37":{"start":{"line":86,"column":28},"end":{"line":101,"column":1}},"38":{"start":{"line":87,"column":2},"end":{"line":100,"column":3}},"39":{"start":{"line":88,"column":23},"end":{"line":88,"column":61}},"40":{"start":{"line":89,"column":4},"end":{"line":93,"column":5}},"41":{"start":{"line":90,"column":21},"end":{"line":90,"column":87}},"42":{"start":{"line":91,"column":6},"end":{"line":91,"column":47}},"43":{"start":{"line":92,"column":6},"end":{"line":92,"column":13}},"44":{"start":{"line":95,"column":19},"end":{"line":95,"column":79}},"45":{"start":{"line":96,"column":4},"end":{"line":96,"column":69}},"46":{"start":{"line":98,"column":4},"end":{"line":98,"column":65}},"47":{"start":{"line":99,"column":4},"end":{"line":99,"column":16}},"48":{"start":{"line":86,"column":13},"end":{"line":86,"column":28}},"49":{"start":{"line":107,"column":22},"end":{"line":122,"column":1}},"50":{"start":{"line":108,"column":2},"end":{"line":121,"column":3}},"51":{"start":{"line":109,"column":23},"end":{"line":109,"column":61}},"52":{"start":{"line":110,"column":4},"end":{"line":114,"column":5}},"53":{"start":{"line":111,"column":21},"end":{"line":111,"column":87}},"54":{"start":{"line":112,"column":6},"end":{"line":112,"column":47}},"55":{"start":{"line":113,"column":6},"end":{"line":113,"column":13}},"56":{"start":{"line":116,"column":4},"end":{"line":116,"column":59}},"57":{"start":{"line":117,"column":4},"end":{"line":117,"column":62}},"58":{"start":{"line":119,"column":4},"end":{"line":119,"column":58}},"59":{"start":{"line":120,"column":4},"end":{"line":120,"column":16}},"60":{"start":{"line":107,"column":13},"end":{"line":107,"column":22}},"61":{"start":{"line":128,"column":30},"end":{"line":143,"column":1}},"62":{"start":{"line":129,"column":2},"end":{"line":142,"column":3}},"63":{"start":{"line":130,"column":23},"end":{"line":130,"column":63}},"64":{"start":{"line":131,"column":4},"end":{"line":135,"column":5}},"65":{"start":{"line":132,"column":21},"end":{"line":132,"column":87}},"66":{"start":{"line":133,"column":6},"end":{"line":133,"column":47}},"67":{"start":{"line":134,"column":6},"end":{"line":134,"column":13}},"68":{"start":{"line":137,"column":19},"end":{"line":137,"column":74}},"69":{"start":{"line":138,"column":4},"end":{"line":138,"column":66}},"70":{"start":{"line":140,"column":4},"end":{"line":140,"column":67}},"71":{"start":{"line":141,"column":4},"end":{"line":141,"column":16}},"72":{"start":{"line":128,"column":13},"end":{"line":128,"column":30}},"73":{"start":{"line":149,"column":29},"end":{"line":164,"column":1}},"74":{"start":{"line":150,"column":2},"end":{"line":163,"column":3}},"75":{"start":{"line":151,"column":23},"end":{"line":151,"column":62}},"76":{"start":{"line":152,"column":4},"end":{"line":156,"column":5}},"77":{"start":{"line":153,"column":21},"end":{"line":153,"column":87}},"78":{"start":{"line":154,"column":6},"end":{"line":154,"column":47}},"79":{"start":{"line":155,"column":6},"end":{"line":155,"column":13}},"80":{"start":{"line":158,"column":19},"end":{"line":158,"column":99}},"81":{"start":{"line":159,"column":4},"end":{"line":159,"column":68}},"82":{"start":{"line":161,"column":4},"end":{"line":161,"column":66}},"83":{"start":{"line":162,"column":4},"end":{"line":162,"column":16}},"84":{"start":{"line":149,"column":13},"end":{"line":149,"column":29}},"85":{"start":{"line":170,"column":30},"end":{"line":194,"column":1}},"86":{"start":{"line":171,"column":2},"end":{"line":193,"column":3}},"87":{"start":{"line":172,"column":4},"end":{"line":175,"column":5}},"88":{"start":{"line":173,"column":6},"end":{"line":173,"column":50}},"89":{"start":{"line":174,"column":6},"end":{"line":174,"column":13}},"90":{"start":{"line":177,"column":23},"end":{"line":177,"column":63}},"91":{"start":{"line":178,"column":4},"end":{"line":182,"column":5}},"92":{"start":{"line":179,"column":21},"end":{"line":179,"column":87}},"93":{"start":{"line":180,"column":6},"end":{"line":180,"column":47}},"94":{"start":{"line":181,"column":6},"end":{"line":181,"column":13}},"95":{"start":{"line":184,"column":19},"end":{"line":187,"column":null}},"96":{"start":{"line":189,"column":4},"end":{"line":189,"column":70}},"97":{"start":{"line":191,"column":4},"end":{"line":191,"column":67}},"98":{"start":{"line":192,"column":4},"end":{"line":192,"column":16}},"99":{"start":{"line":170,"column":13},"end":{"line":170,"column":30}},"100":{"start":{"line":200,"column":30},"end":{"line":213,"column":1}},"101":{"start":{"line":201,"column":2},"end":{"line":212,"column":3}},"102":{"start":{"line":202,"column":4},"end":{"line":205,"column":5}},"103":{"start":{"line":203,"column":6},"end":{"line":203,"column":50}},"104":{"start":{"line":204,"column":6},"end":{"line":204,"column":13}},"105":{"start":{"line":207,"column":19},"end":{"line":207,"column":93}},"106":{"start":{"line":208,"column":4},"end":{"line":208,"column":73}},"107":{"start":{"line":210,"column":4},"end":{"line":210,"column":68}},"108":{"start":{"line":211,"column":4},"end":{"line":211,"column":16}},"109":{"start":{"line":200,"column":13},"end":{"line":200,"column":30}}},"fnMap":{"0":{"name":"(anonymous_1)","decl":{"start":{"line":25,"column":24},"end":{"line":25,"column":29}},"loc":{"start":{"line":25,"column":97},"end":{"line":40,"column":1}}},"1":{"name":"(anonymous_2)","decl":{"start":{"line":46,"column":21},"end":{"line":46,"column":26}},"loc":{"start":{"line":46,"column":94},"end":{"line":80,"column":1}}},"2":{"name":"(anonymous_3)","decl":{"start":{"line":86,"column":28},"end":{"line":86,"column":33}},"loc":{"start":{"line":86,"column":101},"end":{"line":101,"column":1}}},"3":{"name":"(anonymous_4)","decl":{"start":{"line":107,"column":22},"end":{"line":107,"column":27}},"loc":{"start":{"line":107,"column":108},"end":{"line":122,"column":1}}},"4":{"name":"(anonymous_5)","decl":{"start":{"line":128,"column":30},"end":{"line":128,"column":35}},"loc":{"start":{"line":128,"column":103},"end":{"line":143,"column":1}}},"5":{"name":"(anonymous_6)","decl":{"start":{"line":149,"column":29},"end":{"line":149,"column":34}},"loc":{"start":{"line":149,"column":102},"end":{"line":164,"column":1}}},"6":{"name":"(anonymous_7)","decl":{"start":{"line":170,"column":30},"end":{"line":170,"column":35}},"loc":{"start":{"line":170,"column":116},"end":{"line":194,"column":1}}},"7":{"name":"(anonymous_8)","decl":{"start":{"line":200,"column":30},"end":{"line":200,"column":35}},"loc":{"start":{"line":200,"column":116},"end":{"line":213,"column":1}}}},"branchMap":{"0":{"loc":{"start":{"line":28,"column":4},"end":{"line":32,"column":5}},"type":"if","locations":[{"start":{"line":28,"column":4},"end":{"line":32,"column":5}}]},"1":{"loc":{"start":{"line":49,"column":4},"end":{"line":53,"column":5}},"type":"if","locations":[{"start":{"line":49,"column":4},"end":{"line":53,"column":5}}]},"2":{"loc":{"start":{"line":58,"column":21},"end":{"line":58,"column":68}},"type":"binary-expr","locations":[{"start":{"line":58,"column":21},"end":{"line":58,"column":27}},{"start":{"line":58,"column":31},"end":{"line":58,"column":55}},{"start":{"line":58,"column":59},"end":{"line":58,"column":68}}]},"3":{"loc":{"start":{"line":66,"column":4},"end":{"line":76,"column":5}},"type":"if","locations":[{"start":{"line":66,"column":4},"end":{"line":76,"column":5}}]},"4":{"loc":{"start":{"line":67,"column":23},"end":{"line":67,"column":70}},"type":"binary-expr","locations":[{"start":{"line":67,"column":23},"end":{"line":67,"column":29}},{"start":{"line":67,"column":33},"end":{"line":67,"column":57}},{"start":{"line":67,"column":61},"end":{"line":67,"column":70}}]},"5":{"loc":{"start":{"line":69,"column":6},"end":{"line":75,"column":7}},"type":"if","locations":[{"start":{"line":69,"column":6},"end":{"line":75,"column":7}}]},"6":{"loc":{"start":{"line":89,"column":4},"end":{"line":93,"column":5}},"type":"if","locations":[{"start":{"line":89,"column":4},"end":{"line":93,"column":5}}]},"7":{"loc":{"start":{"line":110,"column":4},"end":{"line":114,"column":5}},"type":"if","locations":[{"start":{"line":110,"column":4},"end":{"line":114,"column":5}}]},"8":{"loc":{"start":{"line":131,"column":4},"end":{"line":135,"column":5}},"type":"if","locations":[{"start":{"line":131,"column":4},"end":{"line":135,"column":5}}]},"9":{"loc":{"start":{"line":152,"column":4},"end":{"line":156,"column":5}},"type":"if","locations":[{"start":{"line":152,"column":4},"end":{"line":156,"column":5}}]},"10":{"loc":{"start":{"line":172,"column":4},"end":{"line":175,"column":5}},"type":"if","locations":[{"start":{"line":172,"column":4},"end":{"line":175,"column":5}}]},"11":{"loc":{"start":{"line":178,"column":4},"end":{"line":182,"column":5}},"type":"if","locations":[{"start":{"line":178,"column":4},"end":{"line":182,"column":5}}]},"12":{"loc":{"start":{"line":202,"column":4},"end":{"line":205,"column":5}},"type":"if","locations":[{"start":{"line":202,"column":4},"end":{"line":205,"column":5}}]}},"s":{"0":8,"1":8,"2":8,"3":8,"4":8,"5":8,"6":26,"7":26,"8":26,"9":11,"10":11,"11":11,"12":15,"13":14,"14":1,"15":1,"16":8,"17":8,"18":12,"19":12,"20":12,"21":0,"22":0,"23":0,"24":12,"25":10,"26":10,"27":10,"28":2,"29":2,"30":2,"31":2,"32":2,"33":0,"34":0,"35":2,"36":8,"37":8,"38":5,"39":5,"40":5,"41":0,"42":0,"43":0,"44":5,"45":2,"46":3,"47":3,"48":8,"49":8,"50":1,"51":1,"52":1,"53":0,"54":0,"55":0,"56":1,"57":1,"58":0,"59":0,"60":8,"61":8,"62":3,"63":3,"64":3,"65":1,"66":1,"67":1,"68":2,"69":2,"70":0,"71":0,"72":8,"73":8,"74":3,"75":3,"76":3,"77":0,"78":0,"79":0,"80":3,"81":1,"82":2,"83":2,"84":8,"85":8,"86":4,"87":4,"88":0,"89":0,"90":4,"91":4,"92":2,"93":2,"94":2,"95":2,"96":1,"97":1,"98":1,"99":8,"100":8,"101":1,"102":1,"103":0,"104":0,"105":1,"106":1,"107":0,"108":0,"109":8},"f":{"0":26,"1":12,"2":5,"3":1,"4":3,"5":3,"6":4,"7":1},"b":{"0":[11],"1":[0],"2":[10,0,0],"3":[2],"4":[2,0,0],"5":[0],"6":[0],"7":[0],"8":[1],"9":[0],"10":[0],"11":[2],"12":[0]}}
,"D:\\property\\property-management-api\\src\\controllers\\health.controller.ts": {"path":"D:\\property\\property-management-api\\src\\controllers\\health.controller.ts","statementMap":{"0":{"start":{"line":7,"column":0},"end":{"line":7,"column":54}},"1":{"start":{"line":8,"column":0},"end":{"line":8,"column":47}},"2":{"start":{"line":9,"column":0},"end":{"line":9,"column":38}},"3":{"start":{"line":10,"column":0},"end":{"line":10,"column":37}},"4":{"start":{"line":33,"column":18},"end":{"line":33,"column":28}},"5":{"start":{"line":40,"column":24},"end":{"line":48,"column":1}},"6":{"start":{"line":41,"column":2},"end":{"line":47,"column":3}},"7":{"start":{"line":42,"column":4},"end":{"line":42,"column":80}},"8":{"start":{"line":44,"column":25},"end":{"line":44,"column":81}},"9":{"start":{"line":45,"column":4},"end":{"line":45,"column":58}},"10":{"start":{"line":46,"column":4},"end":{"line":46,"column":68}},"11":{"start":{"line":40,"column":13},"end":{"line":40,"column":24}},"12":{"start":{"line":55,"column":25},"end":{"line":78,"column":1}},"13":{"start":{"line":56,"column":2},"end":{"line":77,"column":3}},"14":{"start":{"line":58,"column":4},"end":{"line":58,"column":37}},"15":{"start":{"line":60,"column":4},"end":{"line":68,"column":6}},"16":{"start":{"line":70,"column":25},"end":{"line":70,"column":81}},"17":{"start":{"line":71,"column":4},"end":{"line":71,"column":59}},"18":{"start":{"line":72,"column":4},"end":{"line":76,"column":7}},"19":{"start":{"line":55,"column":13},"end":{"line":55,"column":25}},"20":{"start":{"line":84,"column":24},"end":{"line":153,"column":1}},"21":{"start":{"line":85,"column":2},"end":{"line":152,"column":3}},"22":{"start":{"line":86,"column":16},"end":{"line":86,"column":26}},"23":{"start":{"line":87,"column":19},"end":{"line":87,"column":34}},"24":{"start":{"line":91,"column":24},"end":{"line":91,"column":34}},"25":{"start":{"line":92,"column":4},"end":{"line":104,"column":5}},"26":{"start":{"line":93,"column":6},"end":{"line":93,"column":39}},"27":{"start":{"line":94,"column":6},"end":{"line":97,"column":8}},"28":{"start":{"line":99,"column":27},"end":{"line":99,"column":87}},"29":{"start":{"line":100,"column":6},"end":{"line":103,"column":8}},"30":{"start":{"line":107,"column":21},"end":{"line":107,"column":42}},"31":{"start":{"line":108,"column":25},"end":{"line":113,"column":6}},"32":{"start":{"line":115,"column":4},"end":{"line":119,"column":5}},"33":{"start":{"line":116,"column":6},"end":{"line":116,"column":39}},"34":{"start":{"line":117,"column":11},"end":{"line":119,"column":5}},"35":{"start":{"line":118,"column":6},"end":{"line":118,"column":38}},"36":{"start":{"line":123,"column":6},"end":{"line":127,"column":21}},"37":{"start":{"line":129,"column":39},"end":{"line":139,"column":6}},"38":{"start":{"line":141,"column":23},"end":{"line":141,"column":99}},"39":{"start":{"line":143,"column":4},"end":{"line":143,"column":90}},"40":{"start":{"line":145,"column":25},"end":{"line":145,"column":81}},"41":{"start":{"line":146,"column":4},"end":{"line":146,"column":65}},"42":{"start":{"line":147,"column":4},"end":{"line":151,"column":7}},"43":{"start":{"line":84,"column":13},"end":{"line":84,"column":24}},"44":{"start":{"line":155,"column":0},"end":{"line":159,"column":2}}},"fnMap":{"0":{"name":"(anonymous_1)","decl":{"start":{"line":40,"column":24},"end":{"line":40,"column":29}},"loc":{"start":{"line":40,"column":77},"end":{"line":48,"column":1}}},"1":{"name":"(anonymous_2)","decl":{"start":{"line":55,"column":25},"end":{"line":55,"column":30}},"loc":{"start":{"line":55,"column":78},"end":{"line":78,"column":1}}},"2":{"name":"(anonymous_3)","decl":{"start":{"line":84,"column":24},"end":{"line":84,"column":29}},"loc":{"start":{"line":84,"column":77},"end":{"line":153,"column":1}}}},"branchMap":{"0":{"loc":{"start":{"line":44,"column":25},"end":{"line":44,"column":81}},"type":"cond-expr","locations":[{"start":{"line":44,"column":50},"end":{"line":44,"column":63}},{"start":{"line":44,"column":66},"end":{"line":44,"column":81}}]},"1":{"loc":{"start":{"line":70,"column":25},"end":{"line":70,"column":81}},"type":"cond-expr","locations":[{"start":{"line":70,"column":50},"end":{"line":70,"column":63}},{"start":{"line":70,"column":66},"end":{"line":70,"column":81}}]},"2":{"loc":{"start":{"line":99,"column":27},"end":{"line":99,"column":87}},"type":"cond-expr","locations":[{"start":{"line":99,"column":52},"end":{"line":99,"column":65}},{"start":{"line":99,"column":68},"end":{"line":99,"column":87}}]},"3":{"loc":{"start":{"line":115,"column":4},"end":{"line":119,"column":5}},"type":"if","locations":[{"start":{"line":115,"column":4},"end":{"line":119,"column":5}},{"start":{"line":117,"column":11},"end":{"line":119,"column":5}}]},"4":{"loc":{"start":{"line":117,"column":11},"end":{"line":119,"column":5}},"type":"if","locations":[{"start":{"line":117,"column":11},"end":{"line":119,"column":5}}]},"5":{"loc":{"start":{"line":123,"column":6},"end":{"line":127,"column":21}},"type":"cond-expr","locations":[{"start":{"line":124,"column":10},"end":{"line":124,"column":21}},{"start":{"line":125,"column":10},"end":{"line":127,"column":21}}]},"6":{"loc":{"start":{"line":123,"column":6},"end":{"line":123,"column":77}},"type":"binary-expr","locations":[{"start":{"line":123,"column":6},"end":{"line":123,"column":39}},{"start":{"line":123,"column":43},"end":{"line":123,"column":77}}]},"7":{"loc":{"start":{"line":125,"column":10},"end":{"line":127,"column":21}},"type":"cond-expr","locations":[{"start":{"line":126,"column":12},"end":{"line":126,"column":22}},{"start":{"line":127,"column":12},"end":{"line":127,"column":21}}]},"8":{"loc":{"start":{"line":141,"column":23},"end":{"line":141,"column":99}},"type":"cond-expr","locations":[{"start":{"line":141,"column":53},"end":{"line":141,"column":56}},{"start":{"line":141,"column":59},"end":{"line":141,"column":99}}]},"9":{"loc":{"start":{"line":141,"column":59},"end":{"line":141,"column":99}},"type":"cond-expr","locations":[{"start":{"line":141,"column":90},"end":{"line":141,"column":93}},{"start":{"line":141,"column":96},"end":{"line":141,"column":99}}]},"10":{"loc":{"start":{"line":145,"column":25},"end":{"line":145,"column":81}},"type":"cond-expr","locations":[{"start":{"line":145,"column":50},"end":{"line":145,"column":63}},{"start":{"line":145,"column":66},"end":{"line":145,"column":81}}]}},"s":{"0":8,"1":8,"2":8,"3":8,"4":8,"5":8,"6":0,"7":0,"8":0,"9":0,"10":0,"11":8,"12":8,"13":0,"14":0,"15":0,"16":0,"17":0,"18":0,"19":8,"20":8,"21":0,"22":0,"23":0,"24":0,"25":0,"26":0,"27":0,"28":0,"29":0,"30":0,"31":0,"32":0,"33":0,"34":0,"35":0,"36":0,"37":0,"38":0,"39":0,"40":0,"41":0,"42":0,"43":8,"44":8},"f":{"0":0,"1":0,"2":0},"b":{"0":[0,0],"1":[0,0],"2":[0,0],"3":[0,0],"4":[0],"5":[0,0],"6":[0,0],"7":[0,0],"8":[0,0],"9":[0,0],"10":[0,0]}}
,"D:\\property\\property-management-api\\src\\controllers\\lease.controller.ts": {"path":"D:\\property\\property-management-api\\src\\controllers\\lease.controller.ts","statementMap":{"0":{"start":{"line":3,"column":0},"end":{"line":3,"column":57}},"1":{"start":{"line":4,"column":0},"end":{"line":4,"column":37}},"2":{"start":{"line":5,"column":0},"end":{"line":5,"column":54}},"3":{"start":{"line":6,"column":0},"end":{"line":6,"column":null}},"4":{"start":{"line":19,"column":2},"end":{"line":22,"column":4}},"5":{"start":{"line":29,"column":2},"end":{"line":29,"column":55}},"6":{"start":{"line":36,"column":27},"end":{"line":62,"column":1}},"7":{"start":{"line":37,"column":2},"end":{"line":61,"column":3}},"8":{"start":{"line":38,"column":16},"end":{"line":38,"column":36}},"9":{"start":{"line":40,"column":23},"end":{"line":40,"column":60}},"10":{"start":{"line":41,"column":4},"end":{"line":45,"column":5}},"11":{"start":{"line":42,"column":21},"end":{"line":42,"column":87}},"12":{"start":{"line":43,"column":6},"end":{"line":43,"column":68}},"13":{"start":{"line":44,"column":6},"end":{"line":44,"column":13}},"14":{"start":{"line":48,"column":18},"end":{"line":54,"column":6}},"15":{"start":{"line":56,"column":18},"end":{"line":56,"column":60}},"16":{"start":{"line":57,"column":4},"end":{"line":57,"column":66}},"17":{"start":{"line":59,"column":4},"end":{"line":59,"column":64}},"18":{"start":{"line":60,"column":4},"end":{"line":60,"column":16}},"19":{"start":{"line":36,"column":13},"end":{"line":36,"column":27}},"20":{"start":{"line":68,"column":24},"end":{"line":84,"column":1}},"21":{"start":{"line":69,"column":2},"end":{"line":83,"column":3}},"22":{"start":{"line":70,"column":16},"end":{"line":70,"column":36}},"23":{"start":{"line":72,"column":23},"end":{"line":72,"column":58}},"24":{"start":{"line":73,"column":4},"end":{"line":77,"column":5}},"25":{"start":{"line":74,"column":21},"end":{"line":74,"column":87}},"26":{"start":{"line":75,"column":6},"end":{"line":75,"column":68}},"27":{"start":{"line":76,"column":6},"end":{"line":76,"column":13}},"28":{"start":{"line":79,"column":18},"end":{"line":79,"column":70}},"29":{"start":{"line":80,"column":4},"end":{"line":80,"column":55}},"30":{"start":{"line":82,"column":4},"end":{"line":82,"column":16}},"31":{"start":{"line":68,"column":13},"end":{"line":68,"column":24}},"32":{"start":{"line":90,"column":27},"end":{"line":131,"column":1}},"33":{"start":{"line":91,"column":2},"end":{"line":130,"column":3}},"34":{"start":{"line":92,"column":16},"end":{"line":92,"column":36}},"35":{"start":{"line":94,"column":29},"end":{"line":94,"column":64}},"36":{"start":{"line":95,"column":4},"end":{"line":99,"column":5}},"37":{"start":{"line":96,"column":21},"end":{"line":96,"column":93}},"38":{"start":{"line":97,"column":6},"end":{"line":97,"column":68}},"39":{"start":{"line":98,"column":6},"end":{"line":98,"column":13}},"40":{"start":{"line":101,"column":27},"end":{"line":101,"column":64}},"41":{"start":{"line":102,"column":4},"end":{"line":106,"column":5}},"42":{"start":{"line":103,"column":21},"end":{"line":103,"column":91}},"43":{"start":{"line":104,"column":6},"end":{"line":104,"column":68}},"44":{"start":{"line":105,"column":6},"end":{"line":105,"column":13}},"45":{"start":{"line":109,"column":28},"end":{"line":111,"column":6}},"46":{"start":{"line":113,"column":4},"end":{"line":115,"column":5}},"47":{"start":{"line":114,"column":6},"end":{"line":114,"column":69}},"48":{"start":{"line":116,"column":4},"end":{"line":118,"column":5}},"49":{"start":{"line":117,"column":6},"end":{"line":117,"column":65}},"50":{"start":{"line":119,"column":4},"end":{"line":121,"column":5}},"51":{"start":{"line":120,"column":6},"end":{"line":120,"column":71}},"52":{"start":{"line":122,"column":4},"end":{"line":124,"column":5}},"53":{"start":{"line":123,"column":6},"end":{"line":123,"column":73}},"54":{"start":{"line":126,"column":18},"end":{"line":126,"column":91}},"55":{"start":{"line":127,"column":4},"end":{"line":127,"column":53}},"56":{"start":{"line":129,"column":4},"end":{"line":129,"column":16}},"57":{"start":{"line":90,"column":13},"end":{"line":90,"column":27}},"58":{"start":{"line":137,"column":26},"end":{"line":153,"column":1}},"59":{"start":{"line":138,"column":2},"end":{"line":152,"column":3}},"60":{"start":{"line":139,"column":16},"end":{"line":139,"column":36}},"61":{"start":{"line":141,"column":23},"end":{"line":141,"column":60}},"62":{"start":{"line":142,"column":4},"end":{"line":146,"column":5}},"63":{"start":{"line":143,"column":21},"end":{"line":143,"column":87}},"64":{"start":{"line":144,"column":6},"end":{"line":144,"column":68}},"65":{"start":{"line":145,"column":6},"end":{"line":145,"column":13}},"66":{"start":{"line":148,"column":19},"end":{"line":148,"column":70}},"67":{"start":{"line":149,"column":4},"end":{"line":149,"column":77}},"68":{"start":{"line":151,"column":4},"end":{"line":151,"column":16}},"69":{"start":{"line":137,"column":13},"end":{"line":137,"column":26}},"70":{"start":{"line":159,"column":27},"end":{"line":175,"column":1}},"71":{"start":{"line":160,"column":2},"end":{"line":174,"column":3}},"72":{"start":{"line":161,"column":16},"end":{"line":161,"column":36}},"73":{"start":{"line":163,"column":23},"end":{"line":163,"column":58}},"74":{"start":{"line":164,"column":4},"end":{"line":168,"column":5}},"75":{"start":{"line":165,"column":21},"end":{"line":165,"column":87}},"76":{"start":{"line":166,"column":6},"end":{"line":166,"column":68}},"77":{"start":{"line":167,"column":6},"end":{"line":167,"column":13}},"78":{"start":{"line":170,"column":18},"end":{"line":170,"column":73}},"79":{"start":{"line":171,"column":4},"end":{"line":171,"column":53}},"80":{"start":{"line":173,"column":4},"end":{"line":173,"column":16}},"81":{"start":{"line":159,"column":13},"end":{"line":159,"column":27}},"82":{"start":{"line":181,"column":28},"end":{"line":197,"column":1}},"83":{"start":{"line":182,"column":2},"end":{"line":196,"column":3}},"84":{"start":{"line":183,"column":16},"end":{"line":183,"column":36}},"85":{"start":{"line":185,"column":23},"end":{"line":185,"column":58}},"86":{"start":{"line":186,"column":4},"end":{"line":190,"column":5}},"87":{"start":{"line":187,"column":21},"end":{"line":187,"column":87}},"88":{"start":{"line":188,"column":6},"end":{"line":188,"column":68}},"89":{"start":{"line":189,"column":6},"end":{"line":189,"column":13}},"90":{"start":{"line":192,"column":18},"end":{"line":192,"column":74}},"91":{"start":{"line":193,"column":4},"end":{"line":193,"column":54}},"92":{"start":{"line":195,"column":4},"end":{"line":195,"column":16}},"93":{"start":{"line":181,"column":13},"end":{"line":181,"column":28}},"94":{"start":{"line":203,"column":26},"end":{"line":231,"column":1}},"95":{"start":{"line":204,"column":2},"end":{"line":230,"column":3}},"96":{"start":{"line":205,"column":16},"end":{"line":205,"column":36}},"97":{"start":{"line":207,"column":29},"end":{"line":207,"column":64}},"98":{"start":{"line":208,"column":4},"end":{"line":212,"column":5}},"99":{"start":{"line":209,"column":21},"end":{"line":209,"column":93}},"100":{"start":{"line":210,"column":6},"end":{"line":210,"column":68}},"101":{"start":{"line":211,"column":6},"end":{"line":211,"column":13}},"102":{"start":{"line":214,"column":27},"end":{"line":214,"column":63}},"103":{"start":{"line":215,"column":4},"end":{"line":219,"column":5}},"104":{"start":{"line":216,"column":21},"end":{"line":216,"column":91}},"105":{"start":{"line":217,"column":6},"end":{"line":217,"column":68}},"106":{"start":{"line":218,"column":6},"end":{"line":218,"column":13}},"107":{"start":{"line":221,"column":25},"end":{"line":224,"column":6}},"108":{"start":{"line":226,"column":18},"end":{"line":226,"column":92}},"109":{"start":{"line":227,"column":4},"end":{"line":227,"column":53}},"110":{"start":{"line":229,"column":4},"end":{"line":229,"column":16}},"111":{"start":{"line":203,"column":13},"end":{"line":203,"column":26}},"112":{"start":{"line":237,"column":30},"end":{"line":264,"column":1}},"113":{"start":{"line":238,"column":2},"end":{"line":263,"column":3}},"114":{"start":{"line":239,"column":16},"end":{"line":239,"column":36}},"115":{"start":{"line":241,"column":29},"end":{"line":241,"column":64}},"116":{"start":{"line":242,"column":4},"end":{"line":246,"column":5}},"117":{"start":{"line":243,"column":21},"end":{"line":243,"column":93}},"118":{"start":{"line":244,"column":6},"end":{"line":244,"column":68}},"119":{"start":{"line":245,"column":6},"end":{"line":245,"column":13}},"120":{"start":{"line":248,"column":27},"end":{"line":248,"column":67}},"121":{"start":{"line":249,"column":4},"end":{"line":253,"column":5}},"122":{"start":{"line":250,"column":21},"end":{"line":250,"column":91}},"123":{"start":{"line":251,"column":6},"end":{"line":251,"column":68}},"124":{"start":{"line":252,"column":6},"end":{"line":252,"column":13}},"125":{"start":{"line":255,"column":18},"end":{"line":258,"column":null}},"126":{"start":{"line":260,"column":4},"end":{"line":260,"column":56}},"127":{"start":{"line":262,"column":4},"end":{"line":262,"column":16}},"128":{"start":{"line":237,"column":13},"end":{"line":237,"column":30}},"129":{"start":{"line":270,"column":46},"end":{"line":282,"column":1}},"130":{"start":{"line":275,"column":2},"end":{"line":281,"column":3}},"131":{"start":{"line":276,"column":16},"end":{"line":276,"column":36}},"132":{"start":{"line":277,"column":18},"end":{"line":277,"column":67}},"133":{"start":{"line":278,"column":4},"end":{"line":278,"column":79}},"134":{"start":{"line":280,"column":4},"end":{"line":280,"column":16}},"135":{"start":{"line":270,"column":13},"end":{"line":270,"column":46}},"136":{"start":{"line":288,"column":38},"end":{"line":302,"column":1}},"137":{"start":{"line":289,"column":2},"end":{"line":301,"column":3}},"138":{"start":{"line":290,"column":16},"end":{"line":290,"column":36}},"139":{"start":{"line":291,"column":19},"end":{"line":291,"column":46}},"140":{"start":{"line":293,"column":4},"end":{"line":295,"column":5}},"141":{"start":{"line":294,"column":6},"end":{"line":294,"column":45}},"142":{"start":{"line":297,"column":18},"end":{"line":297,"column":67}},"143":{"start":{"line":298,"column":4},"end":{"line":298,"column":71}},"144":{"start":{"line":300,"column":4},"end":{"line":300,"column":16}},"145":{"start":{"line":288,"column":13},"end":{"line":288,"column":38}},"146":{"start":{"line":308,"column":40},"end":{"line":322,"column":1}},"147":{"start":{"line":309,"column":2},"end":{"line":321,"column":3}},"148":{"start":{"line":310,"column":16},"end":{"line":310,"column":36}},"149":{"start":{"line":311,"column":21},"end":{"line":311,"column":50}},"150":{"start":{"line":313,"column":4},"end":{"line":315,"column":5}},"151":{"start":{"line":314,"column":6},"end":{"line":314,"column":47}},"152":{"start":{"line":317,"column":18},"end":{"line":317,"column":71}},"153":{"start":{"line":318,"column":4},"end":{"line":318,"column":73}},"154":{"start":{"line":320,"column":4},"end":{"line":320,"column":16}},"155":{"start":{"line":308,"column":13},"end":{"line":308,"column":40}}},"fnMap":{"0":{"name":"getActorContext","decl":{"start":{"line":18,"column":9},"end":{"line":18,"column":24}},"loc":{"start":{"line":18,"column":50},"end":{"line":23,"column":1}}},"1":{"name":"getParam","decl":{"start":{"line":28,"column":9},"end":{"line":28,"column":17}},"loc":{"start":{"line":28,"column":28},"end":{"line":30,"column":1}}},"2":{"name":"(anonymous_3)","decl":{"start":{"line":36,"column":27},"end":{"line":36,"column":32}},"loc":{"start":{"line":36,"column":98},"end":{"line":62,"column":1}}},"3":{"name":"(anonymous_4)","decl":{"start":{"line":68,"column":24},"end":{"line":68,"column":29}},"loc":{"start":{"line":68,"column":95},"end":{"line":84,"column":1}}},"4":{"name":"(anonymous_5)","decl":{"start":{"line":90,"column":27},"end":{"line":90,"column":32}},"loc":{"start":{"line":90,"column":98},"end":{"line":131,"column":1}}},"5":{"name":"(anonymous_6)","decl":{"start":{"line":137,"column":26},"end":{"line":137,"column":31}},"loc":{"start":{"line":137,"column":97},"end":{"line":153,"column":1}}},"6":{"name":"(anonymous_7)","decl":{"start":{"line":159,"column":27},"end":{"line":159,"column":32}},"loc":{"start":{"line":159,"column":98},"end":{"line":175,"column":1}}},"7":{"name":"(anonymous_8)","decl":{"start":{"line":181,"column":28},"end":{"line":181,"column":33}},"loc":{"start":{"line":181,"column":99},"end":{"line":197,"column":1}}},"8":{"name":"(anonymous_9)","decl":{"start":{"line":203,"column":26},"end":{"line":203,"column":31}},"loc":{"start":{"line":203,"column":97},"end":{"line":231,"column":1}}},"9":{"name":"(anonymous_10)","decl":{"start":{"line":237,"column":30},"end":{"line":237,"column":35}},"loc":{"start":{"line":237,"column":101},"end":{"line":264,"column":1}}},"10":{"name":"(anonymous_11)","decl":{"start":{"line":270,"column":46},"end":{"line":270,"column":51}},"loc":{"start":{"line":274,"column":4},"end":{"line":282,"column":1}}},"11":{"name":"(anonymous_12)","decl":{"start":{"line":288,"column":38},"end":{"line":288,"column":43}},"loc":{"start":{"line":288,"column":109},"end":{"line":302,"column":1}}},"12":{"name":"(anonymous_13)","decl":{"start":{"line":308,"column":40},"end":{"line":308,"column":45}},"loc":{"start":{"line":308,"column":111},"end":{"line":322,"column":1}}}},"branchMap":{"0":{"loc":{"start":{"line":20,"column":12},"end":{"line":20,"column":34}},"type":"binary-expr","locations":[{"start":{"line":20,"column":12},"end":{"line":20,"column":28}},{"start":{"line":20,"column":32},"end":{"line":20,"column":34}}]},"1":{"loc":{"start":{"line":21,"column":20},"end":{"line":21,"column":50}},"type":"binary-expr","locations":[{"start":{"line":21,"column":20},"end":{"line":21,"column":44}},{"start":{"line":21,"column":48},"end":{"line":21,"column":50}}]},"2":{"loc":{"start":{"line":29,"column":9},"end":{"line":29,"column":54}},"type":"cond-expr","locations":[{"start":{"line":29,"column":37},"end":{"line":29,"column":42}},{"start":{"line":29,"column":45},"end":{"line":29,"column":54}}]},"3":{"loc":{"start":{"line":41,"column":4},"end":{"line":45,"column":5}},"type":"if","locations":[{"start":{"line":41,"column":4},"end":{"line":45,"column":5}}]},"4":{"loc":{"start":{"line":52,"column":18},"end":{"line":52,"column":90}},"type":"cond-expr","locations":[{"start":{"line":52,"column":47},"end":{"line":52,"column":83}},{"start":{"line":52,"column":86},"end":{"line":52,"column":90}}]},"5":{"loc":{"start":{"line":53,"column":19},"end":{"line":53,"column":93}},"type":"cond-expr","locations":[{"start":{"line":53,"column":49},"end":{"line":53,"column":86}},{"start":{"line":53,"column":89},"end":{"line":53,"column":93}}]},"6":{"loc":{"start":{"line":73,"column":4},"end":{"line":77,"column":5}},"type":"if","locations":[{"start":{"line":73,"column":4},"end":{"line":77,"column":5}}]},"7":{"loc":{"start":{"line":95,"column":4},"end":{"line":99,"column":5}},"type":"if","locations":[{"start":{"line":95,"column":4},"end":{"line":99,"column":5}}]},"8":{"loc":{"start":{"line":102,"column":4},"end":{"line":106,"column":5}},"type":"if","locations":[{"start":{"line":102,"column":4},"end":{"line":106,"column":5}}]},"9":{"loc":{"start":{"line":113,"column":4},"end":{"line":115,"column":5}},"type":"if","locations":[{"start":{"line":113,"column":4},"end":{"line":115,"column":5}}]},"10":{"loc":{"start":{"line":116,"column":4},"end":{"line":118,"column":5}},"type":"if","locations":[{"start":{"line":116,"column":4},"end":{"line":118,"column":5}}]},"11":{"loc":{"start":{"line":119,"column":4},"end":{"line":121,"column":5}},"type":"if","locations":[{"start":{"line":119,"column":4},"end":{"line":121,"column":5}}]},"12":{"loc":{"start":{"line":122,"column":4},"end":{"line":124,"column":5}},"type":"if","locations":[{"start":{"line":122,"column":4},"end":{"line":124,"column":5}}]},"13":{"loc":{"start":{"line":142,"column":4},"end":{"line":146,"column":5}},"type":"if","locations":[{"start":{"line":142,"column":4},"end":{"line":146,"column":5}}]},"14":{"loc":{"start":{"line":164,"column":4},"end":{"line":168,"column":5}},"type":"if","locations":[{"start":{"line":164,"column":4},"end":{"line":168,"column":5}}]},"15":{"loc":{"start":{"line":186,"column":4},"end":{"line":190,"column":5}},"type":"if","locations":[{"start":{"line":186,"column":4},"end":{"line":190,"column":5}}]},"16":{"loc":{"start":{"line":208,"column":4},"end":{"line":212,"column":5}},"type":"if","locations":[{"start":{"line":208,"column":4},"end":{"line":212,"column":5}}]},"17":{"loc":{"start":{"line":215,"column":4},"end":{"line":219,"column":5}},"type":"if","locations":[{"start":{"line":215,"column":4},"end":{"line":219,"column":5}}]},"18":{"loc":{"start":{"line":242,"column":4},"end":{"line":246,"column":5}},"type":"if","locations":[{"start":{"line":242,"column":4},"end":{"line":246,"column":5}}]},"19":{"loc":{"start":{"line":249,"column":4},"end":{"line":253,"column":5}},"type":"if","locations":[{"start":{"line":249,"column":4},"end":{"line":253,"column":5}}]},"20":{"loc":{"start":{"line":293,"column":4},"end":{"line":295,"column":5}},"type":"if","locations":[{"start":{"line":293,"column":4},"end":{"line":295,"column":5}}]},"21":{"loc":{"start":{"line":313,"column":4},"end":{"line":315,"column":5}},"type":"if","locations":[{"start":{"line":313,"column":4},"end":{"line":315,"column":5}}]}},"s":{"0":8,"1":8,"2":8,"3":8,"4":26,"5":2,"6":8,"7":8,"8":8,"9":8,"10":8,"11":0,"12":0,"13":0,"14":8,"15":8,"16":6,"17":2,"18":2,"19":8,"20":8,"21":5,"22":5,"23":5,"24":5,"25":0,"26":0,"27":0,"28":5,"29":2,"30":3,"31":8,"32":8,"33":1,"34":1,"35":1,"36":1,"37":0,"38":0,"39":0,"40":1,"41":1,"42":0,"43":0,"44":0,"45":1,"46":1,"47":0,"48":1,"49":0,"50":1,"51":0,"52":1,"53":0,"54":1,"55":1,"56":0,"57":8,"58":8,"59":5,"60":5,"61":5,"62":5,"63":0,"64":0,"65":0,"66":5,"67":5,"68":0,"69":8,"70":8,"71":1,"72":1,"73":1,"74":1,"75":0,"76":0,"77":0,"78":1,"79":1,"80":0,"81":8,"82":8,"83":1,"84":1,"85":1,"86":1,"87":0,"88":0,"89":0,"90":1,"91":1,"92":0,"93":8,"94":8,"95":1,"96":1,"97":1,"98":1,"99":0,"100":0,"101":0,"102":1,"103":1,"104":0,"105":0,"106":0,"107":1,"108":1,"109":1,"110":0,"111":8,"112":8,"113":1,"114":1,"115":1,"116":1,"117":0,"118":0,"119":0,"120":1,"121":1,"122":0,"123":0,"124":0,"125":1,"126":1,"127":0,"128":8,"129":8,"130":1,"131":1,"132":1,"133":1,"134":0,"135":8,"136":8,"137":1,"138":1,"139":1,"140":1,"141":0,"142":1,"143":1,"144":0,"145":8,"146":8,"147":1,"148":1,"149":1,"150":1,"151":0,"152":1,"153":1,"154":0,"155":8},"f":{"0":26,"1":2,"2":8,"3":5,"4":1,"5":5,"6":1,"7":1,"8":1,"9":1,"10":1,"11":1,"12":1},"b":{"0":[26,0],"1":[26,0],"2":[2,0],"3":[0],"4":[1,7],"5":[0,8],"6":[0],"7":[0],"8":[0],"9":[0],"10":[0],"11":[0],"12":[0],"13":[0],"14":[0],"15":[0],"16":[0],"17":[0],"18":[0],"19":[0],"20":[0],"21":[0]}}
,"D:\\property\\property-management-api\\src\\controllers\\maintenance.controller.ts": {"path":"D:\\property\\property-management-api\\src\\controllers\\maintenance.controller.ts","statementMap":{"0":{"start":{"line":3,"column":0},"end":{"line":3,"column":69}},"1":{"start":{"line":4,"column":0},"end":{"line":4,"column":54}},"2":{"start":{"line":6,"column":0},"end":{"line":6,"column":null}},"3":{"start":{"line":22,"column":2},"end":{"line":25,"column":4}},"4":{"start":{"line":32,"column":2},"end":{"line":32,"column":55}},"5":{"start":{"line":39,"column":33},"end":{"line":71,"column":1}},"6":{"start":{"line":44,"column":2},"end":{"line":70,"column":3}},"7":{"start":{"line":45,"column":16},"end":{"line":45,"column":36}},"8":{"start":{"line":47,"column":23},"end":{"line":47,"column":66}},"9":{"start":{"line":48,"column":4},"end":{"line":55,"column":5}},"10":{"start":{"line":49,"column":21},"end":{"line":49,"column":null}},"11":{"start":{"line":53,"column":6},"end":{"line":53,"column":68}},"12":{"start":{"line":54,"column":6},"end":{"line":54,"column":13}},"13":{"start":{"line":57,"column":20},"end":{"line":60,"column":null}},"14":{"start":{"line":63,"column":4},"end":{"line":67,"column":6}},"15":{"start":{"line":69,"column":4},"end":{"line":69,"column":16}},"16":{"start":{"line":39,"column":13},"end":{"line":39,"column":33}},"17":{"start":{"line":77,"column":30},"end":{"line":106,"column":1}},"18":{"start":{"line":82,"column":2},"end":{"line":105,"column":3}},"19":{"start":{"line":83,"column":16},"end":{"line":83,"column":36}},"20":{"start":{"line":85,"column":28},"end":{"line":87,"column":6}},"21":{"start":{"line":88,"column":4},"end":{"line":95,"column":5}},"22":{"start":{"line":89,"column":21},"end":{"line":89,"column":null}},"23":{"start":{"line":93,"column":6},"end":{"line":93,"column":68}},"24":{"start":{"line":94,"column":6},"end":{"line":94,"column":13}},"25":{"start":{"line":97,"column":20},"end":{"line":99,"column":null}},"26":{"start":{"line":102,"column":4},"end":{"line":102,"column":71}},"27":{"start":{"line":104,"column":4},"end":{"line":104,"column":16}},"28":{"start":{"line":77,"column":13},"end":{"line":77,"column":30}},"29":{"start":{"line":112,"column":31},"end":{"line":161,"column":1}},"30":{"start":{"line":117,"column":2},"end":{"line":160,"column":3}},"31":{"start":{"line":118,"column":16},"end":{"line":118,"column":36}},"32":{"start":{"line":120,"column":23},"end":{"line":120,"column":65}},"33":{"start":{"line":121,"column":4},"end":{"line":128,"column":5}},"34":{"start":{"line":122,"column":21},"end":{"line":122,"column":null}},"35":{"start":{"line":126,"column":6},"end":{"line":126,"column":68}},"36":{"start":{"line":127,"column":6},"end":{"line":127,"column":13}},"37":{"start":{"line":130,"column":62},"end":{"line":130,"column":77}},"38":{"start":{"line":132,"column":24},"end":{"line":132,"column":26}},"39":{"start":{"line":133,"column":4},"end":{"line":133,"column":61}},"40":{"start":{"line":133,"column":27},"end":{"line":133,"column":61}},"41":{"start":{"line":134,"column":4},"end":{"line":134,"column":67}},"42":{"start":{"line":134,"column":29},"end":{"line":134,"column":67}},"43":{"start":{"line":135,"column":4},"end":{"line":135,"column":67}},"44":{"start":{"line":135,"column":29},"end":{"line":135,"column":67}},"45":{"start":{"line":136,"column":4},"end":{"line":136,"column":73}},"46":{"start":{"line":136,"column":31},"end":{"line":136,"column":73}},"47":{"start":{"line":137,"column":4},"end":{"line":137,"column":61}},"48":{"start":{"line":137,"column":27},"end":{"line":137,"column":61}},"49":{"start":{"line":138,"column":4},"end":{"line":138,"column":73}},"50":{"start":{"line":138,"column":31},"end":{"line":138,"column":73}},"51":{"start":{"line":139,"column":4},"end":{"line":139,"column":70}},"52":{"start":{"line":139,"column":30},"end":{"line":139,"column":70}},"53":{"start":{"line":140,"column":4},"end":{"line":140,"column":64}},"54":{"start":{"line":140,"column":28},"end":{"line":140,"column":64}},"55":{"start":{"line":142,"column":32},"end":{"line":146,"column":null}},"56":{"start":{"line":149,"column":4},"end":{"line":157,"column":7}},"57":{"start":{"line":159,"column":4},"end":{"line":159,"column":16}},"58":{"start":{"line":112,"column":13},"end":{"line":112,"column":31}},"59":{"start":{"line":167,"column":33},"end":{"line":208,"column":1}},"60":{"start":{"line":172,"column":2},"end":{"line":207,"column":3}},"61":{"start":{"line":173,"column":16},"end":{"line":173,"column":36}},"62":{"start":{"line":175,"column":28},"end":{"line":177,"column":6}},"63":{"start":{"line":178,"column":4},"end":{"line":185,"column":5}},"64":{"start":{"line":179,"column":21},"end":{"line":179,"column":null}},"65":{"start":{"line":183,"column":6},"end":{"line":183,"column":68}},"66":{"start":{"line":184,"column":6},"end":{"line":184,"column":13}},"67":{"start":{"line":187,"column":27},"end":{"line":187,"column":70}},"68":{"start":{"line":188,"column":4},"end":{"line":195,"column":5}},"69":{"start":{"line":189,"column":21},"end":{"line":189,"column":null}},"70":{"start":{"line":193,"column":6},"end":{"line":193,"column":68}},"71":{"start":{"line":194,"column":6},"end":{"line":194,"column":13}},"72":{"start":{"line":197,"column":20},"end":{"line":201,"column":null}},"73":{"start":{"line":204,"column":4},"end":{"line":204,"column":69}},"74":{"start":{"line":206,"column":4},"end":{"line":206,"column":16}},"75":{"start":{"line":167,"column":13},"end":{"line":167,"column":33}},"76":{"start":{"line":214,"column":32},"end":{"line":255,"column":1}},"77":{"start":{"line":219,"column":2},"end":{"line":254,"column":3}},"78":{"start":{"line":220,"column":16},"end":{"line":220,"column":36}},"79":{"start":{"line":222,"column":28},"end":{"line":224,"column":6}},"80":{"start":{"line":225,"column":4},"end":{"line":232,"column":5}},"81":{"start":{"line":226,"column":21},"end":{"line":226,"column":null}},"82":{"start":{"line":230,"column":6},"end":{"line":230,"column":68}},"83":{"start":{"line":231,"column":6},"end":{"line":231,"column":13}},"84":{"start":{"line":234,"column":27},"end":{"line":234,"column":69}},"85":{"start":{"line":235,"column":4},"end":{"line":242,"column":5}},"86":{"start":{"line":236,"column":21},"end":{"line":236,"column":null}},"87":{"start":{"line":240,"column":6},"end":{"line":240,"column":68}},"88":{"start":{"line":241,"column":6},"end":{"line":241,"column":13}},"89":{"start":{"line":244,"column":20},"end":{"line":248,"column":null}},"90":{"start":{"line":251,"column":4},"end":{"line":251,"column":74}},"91":{"start":{"line":253,"column":4},"end":{"line":253,"column":16}},"92":{"start":{"line":214,"column":13},"end":{"line":214,"column":32}},"93":{"start":{"line":261,"column":28},"end":{"line":302,"column":1}},"94":{"start":{"line":266,"column":2},"end":{"line":301,"column":3}},"95":{"start":{"line":267,"column":16},"end":{"line":267,"column":36}},"96":{"start":{"line":269,"column":28},"end":{"line":271,"column":6}},"97":{"start":{"line":272,"column":4},"end":{"line":279,"column":5}},"98":{"start":{"line":273,"column":21},"end":{"line":273,"column":null}},"99":{"start":{"line":277,"column":6},"end":{"line":277,"column":68}},"100":{"start":{"line":278,"column":6},"end":{"line":278,"column":13}},"101":{"start":{"line":281,"column":27},"end":{"line":281,"column":65}},"102":{"start":{"line":282,"column":4},"end":{"line":289,"column":5}},"103":{"start":{"line":283,"column":21},"end":{"line":283,"column":null}},"104":{"start":{"line":287,"column":6},"end":{"line":287,"column":68}},"105":{"start":{"line":288,"column":6},"end":{"line":288,"column":13}},"106":{"start":{"line":291,"column":20},"end":{"line":295,"column":null}},"107":{"start":{"line":298,"column":4},"end":{"line":298,"column":69}},"108":{"start":{"line":300,"column":4},"end":{"line":300,"column":16}},"109":{"start":{"line":261,"column":13},"end":{"line":261,"column":28}},"110":{"start":{"line":308,"column":24},"end":{"line":349,"column":1}},"111":{"start":{"line":313,"column":2},"end":{"line":348,"column":3}},"112":{"start":{"line":314,"column":16},"end":{"line":314,"column":36}},"113":{"start":{"line":316,"column":28},"end":{"line":318,"column":6}},"114":{"start":{"line":319,"column":4},"end":{"line":326,"column":5}},"115":{"start":{"line":320,"column":21},"end":{"line":320,"column":null}},"116":{"start":{"line":324,"column":6},"end":{"line":324,"column":68}},"117":{"start":{"line":325,"column":6},"end":{"line":325,"column":13}},"118":{"start":{"line":328,"column":27},"end":{"line":328,"column":61}},"119":{"start":{"line":329,"column":4},"end":{"line":336,"column":5}},"120":{"start":{"line":330,"column":21},"end":{"line":330,"column":null}},"121":{"start":{"line":334,"column":6},"end":{"line":334,"column":68}},"122":{"start":{"line":335,"column":6},"end":{"line":335,"column":13}},"123":{"start":{"line":338,"column":20},"end":{"line":342,"column":null}},"124":{"start":{"line":345,"column":4},"end":{"line":345,"column":66}},"125":{"start":{"line":347,"column":4},"end":{"line":347,"column":16}},"126":{"start":{"line":308,"column":13},"end":{"line":308,"column":24}},"127":{"start":{"line":355,"column":36},"end":{"line":371,"column":1}},"128":{"start":{"line":360,"column":2},"end":{"line":370,"column":3}},"129":{"start":{"line":361,"column":16},"end":{"line":361,"column":36}},"130":{"start":{"line":363,"column":18},"end":{"line":364,"column":null}},"131":{"start":{"line":367,"column":4},"end":{"line":367,"column":73}},"132":{"start":{"line":369,"column":4},"end":{"line":369,"column":16}},"133":{"start":{"line":355,"column":13},"end":{"line":355,"column":36}},"134":{"start":{"line":377,"column":32},"end":{"line":406,"column":1}},"135":{"start":{"line":382,"column":2},"end":{"line":405,"column":3}},"136":{"start":{"line":383,"column":16},"end":{"line":383,"column":36}},"137":{"start":{"line":385,"column":28},"end":{"line":387,"column":6}},"138":{"start":{"line":388,"column":4},"end":{"line":395,"column":5}},"139":{"start":{"line":389,"column":21},"end":{"line":389,"column":null}},"140":{"start":{"line":393,"column":6},"end":{"line":393,"column":68}},"141":{"start":{"line":394,"column":6},"end":{"line":394,"column":13}},"142":{"start":{"line":397,"column":18},"end":{"line":399,"column":null}},"143":{"start":{"line":402,"column":4},"end":{"line":402,"column":69}},"144":{"start":{"line":404,"column":4},"end":{"line":404,"column":16}},"145":{"start":{"line":377,"column":13},"end":{"line":377,"column":32}},"146":{"start":{"line":412,"column":33},"end":{"line":446,"column":1}},"147":{"start":{"line":417,"column":2},"end":{"line":445,"column":3}},"148":{"start":{"line":418,"column":16},"end":{"line":418,"column":36}},"149":{"start":{"line":420,"column":28},"end":{"line":422,"column":6}},"150":{"start":{"line":423,"column":4},"end":{"line":430,"column":5}},"151":{"start":{"line":424,"column":21},"end":{"line":424,"column":null}},"152":{"start":{"line":428,"column":6},"end":{"line":428,"column":68}},"153":{"start":{"line":429,"column":6},"end":{"line":429,"column":13}},"154":{"start":{"line":432,"column":4},"end":{"line":436,"column":6}},"155":{"start":{"line":438,"column":4},"end":{"line":442,"column":6}},"156":{"start":{"line":444,"column":4},"end":{"line":444,"column":16}},"157":{"start":{"line":412,"column":13},"end":{"line":412,"column":33}},"158":{"start":{"line":452,"column":34},"end":{"line":486,"column":1}},"159":{"start":{"line":457,"column":2},"end":{"line":485,"column":3}},"160":{"start":{"line":458,"column":16},"end":{"line":458,"column":36}},"161":{"start":{"line":460,"column":28},"end":{"line":462,"column":6}},"162":{"start":{"line":463,"column":4},"end":{"line":470,"column":5}},"163":{"start":{"line":464,"column":21},"end":{"line":464,"column":null}},"164":{"start":{"line":468,"column":6},"end":{"line":468,"column":68}},"165":{"start":{"line":469,"column":6},"end":{"line":469,"column":13}},"166":{"start":{"line":472,"column":20},"end":{"line":475,"column":null}},"167":{"start":{"line":478,"column":4},"end":{"line":482,"column":6}},"168":{"start":{"line":484,"column":4},"end":{"line":484,"column":16}},"169":{"start":{"line":452,"column":13},"end":{"line":452,"column":34}}},"fnMap":{"0":{"name":"getActorContext","decl":{"start":{"line":21,"column":9},"end":{"line":21,"column":24}},"loc":{"start":{"line":21,"column":50},"end":{"line":26,"column":1}}},"1":{"name":"getParam","decl":{"start":{"line":31,"column":9},"end":{"line":31,"column":17}},"loc":{"start":{"line":31,"column":28},"end":{"line":33,"column":1}}},"2":{"name":"(anonymous_2)","decl":{"start":{"line":39,"column":33},"end":{"line":39,"column":38}},"loc":{"start":{"line":43,"column":4},"end":{"line":71,"column":1}}},"3":{"name":"(anonymous_3)","decl":{"start":{"line":77,"column":30},"end":{"line":77,"column":35}},"loc":{"start":{"line":81,"column":4},"end":{"line":106,"column":1}}},"4":{"name":"(anonymous_4)","decl":{"start":{"line":112,"column":31},"end":{"line":112,"column":36}},"loc":{"start":{"line":116,"column":4},"end":{"line":161,"column":1}}},"5":{"name":"(anonymous_5)","decl":{"start":{"line":167,"column":33},"end":{"line":167,"column":38}},"loc":{"start":{"line":171,"column":4},"end":{"line":208,"column":1}}},"6":{"name":"(anonymous_6)","decl":{"start":{"line":214,"column":32},"end":{"line":214,"column":37}},"loc":{"start":{"line":218,"column":4},"end":{"line":255,"column":1}}},"7":{"name":"(anonymous_7)","decl":{"start":{"line":261,"column":28},"end":{"line":261,"column":33}},"loc":{"start":{"line":265,"column":4},"end":{"line":302,"column":1}}},"8":{"name":"(anonymous_8)","decl":{"start":{"line":308,"column":24},"end":{"line":308,"column":29}},"loc":{"start":{"line":312,"column":4},"end":{"line":349,"column":1}}},"9":{"name":"(anonymous_9)","decl":{"start":{"line":355,"column":36},"end":{"line":355,"column":41}},"loc":{"start":{"line":359,"column":4},"end":{"line":371,"column":1}}},"10":{"name":"(anonymous_10)","decl":{"start":{"line":377,"column":32},"end":{"line":377,"column":37}},"loc":{"start":{"line":381,"column":4},"end":{"line":406,"column":1}}},"11":{"name":"(anonymous_11)","decl":{"start":{"line":412,"column":33},"end":{"line":412,"column":38}},"loc":{"start":{"line":416,"column":4},"end":{"line":446,"column":1}}},"12":{"name":"(anonymous_12)","decl":{"start":{"line":452,"column":34},"end":{"line":452,"column":39}},"loc":{"start":{"line":456,"column":4},"end":{"line":486,"column":1}}}},"branchMap":{"0":{"loc":{"start":{"line":23,"column":12},"end":{"line":23,"column":34}},"type":"binary-expr","locations":[{"start":{"line":23,"column":12},"end":{"line":23,"column":28}},{"start":{"line":23,"column":32},"end":{"line":23,"column":34}}]},"1":{"loc":{"start":{"line":24,"column":20},"end":{"line":24,"column":50}},"type":"binary-expr","locations":[{"start":{"line":24,"column":20},"end":{"line":24,"column":44}},{"start":{"line":24,"column":48},"end":{"line":24,"column":50}}]},"2":{"loc":{"start":{"line":32,"column":9},"end":{"line":32,"column":54}},"type":"cond-expr","locations":[{"start":{"line":32,"column":37},"end":{"line":32,"column":42}},{"start":{"line":32,"column":45},"end":{"line":32,"column":54}}]},"3":{"loc":{"start":{"line":48,"column":4},"end":{"line":55,"column":5}},"type":"if","locations":[{"start":{"line":48,"column":4},"end":{"line":55,"column":5}}]},"4":{"loc":{"start":{"line":88,"column":4},"end":{"line":95,"column":5}},"type":"if","locations":[{"start":{"line":88,"column":4},"end":{"line":95,"column":5}}]},"5":{"loc":{"start":{"line":121,"column":4},"end":{"line":128,"column":5}},"type":"if","locations":[{"start":{"line":121,"column":4},"end":{"line":128,"column":5}}]},"6":{"loc":{"start":{"line":133,"column":4},"end":{"line":133,"column":61}},"type":"if","locations":[{"start":{"line":133,"column":4},"end":{"line":133,"column":61}}]},"7":{"loc":{"start":{"line":134,"column":4},"end":{"line":134,"column":67}},"type":"if","locations":[{"start":{"line":134,"column":4},"end":{"line":134,"column":67}}]},"8":{"loc":{"start":{"line":135,"column":4},"end":{"line":135,"column":67}},"type":"if","locations":[{"start":{"line":135,"column":4},"end":{"line":135,"column":67}}]},"9":{"loc":{"start":{"line":136,"column":4},"end":{"line":136,"column":73}},"type":"if","locations":[{"start":{"line":136,"column":4},"end":{"line":136,"column":73}}]},"10":{"loc":{"start":{"line":137,"column":4},"end":{"line":137,"column":61}},"type":"if","locations":[{"start":{"line":137,"column":4},"end":{"line":137,"column":61}}]},"11":{"loc":{"start":{"line":138,"column":4},"end":{"line":138,"column":73}},"type":"if","locations":[{"start":{"line":138,"column":4},"end":{"line":138,"column":73}}]},"12":{"loc":{"start":{"line":139,"column":4},"end":{"line":139,"column":70}},"type":"if","locations":[{"start":{"line":139,"column":4},"end":{"line":139,"column":70}}]},"13":{"loc":{"start":{"line":140,"column":4},"end":{"line":140,"column":64}},"type":"if","locations":[{"start":{"line":140,"column":4},"end":{"line":140,"column":64}}]},"14":{"loc":{"start":{"line":145,"column":6},"end":{"line":145,"column":57}},"type":"cond-expr","locations":[{"start":{"line":145,"column":39},"end":{"line":145,"column":45}},{"start":{"line":145,"column":48},"end":{"line":145,"column":57}}]},"15":{"loc":{"start":{"line":146,"column":6},"end":{"line":146,"column":66}},"type":"cond-expr","locations":[{"start":{"line":146,"column":26},"end":{"line":146,"column":54}},{"start":{"line":146,"column":57},"end":{"line":146,"column":66}}]},"16":{"loc":{"start":{"line":155,"column":34},"end":{"line":155,"column":45}},"type":"binary-expr","locations":[{"start":{"line":155,"column":34},"end":{"line":155,"column":39}},{"start":{"line":155,"column":43},"end":{"line":155,"column":45}}]},"17":{"loc":{"start":{"line":178,"column":4},"end":{"line":185,"column":5}},"type":"if","locations":[{"start":{"line":178,"column":4},"end":{"line":185,"column":5}}]},"18":{"loc":{"start":{"line":188,"column":4},"end":{"line":195,"column":5}},"type":"if","locations":[{"start":{"line":188,"column":4},"end":{"line":195,"column":5}}]},"19":{"loc":{"start":{"line":225,"column":4},"end":{"line":232,"column":5}},"type":"if","locations":[{"start":{"line":225,"column":4},"end":{"line":232,"column":5}}]},"20":{"loc":{"start":{"line":235,"column":4},"end":{"line":242,"column":5}},"type":"if","locations":[{"start":{"line":235,"column":4},"end":{"line":242,"column":5}}]},"21":{"loc":{"start":{"line":272,"column":4},"end":{"line":279,"column":5}},"type":"if","locations":[{"start":{"line":272,"column":4},"end":{"line":279,"column":5}}]},"22":{"loc":{"start":{"line":282,"column":4},"end":{"line":289,"column":5}},"type":"if","locations":[{"start":{"line":282,"column":4},"end":{"line":289,"column":5}}]},"23":{"loc":{"start":{"line":319,"column":4},"end":{"line":326,"column":5}},"type":"if","locations":[{"start":{"line":319,"column":4},"end":{"line":326,"column":5}}]},"24":{"loc":{"start":{"line":329,"column":4},"end":{"line":336,"column":5}},"type":"if","locations":[{"start":{"line":329,"column":4},"end":{"line":336,"column":5}}]},"25":{"loc":{"start":{"line":388,"column":4},"end":{"line":395,"column":5}},"type":"if","locations":[{"start":{"line":388,"column":4},"end":{"line":395,"column":5}}]},"26":{"loc":{"start":{"line":423,"column":4},"end":{"line":430,"column":5}},"type":"if","locations":[{"start":{"line":423,"column":4},"end":{"line":430,"column":5}}]},"27":{"loc":{"start":{"line":463,"column":4},"end":{"line":470,"column":5}},"type":"if","locations":[{"start":{"line":463,"column":4},"end":{"line":470,"column":5}}]}},"s":{"0":9,"1":9,"2":9,"3":40,"4":16,"5":9,"6":12,"7":12,"8":12,"9":12,"10":1,"11":1,"12":1,"13":11,"14":11,"15":0,"16":9,"17":9,"18":4,"19":4,"20":4,"21":4,"22":0,"23":0,"24":0,"25":4,"26":2,"27":2,"28":9,"29":9,"30":10,"31":10,"32":10,"33":10,"34":0,"35":0,"36":0,"37":10,"38":10,"39":10,"40":2,"41":10,"42":1,"43":10,"44":1,"45":10,"46":0,"47":10,"48":0,"49":10,"50":0,"51":10,"52":0,"53":10,"54":0,"55":10,"56":10,"57":0,"58":9,"59":9,"60":2,"61":2,"62":2,"63":2,"64":0,"65":0,"66":0,"67":2,"68":2,"69":0,"70":0,"71":0,"72":2,"73":2,"74":0,"75":9,"76":9,"77":2,"78":2,"79":2,"80":2,"81":0,"82":0,"83":0,"84":2,"85":2,"86":0,"87":0,"88":0,"89":2,"90":2,"91":0,"92":9,"93":9,"94":4,"95":4,"96":4,"97":4,"98":0,"99":0,"100":0,"101":4,"102":4,"103":0,"104":0,"105":0,"106":4,"107":4,"108":0,"109":9,"110":9,"111":0,"112":0,"113":0,"114":0,"115":0,"116":0,"117":0,"118":0,"119":0,"120":0,"121":0,"122":0,"123":0,"124":0,"125":0,"126":9,"127":9,"128":2,"129":2,"130":2,"131":2,"132":0,"133":9,"134":9,"135":0,"136":0,"137":0,"138":0,"139":0,"140":0,"141":0,"142":0,"143":0,"144":0,"145":9,"146":9,"147":2,"148":2,"149":2,"150":2,"151":0,"152":0,"153":0,"154":2,"155":2,"156":0,"157":9,"158":9,"159":2,"160":2,"161":2,"162":2,"163":0,"164":0,"165":0,"166":2,"167":2,"168":0,"169":9},"f":{"0":40,"1":16,"2":12,"3":4,"4":10,"5":2,"6":2,"7":4,"8":0,"9":2,"10":0,"11":2,"12":2},"b":{"0":[40,0],"1":[40,0],"2":[16,0],"3":[1],"4":[0],"5":[0],"6":[2],"7":[1],"8":[1],"9":[0],"10":[0],"11":[0],"12":[0],"13":[0],"14":[4,6],"15":[2,8],"16":[10,0],"17":[0],"18":[0],"19":[0],"20":[0],"21":[0],"22":[0],"23":[0],"24":[0],"25":[0],"26":[0],"27":[0]}}
,"D:\\property\\property-management-api\\src\\controllers\\membership.controller.ts": {"path":"D:\\property\\property-management-api\\src\\controllers\\membership.controller.ts","statementMap":{"0":{"start":{"line":2,"column":0},"end":{"line":2,"column":67}},"1":{"start":{"line":3,"column":0},"end":{"line":3,"column":null}},"2":{"start":{"line":15,"column":0},"end":{"line":15,"column":54}},"3":{"start":{"line":23,"column":4},"end":{"line":36,"column":5}},"4":{"start":{"line":24,"column":29},"end":{"line":24,"column":64}},"5":{"start":{"line":25,"column":21},"end":{"line":25,"column":38}},"6":{"start":{"line":27,"column":22},"end":{"line":27,"column":56}},"7":{"start":{"line":28,"column":21},"end":{"line":31,"column":8}},"8":{"start":{"line":33,"column":6},"end":{"line":33,"column":70}},"9":{"start":{"line":35,"column":6},"end":{"line":35,"column":18}},"10":{"start":{"line":43,"column":4},"end":{"line":56,"column":5}},"11":{"start":{"line":44,"column":21},"end":{"line":44,"column":38}},"12":{"start":{"line":45,"column":29},"end":{"line":45,"column":64}},"13":{"start":{"line":47,"column":22},"end":{"line":47,"column":60}},"14":{"start":{"line":48,"column":21},"end":{"line":51,"column":8}},"15":{"start":{"line":53,"column":6},"end":{"line":53,"column":75}},"16":{"start":{"line":55,"column":6},"end":{"line":55,"column":18}},"17":{"start":{"line":63,"column":4},"end":{"line":76,"column":5}},"18":{"start":{"line":64,"column":21},"end":{"line":64,"column":38}},"19":{"start":{"line":65,"column":29},"end":{"line":65,"column":64}},"20":{"start":{"line":67,"column":22},"end":{"line":67,"column":60}},"21":{"start":{"line":68,"column":21},"end":{"line":71,"column":8}},"22":{"start":{"line":73,"column":6},"end":{"line":73,"column":75}},"23":{"start":{"line":75,"column":6},"end":{"line":75,"column":18}},"24":{"start":{"line":83,"column":4},"end":{"line":96,"column":5}},"25":{"start":{"line":84,"column":29},"end":{"line":84,"column":64}},"26":{"start":{"line":85,"column":21},"end":{"line":85,"column":38}},"27":{"start":{"line":87,"column":22},"end":{"line":87,"column":60}},"28":{"start":{"line":88,"column":21},"end":{"line":91,"column":8}},"29":{"start":{"line":93,"column":6},"end":{"line":93,"column":76}},"30":{"start":{"line":95,"column":6},"end":{"line":95,"column":18}},"31":{"start":{"line":103,"column":4},"end":{"line":116,"column":5}},"32":{"start":{"line":104,"column":29},"end":{"line":104,"column":64}},"33":{"start":{"line":105,"column":21},"end":{"line":105,"column":38}},"34":{"start":{"line":107,"column":22},"end":{"line":107,"column":60}},"35":{"start":{"line":108,"column":21},"end":{"line":111,"column":8}},"36":{"start":{"line":113,"column":6},"end":{"line":113,"column":73}},"37":{"start":{"line":115,"column":6},"end":{"line":115,"column":18}},"38":{"start":{"line":123,"column":4},"end":{"line":136,"column":5}},"39":{"start":{"line":124,"column":29},"end":{"line":124,"column":64}},"40":{"start":{"line":125,"column":21},"end":{"line":125,"column":38}},"41":{"start":{"line":127,"column":20},"end":{"line":127,"column":59}},"42":{"start":{"line":128,"column":21},"end":{"line":131,"column":8}},"43":{"start":{"line":133,"column":6},"end":{"line":133,"column":99}},"44":{"start":{"line":135,"column":6},"end":{"line":135,"column":18}},"45":{"start":{"line":143,"column":4},"end":{"line":156,"column":5}},"46":{"start":{"line":144,"column":29},"end":{"line":144,"column":64}},"47":{"start":{"line":145,"column":23},"end":{"line":145,"column":52}},"48":{"start":{"line":146,"column":21},"end":{"line":146,"column":38}},"49":{"start":{"line":148,"column":21},"end":{"line":151,"column":8}},"50":{"start":{"line":153,"column":6},"end":{"line":153,"column":80}},"51":{"start":{"line":155,"column":6},"end":{"line":155,"column":18}},"52":{"start":{"line":163,"column":4},"end":{"line":176,"column":5}},"53":{"start":{"line":164,"column":29},"end":{"line":164,"column":64}},"54":{"start":{"line":165,"column":21},"end":{"line":165,"column":38}},"55":{"start":{"line":167,"column":22},"end":{"line":167,"column":57}},"56":{"start":{"line":168,"column":21},"end":{"line":171,"column":8}},"57":{"start":{"line":173,"column":6},"end":{"line":173,"column":72}},"58":{"start":{"line":175,"column":6},"end":{"line":175,"column":18}},"59":{"start":{"line":183,"column":4},"end":{"line":196,"column":5}},"60":{"start":{"line":184,"column":29},"end":{"line":184,"column":64}},"61":{"start":{"line":185,"column":21},"end":{"line":185,"column":38}},"62":{"start":{"line":187,"column":22},"end":{"line":187,"column":60}},"63":{"start":{"line":188,"column":21},"end":{"line":191,"column":8}},"64":{"start":{"line":193,"column":6},"end":{"line":193,"column":74}},"65":{"start":{"line":195,"column":6},"end":{"line":195,"column":18}},"66":{"start":{"line":203,"column":4},"end":{"line":216,"column":5}},"67":{"start":{"line":204,"column":29},"end":{"line":204,"column":64}},"68":{"start":{"line":205,"column":21},"end":{"line":205,"column":38}},"69":{"start":{"line":207,"column":22},"end":{"line":207,"column":56}},"70":{"start":{"line":208,"column":21},"end":{"line":211,"column":8}},"71":{"start":{"line":213,"column":6},"end":{"line":213,"column":70}},"72":{"start":{"line":215,"column":6},"end":{"line":215,"column":18}},"73":{"start":{"line":223,"column":4},"end":{"line":235,"column":5}},"74":{"start":{"line":224,"column":29},"end":{"line":224,"column":64}},"75":{"start":{"line":225,"column":21},"end":{"line":225,"column":38}},"76":{"start":{"line":227,"column":21},"end":{"line":230,"column":8}},"77":{"start":{"line":232,"column":6},"end":{"line":232,"column":73}},"78":{"start":{"line":234,"column":6},"end":{"line":234,"column":18}},"79":{"start":{"line":242,"column":4},"end":{"line":255,"column":5}},"80":{"start":{"line":243,"column":29},"end":{"line":243,"column":64}},"81":{"start":{"line":244,"column":21},"end":{"line":244,"column":38}},"82":{"start":{"line":246,"column":22},"end":{"line":246,"column":61}},"83":{"start":{"line":247,"column":21},"end":{"line":250,"column":8}},"84":{"start":{"line":252,"column":6},"end":{"line":252,"column":77}},"85":{"start":{"line":254,"column":6},"end":{"line":254,"column":18}},"86":{"start":{"line":18,"column":0},"end":{"line":18,"column":13}},"87":{"start":{"line":259,"column":13},"end":{"line":259,"column":63}}},"fnMap":{"0":{"name":"(anonymous_0)","decl":{"start":{"line":22,"column":2},"end":{"line":22,"column":7}},"loc":{"start":{"line":22,"column":81},"end":{"line":37,"column":3}}},"1":{"name":"(anonymous_1)","decl":{"start":{"line":42,"column":2},"end":{"line":42,"column":7}},"loc":{"start":{"line":42,"column":85},"end":{"line":57,"column":3}}},"2":{"name":"(anonymous_2)","decl":{"start":{"line":62,"column":2},"end":{"line":62,"column":7}},"loc":{"start":{"line":62,"column":85},"end":{"line":77,"column":3}}},"3":{"name":"(anonymous_3)","decl":{"start":{"line":82,"column":2},"end":{"line":82,"column":7}},"loc":{"start":{"line":82,"column":85},"end":{"line":97,"column":3}}},"4":{"name":"(anonymous_4)","decl":{"start":{"line":102,"column":2},"end":{"line":102,"column":7}},"loc":{"start":{"line":102,"column":85},"end":{"line":117,"column":3}}},"5":{"name":"(anonymous_5)","decl":{"start":{"line":122,"column":2},"end":{"line":122,"column":7}},"loc":{"start":{"line":122,"column":80},"end":{"line":137,"column":3}}},"6":{"name":"(anonymous_6)","decl":{"start":{"line":142,"column":2},"end":{"line":142,"column":7}},"loc":{"start":{"line":142,"column":85},"end":{"line":157,"column":3}}},"7":{"name":"(anonymous_7)","decl":{"start":{"line":162,"column":2},"end":{"line":162,"column":7}},"loc":{"start":{"line":162,"column":82},"end":{"line":177,"column":3}}},"8":{"name":"(anonymous_8)","decl":{"start":{"line":182,"column":2},"end":{"line":182,"column":7}},"loc":{"start":{"line":182,"column":85},"end":{"line":197,"column":3}}},"9":{"name":"(anonymous_9)","decl":{"start":{"line":202,"column":2},"end":{"line":202,"column":7}},"loc":{"start":{"line":202,"column":81},"end":{"line":217,"column":3}}},"10":{"name":"(anonymous_10)","decl":{"start":{"line":222,"column":2},"end":{"line":222,"column":7}},"loc":{"start":{"line":222,"column":86},"end":{"line":236,"column":3}}},"11":{"name":"(anonymous_11)","decl":{"start":{"line":241,"column":2},"end":{"line":241,"column":7}},"loc":{"start":{"line":241,"column":86},"end":{"line":256,"column":3}}}},"branchMap":{},"s":{"0":1,"1":1,"2":1,"3":2,"4":2,"5":2,"6":2,"7":2,"8":1,"9":1,"10":1,"11":1,"12":1,"13":1,"14":1,"15":1,"16":0,"17":1,"18":1,"19":1,"20":1,"21":1,"22":1,"23":0,"24":1,"25":1,"26":1,"27":1,"28":1,"29":1,"30":0,"31":1,"32":1,"33":1,"34":1,"35":1,"36":1,"37":0,"38":1,"39":1,"40":1,"41":1,"42":1,"43":1,"44":0,"45":1,"46":1,"47":1,"48":1,"49":1,"50":1,"51":0,"52":1,"53":1,"54":1,"55":1,"56":1,"57":1,"58":0,"59":1,"60":1,"61":1,"62":1,"63":1,"64":1,"65":0,"66":1,"67":1,"68":1,"69":1,"70":1,"71":1,"72":0,"73":1,"74":1,"75":1,"76":1,"77":1,"78":0,"79":1,"80":1,"81":1,"82":1,"83":1,"84":1,"85":0,"86":1,"87":1},"f":{"0":2,"1":1,"2":1,"3":1,"4":1,"5":1,"6":1,"7":1,"8":1,"9":1,"10":1,"11":1},"b":{}}
,"D:\\property\\property-management-api\\src\\controllers\\organization.controller.ts": {"path":"D:\\property\\property-management-api\\src\\controllers\\organization.controller.ts","statementMap":{"0":{"start":{"line":2,"column":0},"end":{"line":2,"column":54}},"1":{"start":{"line":4,"column":0},"end":{"line":4,"column":71}},"2":{"start":{"line":5,"column":0},"end":{"line":5,"column":null}},"3":{"start":{"line":17,"column":0},"end":{"line":17,"column":52}},"4":{"start":{"line":19,"column":24},"end":{"line":28,"column":1}},"5":{"start":{"line":20,"column":2},"end":{"line":22,"column":3}},"6":{"start":{"line":21,"column":4},"end":{"line":21,"column":34}},"7":{"start":{"line":24,"column":2},"end":{"line":27,"column":4}},"8":{"start":{"line":30,"column":34},"end":{"line":46,"column":1}},"9":{"start":{"line":35,"column":2},"end":{"line":45,"column":3}},"10":{"start":{"line":36,"column":25},"end":{"line":36,"column":66}},"11":{"start":{"line":37,"column":25},"end":{"line":39,"column":null}},"12":{"start":{"line":42,"column":4},"end":{"line":42,"column":80}},"13":{"start":{"line":44,"column":4},"end":{"line":44,"column":16}},"14":{"start":{"line":30,"column":13},"end":{"line":30,"column":34}},"15":{"start":{"line":48,"column":34},"end":{"line":66,"column":1}},"16":{"start":{"line":53,"column":2},"end":{"line":65,"column":3}},"17":{"start":{"line":54,"column":20},"end":{"line":54,"column":40}},"18":{"start":{"line":55,"column":27},"end":{"line":55,"column":62}},"19":{"start":{"line":56,"column":25},"end":{"line":59,"column":null}},"20":{"start":{"line":62,"column":4},"end":{"line":62,"column":80}},"21":{"start":{"line":64,"column":4},"end":{"line":64,"column":16}},"22":{"start":{"line":48,"column":13},"end":{"line":48,"column":34}},"23":{"start":{"line":68,"column":38},"end":{"line":85,"column":1}},"24":{"start":{"line":73,"column":2},"end":{"line":84,"column":3}},"25":{"start":{"line":74,"column":20},"end":{"line":74,"column":40}},"26":{"start":{"line":75,"column":27},"end":{"line":75,"column":62}},"27":{"start":{"line":76,"column":25},"end":{"line":78,"column":null}},"28":{"start":{"line":81,"column":4},"end":{"line":81,"column":80}},"29":{"start":{"line":83,"column":4},"end":{"line":83,"column":16}},"30":{"start":{"line":68,"column":13},"end":{"line":68,"column":38}},"31":{"start":{"line":87,"column":35},"end":{"line":101,"column":1}},"32":{"start":{"line":92,"column":2},"end":{"line":100,"column":3}},"33":{"start":{"line":93,"column":20},"end":{"line":93,"column":40}},"34":{"start":{"line":94,"column":27},"end":{"line":94,"column":62}},"35":{"start":{"line":95,"column":25},"end":{"line":95,"column":95}},"36":{"start":{"line":97,"column":4},"end":{"line":97,"column":81}},"37":{"start":{"line":99,"column":4},"end":{"line":99,"column":16}},"38":{"start":{"line":87,"column":13},"end":{"line":87,"column":35}},"39":{"start":{"line":103,"column":31},"end":{"line":117,"column":1}},"40":{"start":{"line":108,"column":2},"end":{"line":116,"column":3}},"41":{"start":{"line":109,"column":20},"end":{"line":109,"column":40}},"42":{"start":{"line":110,"column":27},"e
[...]
"2":{"start":{"line":12,"column":2},"end":{"line":61,"column":4}},"3":{"start":{"line":13,"column":45},"end":{"line":13,"column":47}},"4":{"start":{"line":15,"column":4},"end":{"line":28,"column":5}},"5":{"start":{"line":16,"column":21},"end":{"line":16,"column":53}},"6":{"start":{"line":17,"column":6},"end":{"line":27,"column":7}},"7":{"start":{"line":18,"column":8},"end":{"line":24,"column":9}},"8":{"start":{"line":19,"column":23},"end":{"line":19,"column":43}},"9":{"start":{"line":20,"column":10},"end":{"line":22,"column":11}},"10":{"start":{"line":21,"column":12},"end":{"line":21,"column":30}},"11":{"start":{"line":23,"column":10},"end":{"line":23,"column":43}},"12":{"start":{"line":26,"column":8},"end":{"line":26,"column":31}},"13":{"start":{"line":30,"column":4},"end":{"line":41,"column":5}},"14":{"start":{"line":31,"column":21},"end":{"line":31,"column":55}},"15":{"start":{"line":32,"column":6},"end":{"line":40,"column":7}},"16":{"start":{"line":33,"column":8},"end":{"line":39,"column":9}},"17":{"start":{"line":34,"column":23},"end":{"line":34,"column":43}},"18":{"start":{"line":35,"column":10},"end":{"line":37,"column":11}},"19":{"start":{"line":36,"column":12},"end":{"line":36,"column":30}},"20":{"start":{"line":38,"column":10},"end":{"line":38,"column":43}},"21":{"start":{"line":43,"column":4},"end":{"line":54,"column":5}},"22":{"start":{"line":44,"column":21},"end":{"line":44,"column":57}},"23":{"start":{"line":45,"column":6},"end":{"line":53,"column":7}},"24":{"start":{"line":46,"column":8},"end":{"line":52,"column":9}},"25":{"start":{"line":47,"column":23},"end":{"line":47,"column":43}},"26":{"start":{"line":48,"column":10},"end":{"line":50,"column":11}},"27":{"start":{"line":49,"column":12},"end":{"line":49,"column":30}},"28":{"start":{"line":51,"column":10},"end":{"line":51,"column":43}},"29":{"start":{"line":56,"column":4},"end":{"line":58,"column":5}},"30":{"start":{"line":57,"column":6},"end":{"line":57,"column":40}},"31":{"start":{"line":60,"column":4},"end":{"line":60,"column":11}},"32":{"start":{"line":11,"column":13},"end":{"line":11,"column":24}}},"fnMap":{"0":{"name":"(anonymous_0)","decl":{"start":{"line":11,"column":24},"end":{"line":11,"column":25}},"loc":{"start":{"line":11,"column":55},"end":{"line":62,"column":1}}},"1":{"name":"(anonymous_1)","decl":{"start":{"line":12,"column":9},"end":{"line":12,"column":10}},"loc":{"start":{"line":12,"column":68},"end":{"line":61,"column":3}}}},"branchMap":{"0":{"loc":{"start":{"line":15,"column":4},"end":{"line":28,"column":5}},"type":"if","locations":[{"start":{"line":15,"column":4},"end":{"line":28,"column":5}}]},"1":{"loc":{"start":{"line":17,"column":6},"end":{"line":27,"column":7}},"type":"if","locations":[{"start":{"line":17,"column":6},"end":{"line":27,"column":7}},{"start":{"line":25,"column":13},"end":{"line":27,"column":7}}]},"2":{"loc":{"start":{"line":20,"column":10},"end":{"line":22,"column":11}},"type":"if","locations":[{"start":{"line":20,"column":10},"end":{"line":22,"column":11}}]},"3":{"loc":{"start":{"line":30,"column":4},"end":{"line":41,"column":5}},"type":"if","locations":[{"start":{"line":30,"column":4},"end":{"line":41,"column":5}}]},"4":{"loc":{"start":{"line":32,"column":6},"end":{"line":40,"column":7}},"type":"if","locations":[{"start":{"line":32,"column":6},"end":{"line":40,"column":7}}]},"5":{"loc":{"start":{"line":35,"column":10},"end":{"line":37,"column":11}},"type":"if","locations":[{"start":{"line":35,"column":10},"end":{"line":37,"column":11}}]},"6":{"loc":{"start":{"line":43,"column":4},"end":{"line":54,"column":5}},"type":"if","locations":[{"start":{"line":43,"column":4},"end":{"line":54,"column":5}}]},"7":{"loc":{"start":{"line":45,"column":6},"end":{"line":53,"column":7}},"type":"if","locations":[{"start":{"line":45,"column":6},"end":{"line":53,"column":7}}]},"8":{"loc":{"start":{"line":48,"column":10},"end":{"line":50,"column":11}},"type":"if","locations":[{"start":{"line":48,"column":10},"end":{"line":50,"column":11}}]},"9":{"loc":{"start":{"line":56,"column":4},"end":{"line":58,"column":5}},"type":"if","locations":[{"start":{"line":56,"column":4},"end":{"line":58,"column":5}}]}},"s":{"0":8,"1":8,"2":584,"3":109,"4":109,"5":58,"6":58,"7":9,"8":15,"9":15,"10":15,"11":15,"12":49,"13":109,"14":18,"15":18,"16":0,"17":0,"18":0,"19":0,"20":0,"21":109,"22":51,"23":51,"24":2,"25":2,"26":2,"27":2,"28":2,"29":109,"30":11,"31":98,"32":8},"f":{"0":584,"1":109},"b":{"0":[58],"1":[9,49],"2":[15],"3":[18],"4":[0],"5":[0],"6":[51],"7":[2],"8":[2],"9":[11]}}
,"D:\\property\\property-management-api\\src\\validators\\auth.validators.ts": {"path":"D:\\property\\property-management-api\\src\\validators\\auth.validators.ts","statementMap":{"0":{"start":{"line":1,"column":0},"end":{"line":1,"column":24}},"1":{"start":{"line":4,"column":23},"end":{"line":10,"column":90}},"2":{"start":{"line":12,"column":20},"end":{"line":12,"column":61}},"3":{"start":{"line":15,"column":13},"end":{"line":20,"column":3}},"4":{"start":{"line":25,"column":13},"end":{"line":28,"column":3}},"5":{"start":{"line":33,"column":13},"end":{"line":35,"column":3}},"6":{"start":{"line":40,"column":13},"end":{"line":42,"column":3}},"7":{"start":{"line":47,"column":13},"end":{"line":50,"column":3}},"8":{"start":{"line":55,"column":13},"end":{"line":65,"column":3}},"9":{"start":{"line":59,"column":20},"end":{"line":59,"column":61}},"10":{"start":{"line":62,"column":20},"end":{"line":62,"column":61}}},"fnMap":{"0":{"name":"(anonymous_0)","decl":{"start":{"line":59,"column":10},"end":{"line":59,"column":11}},"loc":{"start":{"line":59,"column":20},"end":{"line":59,"column":61}}},"1":{"name":"(anonymous_1)","decl":{"start":{"line":62,"column":10},"end":{"line":62,"column":11}},"loc":{"start":{"line":62,"column":20},"end":{"line":62,"column":61}}}},"branchMap":{},"s":{"0":8,"1":8,"2":8,"3":8,"4":8,"5":8,"6":8,"7":8,"8":8,"9":4,"10":4},"f":{"0":4,"1":4},"b":{}}
,"D:\\property\\property-management-api\\src\\validators\\lease.validator.ts": {"path":"D:\\property\\property-management-api\\src\\validators\\lease.validator.ts","statementMap":{"0":{"start":{"line":1,"column":0},"end":{"line":1,"column":24}},"1":{"start":{"line":4,"column":13},"end":{"line":4,"column":106}},"2":{"start":{"line":5,"column":13},"end":{"line":5,"column":74}},"3":{"start":{"line":8,"column":24},"end":{"line":30,"column":2}},"4":{"start":{"line":33,"column":13},"end":{"line":51,"column":12}},"5":{"start":{"line":56,"column":13},"end":{"line":71,"column":12}},"6":{"start":{"line":76,"column":13},"end":{"line":86,"column":3}},"7":{"start":{"line":91,"column":13},"end":{"line":93,"column":3}},"8":{"start":{"line":98,"column":13},"end":{"line":101,"column":3}},"9":{"start":{"line":106,"column":13},"end":{"line":108,"column":3}}},"fnMap":{},"branchMap":{},"s":{"0":8,"1":8,"2":8,"3":8,"4":8,"5":8,"6":8,"7":8,"8":8,"9":8},"f":{},"b":{}}
,"D:\\property\\property-management-api\\src\\validators\\lease.validators.ts": {"path":"D:\\property\\property-management-api\\src\\validators\\lease.validators.ts","statementMap":{"0":{"start":{"line":1,"column":0},"end":{"line":1,"column":24}},"1":{"start":{"line":3,"column":13},"end":{"line":11,"column":3}},"2":{"start":{"line":13,"column":13},"end":{"line":19,"column":3}},"3":{"start":{"line":21,"column":13},"end":{"line":23,"column":3}}},"fnMap":{},"branchMap":{},"s":{"0":0,"1":0,"2":0,"3":0},"f":{},"b":{}}
,"D:\\property\\property-management-api\\src\\validators\\maintenance.validators.ts": {"path":"D:\\property\\property-management-api\\src\\validators\\maintenance.validators.ts","statementMap":{"0":{"start":{"line":1,"column":0},"end":{"line":1,"column":24}},"1":{"start":{"line":4,"column":13},"end":{"line":12,"column":11}},"2":{"start":{"line":14,"column":13},"end":{"line":20,"column":11}},"3":{"start":{"line":22,"column":13},"end":{"line":30,"column":11}},"4":{"start":{"line":33,"column":19},"end":{"line":33,"column":57}},"5":{"start":{"line":34,"column":30},"end":{"line":39,"column":null}},"6":{"start":{"line":36,"column":16},"end":{"line":36,"column":27}},"7":{"start":{"line":37,"column":4},"end":{"line":37,"column":42}},"8":{"start":{"line":43,"column":13},"end":{"line":70,"column":12}},"9":{"start":{"line":73,"column":13},"end":{"line":103,"column":12}},"10":{"start":{"line":106,"column":13},"end":{"line":133,"column":12}},"11":{"start":{"line":136,"column":13},"end":{"line":138,"column":3}},"12":{"start":{"line":141,"column":13},"end":{"line":143,"column":3}},"13":{"start":{"line":146,"column":13},"end":{"line":150,"column":12}},"14":{"start":{"line":153,"column":13},"end":{"line":157,"column":12}},"15":{"start":{"line":160,"column":13},"end":{"line":167,"column":12}},"16":{"start":{"line":170,"column":13},"end":{"line":174,"column":12}}},"fnMap":{"0":{"name":"(anonymous_0)","decl":{"start":{"line":35,"column":2},"end":{"line":35,"column":3}},"loc":{"start":{"line":35,"column":10},"end":{"line":38,"column":3}}}},"branchMap":{"0":{"loc":{"start":{"line":37,"column":11},"end":{"line":37,"column":41}},"type":"binary-expr","locations":[{"start":{"line":37,"column":11},"end":{"line":37,"column":29}},{"start":{"line":37,"column":33},"end":{"line":37,"column":41}}]}},"s":{"0":9,"1":9,"2":9,"3":9,"4":9,"5":9,"6":11,"7":11,"8":9,"9":9,"10":9,"11":9,"12":9,"13":9,"14":9,"15":9,"16":9},"f":{"0":11},"b":{"0":[11,11]}}
,"D:\\property\\property-management-api\\src\\validators\\membership.validators.ts": {"path":"D:\\property\\property-management-api\\src\\validators\\membership.validators.ts","statementMap":{"0":{"start":{"line":1,"column":0},"end":{"line":1,"column":24}},"1":{"start":{"line":2,"column":0},"end":{"line":2,"column":57}},"2":{"start":{"line":5,"column":13},"end":{"line":5,"column":90}},"3":{"start":{"line":6,"column":13},"end":{"line":6,"column":104}},"4":{"start":{"line":7,"column":13},"end":{"line":7,"column":67}},"5":{"start":{"line":10,"column":13},"end":{"line":13,"column":3}},"6":{"start":{"line":18,"column":13},"end":{"line":20,"column":3}},"7":{"start":{"line":25,"column":13},"end":{"line":27,"column":3}},"8":{"start":{"line":32,"column":13},"end":{"line":34,"column":3}},"9":{"start":{"line":39,"column":13},"end":{"line":41,"column":3}},"10":{"start":{"line":46,"column":13},"end":{"line":48,"column":3}},"11":{"start":{"line":53,"column":13},"end":{"line":56,"column":3}},"12":{"start":{"line":61,"column":13},"end":{"line":63,"column":3}},"13":{"start":{"line":68,"column":13},"end":{"line":70,"column":3}},"14":{"start":{"line":75,"column":13},"end":{"line":83,"column":3}},"15":{"start":{"line":88,"column":13},"end":{"line":101,"column":3}}},"fnMap":{},"branchMap":{},"s":{"0":1,"1":1,"2":1,"3":1,"4":1,"5":1,"6":1,"7":1,"8":1,"9":1,"10":1,"11":1,"12":1,"13":1,"14":1,"15":1},"f":{},"b":{}}
,"D:\\property\\property-management-api\\src\\validators\\organization.validators.ts": {"path":"D:\\property\\property-management-api\\src\\validators\\organization.validators.ts","statementMap":{"0":{"start":{"line":1,"column":0},"end":{"line":1,"column":24}},"1":{"start":{"line":2,"column":0},"end":{"line":2,"column":57}},"2":{"start":{"line":3,"column":0},"end":{"line":3,"column":52}},"3":{"start":{"line":5,"column":22},"end":{"line":5,"column":95}},"4":{"start":{"line":7,"column":31},"end":{"line":7,"column":88}},"5":{"start":{"line":8,"column":33},"end":{"line":8,"column":84}},"6":{"start":{"line":11,"column":23},"end":{"line":14,"column":17}},"7":{"start":{"line":16,"column":23},"end":{"line":19,"column":17}},"8":{"start":{"line":21,"column":25},"end":{"line":21,"column":97}},"9":{"start":{"line":23,"column":25},"end":{"line":23,"column":81}},"10":{"start":{"line":25,"column":23},"end":{"line":25,"column":62}},"11":{"start":{"line":27,"column":30},"end":{"line":27,"column":78}},"12":{"start":{"line":29,"column":13},"end":{"line":36,"column":3}},"13":{"start":{"line":39,"column":20},"end":{"line":40,"column":83}},"14":{"start":{"line":42,"column":20},"end":{"line":42,"column":62}},"15":{"start":{"line":44,"column":13},"end":{"line":53,"column":3}},"16":{"start":{"line":56,"column":26},"end":{"line":56,"column":88}},"17":{"start":{"line":57,"column":30},"end":{"line":57,"column":86}},"18":{"start":{"line":59,"column":13},"end":{"line":65,"column":3}},"19":{"start":{"line":67,"column":13},"end":{"line":84,"column":3}},"20":{"start":{"line":86,"column":13},"end":{"line":89,"column":2}},"21":{"start":{"line":87,"column":15},"end":{"line":87,"column":46}},"22":{"start":{"line":91,"column":13},"end":{"line":93,"column":3}},"23":{"start":{"line":95,"column":13},"end":{"line":108,"column":3}}},"fnMap":{"0":{"name":"(anonymous_0)","decl":{"start":{"line":87,"column":2},"end":{"line":87,"column":3}},"loc":{"start":{"line":87,"column":15},"end":{"line":87,"column":46}}}},"branchMap":{},"s":{"0":8,"1":8,"2":8,"3":8,"4":8,"5":8,"6":8,"7":8,"8":8,"9":8,"10":8,"11":8,"12":8,"13":8,"14":8,"15":8,"16":8,"17":8,"18":8,"19":8,"20":8,"21":1,"22":8,"23":8},"f":{"0":1},"b":{}}
,"D:\\property\\property-management-api\\src\\validators\\payment.validators.ts": {"path":"D:\\property\\property-management-api\\src\\validators\\payment.validators.ts","statementMap":{"0":{"start":{"line":1,"column":0},"end":{"line":1,"column":24}},"1":{"start":{"line":4,"column":13},"end":{"line":4,"column":124}},"2":{"start":{"line":7,"column":13},"end":{"line":7,"column":120}},"3":{"start":{"line":10,"column":13},"end":{"line":10,"column":109}},"4":{"start":{"line":13,"column":13},"end":{"line":30,"column":12}},"5":{"start":{"line":33,"column":13},"end":{"line":46,"column":12}},"6":{"start":{"line":49,"column":13},"end":{"line":64,"column":12}},"7":{"start":{"line":67,"column":13},"end":{"line":69,"column":3}},"8":{"start":{"line":72,"column":13},"end":{"line":74,"column":12}},"9":{"start":{"line":77,"column":13},"end":{"line":77,"column":57}},"10":{"start":{"line":80,"column":13},"end":{"line":82,"column":12}},"11":{"start":{"line":85,"column":13},"end":{"line":85,"column":59}},"12":{"start":{"line":88,"column":13},"end":{"line":90,"column":3}},"13":{"start":{"line":93,"column":13},"end":{"line":95,"column":3}}},"fnMap":{},"branchMap":{},"s":{"0":8,"1":8,"2":8,"3":8,"4":8,"5":8,"6":8,"7":8,"8":8,"9":8,"10":8,"11":8,"12":8,"13":8},"f":{},"b":{}}
,"D:\\property\\property-management-api\\src\\validators\\property.validator.ts": {"path":"D:\\property\\property-management-api\\src\\validators\\property.validator.ts","statementMap":{"0":{"start":{"line":1,"column":0},"end":{"line":1,"column":24}},"1":{"start":{"line":4,"column":23},"end":{"line":4,"column":122}},"2":{"start":{"line":7,"column":26},"end":{"line":7,"column":78}},"3":{"start":{"line":10,"column":27},"end":{"line":43,"column":2}},"4":{"start":{"line":46,"column":13},"end":{"line":46,"column":74}},"5":{"start":{"line":51,"column":13},"end":{"line":73,"column":5}},"6":{"start":{"line":71,"column":20},"end":{"line":71,"column":68}},"7":{"start":{"line":71,"column":52},"end":{"line":71,"column":67}},"8":{"start":{"line":78,"column":13},"end":{"line":88,"column":3}},"9":{"start":{"line":93,"column":13},"end":{"line":95,"column":3}}},"fnMap":{"0":{"name":"(anonymous_0)","decl":{"start":{"line":71,"column":10},"end":{"line":71,"column":11}},"loc":{"start":{"line":71,"column":20},"end":{"line":71,"column":68}}},"1":{"name":"(anonymous_1)","decl":{"start":{"line":71,"column":45},"end":{"line":71,"column":46}},"loc":{"start":{"line":71,"column":52},"end":{"line":71,"column":67}}}},"branchMap":{},"s":{"0":8,"1":8,"2":8,"3":8,"4":8,"5":8,"6":2,"7":2,"8":8,"9":8},"f":{"0":2,"1":2},"b":{}}
,"D:\\property\\property-management-api\\src\\validators\\property.validators.ts": {"path":"D:\\property\\property-management-api\\src\\validators\\property.validators.ts","statementMap":{"0":{"start":{"line":1,"column":0},"end":{"line":1,"column":24}},"1":{"start":{"line":3,"column":13},"end":{"line":10,"column":3}},"2":{"start":{"line":12,"column":13},"end":{"line":19,"column":3}},"3":{"start":{"line":21,"column":13},"end":{"line":23,"column":3}}},"fnMap":{},"branchMap":{},"s":{"0":0,"1":0,"2":0,"3":0},"f":{},"b":{}}
,"D:\\property\\property-management-api\\src\\validators\\rbac.validators.ts": {"path":"D:\\property\\property-management-api\\src\\validators\\rbac.validators.ts","statementMap":{"0":{"start":{"line":1,"column":0},"end":{"line":1,"column":24}},"1":{"start":{"line":8,"column":13},"end":{"line":22,"column":3}},"2":{"start":{"line":26,"column":13},"end":{"line":36,"column":3}},"3":{"start":{"line":40,"column":13},"end":{"line":42,"column":3}},"4":{"start":{"line":50,"column":13},"end":{"line":64,"column":3}},"5":{"start":{"line":68,"column":13},"end":{"line":78,"column":3}},"6":{"start":{"line":82,"column":13},"end":{"line":92,"column":3}},"7":{"start":{"line":96,"column":13},"end":{"line":98,"column":3}},"8":{"start":{"line":102,"column":13},"end":{"line":104,"column":3}},"9":{"start":{"line":108,"column":13},"end":{"line":110,"column":3}},"10":{"start":{"line":114,"column":13},"end":{"line":118,"column":3}},"11":{"start":{"line":126,"column":13},"end":{"line":129,"column":3}},"12":{"start":{"line":133,"column":13},"end":{"line":136,"column":3}},"13":{"start":{"line":140,"column":13},"end":{"line":145,"column":3}},"14":{"start":{"line":149,"column":13},"end":{"line":151,"column":3}},"15":{"start":{"line":159,"column":13},"end":{"line":164,"column":3}},"16":{"start":{"line":168,"column":13},"end":{"line":173,"column":3}}},"fnMap":{},"branchMap":{},"s":{"0":8,"1":8,"2":8,"3":8,"4":8,"5":8,"6":8,"7":8,"8":8,"9":8,"10":8,"11":8,"12":8,"13":8,"14":8,"15":8,"16":8},"f":{},"b":{}}
,"D:\\property\\property-management-api\\src\\validators\\tenant.validator.ts": {"path":"D:\\property\\property-management-api\\src\\validators\\tenant.validator.ts","statementMap":{"0":{"start":{"line":1,"column":0},"end":{"line":1,"column":24}},"1":{"start":{"line":4,"column":13},"end":{"line":4,"column":98}},"2":{"start":{"line":7,"column":25},"end":{"line":23,"column":2}},"3":{"start":{"line":26,"column":13},"end":{"line":41,"column":3}},"4":{"start":{"line":44,"column":13},"end":{"line":61,"column":3}},"5":{"start":{"line":64,"column":13},"end":{"line":72,"column":3}},"6":{"start":{"line":75,"column":13},"end":{"line":77,"column":3}}},"fnMap":{},"branchMap":{},"s":{"0":8,"1":8,"2":8,"3":8,"4":8,"5":8,"6":8},"f":{},"b":{}}
,"D:\\property\\property-management-api\\src\\validators\\tenant.validators.ts": {"path":"D:\\property\\property-management-api\\src\\validators\\tenant.validators.ts","statementMap":{"0":{"start":{"line":1,"column":0},"end":{"line":1,"column":24}},"1":{"start":{"line":3,"column":13},"end":{"line":8,"column":3}}},"fnMap":{},"branchMap":{},"s":{"0":0,"1":0},"f":{},"b":{}}
,"D:\\property\\property-management-api\\src\\validators\\unit.validator.ts": {"path":"D:\\property\\property-management-api\\src\\validators\\unit.validator.ts","statementMap":{"0":{"start":{"line":1,"column":0},"end":{"line":1,"column":24}},"1":{"start":{"line":4,"column":13},"end":{"line":4,"column":121}},"2":{"start":{"line":5,"column":13},"end":{"line":5,"column":109}},"3":{"start":{"line":8,"column":23},"end":{"line":27,"column":2}},"4":{"start":{"line":30,"column":13},"end":{"line":35,"column":3}},"5":{"start":{"line":38,"column":13},"end":{"line":57,"column":3}},"6":{"start":{"line":60,"column":13},"end":{"line":71,"column":3}},"7":{"start":{"line":74,"column":13},"end":{"line":76,"column":3}}},"fnMap":{},"branchMap":{},"s":{"0":8,"1":8,"2":8,"3":8,"4":8,"5":8,"6":8,"7":8},"f":{},"b":{}}
,"D:\\property\\property-management-api\\src\\validators\\unit.validators.ts": {"path":"D:\\property\\property-management-api\\src\\validators\\unit.validators.ts","statementMap":{"0":{"start":{"line":1,"column":0},"end":{"line":1,"column":24}},"1":{"start":{"line":3,"column":13},"end":{"line":10,"column":3}},"2":{"start":{"line":12,"column":13},"end":{"line":18,"column":3}},"3":{"start":{"line":20,"column":13},"end":{"line":22,"column":3}}},"fnMap":{},"branchMap":{},"s":{"0":0,"1":0,"2":0,"3":0},"f":{},"b":{}}
}
