TN:
SF:src/app.ts
FN:45,(anonymous_1)
FN:52,(anonymous_2)
FN:72,(anonymous_3)
FN:99,(anonymous_4)
FNF:4
FNH:1
FNDA:102,(anonymous_1)
FNDA:0,(anonymous_2)
FNDA:0,(anonymous_3)
FNDA:0,(anonymous_4)
DA:1,6
DA:2,6
DA:3,6
DA:4,6
DA:5,6
DA:6,6
DA:7,6
DA:8,6
DA:9,6
DA:10,6
DA:11,6
DA:12,6
DA:13,6
DA:14,6
DA:15,6
DA:16,6
DA:21,6
DA:22,6
DA:23,6
DA:24,6
DA:26,6
DA:27,6
DA:29,6
DA:33,6
DA:36,6
DA:39,6
DA:42,6
DA:45,6
DA:46,102
DA:47,102
DA:48,102
DA:52,6
DA:53,0
DA:65,6
DA:68,6
DA:69,6
DA:72,6
DA:73,0
DA:77,6
DA:80,6
DA:83,6
DA:86,6
DA:89,6
DA:90,6
DA:91,6
DA:92,6
DA:93,6
DA:96,6
DA:99,6
DA:100,0
DA:108,6
DA:110,6
LF:52
LH:49
BRDA:26,0,0,6
BRDA:26,0,1,0
BRDA:46,1,0,102
BRDA:46,1,1,102
BRF:4
BRH:3
end_of_record
TN:
SF:src/openapi.ts
FNF:0
FNH:0
DA:1,0
LF:1
LH:0
BRF:0
BRH:0
end_of_record
TN:
SF:src/controllers/auth.controller.ts
FN:25,(anonymous_1)
FN:46,(anonymous_2)
FN:86,(anonymous_3)
FN:107,(anonymous_4)
FN:128,(anonymous_5)
FN:149,(anonymous_6)
FN:170,(anonymous_7)
FN:200,(anonymous_8)
FNF:8
FNH:8
FNDA:20,(anonymous_1)
FNDA:12,(anonymous_2)
FNDA:5,(anonymous_3)
FNDA:1,(anonymous_4)
FNDA:3,(anonymous_5)
FNDA:3,(anonymous_6)
FNDA:4,(anonymous_7)
FNDA:1,(anonymous_8)
DA:8,6
DA:9,6
DA:10,6
DA:11,6
DA:19,6
DA:25,6
DA:26,20
DA:27,20
DA:28,20
DA:29,11
DA:30,11
DA:31,11
DA:34,9
DA:35,8
DA:37,1
DA:38,1
DA:46,6
DA:47,12
DA:48,12
DA:49,12
DA:50,0
DA:51,0
DA:52,0
DA:55,12
DA:58,10
DA:59,10
DA:61,10
DA:63,2
DA:66,2
DA:67,2
DA:68,2
DA:69,2
DA:70,0
DA:74,0
DA:78,2
DA:86,6
DA:87,5
DA:88,5
DA:89,5
DA:90,0
DA:91,0
DA:92,0
DA:95,5
DA:96,2
DA:98,3
DA:99,3
DA:107,6
DA:108,1
DA:109,1
DA:110,1
DA:111,0
DA:112,0
DA:113,0
DA:116,1
DA:117,1
DA:119,0
DA:120,0
DA:128,6
DA:129,3
DA:130,3
DA:131,3
DA:132,1
DA:133,1
DA:134,1
DA:137,2
DA:138,2
DA:140,0
DA:141,0
DA:149,6
DA:150,3
DA:151,3
DA:152,3
DA:153,0
DA:154,0
DA:155,0
DA:158,3
DA:159,1
DA:161,2
DA:162,2
DA:170,6
DA:171,4
DA:172,4
DA:173,0
DA:174,0
DA:177,4
DA:178,4
DA:179,2
DA:180,2
DA:181,2
DA:184,2
DA:189,1
DA:191,1
DA:192,1
DA:200,6
DA:201,1
DA:202,1
DA:203,0
DA:204,0
DA:207,1
DA:208,1
DA:210,0
DA:211,0
LF:102
LH:78
BRDA:28,0,0,11
BRDA:49,1,0,0
BRDA:58,2,0,10
BRDA:58,2,1,0
BRDA:58,2,2,0
BRDA:66,3,0,2
BRDA:67,4,0,2
BRDA:67,4,1,0
BRDA:67,4,2,0
BRDA:69,5,0,0
BRDA:89,6,0,0
BRDA:110,7,0,0
BRDA:131,8,0,1
BRDA:152,9,0,0
BRDA:172,10,0,0
BRDA:178,11,0,2
BRDA:202,12,0,0
BRF:17
BRH:6
end_of_record
TN:
SF:src/controllers/health.controller.ts
FN:40,(anonymous_1)
FN:55,(anonymous_2)
FN:84,(anonymous_3)
FNF:3
FNH:0
FNDA:0,(anonymous_1)
FNDA:0,(anonymous_2)
FNDA:0,(anonymous_3)
DA:7,6
DA:8,6
DA:9,6
DA:10,6
DA:33,6
DA:40,6
DA:41,0
DA:42,0
DA:44,0
DA:45,0
DA:46,0
DA:55,6
DA:56,0
DA:58,0
DA:60,0
DA:70,0
DA:71,0
DA:72,0
DA:84,6
DA:85,0
DA:86,0
DA:87,0
DA:91,0
DA:92,0
DA:93,0
DA:94,0
DA:99,0
DA:100,0
DA:107,0
DA:108,0
DA:115,0
DA:116,0
DA:117,0
DA:118,0
DA:123,0
DA:129,0
DA:141,0
DA:143,0
DA:145,0
DA:146,0
DA:147,0
DA:155,6
LF:42
LH:9
BRDA:44,0,0,0
BRDA:44,0,1,0
BRDA:70,1,0,0
BRDA:70,1,1,0
BRDA:99,2,0,0
BRDA:99,2,1,0
BRDA:115,3,0,0
BRDA:115,3,1,0
BRDA:117,4,0,0
BRDA:123,5,0,0
BRDA:123,5,1,0
BRDA:123,6,0,0
BRDA:123,6,1,0
BRDA:125,7,0,0
BRDA:125,7,1,0
BRDA:141,8,0,0
BRDA:141,8,1,0
BRDA:141,9,0,0
BRDA:141,9,1,0
BRDA:145,10,0,0
BRDA:145,10,1,0
BRF:21
BRH:0
end_of_record
TN:
SF:src/controllers/lease.controller.ts
FN:8,(anonymous_1)
FN:21,(anonymous_2)
FN:41,(anonymous_3)
FN:79,(anonymous_4)
FN:108,(anonymous_5)
FNF:5
FNH:0
FNDA:0,(anonymous_1)
FNDA:0,(anonymous_2)
FNDA:0,(anonymous_3)
FNDA:0,(anonymous_4)
FNDA:0,(anonymous_5)
DA:3,6
DA:5,6
DA:6,6
DA:8,6
DA:9,0
DA:10,0
DA:14,0
DA:16,0
DA:17,0
DA:21,6
DA:22,0
DA:23,0
DA:24,0
DA:29,0
DA:30,0
DA:31,0
DA:34,0
DA:36,0
DA:37,0
DA:41,6
DA:42,0
DA:43,0
DA:45,0
DA:48,0
DA:49,0
DA:50,0
DA:53,0
DA:56,0
DA:57,0
DA:58,0
DA:61,0
DA:72,0
DA:74,0
DA:75,0
DA:79,6
DA:80,0
DA:81,0
DA:82,0
DA:84,0
DA:87,0
DA:88,0
DA:89,0
DA:92,0
DA:101,0
DA:103,0
DA:104,0
DA:108,6
DA:109,0
DA:110,0
DA:112,0
DA:116,0
DA:117,0
DA:118,0
DA:121,0
DA:123,0
DA:124,0
LF:56
LH:8
BRDA:29,0,0,0
BRDA:48,1,0,0
BRDA:56,2,0,0
BRDA:87,3,0,0
BRDA:95,4,0,0
BRDA:95,4,1,0
BRDA:96,5,0,0
BRDA:96,5,1,0
BRDA:97,6,0,0
BRDA:97,6,1,0
BRDA:116,7,0,0
BRF:11
BRH:0
end_of_record
TN:
SF:src/controllers/membership.controller.ts
FN:22,(anonymous_0)
FN:42,(anonymous_1)
FN:62,(anonymous_2)
FN:82,(anonymous_3)
FN:102,(anonymous_4)
FN:122,(anonymous_5)
FN:142,(anonymous_6)
FN:162,(anonymous_7)
FN:182,(anonymous_8)
FN:202,(anonymous_9)
FN:222,(anonymous_10)
FN:241,(anonymous_11)
FNF:12
FNH:12
FNDA:2,(anonymous_0)
FNDA:1,(anonymous_1)
FNDA:1,(anonymous_2)
FNDA:1,(anonymous_3)
FNDA:1,(anonymous_4)
FNDA:1,(anonymous_5)
FNDA:1,(anonymous_6)
FNDA:1,(anonymous_7)
FNDA:1,(anonymous_8)
FNDA:1,(anonymous_9)
FNDA:1,(anonymous_10)
FNDA:1,(anonymous_11)
DA:2,1
DA:3,1
DA:15,1
DA:18,1
DA:23,2
DA:24,2
DA:25,2
DA:27,2
DA:28,2
DA:33,1
DA:35,1
DA:43,1
DA:44,1
DA:45,1
DA:47,1
DA:48,1
DA:53,1
DA:55,0
DA:63,1
DA:64,1
DA:65,1
DA:67,1
DA:68,1
DA:73,1
DA:75,0
DA:83,1
DA:84,1
DA:85,1
DA:87,1
DA:88,1
DA:93,1
DA:95,0
DA:103,1
DA:104,1
DA:105,1
DA:107,1
DA:108,1
DA:113,1
DA:115,0
DA:123,1
DA:124,1
DA:125,1
DA:127,1
DA:128,1
DA:133,1
DA:135,0
DA:143,1
DA:144,1
DA:145,1
DA:146,1
DA:148,1
DA:153,1
DA:155,0
DA:163,1
DA:164,1
DA:165,1
DA:167,1
DA:168,1
DA:173,1
DA:175,0
DA:183,1
DA:184,1
DA:185,1
DA:187,1
DA:188,1
DA:193,1
DA:195,0
DA:203,1
DA:204,1
DA:205,1
DA:207,1
DA:208,1
DA:213,1
DA:215,0
DA:223,1
DA:224,1
DA:225,1
DA:227,1
DA:232,1
DA:234,0
DA:242,1
DA:243,1
DA:244,1
DA:246,1
DA:247,1
DA:252,1
DA:254,0
DA:259,1
LF:88
LH:77
BRF:0
BRH:0
end_of_record
TN:
SF:src/controllers/organization.controller.ts
FN:19,(anonymous_0)
FN:30,(anonymous_1)
FN:48,(anonymous_2)
FN:68,(anonymous_3)
FN:87,(anonymous_4)
FN:103,(anonymous_5)
FN:119,(anonymous_6)
FN:139,(anonymous_7)
FN:155,(anonymous_8)
FN:173,(anonymous_9)
FN:189,(anonymous_10)
FN:207,(anonymous_11)
FN:223,(anonymous_12)
FNF:13
FNH:13
FNDA:17,(anonymous_0)
FNDA:1,(anonymous_1)
FNDA:1,(anonymous_2)
FNDA:1,(anonymous_3)
FNDA:1,(anonymous_4)
FNDA:2,(anonymous_5)
FNDA:1,(anonymous_6)
FNDA:2,(anonymous_7)
FNDA:1,(anonymous_8)
FNDA:2,(anonymous_9)
FNDA:1,(anonymous_10)
FNDA:2,(anonymous_11)
FNDA:3,(anonymous_12)
DA:2,6
DA:4,6
DA:5,6
DA:17,6
DA:19,6
DA:20,17
DA:21,0
DA:24,17
DA:30,6
DA:35,1
DA:36,1
DA:37,1
DA:42,1
DA:44,0
DA:48,6
DA:53,1
DA:54,1
DA:55,1
DA:56,1
DA:62,1
DA:64,0
DA:68,6
DA:73,1
DA:74,1
DA:75,1
DA:76,1
DA:81,1
DA:83,0
DA:87,6
DA:92,1
DA:93,1
DA:94,1
DA:95,1
DA:97,1
DA:99,0
DA:103,6
DA:108,2
DA:109,2
DA:110,2
DA:111,2
DA:113,1
DA:115,1
DA:119,6
DA:124,1
DA:125,1
DA:126,1
DA:127,1
DA:132,1
DA:134,0
DA:139,6
DA:144,2
DA:145,2
DA:146,2
DA:147,2
DA:149,1
DA:151,1
DA:155,6
DA:160,1
DA:161,1
DA:162,1
DA:163,1
DA:164,1
DA:166,1
DA:168,0
DA:173,6
DA:178,2
DA:179,2
DA:180,2
DA:181,2
DA:183,1
DA:185,1
DA:189,6
DA:194,1
DA:195,1
DA:196,1
DA:197,1
DA:198,1
DA:200,1
DA:202,0
DA:207,6
DA:212,2
DA:213,2
DA:214,2
DA:215,2
DA:217,1
DA:219,1
DA:223,6
DA:228,3
DA:229,3
DA:230,3
DA:231,3
DA:232,3
DA:234,3
DA:236,0
LF:94
LH:85
BRDA:20,0,0,0
BRF:1
BRH:0
end_of_record
TN:
SF:src/controllers/payment.controller.ts
FN:9,(anonymous_1)
FN:22,(anonymous_2)
FN:42,(anonymous_3)
FN:71,(anonymous_4)
FN:137,(anonymous_5)
FN:167,(anonymous_6)
FNF:6
FNH:0
FNDA:0,(anonymous_1)
FNDA:0,(anonymous_2)
FNDA:0,(anonymous_3)
FNDA:0,(anonymous_4)
FNDA:0,(anonymous_5)
FNDA:0,(anonymous_6)
DA:3,6
DA:5,6
DA:6,6
DA:7,6
DA:9,6
DA:10,0
DA:11,0
DA:15,0
DA:17,0
DA:18,0
DA:22,6
DA:23,0
DA:24,0
DA:25,0
DA:30,0
DA:31,0
DA:32,0
DA:35,0
DA:37,0
DA:38,0
DA:42,6
DA:43,0
DA:44,0
DA:46,0
DA:50,0
DA:51,0
DA:52,0
DA:55,0
DA:64,0
DA:66,0
DA:67,0
DA:71,6
DA:72,0
DA:73,0
DA:75,0
DA:76,0
DA:77,0
DA:80,0
DA:84,0
DA:85,0
DA:86,0
DA:90,0
DA:100,0
DA:101,0
DA:109,0
DA:114,0
DA:122,0
DA:124,0
DA:125,0
DA:129,0
DA:132,0
DA:133,0
DA:137,6
DA:138,0
DA:139,0
DA:140,0
DA:142,0
DA:146,0
DA:147,0
DA:148,0
DA:151,0
DA:160,0
DA:162,0
DA:163,0
DA:167,6
DA:168,0
DA:169,0
DA:171,0
DA:175,0
DA:176,0
DA:177,0
DA:180,0
DA:182,0
DA:183,0
LF:74
LH:10
BRDA:30,0,0,0
BRDA:50,1,0,0
BRDA:75,2,0,0
BRDA:84,3,0,0
BRDA:109,4,0,0
BRDA:109,4,1,0
BRDA:109,4,2,0
BRDA:109,4,3,0
BRDA:117,5,0,0
BRDA:117,5,1,0
BRDA:127,6,0,0
BRDA:127,6,1,0
BRDA:129,7,0,0
BRDA:129,7,1,0
BRDA:146,8,0,0
BRDA:154,9,0,0
BRDA:154,9,1,0
BRDA:155,10,0,0
BRDA:155,10,1,0
BRDA:175,11,0,0
BRF:20
BRH:0
end_of_record
TN:
SF:src/controllers/property.controller.ts
FN:9,getActorContext
FN:22,getParam
FN:33,createProperty
FN:50,updateProperty
FN:68,getProperty
FN:85,listProperties
FN:112,deleteProperty
FN:129,restoreProperty
FN:146,getPropertyStatistics
FNF:9
FNH:9
FNDA:19,getActorContext
FNDA:50,getParam
FNDA:6,createProperty
FNDA:2,updateProperty
FNDA:2,getProperty
FNDA:6,listProperties
FNDA:1,deleteProperty
FNDA:1,restoreProperty
FNDA:1,getPropertyStatistics
DA:2,6
DA:4,6
DA:10,19
DA:11,0
DA:13,19
DA:23,50
DA:24,0
DA:26,50
DA:33,6
DA:34,6
DA:35,6
DA:36,6
DA:38,6
DA:40,5
DA:42,1
DA:50,6
DA:51,2
DA:52,2
DA:53,2
DA:54,2
DA:56,2
DA:58,1
DA:60,1
DA:68,6
DA:69,2
DA:70,2
DA:71,2
DA:73,2
DA:75,1
DA:77,1
DA:85,6
DA:86,6
DA:87,6
DA:88,6
DA:100,6
DA:102,6
DA:104,0
DA:112,6
DA:113,1
DA:114,1
DA:115,1
DA:117,1
DA:119,1
DA:121,0
DA:129,6
DA:130,1
DA:131,1
DA:132,1
DA:134,1
DA:136,1
DA:138,0
DA:146,6
DA:147,1
DA:148,1
DA:150,1
DA:152,1
DA:154,0
LF:57
LH:51
BRDA:10,0,0,0
BRDA:23,1,0,0
BRDA:26,2,0,50
BRDA:26,2,1,37
BRDA:89,3,0,1
BRDA:89,3,1,5
BRDA:90,4,0,1
BRDA:90,4,1,5
BRDA:91,5,0,6
BRDA:91,5,1,5
BRDA:92,6,0,6
BRDA:92,6,1,5
BRDA:93,7,0,6
BRDA:93,7,1,5
BRDA:94,8,0,6
BRDA:94,8,1,6
BRDA:95,9,0,6
BRDA:95,9,1,4
BRDA:96,10,0,6
BRDA:96,10,1,6
BRDA:97,11,0,6
BRDA:97,11,1,6
BRF:22
BRH:20
end_of_record
TN:
SF:src/controllers/rbac.controller.ts
FN:25,(anonymous_0)
FN:39,(anonymous_1)
FN:45,(anonymous_2)
FN:66,(anonymous_3)
FN:88,(anonymous_4)
FN:105,(anonymous_5)
FN:121,(anonymous_6)
FN:167,(anonymous_7)
FN:184,(anonymous_8)
FN:202,(anonymous_9)
FN:219,(anonymous_10)
FN:235,(anonymous_11)
FN:277,(anonymous_12)
FN:297,(anonymous_13)
FN:319,(anonymous_14)
FN:337,(anonymous_15)
FN:361,(anonymous_16)
FN:383,(anonymous_17)
FN:400,(anonymous_18)
FN:422,(anonymous_19)
FN:439,(anonymous_20)
FNF:21
FNH:0
FNDA:0,(anonymous_0)
FNDA:0,(anonymous_1)
FNDA:0,(anonymous_2)
FNDA:0,(anonymous_3)
FNDA:0,(anonymous_4)
FNDA:0,(anonymous_5)
FNDA:0,(anonymous_6)
FNDA:0,(anonymous_7)
FNDA:0,(anonymous_8)
FNDA:0,(anonymous_9)
FNDA:0,(anonymous_10)
FNDA:0,(anonymous_11)
FNDA:0,(anonymous_12)
FNDA:0,(anonymous_13)
FNDA:0,(anonymous_14)
FNDA:0,(anonymous_15)
FNDA:0,(anonymous_16)
FNDA:0,(anonymous_17)
FNDA:0,(anonymous_18)
FNDA:0,(anonymous_19)
FNDA:0,(anonymous_20)
DA:2,6
DA:4,6
DA:6,6
DA:25,6
DA:26,0
DA:27,0
DA:30,0
DA:39,6
DA:40,0
DA:45,6
DA:50,0
DA:51,0
DA:52,0
DA:54,0
DA:60,0
DA:62,0
DA:66,6
DA:71,0
DA:72,0
DA:73,0
DA:74,0
DA:76,0
DA:82,0
DA:84,0
DA:88,6
DA:93,0
DA:94,0
DA:95,0
DA:97,0
DA:99,0
DA:101,0
DA:105,6
DA:110,0
DA:111,0
DA:113,0
DA:115,0
DA:117,0
DA:121,6
DA:126,0
DA:127,0
DA:128,0
DA:129,0
DA:132,0
DA:133,0
DA:140,0
DA:143,0
DA:147,0
DA:161,0
DA:167,6
DA:172,0
DA:173,0
DA:174,0
DA:176,0
DA:178,0
DA:180,0
DA:184,6
DA:189,0
DA:190,0
DA:191,0
DA:192,0
DA:194,0
DA:196,0
DA:198,0
DA:202,6
DA:207,0
DA:208,0
DA:209,0
DA:211,0
DA:213,0
DA:215,0
DA:219,6
DA:224,0
DA:225,0
DA:227,0
DA:229,0
DA:231,0
DA:235,6
DA:240,0
DA:241,0
DA:242,0
DA:243,0
DA:246,0
DA:247,0
DA:254,0
DA:257,0
DA:259,0
DA:273,0
DA:277,6
DA:282,0
DA:283,0
DA:284,0
DA:285,0
DA:287,0
DA:289,0
DA:291,0
DA:297,6
DA:302,0
DA:303,0
DA:304,0
DA:305,0
DA:307,0
DA:313,0
DA:315,0
DA:319,6
DA:324,0
DA:325,0
DA:326,0
DA:327,0
DA:329,0
DA:331,0
DA:333,0
DA:337,6
DA:342,0
DA:343,0
DA:344,0
DA:345,0
DA:347,0
DA:353,0
DA:355,0
DA:361,6
DA:366,0
DA:367,0
DA:368,0
DA:370,0
DA:377,0
DA:379,0
DA:383,6
DA:388,0
DA:389,0
DA:390,0
DA:392,0
DA:394,0
DA:396,0
DA:400,6
DA:405,0
DA:406,0
DA:407,0
DA:409,0
DA:416,0
DA:418,0
DA:422,6
DA:427,0
DA:428,0
DA:429,0
DA:431,0
DA:433,0
DA:435,0
DA:439,6
DA:444,0
DA:445,0
DA:446,0
DA:448,0
DA:450,0
DA:452,0
DA:459,6
DA:460,6
LF:156
LH:26
BRDA:26,0,0,0
BRDA:132,1,0,0
BRDA:132,1,1,0
BRDA:143,2,0,0
BRDA:143,2,1,0
BRDA:246,3,0,0
BRDA:246,3,1,0
BRF:7
BRH:0
end_of_record
TN:
SF:src/controllers/tenant.controller.ts
FN:8,(anonymous_1)
FN:20,(anonymous_2)
FNF:2
FNH:0
FNDA:0,(anonymous_1)
FNDA:0,(anonymous_2)
DA:3,6
DA:5,6
DA:6,6
DA:8,6
DA:9,0
DA:10,0
DA:13,0
DA:15,0
DA:16,0
DA:20,6
DA:21,0
DA:22,0
DA:23,0
DA:31,0
DA:33,0
DA:34,0
LF:16
LH:5
BRF:0
BRH:0
end_of_record
TN:
SF:src/controllers/unit.controller.ts
FN:9,getActorContext
FN:22,getParam
FN:33,(anonymous_2)
FN:47,(anonymous_3)
FN:65,(anonymous_4)
FN:83,(anonymous_5)
FN:113,(anonymous_6)
FN:131,(anonymous_7)
FN:149,(anonymous_8)
FN:167,(anonymous_9)
FNF:10
FNH:0
FNDA:0,getActorContext
FNDA:0,getParam
FNDA:0,(anonymous_2)
FNDA:0,(anonymous_3)
FNDA:0,(anonymous_4)
FNDA:0,(anonymous_5)
FNDA:0,(anonymous_6)
FNDA:0,(anonymous_7)
FNDA:0,(anonymous_8)
FNDA:0,(anonymous_9)
DA:2,6
DA:3,6
DA:10,0
DA:11,0
DA:13,0
DA:23,0
DA:24,0
DA:26,0
DA:33,6
DA:34,0
DA:35,0
DA:36,0
DA:37,0
DA:39,0
DA:47,6
DA:48,0
DA:49,0
DA:50,0
DA:51,0
DA:52,0
DA:54,0
DA:55,0
DA:57,0
DA:65,6
DA:66,0
DA:67,0
DA:68,0
DA:69,0
DA:70,0
DA:72,0
DA:73,0
DA:75,0
DA:83,6
DA:84,0
DA:85,0
DA:87,0
DA:88,0
DA:90,0
DA:103,0
DA:105,0
DA:113,6
DA:114,0
DA:115,0
DA:116,0
DA:117,0
DA:118,0
DA:120,0
DA:121,0
DA:123,0
DA:131,6
DA:132,0
DA:133,0
DA:134,0
DA:135,0
DA:136,0
DA:138,0
DA:139,0
DA:141,0
DA:149,6
DA:150,0
DA:151,0
DA:152,0
DA:153,0
DA:154,0
DA:156,0
DA:157,0
DA:159,0
DA:167,6
DA:168,0
DA:169,0
DA:170,0
DA:171,0
DA:173,0
LF:73
LH:10
BRDA:10,0,0,0
BRDA:23,1,0,0
BRDA:51,2,0,0
BRDA:69,3,0,0
BRDA:87,4,0,0
BRDA:87,4,1,0
BRDA:88,5,0,0
BRDA:88,5,1,0
BRDA:96,6,0,0
BRDA:96,6,1,0
BRDA:96,7,0,0
BRDA:96,7,1,0
BRDA:99,8,0,0
BRDA:99,8,1,0
BRDA:117,9,0,0
BRDA:135,10,0,0
BRDA:153,11,0,0
BRF:17
BRH:0
end_of_record
TN:
SF:src/middleware/errorHandler.ts
FN:14,(anonymous_1)
FNF:1
FNH:1
FNDA:23,(anonymous_1)
DA:2,6
DA:3,6
DA:4,6
DA:5,6
DA:6,6
DA:14,6
DA:20,23
DA:23,23
DA:24,23
DA:26,23
DA:36,23
DA:37,0
DA:38,0
DA:39,0
DA:40,0
DA:41,0
DA:43,0
DA:45,0
DA:46,0
DA:50,23
DA:51,0
DA:52,0
DA:56,23
DA:57,8
DA:58,8
DA:62,15
DA:64,0
DA:65,0
DA:68,0
DA:74,0
DA:78,15
DA:79,15
DA:80,15
DA:84,0
DA:86,0
DA:87,0
DA:88,0
DA:91,0
DA:92,0
DA:93,0
DA:96,0
DA:97,0
DA:98,0
DA:102,0
DA:103,0
DA:105,0
DA:106,0
DA:110,0
LF:48
LH:19
BRDA:20,0,0,23
BRDA:20,0,1,0
BRDA:23,1,0,23
BRDA:23,1,1,0
BRDA:24,2,0,23
BRDA:24,2,1,0
BRDA:36,3,0,0
BRDA:40,4,0,0
BRDA:50,5,0,0
BRDA:56,6,0,8
BRDA:62,7,0,0
BRDA:64,8,0,0
BRDA:78,9,0,15
BRDA:84,10,0,0
BRDA:86,11,0,0
BRDA:91,12,0,0
BRDA:96,13,0,0
BRDA:103,14,0,0
BRDA:103,14,1,0
BRF:19
BRH:5
end_of_record
TN:
SF:src/repositories/base.repository.ts
FN:25,(anonymous_1)
FN:29,(anonymous_2)
FN:40,(anonymous_3)
FN:50,(anonymous_4)
FN:60,(anonymous_5)
FN:77,(anonymous_6)
FNF:6
FNH:2
FNDA:7,(anonymous_1)
FNDA:3,(anonymous_2)
FNDA:0,(anonymous_3)
FNDA:0,(anonymous_4)
FNDA:0,(anonymous_5)
FNDA:0,(anonymous_6)
DA:6,7
DA:7,7
DA:21,7
DA:26,7
DA:30,3
DA:31,3
DA:32,3
DA:33,3
DA:35,0
DA:36,0
DA:41,0
DA:42,0
DA:43,0
DA:45,0
DA:46,0
DA:51,0
DA:52,0
DA:53,0
DA:55,0
DA:56,0
DA:61,0
DA:62,0
DA:63,0
DA:67,0
DA:68,0
DA:70,0
DA:72,0
DA:73,0
DA:78,0
DA:79,0
DA:80,0
DA:81,0
DA:83,0
DA:84,0
LF:34
LH:8
BRDA:33,0,0,3
BRDA:33,0,1,0
BRDA:40,1,0,0
BRDA:40,2,0,0
BRDA:67,3,0,0
BRF:5
BRH:1
end_of_record
TN:
SF:src/repositories/membership.repository.ts
FN:10,(anonymous_1)
FN:25,(anonymous_2)
FN:37,(anonymous_3)
FN:49,(anonymous_4)
FN:66,(anonymous_5)
FN:82,(anonymous_6)
FN:98,(anonymous_7)
FN:110,(anonymous_8)
FN:123,(anonymous_9)
FN:138,(anonymous_10)
FN:154,(anonymous_11)
FN:180,(anonymous_12)
FN:193,(anonymous_13)
FN:210,(anonymous_14)
FN:261,(anonymous_15)
FN:279,(anonymous_16)
FN:297,(anonymous_17)
FN:315,(anonymous_18)
FN:331,(anonymous_19)
FN:347,(anonymous_20)
FN:360,(anonymous_21)
FNF:21
FNH:0
FNDA:0,(anonymous_1)
FNDA:0,(anonymous_2)
FNDA:0,(anonymous_3)
FNDA:0,(anonymous_4)
FNDA:0,(anonymous_5)
FNDA:0,(anonymous_6)
FNDA:0,(anonymous_7)
FNDA:0,(anonymous_8)
FNDA:0,(anonymous_9)
FNDA:0,(anonymous_10)
FNDA:0,(anonymous_11)
FNDA:0,(anonymous_12)
FNDA:0,(anonymous_13)
FNDA:0,(anonymous_14)
FNDA:0,(anonymous_15)
FNDA:0,(anonymous_16)
FNDA:0,(anonymous_17)
FNDA:0,(anonymous_18)
FNDA:0,(anonymous_19)
FNDA:0,(anonymous_20)
FNDA:0,(anonymous_21)
DA:1,1
DA:4,1
DA:6,1
DA:17,0
DA:26,0
DA:38,0
DA:50,0
DA:67,0
DA:83,0
DA:99,0
DA:111,0
DA:124,0
DA:132,0
DA:139,0
DA:148,0
DA:161,0
DA:181,0
DA:194,0
DA:211,0
DA:213,0
DA:226,0
DA:247,0
DA:262,0
DA:280,0
DA:298,0
DA:316,0
DA:332,0
DA:348,0
DA:361,0
DA:376,1
LF:30
LH:4
BRDA:216,0,0,0
BRDA:216,0,1,0
BRDA:217,1,0,0
BRDA:217,1,1,0
BRDA:218,2,0,0
BRDA:218,2,1,0
BRF:6
BRH:0
end_of_record
TN:
SF:src/repositories/organization.repository.ts
FN:7,(anonymous_1)
FN:11,(anonymous_2)
FN:17,(anonymous_3)
FN:23,(anonymous_4)
FN:36,(anonymous_5)
FN:50,(anonymous_6)
FN:72,(anonymous_7)
FN:91,(anonymous_8)
FN:98,(anonymous_9)
FN:118,(anonymous_10)
FN:139,(anonymous_11)
FN:146,(anonymous_12)
FN:167,(anonymous_13)
FN:185,(anonymous_14)
FNF:14
FNH:11
FNDA:9,(anonymous_1)
FNDA:1,(anonymous_2)
FNDA:1,(anonymous_3)
FNDA:11,(anonymous_4)
FNDA:1,(anonymous_5)
FNDA:1,(anonymous_6)
FNDA:1,(anonymous_7)
FNDA:0,(anonymous_8)
FNDA:1,(anonymous_9)
FNDA:1,(anonymous_10)
FNDA:0,(anonymous_11)
FNDA:1,(anonymous_12)
FNDA:3,(anonymous_13)
FNDA:0,(anonymous_14)
DA:2,9
DA:3,9
DA:6,9
DA:8,9
DA:12,1
DA:18,1
DA:24,11
DA:25,0
DA:28,11
DA:41,1
DA:46,1
DA:51,1
DA:55,1
DA:56,0
DA:59,1
DA:76,1
DA:92,0
DA:99,1
DA:103,1
DA:104,0
DA:107,1
DA:122,1
DA:140,0
DA:147,1
DA:151,1
DA:152,0
DA:155,1
DA:171,3
DA:186,0
DA:193,9
LF:30
LH:23
BRDA:24,0,0,0
BRDA:55,1,0,0
BRDA:81,2,0,1
BRDA:81,2,1,0
BRDA:82,3,0,1
BRDA:82,3,1,0
BRDA:83,4,0,1
BRDA:83,4,1,0
BRDA:84,5,0,1
BRDA:84,5,1,1
BRDA:85,6,0,1
BRDA:85,6,1,0
BRDA:86,7,0,1
BRDA:86,7,1,1
BRDA:103,8,0,0
BRDA:130,9,0,1
BRDA:130,9,1,0
BRDA:131,10,0,1
BRDA:131,10,1,0
BRDA:132,11,0,1
BRDA:132,11,1,0
BRDA:133,12,0,1
BRDA:133,12,1,0
BRDA:151,13,0,0
BRDA:176,14,0,3
BRDA:176,14,1,1
BRDA:177,15,0,3
BRDA:177,15,1,0
BRDA:178,16,0,3
BRDA:178,16,1,1
BRDA:179,17,0,3
BRDA:179,17,1,2
BRDA:180,18,0,3
BRDA:180,18,1,0
BRF:34
BRH:20
end_of_record
TN:
SF:src/repositories/password-reset-token.repository.ts
FN:16,(anonymous_1)
FN:29,(anonymous_2)
FN:41,(anonymous_3)
FN:52,(anonymous_4)
FN:66,(anonymous_5)
FNF:5
FNH:2
FNDA:2,(anonymous_1)
FNDA:3,(anonymous_2)
FNDA:0,(anonymous_3)
FNDA:0,(anonymous_4)
FNDA:0,(anonymous_5)
DA:6,6
DA:7,6
DA:15,6
DA:17,2
DA:18,2
DA:21,2
DA:22,2
DA:24,0
DA:25,0
DA:30,3
DA:31,3
DA:36,0
DA:37,0
DA:42,0
DA:43,0
DA:47,0
DA:48,0
DA:53,0
DA:54,0
DA:58,0
DA:59,0
DA:61,0
DA:62,0
DA:67,0
DA:68,0
DA:75,0
DA:76,0
DA:78,0
DA:79,0
DA:84,6
LF:30
LH:10
BRF:0
BRH:0
end_of_record
TN:
SF:src/repositories/permission.repository.ts
FN:13,(anonymous_1)
FN:36,(anonymous_2)
FN:47,(anonymous_3)
FN:63,(anonymous_4)
FN:80,(anonymous_5)
FN:102,(anonymous_6)
FN:121,(anonymous_7)
FN:136,(anonymous_8)
FN:148,(anonymous_9)
FN:156,(anonymous_10)
FNF:10
FNH:0
FNDA:0,(anonymous_1)
FNDA:0,(anonymous_2)
FNDA:0,(anonymous_3)
FNDA:0,(anonymous_4)
FNDA:0,(anonymous_5)
FNDA:0,(anonymous_6)
FNDA:0,(anonymous_7)
FNDA:0,(anonymous_8)
FNDA:0,(anonymous_9)
FNDA:0,(anonymous_10)
DA:1,6
DA:3,6
DA:9,6
DA:20,0
DA:22,0
DA:37,0
DA:39,0
DA:48,0
DA:50,0
DA:64,0
DA:66,0
DA:81,0
DA:83,0
DA:107,0
DA:109,0
DA:122,0
DA:124,0
DA:137,0
DA:149,0
DA:150,0
DA:157,0
DA:159,0
DA:172,6
LF:23
LH:4
BRDA:63,0,0,0
BRDA:63,1,0,0
BRDA:80,2,0,0
BRDA:80,3,0,0
BRDA:113,4,0,0
BRDA:113,4,1,0
BRDA:150,5,0,0
BRDA:150,5,1,0
BRF:8
BRH:0
end_of_record
TN:
SF:src/repositories/property.repository.ts
FN:7,(anonymous_1)
FN:14,(anonymous_2)
FN:27,(anonymous_3)
FN:40,(anonymous_4)
FN:57,(anonymous_5)
FN:79,(anonymous_6)
FN:116,(anonymous_7)
FN:123,(anonymous_8)
FN:136,(anonymous_9)
FN:148,(anonymous_10)
FN:166,(anonymous_11)
FNF:11
FNH:8
FNDA:7,(anonymous_1)
FNDA:7,(anonymous_2)
FNDA:5,(anonymous_3)
FNDA:0,(anonymous_4)
FNDA:2,(anonymous_5)
FNDA:4,(anonymous_6)
FNDA:5,(anonymous_7)
FNDA:1,(anonymous_8)
FNDA:0,(anonymous_9)
FNDA:0,(anonymous_10)
FNDA:1,(anonymous_11)
DA:2,7
DA:3,7
DA:6,7
DA:8,7
DA:15,7
DA:28,5
DA:45,0
DA:51,0
DA:62,2
DA:73,2
DA:89,4
DA:94,4
DA:95,1
DA:98,4
DA:99,1
DA:102,4
DA:103,1
DA:106,4
DA:107,0
DA:110,4
DA:117,5
DA:127,1
DA:137,0
DA:149,0
DA:155,0
DA:156,0
DA:159,0
DA:160,0
DA:167,1
DA:182,1
DA:186,7
LF:31
LH:22
BRDA:94,0,0,1
BRDA:98,1,0,1
BRDA:102,2,0,1
BRDA:106,3,0,0
BRDA:155,4,0,0
BRF:5
BRH:3
end_of_record
TN:
SF:src/repositories/refresh-token.repository.ts
FN:16,(anonymous_1)
FN:29,(anonymous_2)
FN:41,(anonymous_3)
FN:53,(anonymous_4)
FN:67,(anonymous_5)
FN:81,(anonymous_6)
FNF:6
FNH:3
FNDA:20,(anonymous_1)
FNDA:5,(anonymous_2)
FNDA:0,(anonymous_3)
FNDA:3,(anonymous_4)
FNDA:0,(anonymous_5)
FNDA:0,(anonymous_6)
DA:6,6
DA:7,6
DA:15,6
DA:17,20
DA:18,20
DA:21,20
DA:22,20
DA:24,0
DA:25,0
DA:30,5
DA:31,5
DA:36,0
DA:37,0
DA:42,0
DA:43,0
DA:48,0
DA:49,0
DA:54,3
DA:55,3
DA:59,3
DA:60,3
DA:62,0
DA:63,0
DA:68,0
DA:69,0
DA:73,0
DA:74,0
DA:76,0
DA:77,0
DA:82,0
DA:83,0
DA:90,0
DA:91,0
DA:93,0
DA:94,0
DA:99,6
LF:36
LH:14
BRF:0
BRH:0
end_of_record
TN:
SF:src/repositories/role.repository.ts
FN:13,(anonymous_1)
FN:45,(anonymous_2)
FN:63,(anonymous_3)
FN:86,(anonymous_4)
FN:110,(anonymous_5)
FN:139,(anonymous_6)
FN:165,(anonymous_7)
FN:180,(anonymous_8)
FN:192,(anonymous_9)
FN:200,(anonymous_10)
FN:221,(anonymous_11)
FN:244,(anonymous_12)
FN:257,(anonymous_13)
FN:274,(anonymous_14)
FN:290,(anonymous_15)
FN:305,(anonymous_16)
FN:317,(anonymous_17)
FN:328,(anonymous_18)
FNF:18
FNH:0
FNDA:0,(anonymous_1)
FNDA:0,(anonymous_2)
FNDA:0,(anonymous_3)
FNDA:0,(anonymous_4)
FNDA:0,(anonymous_5)
FNDA:0,(anonymous_6)
FNDA:0,(anonymous_7)
FNDA:0,(anonymous_8)
FNDA:0,(anonymous_9)
FNDA:0,(anonymous_10)
FNDA:0,(anonymous_11)
FNDA:0,(anonymous_12)
FNDA:0,(anonymous_13)
FNDA:0,(anonymous_14)
FNDA:0,(anonymous_15)
FNDA:0,(anonymous_16)
FNDA:0,(anonymous_17)
FNDA:0,(anonymous_18)
DA:1,6
DA:3,6
DA:9,6
DA:21,0
DA:23,0
DA:46,0
DA:48,0
DA:64,0
DA:66,0
DA:87,0
DA:89,0
DA:111,0
DA:113,0
DA:144,0
DA:146,0
DA:166,0
DA:168,0
DA:181,0
DA:193,0
DA:194,0
DA:201,0
DA:222,0
DA:224,0
DA:225,0
DA:226,0
DA:230,0
DA:242,0
DA:243,0
DA:244,0
DA:251,0
DA:258,0
DA:260,0
DA:275,0
DA:277,0
DA:291,0
DA:299,0
DA:306,0
DA:318,0
DA:321,0
DA:326,0
DA:327,0
DA:328,0
DA:335,0
DA:339,6
LF:44
LH:4
BRDA:29,0,0,0
BRDA:29,0,1,0
BRDA:86,1,0,0
BRDA:86,2,0,0
BRDA:110,3,0,0
BRDA:110,4,0,0
BRDA:150,5,0,0
BRDA:150,5,1,0
BRDA:194,6,0,0
BRDA:194,6,1,0
BRDA:225,7,0,0
BRDA:242,8,0,0
BRDA:326,9,0,0
BRF:13
BRH:0
end_of_record
TN:
SF:src/repositories/unit.repository.ts
FN:7,(anonymous_1)
FN:14,(anonymous_2)
FN:27,(anonymous_3)
FN:40,(anonymous_4)
FN:53,(anonymous_5)
FN:70,(anonymous_6)
FN:96,(anonymous_7)
FN:138,(anonymous_8)
FN:145,(anonymous_9)
FN:158,(anonymous_10)
FN:170,(anonymous_11)
FN:182,(anonymous_12)
FN:200,(anonymous_13)
FN:234,(anonymous_14)
FN:248,(anonymous_15)
FNF:15
FNH:1
FNDA:6,(anonymous_1)
FNDA:0,(anonymous_2)
FNDA:0,(anonymous_3)
FNDA:0,(anonymous_4)
FNDA:0,(anonymous_5)
FNDA:0,(anonymous_6)
FNDA:0,(anonymous_7)
FNDA:0,(anonymous_8)
FNDA:0,(anonymous_9)
FNDA:0,(anonymous_10)
FNDA:0,(anonymous_11)
FNDA:0,(anonymous_12)
FNDA:0,(anonymous_13)
FNDA:0,(anonymous_14)
FNDA:0,(anonymous_15)
DA:2,6
DA:3,6
DA:6,6
DA:8,6
DA:15,0
DA:28,0
DA:41,0
DA:58,0
DA:64,0
DA:76,0
DA:86,0
DA:87,0
DA:90,0
DA:107,0
DA:112,0
DA:113,0
DA:116,0
DA:117,0
DA:120,0
DA:121,0
DA:124,0
DA:125,0
DA:128,0
DA:129,0
DA:132,0
DA:139,0
DA:149,0
DA:159,0
DA:171,0
DA:183,0
DA:189,0
DA:190,0
DA:193,0
DA:194,0
DA:201,0
DA:219,0
DA:227,0
DA:233,0
DA:234,0
DA:235,0
DA:238,0
DA:249,0
DA:267,0
DA:275,0
DA:282,6
LF:45
LH:5
BRDA:86,0,0,0
BRDA:112,1,0,0
BRDA:116,2,0,0
BRDA:120,3,0,0
BRDA:124,4,0,0
BRDA:128,5,0,0
BRDA:189,6,0,0
BRF:7
BRH:0
end_of_record
TN:
SF:src/repositories/user-role.repository.ts
FN:12,(anonymous_1)
FN:48,(anonymous_2)
FN:65,(anonymous_3)
FN:91,(anonymous_4)
FN:106,(anonymous_5)
FN:133,(anonymous_6)
FN:149,(anonymous_7)
FN:168,(anonymous_8)
FN:179,(anonymous_9)
FN:185,(anonymous_10)
FN:207,(anonymous_11)
FN:220,(anonymous_12)
FN:236,(anonymous_13)
FN:263,(anonymous_14)
FN:289,(anonymous_15)
FN:290,(anonymous_16)
FN:304,(anonymous_17)
FN:332,(anonymous_18)
FN:358,(anonymous_19)
FN:360,(anonymous_20)
FN:361,(anonymous_21)
FNF:21
FNH:0
FNDA:0,(anonymous_1)
FNDA:0,(anonymous_2)
FNDA:0,(anonymous_3)
FNDA:0,(anonymous_4)
FNDA:0,(anonymous_5)
FNDA:0,(anonymous_6)
FNDA:0,(anonymous_7)
FNDA:0,(anonymous_8)
FNDA:0,(anonymous_9)
FNDA:0,(anonymous_10)
FNDA:0,(anonymous_11)
FNDA:0,(anonymous_12)
FNDA:0,(anonymous_13)
FNDA:0,(anonymous_14)
FNDA:0,(anonymous_15)
FNDA:0,(anonymous_16)
FNDA:0,(anonymous_17)
FNDA:0,(anonymous_18)
FNDA:0,(anonymous_19)
FNDA:0,(anonymous_20)
FNDA:0,(anonymous_21)
DA:1,6
DA:2,6
DA:8,6
DA:18,0
DA:24,0
DA:49,0
DA:51,0
DA:71,0
DA:74,0
DA:89,0
DA:90,0
DA:91,0
DA:100,0
DA:107,0
DA:109,0
DA:134,0
DA:143,0
DA:150,0
DA:162,0
DA:169,0
DA:179,0
DA:186,0
DA:188,0
DA:208,0
DA:221,0
DA:230,0
DA:237,0
DA:264,0
DA:266,0
DA:286,0
DA:287,0
DA:289,0
DA:290,0
DA:291,0
DA:292,0
DA:293,0
DA:298,0
DA:305,0
DA:307,0
DA:326,0
DA:333,0
DA:352,0
DA:359,0
DA:360,0
DA:361,0
DA:365,6
LF:46
LH:4
BRDA:89,0,0,0
BRDA:143,1,0,0
BRDA:143,1,1,0
BRDA:185,2,0,0
BRDA:185,3,0,0
BRDA:230,4,0,0
BRDA:230,4,1,0
BRDA:291,5,0,0
BRF:8
BRH:0
end_of_record
TN:
SF:src/repositories/user.repository.ts
FN:16,(anonymous_1)
FN:20,(anonymous_2)
FN:32,(anonymous_3)
FNF:3
FNH:3
FNDA:7,(anonymous_1)
FNDA:28,(anonymous_2)
FNDA:14,(anonymous_3)
DA:6,7
DA:7,7
DA:8,7
DA:13,7
DA:14,7
DA:17,7
DA:21,28
DA:22,28
DA:23,28
DA:27,0
DA:28,0
DA:33,14
DA:34,14
DA:35,14
DA:46,0
DA:47,0
DA:53,7
LF:17
LH:13
BRF:0
BRH:0
end_of_record
TN:
SF:src/routes/auth.routes.ts
FNF:0
FNH:0
DA:1,6
DA:2,6
DA:12,6
DA:14,6
DA:17,6
DA:18,6
DA:19,6
DA:20,6
DA:21,6
DA:24,6
DA:25,6
DA:26,6
DA:28,6
LF:13
LH:13
BRF:0
BRH:0
end_of_record
TN:
SF:src/routes/health.routes.ts
FNF:0
FNH:0
DA:6,6
DA:7,6
DA:9,6
DA:15,6
DA:21,6
DA:27,6
DA:29,6
LF:7
LH:7
BRF:0
BRH:0
end_of_record
TN:
SF:src/routes/lease.routes.ts
FNF:0
FNH:0
DA:2,6
DA:3,6
DA:4,6
DA:5,6
DA:10,6
DA:18,6
DA:20,6
DA:21,6
DA:22,6
DA:23,6
DA:24,6
DA:25,6
DA:27,6
LF:13
LH:13
BRF:0
BRH:0
end_of_record
TN:
SF:src/routes/membership.routes.ts
FN:14,(anonymous_0)
FN:22,(anonymous_1)
FN:30,(anonymous_2)
FN:38,(anonymous_3)
FN:46,(anonymous_4)
FN:54,(anonymous_5)
FN:62,(anonymous_6)
FN:70,(anonymous_7)
FN:78,(anonymous_8)
FN:86,(anonymous_9)
FN:94,(anonymous_10)
FN:102,(anonymous_11)
FNF:12
FNH:0
FNDA:0,(anonymous_0)
FNDA:0,(anonymous_1)
FNDA:0,(anonymous_2)
FNDA:0,(anonymous_3)
FNDA:0,(anonymous_4)
FNDA:0,(anonymous_5)
FNDA:0,(anonymous_6)
FNDA:0,(anonymous_7)
FNDA:0,(anonymous_8)
FNDA:0,(anonymous_9)
FNDA:0,(anonymous_10)
FNDA:0,(anonymous_11)
DA:1,0
DA:2,0
DA:3,0
DA:5,0
DA:8,0
DA:14,0
DA:15,0
DA:22,0
DA:23,0
DA:30,0
DA:31,0
DA:38,0
DA:39,0
DA:46,0
DA:47,0
DA:54,0
DA:55,0
DA:62,0
DA:63,0
DA:70,0
DA:71,0
DA:78,0
DA:79,0
DA:86,0
DA:87,0
DA:94,0
DA:95,0
DA:102,0
DA:103,0
DA:106,0
LF:30
LH:0
BRF:0
BRH:0
end_of_record
TN:
SF:src/routes/organization.routes.ts
FNF:0
FNH:0
DA:1,6
DA:2,6
DA:3,6
DA:4,6
DA:13,6
DA:28,6
DA:30,6
DA:32,6
DA:34,6
DA:35,6
DA:36,6
DA:41,6
DA:42,6
DA:45,6
DA:46,6
DA:53,6
DA:54,6
DA:61,6
DA:62,6
DA:68,6
LF:20
LH:20
BRF:0
BRH:0
end_of_record
TN:
SF:src/routes/payment.routes.ts
FNF:0
FNH:0
DA:2,6
DA:3,6
DA:4,6
DA:13,6
DA:15,6
DA:16,6
DA:17,6
DA:18,6
DA:19,6
DA:20,6
DA:21,6
DA:23,6
LF:12
LH:12
BRF:0
BRH:0
end_of_record
TN:
SF:src/routes/payment.webhooks.ts
FN:10,(anonymous_1)
FN:26,(anonymous_2)
FNF:2
FNH:0
FNDA:0,(anonymous_1)
FNDA:0,(anonymous_2)
DA:2,0
DA:4,0
DA:5,0
DA:7,0
DA:8,0
DA:10,0
DA:11,0
DA:12,0
DA:13,0
DA:14,0
DA:15,0
DA:17,0
DA:18,0
DA:19,0
DA:21,0
DA:22,0
DA:26,0
DA:27,0
DA:28,0
DA:29,0
DA:30,0
DA:31,0
DA:33,0
DA:34,0
DA:35,0
DA:37,0
DA:38,0
DA:42,0
LF:28
LH:0
BRDA:15,0,0,0
BRDA:31,1,0,0
BRF:2
BRH:0
end_of_record
TN:
SF:src/routes/property.routes.ts
FNF:0
FNH:0
DA:1,6
DA:2,6
DA:3,6
DA:4,6
DA:10,6
DA:20,6
DA:23,6
DA:30,6
DA:46,6
DA:54,6
DA:62,6
DA:71,6
DA:79,6
DA:87,6
DA:89,6
LF:15
LH:15
BRF:0
BRH:0
end_of_record
TN:
SF:src/routes/rbac.routes.ts
FNF:0
FNH:0
DA:1,6
DA:2,6
DA:4,6
DA:5,6
DA:22,6
DA:48,6
DA:51,6
DA:59,6
DA:69,6
DA:79,6
DA:89,6
DA:99,6
DA:111,6
DA:121,6
DA:131,6
DA:141,6
DA:151,6
DA:161,6
DA:173,6
DA:183,6
DA:193,6
DA:207,6
DA:217,6
DA:227,6
DA:237,6
DA:246,6
DA:251,6
LF:27
LH:27
BRF:0
BRH:0
end_of_record
TN:
SF:src/routes/tenant.routes.ts
FNF:0
FNH:0
DA:2,6
DA:3,6
DA:4,6
DA:5,6
DA:6,6
DA:8,6
DA:10,6
DA:11,6
DA:12,6
DA:14,6
LF:10
LH:10
BRF:0
BRH:0
end_of_record
TN:
SF:src/routes/unit.routes.ts
FNF:0
FNH:0
DA:1,6
DA:2,6
DA:3,6
DA:4,6
DA:10,6
DA:20,6
DA:26,6
DA:29,6
DA:36,6
DA:43,6
DA:50,6
DA:57,6
DA:64,6
DA:71,6
DA:78,6
DA:85,6
DA:89,6
DA:91,6
LF:18
LH:18
BRF:0
BRH:0
end_of_record
TN:
SF:src/services/auth.service.ts
FN:70,(anonymous_1)
FN:90,(anonymous_2)
FN:150,(anonymous_3)
FN:200,(anonymous_4)
FN:239,(anonymous_5)
FN:249,(anonymous_6)
FN:279,(anonymous_7)
FN:295,(anonymous_8)
FN:322,(anonymous_9)
FN:361,(anonymous_10)
FN:392,(anonymous_11)
FN:399,(anonymous_12)
FN:412,(anonymous_13)
FN:416,(anonymous_14)
FN:437,(anonymous_15)
FNF:15
FNH:15
FNDA:9,(anonymous_1)
FNDA:8,(anonymous_2)
FNDA:12,(anonymous_3)
FNDA:5,(anonymous_4)
FNDA:1,(anonymous_5)
FNDA:2,(anonymous_6)
FNDA:3,(anonymous_7)
FNDA:1,(anonymous_8)
FNDA:2,(anonymous_9)
FNDA:1,(anonymous_10)
FNDA:20,(anonymous_11)
FNDA:20,(anonymous_12)
FNDA:21,(anonymous_13)
FNDA:20,(anonymous_14)
FNDA:8,(anonymous_15)
DA:6,6
DA:7,6
DA:8,6
DA:9,6
DA:10,6
DA:11,6
DA:12,6
DA:13,6
DA:14,6
DA:15,6
DA:16,6
DA:17,6
DA:64,6
DA:65,6
DA:66,6
DA:67,6
DA:68,6
DA:71,9
DA:74,9
DA:75,9
DA:76,1
DA:77,1
DA:81,8
DA:84,8
DA:86,8
DA:88,8
DA:90,8
DA:92,8
DA:101,8
DA:110,8
DA:118,8
DA:121,8
DA:126,8
DA:128,8
DA:130,8
DA:145,0
DA:146,0
DA:151,12
DA:153,12
DA:156,12
DA:160,12
DA:161,1
DA:162,1
DA:166,11
DA:167,11
DA:168,1
DA:169,1
DA:173,10
DA:175,10
DA:180,10
DA:182,10
DA:184,10
DA:201,5
DA:204,5
DA:206,5
DA:207,3
DA:208,3
DA:212,2
DA:214,2
DA:215,0
DA:216,0
DA:219,2
DA:222,2
DA:228,2
DA:229,2
DA:231,2
DA:233,2
DA:240,1
DA:241,1
DA:242,1
DA:244,0
DA:245,0
DA:250,2
DA:252,2
DA:255,2
DA:256,1
DA:257,1
DA:261,1
DA:262,1
DA:264,1
DA:271,1
DA:272,1
DA:274,1
DA:276,1
DA:280,3
DA:283,3
DA:285,3
DA:286,2
DA:287,2
DA:291,1
DA:293,1
DA:295,1
DA:296,1
DA:301,1
DA:307,1
DA:313,1
DA:315,1
DA:317,0
DA:318,0
DA:323,2
DA:325,2
DA:327,2
DA:328,0
DA:329,0
DA:333,2
DA:334,2
DA:335,1
DA:336,1
DA:340,1
DA:342,1
DA:344,1
DA:350,1
DA:352,1
DA:354,1
DA:356,0
DA:357,0
DA:362,1
DA:364,1
DA:366,1
DA:367,0
DA:368,0
DA:371,1
DA:373,1
DA:374,0
DA:375,0
DA:378,1
DA:393,20
DA:400,20
DA:401,20
DA:403,20
DA:409,20
DA:413,21
DA:417,20
DA:418,20
DA:420,20
DA:421,20
DA:423,20
DA:425,0
DA:427,0
DA:429,0
DA:431,20
DA:433,0
DA:438,8
DA:444,8
DA:449,6
LF:145
LH:125
BRDA:75,0,0,1
BRDA:157,1,0,12
BRDA:157,1,1,1
BRDA:160,2,0,1
BRDA:160,3,0,12
BRDA:160,3,1,11
BRDA:167,4,0,1
BRDA:206,5,0,3
BRDA:206,6,0,5
BRDA:206,6,1,4
BRDA:206,6,2,2
BRDA:214,7,0,0
BRDA:214,8,0,2
BRDA:214,8,1,2
BRDA:255,9,0,1
BRDA:271,10,0,1
BRDA:271,10,1,0
BRDA:285,11,0,2
BRDA:285,12,0,3
BRDA:285,12,1,2
BRDA:285,12,2,1
BRDA:327,13,0,0
BRDA:334,14,0,1
BRDA:366,15,0,0
BRDA:373,16,0,0
BRDA:418,17,0,0
BRDA:423,18,0,0
BRDA:423,18,1,0
BRDA:423,18,2,0
BRDA:423,18,3,20
BRDA:423,18,4,0
BRDA:444,19,0,8
BRDA:444,19,1,0
BRF:33
BRH:22
end_of_record
TN:
SF:src/services/email.service.ts
FN:21,(anonymous_1)
FN:45,(anonymous_2)
FN:83,(anonymous_3)
FN:121,(anonymous_4)
FN:154,(anonymous_5)
FNF:5
FNH:3
FNDA:2,(anonymous_1)
FNDA:1,(anonymous_2)
FNDA:0,(anonymous_3)
FNDA:1,(anonymous_4)
FNDA:0,(anonymous_5)
DA:7,6
DA:16,6
DA:22,2
DA:28,2
DA:30,0
DA:33,2
DA:34,2
DA:35,2
DA:36,2
DA:37,2
DA:38,2
DA:46,1
DA:56,1
DA:72,1
DA:84,0
DA:94,0
DA:110,0
DA:122,1
DA:130,1
DA:143,1
DA:160,0
DA:170,0
DA:188,0
DA:197,6
LF:24
LH:17
BRDA:28,0,0,0
BRDA:28,0,1,2
BRDA:37,1,0,2
BRDA:37,1,1,0
BRF:4
BRH:2
end_of_record
TN:
SF:src/services/membership.service.ts
FN:33,(anonymous_1)
FN:94,(anonymous_2)
FN:150,(anonymous_3)
FN:182,(anonymous_4)
FN:216,(anonymous_5)
FN:263,(anonymous_6)
FN:284,(anonymous_7)
FN:301,(anonymous_8)
FN:339,(anonymous_9)
FN:372,(anonymous_10)
FN:405,(anonymous_11)
FN:428,(anonymous_12)
FNF:12
FNH:12
FNDA:3,(anonymous_1)
FNDA:3,(anonymous_2)
FNDA:1,(anonymous_3)
FNDA:1,(anonymous_4)
FNDA:1,(anonymous_5)
FNDA:1,(anonymous_6)
FNDA:1,(anonymous_7)
FNDA:1,(anonymous_8)
FNDA:1,(anonymous_9)
FNDA:1,(anonymous_10)
FNDA:1,(anonymous_11)
FNDA:1,(anonymous_12)
DA:1,1
DA:2,1
DA:3,1
DA:16,1
DA:17,1
DA:18,1
DA:19,1
DA:26,1
DA:27,1
DA:28,1
DA:39,3
DA:40,3
DA:41,1
DA:45,2
DA:46,2
DA:47,1
DA:51,1
DA:52,1
DA:53,0
DA:57,1
DA:58,0
DA:62,1
DA:63,1
DA:66,1
DA:75,1
DA:82,1
DA:88,1
DA:99,3
DA:100,3
DA:101,0
DA:105,3
DA:106,0
DA:110,3
DA:111,1
DA:112,1
DA:116,2
DA:117,2
DA:118,0
DA:122,2
DA:123,1
DA:127,1
DA:136,1
DA:138,1
DA:144,1
DA:154,1
DA:155,1
DA:156,0
DA:159,1
DA:160,0
DA:163,1
DA:164,1
DA:165,0
DA:168,1
DA:170,1
DA:176,1
DA:188,1
DA:189,1
DA:190,0
DA:193,1
DA:194,1
DA:195,0
DA:198,1
DA:199,0
DA:202,1
DA:204,1
DA:210,1
DA:221,1
DA:222,1
DA:223,0
DA:226,1
DA:227,1
DA:228,0
DA:231,1
DA:232,0
DA:236,1
DA:237,0
DA:240,1
DA:241,1
DA:244,1
DA:251,1
DA:257,1
DA:265,1
DA:266,1
DA:267,0
DA:270,1
DA:272,1
DA:278,1
DA:285,1
DA:286,1
DA:287,0
DA:290,1
DA:291,1
DA:292,0
DA:295,1
DA:306,1
DA:307,1
DA:308,0
DA:311,1
DA:312,1
DA:313,0
DA:316,1
DA:317,0
DA:320,1
DA:321,0
DA:324,1
DA:326,1
DA:333,1
DA:344,1
DA:345,1
DA:346,0
DA:349,1
DA:350,1
DA:351,0
DA:354,1
DA:355,0
DA:358,1
DA:360,1
DA:366,1
DA:377,1
DA:378,1
DA:379,0
DA:382,1
DA:383,1
DA:384,0
DA:387,1
DA:388,0
DA:391,1
DA:393,1
DA:399,1
DA:406,1
DA:407,1
DA:408,0
DA:411,1
DA:412,1
DA:415,0
DA:417,0
DA:422,0
DA:433,1
DA:434,1
DA:435,0
DA:438,1
DA:439,1
DA:440,0
DA:443,1
DA:444,0
DA:447,1
DA:449,1
DA:455,1
DA:459,1
LF:149
LH:114
BRDA:40,0,0,1
BRDA:46,1,0,1
BRDA:46,2,0,2
BRDA:46,2,1,2
BRDA:46,2,2,1
BRDA:52,3,0,0
BRDA:52,4,0,1
BRDA:52,4,1,0
BRDA:57,5,0,0
BRDA:100,6,0,0
BRDA:105,7,0,0
BRDA:110,8,0,1
BRDA:117,9,0,0
BRDA:117,10,0,2
BRDA:117,10,1,2
BRDA:122,11,0,1
BRDA:155,12,0,0
BRDA:159,13,0,0
BRDA:164,14,0,0
BRDA:164,15,0,1
BRDA:164,15,1,1
BRDA:189,16,0,0
BRDA:189,17,0,1
BRDA:189,17,1,1
BRDA:189,17,2,0
BRDA:194,18,0,0
BRDA:194,19,0,1
BRDA:194,19,1,1
BRDA:198,20,0,0
BRDA:222,21,0,0
BRDA:222,22,0,1
BRDA:222,22,1,1
BRDA:222,22,2,0
BRDA:227,23,0,0
BRDA:227,24,0,1
BRDA:227,24,1,1
BRDA:231,25,0,0
BRDA:236,26,0,0
BRDA:266,27,0,0
BRDA:286,28,0,0
BRDA:291,29,0,0
BRDA:307,30,0,0
BRDA:307,31,0,1
BRDA:307,31,1,1
BRDA:312,32,0,0
BRDA:316,33,0,0
BRDA:320,34,0,0
BRDA:345,35,0,0
BRDA:345,36,0,1
BRDA:345,36,1,1
BRDA:350,37,0,0
BRDA:354,38,0,0
BRDA:378,39,0,0
BRDA:378,40,0,1
BRDA:378,40,1,1
BRDA:378,40,2,0
BRDA:383,41,0,0
BRDA:387,42,0,0
BRDA:407,43,0,0
BRDA:411,44,0,1
BRDA:434,45,0,0
BRDA:434,46,0,1
BRDA:434,46,1,1
BRDA:439,47,0,0
BRDA:443,48,0,0
BRF:65
BRH:29
end_of_record
TN:
SF:src/services/organization.service.ts
FN:22,(anonymous_1)
FN:38,(anonymous_2)
FN:59,(anonymous_3)
FN:68,(anonymous_4)
FN:81,(anonymous_5)
FN:96,(anonymous_6)
FN:103,(anonymous_7)
FN:112,(anonymous_8)
FN:130,(anonymous_9)
FN:139,(anonymous_10)
FN:157,(anonymous_11)
FN:166,(anonymous_12)
FN:183,(anonymous_13)
FN:211,(anonymous_14)
FN:218,(anonymous_15)
FN:224,(anonymous_16)
FN:240,(anonymous_17)
FNF:17
FNH:16
FNDA:1,(anonymous_1)
FNDA:1,(anonymous_2)
FNDA:1,(anonymous_3)
FNDA:1,(anonymous_4)
FNDA:2,(anonymous_5)
FNDA:1,(anonymous_6)
FNDA:5,(anonymous_7)
FNDA:2,(anonymous_8)
FNDA:4,(anonymous_9)
FNDA:2,(anonymous_10)
FNDA:4,(anonymous_11)
FNDA:4,(anonymous_12)
FNDA:1,(anonymous_13)
FNDA:18,(anonymous_14)
FNDA:26,(anonymous_15)
FNDA:1,(anonymous_16)
FNDA:0,(anonymous_17)
DA:1,7
DA:2,7
DA:3,7
DA:4,7
DA:5,7
DA:6,7
DA:21,7
DA:23,1
DA:25,1
DA:27,1
DA:34,1
DA:35,1
DA:43,1
DA:44,1
DA:46,1
DA:47,0
DA:50,1
DA:55,1
DA:56,1
DA:60,1
DA:61,1
DA:63,1
DA:64,1
DA:65,1
DA:69,1
DA:71,1
DA:72,1
DA:73,0
DA:76,1
DA:77,1
DA:78,1
DA:82,2
DA:84,1
DA:89,1
DA:90,0
DA:93,1
DA:97,1
DA:98,1
DA:99,1
DA:104,5
DA:105,3
DA:107,2
DA:108,2
DA:109,2
DA:117,2
DA:118,2
DA:120,2
DA:125,2
DA:126,2
DA:131,4
DA:132,3
DA:134,2
DA:135,2
DA:136,2
DA:144,2
DA:145,2
DA:147,2
DA:152,2
DA:153,2
DA:158,4
DA:159,2
DA:161,2
DA:162,2
DA:163,2
DA:171,4
DA:172,4
DA:174,4
DA:179,4
DA:180,4
DA:187,1
DA:199,1
DA:203,1
DA:212,18
DA:213,18
DA:214,2
DA:219,26
DA:220,6
DA:225,1
DA:226,1
DA:227,1
DA:228,0
DA:232,1
DA:233,1
DA:234,1
DA:235,0
DA:241,0
DA:249,7
LF:87
LH:81
BRDA:23,0,0,1
BRDA:23,0,1,0
BRDA:46,1,0,0
BRDA:46,2,0,1
BRDA:46,2,1,1
BRDA:72,3,0,0
BRDA:72,4,0,1
BRDA:72,4,1,1
BRDA:89,5,0,0
BRDA:187,6,0,1
BRDA:187,6,1,0
BRDA:199,7,0,0
BRDA:199,7,1,1
BRDA:205,8,0,0
BRDA:205,8,1,1
BRDA:213,9,0,2
BRDA:219,10,0,6
BRDA:225,11,0,1
BRDA:227,12,0,0
BRDA:227,13,0,1
BRDA:227,13,1,0
BRDA:232,14,0,1
BRDA:234,15,0,0
BRDA:234,16,0,1
BRDA:234,16,1,0
BRF:25
BRH:14
end_of_record
TN:
SF:src/services/property.service.ts
FN:67,(anonymous_1)
FN:142,(anonymous_2)
FN:224,(anonymous_3)
FN:240,(anonymous_4)
FN:294,(anonymous_5)
FN:320,(anonymous_6)
FN:353,(anonymous_7)
FNF:7
FNH:7
FNDA:7,(anonymous_1)
FNDA:3,(anonymous_2)
FNDA:3,(anonymous_3)
FNDA:7,(anonymous_4)
FNDA:2,(anonymous_5)
FNDA:2,(anonymous_6)
FNDA:2,(anonymous_7)
DA:1,7
DA:2,7
DA:3,7
DA:4,7
DA:5,7
DA:6,7
DA:63,7
DA:72,7
DA:73,7
DA:74,0
DA:75,0
DA:79,7
DA:80,7
DA:81,1
DA:85,1
DA:89,6
DA:90,6
DA:91,0
DA:92,0
DA:98,6
DA:99,6
DA:100,6
DA:101,0
DA:102,0
DA:108,6
DA:130,6
DA:136,6
DA:148,3
DA:149,3
DA:150,0
DA:151,0
DA:155,3
DA:156,1
DA:157,1
DA:158,1
DA:162,1
DA:167,2
DA:168,0
DA:169,0
DA:170,0
DA:171,0
DA:178,2
DA:179,2
DA:180,2
DA:181,0
DA:182,0
DA:189,2
DA:191,2
DA:192,2
DA:193,2
DA:194,2
DA:195,2
DA:196,2
DA:197,2
DA:198,2
DA:199,2
DA:200,2
DA:201,2
DA:202,2
DA:203,2
DA:204,2
DA:205,2
DA:206,2
DA:208,2
DA:210,2
DA:212,2
DA:218,2
DA:228,3
DA:229,3
DA:230,1
DA:231,1
DA:234,2
DA:244,7
DA:251,7
DA:253,7
DA:254,1
DA:257,7
DA:258,1
DA:261,7
DA:262,1
DA:265,7
DA:266,0
DA:270,7
DA:271,2
DA:272,2
DA:277,2
DA:281,5
DA:283,5
DA:288,5
DA:299,2
DA:300,2
DA:301,0
DA:302,0
DA:306,2
DA:308,2
DA:314,2
DA:325,2
DA:326,2
DA:327,0
DA:328,0
DA:331,2
DA:332,0
DA:333,0
DA:339,2
DA:341,2
DA:347,2
DA:354,2
DA:356,2
DA:361,2
DA:365,7
LF:110
LH:89
BRDA:73,0,0,0
BRDA:80,1,0,1
BRDA:90,2,0,0
BRDA:99,3,0,6
BRDA:99,3,1,0
BRDA:100,4,0,0
BRDA:120,5,0,2
BRDA:120,5,1,4
BRDA:121,6,0,2
BRDA:121,6,1,4
BRDA:122,7,0,6
BRDA:122,7,1,4
BRDA:149,8,0,0
BRDA:155,9,0,1
BRDA:155,10,0,3
BRDA:155,10,1,1
BRDA:157,11,0,1
BRDA:167,12,0,0
BRDA:169,13,0,0
BRDA:178,14,0,2
BRDA:180,15,0,0
BRDA:191,16,0,2
BRDA:192,17,0,0
BRDA:193,18,0,0
BRDA:194,19,0,0
BRDA:195,20,0,2
BRDA:196,21,0,0
BRDA:197,22,0,0
BRDA:198,23,0,0
BRDA:199,24,0,0
BRDA:200,25,0,0
BRDA:201,26,0,0
BRDA:202,27,0,0
BRDA:203,28,0,0
BRDA:204,29,0,1
BRDA:205,30,0,0
BRDA:206,31,0,0
BRDA:229,32,0,1
BRDA:244,33,0,7
BRDA:244,33,1,5
BRDA:244,34,0,7
BRDA:244,34,1,5
BRDA:253,35,0,1
BRDA:257,36,0,1
BRDA:261,37,0,1
BRDA:265,38,0,0
BRDA:270,39,0,2
BRDA:300,40,0,0
BRDA:326,41,0,0
BRDA:326,42,0,2
BRDA:326,42,1,2
BRDA:331,43,0,0
BRF:52
BRH:27
end_of_record
TN:
SF:src/services/rbac.service.ts
FN:16,(anonymous_1)
FN:24,(anonymous_2)
FN:34,(anonymous_3)
FN:74,(anonymous_4)
FN:98,(anonymous_5)
FN:112,(anonymous_6)
FN:123,(anonymous_7)
FN:130,(anonymous_8)
FN:139,(anonymous_9)
FN:181,(anonymous_10)
FN:210,(anonymous_11)
FN:229,(anonymous_12)
FN:240,(anonymous_13)
FN:247,(anonymous_14)
FN:254,(anonymous_15)
FN:287,(anonymous_16)
FN:317,(anonymous_17)
FN:336,(anonymous_18)
FN:346,(anonymous_19)
FN:366,(anonymous_20)
FN:406,(anonymous_21)
FN:420,(anonymous_22)
FN:436,(anonymous_23)
FN:454,(anonymous_24)
FN:461,(anonymous_25)
FN:468,(anonymous_26)
FN:475,(anonymous_27)
FN:482,(anonymous_28)
FN:489,(anonymous_29)
FN:498,(anonymous_30)
FNF:30
FNH:0
FNDA:0,(anonymous_1)
FNDA:0,(anonymous_2)
FNDA:0,(anonymous_3)
FNDA:0,(anonymous_4)
FNDA:0,(anonymous_5)
FNDA:0,(anonymous_6)
FNDA:0,(anonymous_7)
FNDA:0,(anonymous_8)
FNDA:0,(anonymous_9)
FNDA:0,(anonymous_10)
FNDA:0,(anonymous_11)
FNDA:0,(anonymous_12)
FNDA:0,(anonymous_13)
FNDA:0,(anonymous_14)
FNDA:0,(anonymous_15)
FNDA:0,(anonymous_16)
FNDA:0,(anonymous_17)
FNDA:0,(anonymous_18)
FNDA:0,(anonymous_19)
FNDA:0,(anonymous_20)
FNDA:0,(anonymous_21)
FNDA:0,(anonymous_22)
FNDA:0,(anonymous_23)
FNDA:0,(anonymous_24)
FNDA:0,(anonymous_25)
FNDA:0,(anonymous_26)
FNDA:0,(anonymous_27)
FNDA:0,(anonymous_28)
FNDA:0,(anonymous_29)
FNDA:0,(anonymous_30)
DA:1,6
DA:2,6
DA:3,6
DA:4,6
DA:5,6
DA:6,6
DA:12,6
DA:17,0
DA:18,0
DA:25,0
DA:26,0
DA:43,0
DA:46,0
DA:47,0
DA:48,0
DA:52,0
DA:53,0
DA:57,0
DA:58,0
DA:59,0
DA:62,0
DA:82,0
DA:84,0
DA:85,0
DA:86,0
DA:89,0
DA:99,0
DA:101,0
DA:102,0
DA:103,0
DA:106,0
DA:113,0
DA:114,0
DA:115,0
DA:117,0
DA:124,0
DA:131,0
DA:149,0
DA:152,0
DA:153,0
DA:154,0
DA:158,0
DA:159,0
DA:163,0
DA:164,0
DA:165,0
DA:168,0
DA:189,0
DA:191,0
DA:192,0
DA:193,0
DA:197,0
DA:198,0
DA:201,0
DA:211,0
DA:213,0
DA:214,0
DA:215,0
DA:219,0
DA:220,0
DA:223,0
DA:230,0
DA:231,0
DA:232,0
DA:234,0
DA:241,0
DA:248,0
DA:263,0
DA:265,0
DA:266,0
DA:267,0
DA:271,0
DA:272,0
DA:276,0
DA:277,0
DA:278,0
DA:281,0
DA:288,0
DA:290,0
DA:291,0
DA:292,0
DA:295,0
DA:296,0
DA:297,0
DA:301,0
DA:302,0
DA:306,0
DA:307,0
DA:308,0
DA:311,0
DA:318,0
DA:320,0
DA:321,0
DA:322,0
DA:326,0
DA:327,0
DA:330,0
DA:337,0
DA:339,0
DA:340,0
DA:341,0
DA:345,0
DA:346,0
DA:349,0
DA:350,0
DA:351,0
DA:353,0
DA:354,0
DA:358,0
DA:372,0
DA:375,0
DA:376,0
DA:377,0
DA:381,0
DA:382,0
DA:383,0
DA:385,0
DA:386,0
DA:390,0
DA:391,0
DA:392,0
DA:395,0
DA:407,0
DA:409,0
DA:410,0
DA:411,0
DA:414,0
DA:426,0
DA:429,0
DA:430,0
DA:431,0
DA:435,0
DA:436,0
DA:439,0
DA:440,0
DA:441,0
DA:443,0
DA:444,0
DA:448,0
DA:455,0
DA:462,0
DA:469,0
DA:476,0
DA:483,0
DA:490,0
DA:499,0
DA:502,0
DA:552,0
DA:553,0
DA:554,0
DA:555,0
DA:556,0
DA:561,0
DA:563,0
DA:568,0
DA:652,0
DA:653,0
DA:654,0
DA:656,0
DA:657,0
DA:665,0
DA:667,0
DA:670,0
DA:673,0
DA:675,0
DA:682,6
LF:166
LH:8
BRDA:47,0,0,0
BRDA:52,1,0,0
BRDA:58,2,0,0
BRDA:58,3,0,0
BRDA:58,3,1,0
BRDA:85,4,0,0
BRDA:85,5,0,0
BRDA:85,5,1,0
BRDA:102,6,0,0
BRDA:102,7,0,0
BRDA:102,7,1,0
BRDA:114,8,0,0
BRDA:114,9,0,0
BRDA:114,9,1,0
BRDA:123,10,0,0
BRDA:123,11,0,0
BRDA:130,12,0,0
BRDA:130,13,0,0
BRDA:153,14,0,0
BRDA:158,15,0,0
BRDA:164,16,0,0
BRDA:164,17,0,0
BRDA:164,17,1,0
BRDA:173,18,0,0
BRDA:173,18,1,0
BRDA:192,19,0,0
BRDA:192,20,0,0
BRDA:192,20,1,0
BRDA:197,21,0,0
BRDA:214,22,0,0
BRDA:214,23,0,0
BRDA:214,23,1,0
BRDA:219,24,0,0
BRDA:231,25,0,0
BRDA:231,26,0,0
BRDA:231,26,1,0
BRDA:240,27,0,0
BRDA:240,28,0,0
BRDA:247,29,0,0
BRDA:247,30,0,0
BRDA:266,31,0,0
BRDA:266,32,0,0
BRDA:266,32,1,0
BRDA:271,33,0,0
BRDA:277,34,0,0
BRDA:277,35,0,0
BRDA:277,35,1,0
BRDA:291,36,0,0
BRDA:291,37,0,0
BRDA:291,37,1,0
BRDA:296,38,0,0
BRDA:296,39,0,0
BRDA:296,39,1,0
BRDA:301,40,0,0
BRDA:301,41,0,0
BRDA:301,41,1,0
BRDA:307,42,0,0
BRDA:321,43,0,0
BRDA:321,44,0,0
BRDA:321,44,1,0
BRDA:326,45,0,0
BRDA:340,46,0,0
BRDA:340,47,0,0
BRDA:340,47,1,0
BRDA:350,48,0,0
BRDA:350,49,0,0
BRDA:350,49,1,0
BRDA:353,50,0,0
BRDA:376,51,0,0
BRDA:382,52,0,0
BRDA:382,53,0,0
BRDA:382,53,1,0
BRDA:385,54,0,0
BRDA:391,55,0,0
BRDA:410,56,0,0
BRDA:430,57,0,0
BRDA:440,58,0,0
BRDA:440,59,0,0
BRDA:440,59,1,0
BRDA:443,60,0,0
BRDA:555,61,0,0
BRDA:555,61,1,0
BRDA:555,62,0,0
BRDA:555,62,1,0
BRDA:656,63,0,0
BRDA:656,63,1,0
BRDA:656,64,0,0
BRDA:656,64,1,0
BRF:88
BRH:0
end_of_record
TN:
SF:src/services/unit.service.ts
FN:67,(anonymous_1)
FN:192,(anonymous_2)
FN:209,(anonymous_3)
FN:327,(anonymous_4)
FN:381,(anonymous_5)
FN:411,(anonymous_6)
FN:451,(anonymous_7)
FN:471,(anonymous_8)
FNF:8
FNH:0
FNDA:0,(anonymous_1)
FNDA:0,(anonymous_2)
FNDA:0,(anonymous_3)
FNDA:0,(anonymous_4)
FNDA:0,(anonymous_5)
FNDA:0,(anonymous_6)
FNDA:0,(anonymous_7)
FNDA:0,(anonymous_8)
DA:1,6
DA:2,6
DA:3,6
DA:4,6
DA:5,6
DA:6,6
DA:7,6
DA:8,6
DA:63,6
DA:72,0
DA:73,0
DA:74,0
DA:75,0
DA:79,0
DA:80,0
DA:81,0
DA:85,0
DA:89,0
DA:90,0
DA:91,0
DA:95,0
DA:99,0
DA:100,0
DA:101,0
DA:102,0
DA:103,0
DA:109,0
DA:110,0
DA:111,0
DA:112,0
DA:113,0
DA:119,0
DA:120,0
DA:125,0
DA:126,0
DA:131,0
DA:132,0
DA:137,0
DA:138,0
DA:143,0
DA:144,0
DA:149,0
DA:150,0
DA:156,0
DA:177,0
DA:179,0
DA:186,0
DA:193,0
DA:195,0
DA:196,0
DA:200,0
DA:203,0
DA:215,0
DA:216,0
DA:217,0
DA:218,0
DA:222,0
DA:223,0
DA:224,0
DA:225,0
DA:229,0
DA:234,0
DA:235,0
DA:236,0
DA:237,0
DA:238,0
DA:245,0
DA:246,0
DA:247,0
DA:248,0
DA:249,0
DA:256,0
DA:257,0
DA:262,0
DA:263,0
DA:268,0
DA:269,0
DA:274,0
DA:275,0
DA:280,0
DA:281,0
DA:286,0
DA:287,0
DA:293,0
DA:297,0
DA:298,0
DA:299,0
DA:300,0
DA:301,0
DA:302,0
DA:303,0
DA:304,0
DA:305,0
DA:306,0
DA:307,0
DA:308,0
DA:309,0
DA:310,0
DA:312,0
DA:314,0
DA:321,0
DA:331,0
DA:332,0
DA:334,0
DA:337,0
DA:338,0
DA:339,0
DA:340,0
DA:344,0
DA:349,0
DA:350,0
DA:357,0
DA:361,0
DA:363,0
DA:364,0
DA:365,0
DA:366,0
DA:367,0
DA:369,0
DA:375,0
DA:383,0
DA:384,0
DA:385,0
DA:389,0
DA:393,0
DA:398,0
DA:405,0
DA:413,0
DA:420,0
DA:421,0
DA:422,0
DA:425,0
DA:426,0
DA:427,0
DA:433,0
DA:438,0
DA:445,0
DA:456,0
DA:457,0
DA:458,0
DA:462,0
DA:465,0
DA:472,0
DA:476,6
LF:144
LH:10
BRDA:73,0,0,0
BRDA:80,1,0,0
BRDA:90,2,0,0
BRDA:100,3,0,0
BRDA:100,3,1,0
BRDA:101,4,0,0
BRDA:110,5,0,0
BRDA:110,5,1,0
BRDA:111,6,0,0
BRDA:119,7,0,0
BRDA:119,8,0,0
BRDA:119,8,1,0
BRDA:125,9,0,0
BRDA:125,10,0,0
BRDA:125,10,1,0
BRDA:131,11,0,0
BRDA:131,12,0,0
BRDA:131,12,1,0
BRDA:137,13,0,0
BRDA:137,14,0,0
BRDA:137,14,1,0
BRDA:143,15,0,0
BRDA:143,16,0,0
BRDA:143,16,1,0
BRDA:149,17,0,0
BRDA:149,18,0,0
BRDA:149,18,1,0
BRDA:167,19,0,0
BRDA:167,19,1,0
BRDA:168,20,0,0
BRDA:168,20,1,0
BRDA:169,21,0,0
BRDA:169,21,1,0
BRDA:170,22,0,0
BRDA:170,22,1,0
BRDA:171,23,0,0
BRDA:171,23,1,0
BRDA:195,24,0,0
BRDA:216,25,0,0
BRDA:222,26,0,0
BRDA:222,27,0,0
BRDA:222,27,1,0
BRDA:224,28,0,0
BRDA:234,29,0,0
BRDA:236,30,0,0
BRDA:245,31,0,0
BRDA:247,32,0,0
BRDA:256,33,0,0
BRDA:256,34,0,0
BRDA:256,34,1,0
BRDA:262,35,0,0
BRDA:262,36,0,0
BRDA:262,36,1,0
BRDA:268,37,0,0
BRDA:268,38,0,0
BRDA:268,38,1,0
BRDA:274,39,0,0
BRDA:274,40,0,0
BRDA:274,40,1,0
BRDA:280,41,0,0
BRDA:280,42,0,0
BRDA:280,42,1,0
BRDA:286,43,0,0
BRDA:286,44,0,0
BRDA:286,44,1,0
BRDA:297,45,0,0
BRDA:298,46,0,0
BRDA:299,47,0,0
BRDA:300,48,0,0
BRDA:301,49,0,0
BRDA:302,50,0,0
BRDA:303,51,0,0
BRDA:304,52,0,0
BRDA:305,53,0,0
BRDA:306,54,0,0
BRDA:307,55,0,0
BRDA:308,56,0,0
BRDA:309,57,0,0
BRDA:310,58,0,0
BRDA:331,59,0,0
BRDA:331,59,1,0
BRDA:332,60,0,0
BRDA:332,60,1,0
BRDA:334,61,0,0
BRDA:334,61,1,0
BRDA:334,62,0,0
BRDA:334,62,1,0
BRDA:337,63,0,0
BRDA:339,64,0,0
BRDA:349,65,0,0
BRDA:363,66,0,0
BRDA:364,67,0,0
BRDA:365,68,0,0
BRDA:366,69,0,0
BRDA:367,70,0,0
BRDA:384,71,0,0
BRDA:420,72,0,0
BRDA:425,73,0,0
BRDA:457,74,0,0
BRF:99
BRH:0
end_of_record
TN:
SF:src/services/payments/cashfreeAdapter.ts
FN:12,(anonymous_1)
FN:35,(anonymous_2)
FN:40,(anonymous_3)
FNF:3
FNH:0
FNDA:0,(anonymous_1)
FNDA:0,(anonymous_2)
FNDA:0,(anonymous_3)
DA:2,7
DA:3,7
DA:5,7
DA:7,7
DA:8,7
DA:10,7
DA:14,0
DA:26,0
DA:32,0
DA:33,0
DA:36,0
DA:37,0
DA:38,0
DA:41,0
DA:42,0
DA:44,0
DA:45,0
DA:46,0
DA:55,0
DA:59,7
LF:20
LH:7
BRDA:7,0,0,7
BRDA:7,0,1,7
BRDA:8,1,0,7
BRDA:8,1,1,7
BRDA:16,2,0,0
BRDA:16,2,1,0
BRDA:17,3,0,0
BRDA:17,3,1,0
BRDA:36,4,0,0
BRDA:41,5,0,0
BRDA:41,5,1,0
BRDA:41,5,2,0
BRDA:41,5,3,0
BRDA:42,6,0,0
BRDA:45,7,0,0
BRDA:49,8,0,0
BRDA:49,8,1,0
BRDA:49,8,2,0
BRF:18
BRH:4
end_of_record
TN:
SF:src/services/payments/payment.service.ts
FN:10,(anonymous_1)
FN:16,(anonymous_2)
FNF:2
FNH:2
FNDA:2,(anonymous_1)
FNDA:2,(anonymous_2)
DA:1,7
DA:2,7
DA:5,7
DA:10,7
DA:11,2
DA:12,2
DA:13,1
DA:16,7
LF:8
LH:8
BRDA:12,0,0,1
BRF:1
BRH:1
end_of_record
TN:
SF:src/services/payments/razorpayAdapter.ts
FN:12,(anonymous_1)
FN:21,(anonymous_2)
FN:32,(anonymous_3)
FN:37,(anonymous_4)
FNF:4
FNH:0
FNDA:0,(anonymous_1)
FNDA:0,(anonymous_2)
FNDA:0,(anonymous_3)
FNDA:0,(anonymous_4)
DA:2,7
DA:3,7
DA:5,7
DA:7,7
DA:8,7
DA:10,7
DA:12,7
DA:13,0
DA:14,0
DA:16,0
DA:19,7
DA:22,0
DA:23,0
DA:24,0
DA:30,0
DA:33,0
DA:34,0
DA:35,0
DA:39,0
DA:40,0
DA:41,0
DA:43,0
DA:46,0
DA:47,0
DA:48,0
DA:57,0
DA:61,7
LF:27
LH:9
BRDA:7,0,0,7
BRDA:7,0,1,7
BRDA:8,1,0,7
BRDA:8,1,1,7
BRDA:13,2,0,0
BRDA:13,3,0,0
BRDA:13,3,1,0
BRDA:23,4,0,0
BRDA:26,5,0,0
BRDA:26,5,1,0
BRDA:33,6,0,0
BRDA:39,7,0,0
BRDA:39,7,1,0
BRDA:39,8,0,0
BRDA:39,8,1,0
BRDA:40,9,0,0
BRDA:40,9,1,0
BRDA:40,9,2,0
BRDA:41,10,0,0
BRDA:41,10,1,0
BRDA:41,10,2,0
BRDA:43,11,0,0
BRDA:47,12,0,0
BRDA:51,13,0,0
BRDA:51,13,1,0
BRF:25
BRH:4
end_of_record
TN:
SF:src/shared/index.ts
FN:6,(anonymous_0)
FN:10,(anonymous_1)
FN:11,(anonymous_2)
FN:12,(anonymous_3)
FN:13,(anonymous_4)
FN:14,(anonymous_5)
FN:15,(anonymous_6)
FN:16,(anonymous_7)
FN:17,(anonymous_8)
FN:18,(anonymous_9)
FN:19,(anonymous_10)
FN:37,(anonymous_11)
FN:38,(anonymous_12)
FN:39,(anonymous_13)
FN:40,(anonymous_14)
FN:41,(anonymous_15)
FN:42,(anonymous_16)
FN:43,(anonymous_17)
FN:44,(anonymous_18)
FN:48,(anonymous_19)
FN:49,(anonymous_20)
FN:49,(anonymous_21)
FN:50,(anonymous_22)
FN:51,(anonymous_23)
FN:52,(anonymous_24)
FN:52,(anonymous_25)
FN:53,(anonymous_26)
FN:53,(anonymous_27)
FN:54,(anonymous_28)
FN:54,(anonymous_29)
FN:54,(anonymous_30)
FNF:31
FNH:0
FNDA:0,(anonymous_0)
FNDA:0,(anonymous_1)
FNDA:0,(anonymous_2)
FNDA:0,(anonymous_3)
FNDA:0,(anonymous_4)
FNDA:0,(anonymous_5)
FNDA:0,(anonymous_6)
FNDA:0,(anonymous_7)
FNDA:0,(anonymous_8)
FNDA:0,(anonymous_9)
FNDA:0,(anonymous_10)
FNDA:0,(anonymous_11)
FNDA:0,(anonymous_12)
FNDA:0,(anonymous_13)
FNDA:0,(anonymous_14)
FNDA:0,(anonymous_15)
FNDA:0,(anonymous_16)
FNDA:0,(anonymous_17)
FNDA:0,(anonymous_18)
FNDA:0,(anonymous_19)
FNDA:0,(anonymous_20)
FNDA:0,(anonymous_21)
FNDA:0,(anonymous_22)
FNDA:0,(anonymous_23)
FNDA:0,(anonymous_24)
FNDA:0,(anonymous_25)
FNDA:0,(anonymous_26)
FNDA:0,(anonymous_27)
FNDA:0,(anonymous_28)
FNDA:0,(anonymous_29)
FNDA:0,(anonymous_30)
DA:6,0
DA:9,0
DA:10,0
DA:11,0
DA:12,0
DA:13,0
DA:14,0
DA:15,0
DA:16,0
DA:17,0
DA:18,0
DA:19,0
DA:36,0
DA:37,0
DA:38,0
DA:39,0
DA:40,0
DA:41,0
DA:42,0
DA:43,0
DA:44,0
DA:48,0
DA:49,0
DA:50,0
DA:51,0
DA:52,0
DA:53,0
DA:54,0
LF:28
LH:0
BRF:0
BRH:0
end_of_record
TN:
SF:src/shared/constants/app.constants.ts
FNF:0
FNH:0
DA:5,15
LF:1
LH:1
BRF:0
BRH:0
end_of_record
TN:
SF:src/shared/constants/index.ts
FN:1,(anonymous_0)
FNF:1
FNH:1
FNDA:269,(anonymous_0)
DA:1,284
LF:1
LH:1
BRF:0
BRH:0
end_of_record
TN:
SF:src/shared/core/context/index.ts
FN:1,(anonymous_0)
FN:1,(anonymous_1)
FNF:2
FNH:1
FNDA:6,(anonymous_0)
FNDA:0,(anonymous_1)
DA:1,16
LF:1
LH:1
BRF:0
BRH:0
end_of_record
TN:
SF:src/shared/core/context/request.context.ts
FN:14,(anonymous_0)
FN:21,(anonymous_1)
FN:28,(anonymous_2)
FN:35,(anonymous_3)
FN:42,(anonymous_4)
FN:49,(anonymous_5)
FN:56,(anonymous_6)
FN:63,(anonymous_7)
FN:75,(anonymous_8)
FNF:9
FNH:2
FNDA:0,(anonymous_0)
FNDA:6,(anonymous_1)
FNDA:6,(anonymous_2)
FNDA:0,(anonymous_3)
FNDA:0,(anonymous_4)
FNDA:0,(anonymous_5)
FNDA:0,(anonymous_6)
FNDA:0,(anonymous_7)
FNDA:0,(anonymous_8)
DA:5,10
DA:8,10
DA:10,10
DA:15,0
DA:22,6
DA:29,6
DA:36,0
DA:43,0
DA:50,0
DA:57,0
DA:64,0
DA:73,10
DA:75,10
DA:80,0
DA:81,0
DA:82,0
DA:83,0
DA:84,0
DA:86,0
DA:94,0
DA:97,0
DA:99,0
LF:22
LH:7
BRDA:81,0,0,0
BRDA:81,0,1,0
BRDA:82,1,0,0
BRDA:82,1,1,0
BRDA:83,2,0,0
BRDA:83,2,1,0
BRDA:84,3,0,0
BRDA:84,3,1,0
BRF:8
BRH:0
end_of_record
TN:
SF:src/shared/core/filtering/filter.builder.ts
FN:23,(anonymous_0)
FN:47,(anonymous_1)
FN:72,(anonymous_2)
FNF:3
FNH:0
FNDA:0,(anonymous_0)
FNDA:0,(anonymous_1)
FNDA:0,(anonymous_2)
DA:19,7
DA:24,0
DA:26,0
DA:27,0
DA:38,0
DA:41,0
DA:48,0
DA:50,0
DA:52,0
DA:54,0
DA:55,0
DA:57,0
DA:58,0
DA:66,0
DA:74,0
DA:75,0
DA:79,0
DA:80,0
DA:83,0
DA:84,0
DA:85,0
DA:87,0
DA:91,0
LF:23
LH:1
BRDA:35,0,0,0
BRDA:35,0,1,0
BRDA:38,1,0,0
BRDA:38,1,1,0
BRDA:50,2,0,0
BRDA:57,3,0,0
BRDA:57,4,0,0
BRDA:57,4,1,0
BRDA:57,4,2,0
BRDA:74,5,0,0
BRDA:74,6,0,0
BRDA:74,6,1,0
BRDA:79,7,0,0
BRDA:80,8,0,0
BRDA:83,9,0,0
BRDA:83,10,0,0
BRDA:83,10,1,0
BRF:17
BRH:0
end_of_record
TN:
SF:src/shared/core/filtering/index.ts
FN:1,(anonymous_0)
FNF:1
FNH:0
FNDA:0,(anonymous_0)
DA:1,7
LF:1
LH:1
BRF:0
BRH:0
end_of_record
TN:
SF:src/shared/core/pagination/index.ts
FN:1,(anonymous_0)
FN:1,(anonymous_1)
FNF:2
FNH:2
FNDA:8,(anonymous_0)
FNDA:7,(anonymous_1)
DA:1,21
LF:1
LH:1
BRF:0
BRH:0
end_of_record
TN:
SF:src/shared/core/pagination/pagination.dto.ts
FN:15,(anonymous_0)
FN:39,(anonymous_1)
FN:46,(anonymous_2)
FN:53,(anonymous_3)
FN:61,(anonymous_4)
FN:81,(anonymous_5)
FNF:6
FNH:4
FNDA:8,(anonymous_0)
FNDA:7,(anonymous_1)
FNDA:7,(anonymous_2)
FNDA:0,(anonymous_3)
FNDA:0,(anonymous_4)
FNDA:7,(anonymous_5)
DA:1,13
DA:2,13
DA:8,13
DA:22,8
DA:29,8
DA:30,8
DA:31,8
DA:32,8
DA:33,8
DA:40,7
DA:47,7
DA:54,0
DA:55,0
DA:62,0
DA:70,13
DA:87,7
DA:88,7
LF:17
LH:14
BRDA:16,0,0,0
BRDA:17,1,0,0
BRDA:18,2,0,7
BRDA:19,3,0,7
BRDA:33,4,0,1
BRDA:33,4,1,7
BRDA:54,5,0,0
BRF:7
BRH:4
end_of_record
TN:
SF:src/shared/core/repository/base.repository.ts
FN:15,(anonymous_0)
FN:23,(anonymous_1)
FN:33,(anonymous_2)
FN:44,(anonymous_3)
FN:54,(anonymous_4)
FN:76,(anonymous_5)
FN:93,(anonymous_6)
FN:103,(anonymous_7)
FN:120,(anonymous_8)
FN:135,(anonymous_9)
FN:145,(anonymous_10)
FN:161,(anonymous_11)
FN:177,(anonymous_12)
FN:187,(anonymous_13)
FN:200,(anonymous_14)
FN:208,(anonymous_15)
FN:216,(anonymous_16)
FN:223,(anonymous_17)
FNF:18
FNH:7
FNDA:22,(anonymous_0)
FNDA:9,(anonymous_1)
FNDA:0,(anonymous_2)
FNDA:0,(anonymous_3)
FNDA:7,(anonymous_4)
FNDA:1,(anonymous_5)
FNDA:0,(anonymous_6)
FNDA:1,(anonymous_7)
FNDA:0,(anonymous_8)
FNDA:0,(anonymous_9)
FNDA:2,(anonymous_10)
FNDA:2,(anonymous_11)
FNDA:0,(anonymous_12)
FNDA:0,(anonymous_13)
FNDA:0,(anonymous_14)
FNDA:0,(anonymous_15)
FNDA:0,(anonymous_16)
FNDA:0,(anonymous_17)
DA:2,10
DA:3,10
DA:4,10
DA:11,10
DA:16,22
DA:17,22
DA:24,9
DA:25,9
DA:34,0
DA:35,0
DA:36,0
DA:38,0
DA:45,0
DA:46,0
DA:58,7
DA:60,7
DA:70,7
DA:77,1
DA:78,1
DA:79,1
DA:81,1
DA:94,0
DA:95,0
DA:104,1
DA:105,1
DA:106,1
DA:108,1
DA:125,0
DA:126,0
DA:128,0
DA:136,0
DA:137,0
DA:146,2
DA:147,2
DA:149,2
DA:162,2
DA:163,2
DA:165,2
DA:178,0
DA:179,0
DA:188,0
DA:189,0
DA:201,0
DA:202,0
DA:209,0
DA:210,0
DA:217,0
DA:224,0
DA:225,0
DA:226,0
DA:227,0
DA:229,0
LF:52
LH:25
BRDA:33,0,0,0
BRDA:35,1,0,0
BRDA:79,2,0,1
BRDA:79,2,1,1
BRDA:79,2,2,1
BRDA:106,3,0,1
BRDA:106,3,1,1
BRDA:106,3,2,0
BRDA:123,4,0,0
BRDA:153,5,0,2
BRDA:153,5,1,2
BRDA:169,6,0,2
BRDA:169,6,1,2
BRDA:226,7,0,0
BRDA:226,7,1,0
BRDA:226,7,2,0
BRDA:227,8,0,0
BRDA:227,8,1,0
BRDA:227,8,2,0
BRF:19
BRH:9
end_of_record
TN:
SF:src/shared/core/repository/index.ts
FN:1,(anonymous_0)
FNF:1
FNH:1
FNDA:22,(anonymous_0)
DA:1,32
LF:1
LH:1
BRF:0
BRH:0
end_of_record
TN:
SF:src/shared/core/response/api.response.ts
FN:12,(anonymous_0)
FN:28,(anonymous_1)
FN:46,(anonymous_2)
FN:57,(anonymous_3)
FN:73,(anonymous_4)
FN:88,(anonymous_5)
FN:98,(anonymous_6)
FN:108,(anonymous_7)
FN:118,(anonymous_8)
FNF:9
FNH:9
FNDA:52,(anonymous_0)
FNDA:8,(anonymous_1)
FNDA:15,(anonymous_2)
FNDA:22,(anonymous_3)
FNDA:24,(anonymous_4)
FNDA:1,(anonymous_5)
FNDA:1,(anonymous_6)
FNDA:1,(anonymous_7)
FNDA:1,(anonymous_8)
DA:2,7
DA:8,7
DA:18,52
DA:35,8
DA:51,15
DA:63,22
DA:78,24
DA:92,1
DA:102,1
DA:112,1
DA:122,1
LF:11
LH:11
BRDA:15,0,0,0
BRDA:16,1,0,36
BRDA:32,2,0,0
BRDA:33,3,0,8
BRDA:49,4,0,0
BRDA:59,5,0,0
BRDA:60,6,0,1
BRDA:66,7,0,22
BRDA:66,7,1,21
BRDA:76,8,0,4
BRDA:90,9,0,0
BRDA:100,10,0,0
BRDA:110,11,0,0
BRDA:120,12,0,0
BRF:14
BRH:6
end_of_record
TN:
SF:src/shared/core/response/index.ts
FN:1,(anonymous_0)
FNF:1
FNH:1
FNDA:106,(anonymous_0)
DA:1,113
LF:1
LH:1
BRF:0
BRH:0
end_of_record
TN:
SF:src/shared/exceptions/app.exception.ts
FN:7,(anonymous_0)
FN:20,(anonymous_1)
FN:26,(anonymous_2)
FN:32,(anonymous_3)
FN:38,(anonymous_4)
FN:47,(anonymous_5)
FN:53,(anonymous_6)
FN:59,(anonymous_7)
FN:65,(anonymous_8)
FN:71,(anonymous_9)
FNF:10
FNH:0
FNDA:0,(anonymous_0)
FNDA:0,(anonymous_1)
FNDA:0,(anonymous_2)
FNDA:0,(anonymous_3)
FNDA:0,(anonymous_4)
FNDA:0,(anonymous_5)
FNDA:0,(anonymous_6)
FNDA:0,(anonymous_7)
FNDA:0,(anonymous_8)
FNDA:0,(anonymous_9)
DA:6,10
DA:8,0
DA:9,0
DA:10,0
DA:11,0
DA:13,0
DA:14,0
DA:15,0
DA:19,10
DA:21,0
DA:25,10
DA:27,0
DA:31,10
DA:33,0
DA:37,10
DA:42,0
DA:46,10
DA:48,0
DA:52,10
DA:54,0
DA:58,10
DA:60,0
DA:64,10
DA:66,0
DA:70,10
DA:72,0
DA:75,0
LF:27
LH:10
BRDA:9,0,0,0
BRDA:10,1,0,0
BRDA:20,2,0,0
BRDA:26,3,0,0
BRDA:32,4,0,0
BRDA:39,5,0,0
BRDA:47,6,0,0
BRDA:53,7,0,0
BRDA:59,8,0,0
BRDA:65,9,0,0
BRDA:73,10,0,0
BRF:11
BRH:0
end_of_record
TN:
SF:src/shared/exceptions/index.ts
FNF:0
FNH:0
DA:1,10
LF:1
LH:1
BRF:0
BRH:0
end_of_record
TN:
SF:src/shared/logger/index.ts
FN:1,(anonymous_0)
FN:1,(anonymous_1)
FNF:2
FNH:0
FNDA:0,(anonymous_0)
FNDA:0,(anonymous_1)
DA:1,0
LF:1
LH:0
BRF:0
BRH:0
end_of_record
TN:
SF:src/shared/logger/logger.service.ts
FN:11,(anonymous_1)
FN:25,(anonymous_2)
FN:44,(anonymous_3)
FN:48,(anonymous_4)
FN:56,(anonymous_5)
FN:60,(anonymous_6)
FN:64,(anonymous_7)
FN:82,(anonymous_8)
FN:85,(anonymous_9)
FNF:9
FNH:0
FNDA:0,(anonymous_1)
FNDA:0,(anonymous_2)
FNDA:0,(anonymous_3)
FNDA:0,(anonymous_4)
FNDA:0,(anonymous_5)
FNDA:0,(anonymous_6)
FNDA:0,(anonymous_7)
FNDA:0,(anonymous_8)
FNDA:0,(anonymous_9)
DA:1,0
DA:2,0
DA:8,0
DA:12,0
DA:26,0
DA:27,0
DA:45,0
DA:49,0
DA:57,0
DA:61,0
DA:65,0
DA:66,0
DA:82,0
DA:83,0
DA:85,0
DA:86,0
DA:87,0
DA:88,0
DA:90,0
DA:99,0
DA:100,0
DA:101,0
DA:102,0
DA:104,0
DA:108,0
LF:25
LH:0
BRDA:13,0,0,0
BRDA:13,0,1,0
BRDA:26,1,0,0
BRDA:26,1,1,0
BRDA:28,2,0,0
BRDA:28,2,1,0
BRDA:51,3,0,0
BRDA:51,3,1,0
BRDA:52,4,0,0
BRDA:52,4,1,0
BRDA:99,5,0,0
BRDA:99,5,1,0
BRDA:101,6,0,0
BRDA:101,6,1,0
BRF:14
BRH:0
end_of_record
TN:
SF:src/shared/utils/date.util.ts
FN:19,(anonymous_1)
FN:26,(anonymous_2)
FN:33,(anonymous_3)
FN:40,(anonymous_4)
FN:47,(anonymous_5)
FN:54,(anonymous_6)
FN:61,(anonymous_7)
FN:68,(anonymous_8)
FN:75,(anonymous_9)
FN:82,(anonymous_10)
FN:89,(anonymous_11)
FN:96,(anonymous_12)
FN:103,(anonymous_13)
FN:110,(anonymous_14)
FN:130,(anonymous_15)
FNF:15
FNH:0
FNDA:0,(anonymous_1)
FNDA:0,(anonymous_2)
FNDA:0,(anonymous_3)
FNDA:0,(anonymous_4)
FNDA:0,(anonymous_5)
FNDA:0,(anonymous_6)
FNDA:0,(anonymous_7)
FNDA:0,(anonymous_8)
FNDA:0,(anonymous_9)
FNDA:0,(anonymous_10)
FNDA:0,(anonymous_11)
FNDA:0,(anonymous_12)
FNDA:0,(anonymous_13)
FNDA:0,(anonymous_14)
FNDA:0,(anonymous_15)
DA:1,13
DA:2,13
DA:3,13
DA:4,13
DA:6,13
DA:7,13
DA:13,13
DA:14,13
DA:20,0
DA:27,0
DA:34,0
DA:41,0
DA:48,0
DA:55,0
DA:62,0
DA:69,0
DA:76,0
DA:83,0
DA:90,0
DA:97,0
DA:104,0
DA:111,0
DA:112,0
DA:113,0
DA:116,0
DA:117,0
DA:124,0
DA:131,0
DA:132,0
DA:133,0
DA:135,0
LF:31
LH:8
BRDA:47,0,0,0
BRDA:54,1,0,0
BRDA:96,2,0,0
BRDA:103,3,0,0
BRDA:112,4,0,0
BRDA:133,5,0,0
BRDA:133,5,1,0
BRF:7
BRH:0
end_of_record
TN:
SF:src/shared/utils/index.ts
FN:1,(anonymous_0)
FN:2,(anonymous_1)
FN:2,(anonymous_2)
FN:3,(anonymous_3)
FN:4,(anonymous_4)
FN:4,(anonymous_5)
FN:4,(anonymous_6)
FN:5,(anonymous_7)
FNF:8
FNH:3
FNDA:0,(anonymous_0)
FNDA:0,(anonymous_1)
FNDA:0,(anonymous_2)
FNDA:0,(anonymous_3)
FNDA:22,(anonymous_4)
FNDA:1,(anonymous_5)
FNDA:15,(anonymous_6)
FNDA:0,(anonymous_7)
DA:1,13
DA:2,13
DA:3,13
DA:4,35
DA:5,13
LF:5
LH:5
BRF:0
BRH:0
end_of_record
TN:
SF:src/shared/utils/query.util.ts
FN:9,(anonymous_0)
FN:36,(anonymous_1)
FN:43,(anonymous_2)
FN:64,(anonymous_3)
FN:68,(anonymous_4)
FN:80,(anonymous_5)
FN:96,(anonymous_6)
FN:111,(anonymous_7)
FNF:8
FNH:6
FNDA:7,(anonymous_0)
FNDA:7,(anonymous_1)
FNDA:8,(anonymous_2)
FNDA:0,(anonymous_3)
FNDA:0,(anonymous_4)
FNDA:1,(anonymous_5)
FNDA:7,(anonymous_6)
FNDA:8,(anonymous_7)
DA:5,13
DA:21,7
DA:23,7
DA:37,7
DA:49,8
DA:60,13
DA:65,0
DA:67,0
DA:68,0
DA:81,1
DA:92,13
DA:101,7
DA:102,0
DA:105,7
DA:112,8
LF:15
LH:11
BRDA:46,0,0,0
BRDA:47,1,0,0
BRDA:65,2,0,0
BRDA:101,3,0,0
BRDA:112,4,0,0
BRDA:112,4,1,8
BRF:6
BRH:1
end_of_record
TN:
SF:src/shared/utils/security.util.ts
FN:21,(anonymous_9)
FN:28,(anonymous_10)
FN:35,(anonymous_11)
FN:70,(anonymous_12)
FN:88,(anonymous_13)
FN:95,(anonymous_14)
FN:102,(anonymous_15)
FN:109,(anonymous_16)
FNF:8
FNH:0
FNDA:0,(anonymous_9)
FNDA:0,(anonymous_10)
FNDA:0,(anonymous_11)
FNDA:0,(anonymous_12)
FNDA:0,(anonymous_13)
FNDA:0,(anonymous_14)
FNDA:0,(anonymous_15)
FNDA:0,(anonymous_16)
DA:1,13
DA:2,13
DA:8,13
DA:9,13
DA:10,13
DA:11,13
DA:22,0
DA:29,0
DA:39,0
DA:41,0
DA:42,0
DA:45,0
DA:46,0
DA:49,0
DA:50,0
DA:53,0
DA:54,0
DA:57,0
DA:58,0
DA:61,0
DA:71,0
DA:72,0
DA:73,0
DA:74,0
DA:76,0
DA:84,13
DA:89,0
DA:96,0
DA:103,0
DA:110,0
DA:111,0
LF:31
LH:7
BRDA:41,0,0,0
BRDA:45,1,0,0
BRDA:49,2,0,0
BRDA:53,3,0,0
BRDA:57,4,0,0
BRDA:70,5,0,0
BRDA:88,6,0,0
BRDA:95,7,0,0
BRF:8
BRH:0
end_of_record
TN:
SF:src/shared/utils/uuid.generator.ts
FN:14,(anonymous_1)
FN:22,(anonymous_2)
FN:31,(anonymous_3)
FN:41,(anonymous_4)
FN:48,(anonymous_5)
FNF:5
FNH:0
FNDA:0,(anonymous_1)
FNDA:0,(anonymous_2)
FNDA:0,(anonymous_3)
FNDA:0,(anonymous_4)
FNDA:0,(anonymous_5)
DA:1,13
DA:7,13
DA:9,13
DA:15,0
DA:23,0
DA:32,0
DA:33,0
DA:35,0
DA:42,0
DA:49,0
DA:50,0
LF:11
LH:3
BRDA:48,0,0,0
BRDA:49,1,0,0
BRF:2
BRH:0
end_of_record
TN:
SF:src/shared/utils/validation.util.ts
FN:9,(anonymous_0)
FN:17,(anonymous_1)
FN:25,(anonymous_2)
FN:33,(anonymous_3)
FN:41,(anonymous_4)
FN:53,(anonymous_5)
FN:64,(anonymous_6)
FN:74,(anonymous_7)
FN:84,(anonymous_8)
FN:91,(anonymous_9)
FNF:10
FNH:0
FNDA:0,(anonymous_0)
FNDA:0,(anonymous_1)
FNDA:0,(anonymous_2)
FNDA:0,(anonymous_3)
FNDA:0,(anonymous_4)
FNDA:0,(anonymous_5)
FNDA:0,(anonymous_6)
FNDA:0,(anonymous_7)
FNDA:0,(anonymous_8)
FNDA:0,(anonymous_9)
DA:5,13
DA:10,0
DA:11,0
DA:18,0
DA:19,0
DA:26,0
DA:27,0
DA:34,0
DA:35,0
DA:42,0
DA:43,0
DA:44,0
DA:46,0
DA:58,0
DA:65,0
DA:66,0
DA:67,0
DA:68,0
DA:75,0
DA:85,0
DA:92,0
LF:21
LH:1
BRDA:58,0,0,0
BRDA:58,0,1,0
BRDA:65,1,0,0
BRDA:65,2,0,0
BRDA:65,2,1,0
BRDA:66,3,0,0
BRDA:67,4,0,0
BRF:7
BRH:0
end_of_record
TN:
SF:src/shared/validation/index.ts
FN:85,validate
FN:95,(anonymous_1)
FN:111,validateOrThrow
FNF:3
FNH:0
FNDA:0,validate
FNDA:0,(anonymous_1)
FNDA:0,validateOrThrow
DA:1,7
DA:2,7
DA:8,7
DA:85,7
DA:89,0
DA:90,0
DA:91,0
DA:93,0
DA:94,0
DA:95,0
DA:96,0
DA:97,0
DA:98,0
DA:100,0
DA:102,0
DA:104,0
DA:111,7
DA:115,0
DA:116,0
DA:117,0
DA:119,0
LF:21
LH:5
BRDA:93,0,0,0
BRDA:97,1,0,0
BRDA:116,2,0,0
BRF:3
BRH:0
end_of_record
TN:
SF:src/utils/errors.ts
FN:5,(anonymous_0)
FN:18,(anonymous_1)
FN:26,(anonymous_2)
FN:33,(anonymous_3)
FN:40,(anonymous_4)
FN:47,(anonymous_5)
FNF:6
FNH:6
FNDA:53,(anonymous_0)
FNDA:9,(anonymous_1)
FNDA:5,(anonymous_2)
FNDA:17,(anonymous_3)
FNDA:14,(anonymous_4)
FNDA:6,(anonymous_5)
DA:1,13
DA:6,53
DA:7,53
DA:8,53
DA:9,53
DA:10,53
DA:11,53
DA:15,13
DA:19,9
DA:20,9
DA:21,9
DA:25,13
DA:27,5
DA:28,5
DA:32,13
DA:34,17
DA:35,17
DA:39,13
DA:41,14
DA:42,14
DA:46,13
DA:48,6
DA:49,6
LF:23
LH:23
BRDA:5,0,0,2
BRDA:33,1,0,1
BRDA:40,2,0,1
BRDA:47,3,0,1
BRF:4
BRH:4
end_of_record
TN:
SF:src/utils/jwt.ts
FN:1,getJwtSecret
FNF:1
FNH:0
FNDA:0,getJwtSecret
DA:1,0
DA:2,0
DA:3,0
DA:4,0
DA:6,0
LF:5
LH:0
BRDA:3,0,0,0
BRF:1
BRH:0
end_of_record
TN:
SF:src/utils/logger.ts
FN:6,(anonymous_0)
FN:28,(anonymous_1)
FN:32,(anonymous_2)
FN:37,(anonymous_3)
FN:49,(anonymous_4)
FN:81,(anonymous_5)
FN:85,(anonymous_6)
FN:89,(anonymous_7)
FN:93,(anonymous_8)
FNF:9
FNH:9
FNDA:10,(anonymous_0)
FNDA:10,(anonymous_1)
FNDA:240,(anonymous_2)
FNDA:133,(anonymous_3)
FNDA:240,(anonymous_4)
FNDA:107,(anonymous_5)
FNDA:63,(anonymous_6)
FNDA:38,(anonymous_7)
FNDA:32,(anonymous_8)
DA:6,10
DA:7,10
DA:8,10
DA:9,10
DA:10,10
DA:29,10
DA:33,240
DA:34,240
DA:38,133
DA:39,133
DA:46,133
DA:50,240
DA:52,133
DA:66,133
DA:69,133
DA:71,32
DA:72,32
DA:74,38
DA:75,38
DA:77,63
DA:82,107
DA:86,63
DA:90,38
DA:94,32
DA:99,10
DA:103,10
LF:26
LH:26
BRDA:6,0,0,10
BRDA:6,0,1,10
BRDA:28,1,0,0
BRDA:43,2,0,133
BRDA:43,2,1,89
BRDA:44,3,0,133
BRDA:44,3,1,32
BRDA:50,4,0,107
BRDA:56,5,0,133
BRDA:56,5,1,89
BRDA:57,6,0,133
BRDA:57,6,1,32
BRDA:69,7,0,32
BRDA:69,7,1,38
BRDA:69,7,2,63
BRDA:100,8,0,0
BRDA:100,8,1,10
BRDA:100,9,0,0
BRDA:100,9,1,0
BRF:19
BRH:15
end_of_record
TN:
SF:src/utils/validation.ts
FN:11,(anonymous_0)
FN:12,(anonymous_1)
FNF:2
FNH:2
FNDA:270,(anonymous_0)
FNDA:43,(anonymous_1)
DA:3,6
DA:11,6
DA:12,270
DA:13,43
DA:15,43
DA:16,20
DA:17,20
DA:18,5
DA:19,11
DA:20,11
DA:21,11
DA:23,11
DA:26,15
DA:30,43
DA:31,7
DA:32,7
DA:33,0
DA:34,0
DA:35,0
DA:36,0
DA:38,0
DA:43,43
DA:44,27
DA:45,27
DA:46,2
DA:47,2
DA:48,2
DA:49,2
DA:51,2
DA:56,43
DA:57,7
DA:60,36
LF:32
LH:27
BRDA:15,0,0,20
BRDA:17,1,0,5
BRDA:17,1,1,15
BRDA:20,2,0,11
BRDA:30,3,0,7
BRDA:32,4,0,0
BRDA:35,5,0,0
BRDA:43,6,0,27
BRDA:45,7,0,2
BRDA:48,8,0,2
BRDA:56,9,0,7
BRF:11
BRH:9
end_of_record
TN:
SF:src/validators/auth.validators.ts
FN:59,(anonymous_0)
FN:62,(anonymous_1)
FNF:2
FNH:2
FNDA:4,(anonymous_0)
FNDA:4,(anonymous_1)
DA:1,6
DA:4,6
DA:12,6
DA:15,6
DA:25,6
DA:33,6
DA:40,6
DA:47,6
DA:55,6
DA:59,4
DA:62,4
LF:11
LH:11
BRF:0
BRH:0
end_of_record
TN:
SF:src/validators/lease.validators.ts
FNF:0
FNH:0
DA:1,6
DA:3,6
DA:13,6
DA:21,6
LF:4
LH:4
BRF:0
BRH:0
end_of_record
TN:
SF:src/validators/membership.validators.ts
FNF:0
FNH:0
DA:1,1
DA:2,1
DA:5,1
DA:6,1
DA:7,1
DA:10,1
DA:18,1
DA:25,1
DA:32,1
DA:39,1
DA:46,1
DA:53,1
DA:61,1
DA:68,1
DA:75,1
DA:88,1
LF:16
LH:16
BRF:0
BRH:0
end_of_record
TN:
SF:src/validators/organization.validators.ts
FN:87,(anonymous_0)
FNF:1
FNH:1
FNDA:1,(anonymous_0)
DA:1,6
DA:2,6
DA:3,6
DA:5,6
DA:7,6
DA:8,6
DA:11,6
DA:16,6
DA:21,6
DA:23,6
DA:25,6
DA:27,6
DA:29,6
DA:39,6
DA:42,6
DA:44,6
DA:56,6
DA:57,6
DA:59,6
DA:67,6
DA:86,6
DA:87,1
DA:91,6
DA:95,6
LF:24
LH:24
BRF:0
BRH:0
end_of_record
TN:
SF:src/validators/property.validator.ts
FN:71,(anonymous_0)
FN:71,(anonymous_1)
FNF:2
FNH:2
FNDA:2,(anonymous_0)
FNDA:2,(anonymous_1)
DA:1,6
DA:4,6
DA:7,6
DA:10,6
DA:46,6
DA:51,6
DA:71,2
DA:78,6
DA:93,6
LF:9
LH:9
BRF:0
BRH:0
end_of_record
TN:
SF:src/validators/property.validators.ts
FNF:0
FNH:0
DA:1,0
DA:3,0
DA:12,0
DA:21,0
LF:4
LH:0
BRF:0
BRH:0
end_of_record
TN:
SF:src/validators/rbac.validators.ts
FNF:0
FNH:0
DA:1,6
DA:8,6
DA:26,6
DA:40,6
DA:50,6
DA:68,6
DA:82,6
DA:96,6
DA:102,6
DA:108,6
DA:114,6
DA:126,6
DA:133,6
DA:140,6
DA:149,6
DA:159,6
DA:168,6
LF:17
LH:17
BRF:0
BRH:0
end_of_record
TN:
SF:src/validators/tenant.validators.ts
FNF:0
FNH:0
DA:1,6
DA:3,6
LF:2
LH:2
BRF:0
BRH:0
end_of_record
TN:
SF:src/validators/unit.validator.ts
FNF:0
FNH:0
DA:1,6
DA:4,6
DA:5,6
DA:8,6
DA:30,6
DA:38,6
DA:60,6
DA:74,6
LF:8
LH:8
BRF:0
BRH:0
end_of_record
TN:
SF:src/validators/unit.validators.ts
FNF:0
FNH:0
DA:1,0
DA:3,0
DA:12,0
DA:20,0
LF:4
LH:0
BRF:0
BRH:0
end_of_record
