TN:
SF:src\app.ts
FN:46,(anonymous_1)
FN:53,(anonymous_2)
FN:73,(anonymous_3)
FN:101,(anonymous_4)
FNF:4
FNH:1
FNDA:209,(anonymous_1)
FNDA:0,(anonymous_2)
FNDA:0,(anonymous_3)
FNDA:0,(anonymous_4)
DA:1,8
DA:2,8
DA:3,8
DA:4,8
DA:5,8
DA:6,8
DA:7,8
DA:8,8
DA:9,8
DA:10,8
DA:11,8
DA:12,8
DA:13,8
DA:14,8
DA:15,8
DA:16,8
DA:17,8
DA:22,8
DA:23,8
DA:24,8
DA:25,8
DA:27,8
DA:28,8
DA:30,8
DA:34,8
DA:37,8
DA:40,8
DA:43,8
DA:46,8
DA:47,209
DA:48,209
DA:49,209
DA:53,8
DA:54,0
DA:66,8
DA:69,8
DA:70,8
DA:73,8
DA:74,0
DA:78,8
DA:81,8
DA:84,8
DA:87,8
DA:90,8
DA:91,8
DA:92,8
DA:93,8
DA:94,8
DA:95,8
DA:98,8
DA:101,8
DA:102,0
DA:110,8
DA:112,8
LF:54
LH:51
BRDA:27,0,0,8
BRDA:27,0,1,0
BRDA:47,1,0,209
BRDA:47,1,1,209
BRF:4
BRH:3
end_of_record
TN:
SF:src\openapi.ts
FNF:0
FNH:0
DA:1,0
LF:1
LH:0
BRF:0
BRH:0
end_of_record
TN:
SF:src\__tests__\helpers\auth.helpers.ts
FN:15,getAccessToken
FN:23,getOrganizationId
FN:33,getUserId
FNF:3
FNH:3
FNDA:14,getAccessToken
FNDA:9,getOrganizationId
FNDA:1,getUserId
DA:15,6
DA:16,14
DA:17,14
DA:18,0
DA:20,14
DA:23,6
DA:24,9
DA:25,9
DA:26,0
DA:29,9
DA:30,9
DA:33,6
DA:34,1
DA:35,1
DA:36,0
DA:38,1
LF:16
LH:13
BRDA:17,0,0,0
BRDA:25,1,0,0
BRDA:30,2,0,9
BRDA:30,2,1,0
BRDA:30,2,2,0
BRDA:35,3,0,0
BRF:6
BRH:1
end_of_record
TN:
SF:src\controllers\auth.controller.ts
FN:25,(anonymous_1)
FN:46,(anonymous_2)
FN:86,(anonymous_3)
FN:107,(anonymous_4)
FN:128,(anonymous_5)
FN:149,(anonymous_6)
FN:170,(anonymous_7)
FN:200,(anonymous_8)
FNF:8
FNH:8
FNDA:26,(anonymous_1)
FNDA:12,(anonymous_2)
FNDA:5,(anonymous_3)
FNDA:1,(anonymous_4)
FNDA:3,(anonymous_5)
FNDA:3,(anonymous_6)
FNDA:4,(anonymous_7)
FNDA:1,(anonymous_8)
DA:8,8
DA:9,8
DA:10,8
DA:11,8
DA:19,8
DA:25,8
DA:26,26
DA:27,26
DA:28,26
DA:29,11
DA:30,11
DA:31,11
DA:34,15
DA:35,14
DA:37,1
DA:38,1
DA:46,8
DA:47,12
DA:48,12
DA:49,12
DA:50,0
DA:51,0
DA:52,0
DA:55,12
DA:58,10
DA:59,10
DA:61,10
DA:63,2
DA:66,2
DA:67,2
DA:68,2
DA:69,2
DA:70,0
DA:74,0
DA:78,2
DA:86,8
DA:87,5
DA:88,5
DA:89,5
DA:90,0
DA:91,0
DA:92,0
DA:95,5
DA:96,2
DA:98,3
DA:99,3
DA:107,8
DA:108,1
DA:109,1
DA:110,1
DA:111,0
DA:112,0
DA:113,0
DA:116,1
DA:117,1
DA:119,0
DA:120,0
DA:128,8
DA:129,3
DA:130,3
DA:131,3
DA:132,1
DA:133,1
DA:134,1
DA:137,2
DA:138,2
DA:140,0
DA:141,0
DA:149,8
DA:150,3
DA:151,3
DA:152,3
DA:153,0
DA:154,0
DA:155,0
DA:158,3
DA:159,1
DA:161,2
DA:162,2
DA:170,8
DA:171,4
DA:172,4
DA:173,0
DA:174,0
DA:177,4
DA:178,4
DA:179,2
DA:180,2
DA:181,2
DA:184,2
DA:189,1
DA:191,1
DA:192,1
DA:200,8
DA:201,1
DA:202,1
DA:203,0
DA:204,0
DA:207,1
DA:208,1
DA:210,0
DA:211,0
LF:102
LH:78
BRDA:28,0,0,11
BRDA:49,1,0,0
BRDA:58,2,0,10
BRDA:58,2,1,0
BRDA:58,2,2,0
BRDA:66,3,0,2
BRDA:67,4,0,2
BRDA:67,4,1,0
BRDA:67,4,2,0
BRDA:69,5,0,0
BRDA:89,6,0,0
BRDA:110,7,0,0
BRDA:131,8,0,1
BRDA:152,9,0,0
BRDA:172,10,0,0
BRDA:178,11,0,2
BRDA:202,12,0,0
BRF:17
BRH:6
end_of_record
TN:
SF:src\controllers\health.controller.ts
FN:40,(anonymous_1)
FN:55,(anonymous_2)
FN:84,(anonymous_3)
FNF:3
FNH:0
FNDA:0,(anonymous_1)
FNDA:0,(anonymous_2)
FNDA:0,(anonymous_3)
DA:7,8
DA:8,8
DA:9,8
DA:10,8
DA:33,8
DA:40,8
DA:41,0
DA:42,0
DA:44,0
DA:45,0
DA:46,0
DA:55,8
DA:56,0
DA:58,0
DA:60,0
DA:70,0
DA:71,0
DA:72,0
DA:84,8
DA:85,0
DA:86,0
DA:87,0
DA:91,0
DA:92,0
DA:93,0
DA:94,0
DA:99,0
DA:100,0
DA:107,0
DA:108,0
DA:115,0
DA:116,0
DA:117,0
DA:118,0
DA:123,0
DA:129,0
DA:141,0
DA:143,0
DA:145,0
DA:146,0
DA:147,0
DA:155,8
LF:42
LH:9
BRDA:44,0,0,0
BRDA:44,0,1,0
BRDA:70,1,0,0
BRDA:70,1,1,0
BRDA:99,2,0,0
BRDA:99,2,1,0
BRDA:115,3,0,0
BRDA:115,3,1,0
BRDA:117,4,0,0
BRDA:123,5,0,0
BRDA:123,5,1,0
BRDA:123,6,0,0
BRDA:123,6,1,0
BRDA:125,7,0,0
BRDA:125,7,1,0
BRDA:141,8,0,0
BRDA:141,8,1,0
BRDA:141,9,0,0
BRDA:141,9,1,0
BRDA:145,10,0,0
BRDA:145,10,1,0
BRF:21
BRH:0
end_of_record
TN:
SF:src\controllers\lease.controller.ts
FN:18,getActorContext
FN:28,getParam
FN:36,(anonymous_3)
FN:68,(anonymous_4)
FN:90,(anonymous_5)
FN:137,(anonymous_6)
FN:159,(anonymous_7)
FN:181,(anonymous_8)
FN:203,(anonymous_9)
FN:237,(anonymous_10)
FN:270,(anonymous_11)
FN:288,(anonymous_12)
FN:308,(anonymous_13)
FNF:13
FNH:13
FNDA:26,getActorContext
FNDA:2,getParam
FNDA:8,(anonymous_3)
FNDA:5,(anonymous_4)
FNDA:1,(anonymous_5)
FNDA:5,(anonymous_6)
FNDA:1,(anonymous_7)
FNDA:1,(anonymous_8)
FNDA:1,(anonymous_9)
FNDA:1,(anonymous_10)
FNDA:1,(anonymous_11)
FNDA:1,(anonymous_12)
FNDA:1,(anonymous_13)
DA:3,8
DA:4,8
DA:5,8
DA:6,8
DA:19,26
DA:29,2
DA:36,8
DA:37,8
DA:38,8
DA:40,8
DA:41,8
DA:42,0
DA:43,0
DA:44,0
DA:48,8
DA:56,8
DA:57,6
DA:59,2
DA:60,2
DA:68,8
DA:69,5
DA:70,5
DA:72,5
DA:73,5
DA:74,0
DA:75,0
DA:76,0
DA:79,5
DA:80,2
DA:82,3
DA:90,8
DA:91,1
DA:92,1
DA:94,1
DA:95,1
DA:96,0
DA:97,0
DA:98,0
DA:101,1
DA:102,1
DA:103,0
DA:104,0
DA:105,0
DA:109,1
DA:113,1
DA:114,0
DA:116,1
DA:117,0
DA:119,1
DA:120,0
DA:122,1
DA:123,0
DA:126,1
DA:127,1
DA:129,0
DA:137,8
DA:138,5
DA:139,5
DA:141,5
DA:142,5
DA:143,0
DA:144,0
DA:145,0
DA:148,5
DA:149,5
DA:151,0
DA:159,8
DA:160,1
DA:161,1
DA:163,1
DA:164,1
DA:165,0
DA:166,0
DA:167,0
DA:170,1
DA:171,1
DA:173,0
DA:181,8
DA:182,1
DA:183,1
DA:185,1
DA:186,1
DA:187,0
DA:188,0
DA:189,0
DA:192,1
DA:193,1
DA:195,0
DA:203,8
DA:204,1
DA:205,1
DA:207,1
DA:208,1
DA:209,0
DA:210,0
DA:211,0
DA:214,1
DA:215,1
DA:216,0
DA:217,0
DA:218,0
DA:221,1
DA:226,1
DA:227,1
DA:229,0
DA:237,8
DA:238,1
DA:239,1
DA:241,1
DA:242,1
DA:243,0
DA:244,0
DA:245,0
DA:248,1
DA:249,1
DA:250,0
DA:251,0
DA:252,0
DA:255,1
DA:260,1
DA:262,0
DA:270,8
DA:275,1
DA:276,1
DA:277,1
DA:278,1
DA:280,0
DA:288,8
DA:289,1
DA:290,1
DA:291,1
DA:293,1
DA:294,0
DA:297,1
DA:298,1
DA:300,0
DA:308,8
DA:309,1
DA:310,1
DA:311,1
DA:313,1
DA:314,0
DA:317,1
DA:318,1
DA:320,0
LF:145
LH:97
BRDA:20,0,0,26
BRDA:20,0,1,0
BRDA:21,1,0,26
BRDA:21,1,1,0
BRDA:29,2,0,2
BRDA:29,2,1,0
BRDA:41,3,0,0
BRDA:52,4,0,1
BRDA:52,4,1,7
BRDA:53,5,0,0
BRDA:53,5,1,8
BRDA:73,6,0,0
BRDA:95,7,0,0
BRDA:102,8,0,0
BRDA:113,9,0,0
BRDA:116,10,0,0
BRDA:119,11,0,0
BRDA:122,12,0,0
BRDA:142,13,0,0
BRDA:164,14,0,0
BRDA:186,15,0,0
BRDA:208,16,0,0
BRDA:215,17,0,0
BRDA:242,18,0,0
BRDA:249,19,0,0
BRDA:293,20,0,0
BRDA:313,21,0,0
BRF:27
BRH:6
end_of_record
TN:
SF:src\controllers\maintenance.controller.ts
FN:21,getActorContext
FN:31,getParam
FN:39,(anonymous_2)
FN:77,(anonymous_3)
FN:112,(anonymous_4)
FN:167,(anonymous_5)
FN:214,(anonymous_6)
FN:261,(anonymous_7)
FN:308,(anonymous_8)
FN:355,(anonymous_9)
FN:377,(anonymous_10)
FN:412,(anonymous_11)
FN:452,(anonymous_12)
FNF:13
FNH:11
FNDA:40,getActorContext
FNDA:16,getParam
FNDA:12,(anonymous_2)
FNDA:4,(anonymous_3)
FNDA:10,(anonymous_4)
FNDA:2,(anonymous_5)
FNDA:2,(anonymous_6)
FNDA:4,(anonymous_7)
FNDA:0,(anonymous_8)
FNDA:2,(anonymous_9)
FNDA:0,(anonymous_10)
FNDA:2,(anonymous_11)
FNDA:2,(anonymous_12)
DA:3,9
DA:4,9
DA:6,9
DA:22,40
DA:32,16
DA:39,9
DA:44,12
DA:45,12
DA:47,12
DA:48,12
DA:49,1
DA:53,1
DA:54,1
DA:57,11
DA:63,11
DA:69,0
DA:77,9
DA:82,4
DA:83,4
DA:85,4
DA:88,4
DA:89,0
DA:93,0
DA:94,0
DA:97,4
DA:102,2
DA:104,2
DA:112,9
DA:117,10
DA:118,10
DA:120,10
DA:121,10
DA:122,0
DA:126,0
DA:127,0
DA:130,10
DA:132,10
DA:133,10
DA:134,10
DA:135,10
DA:136,10
DA:137,10
DA:138,10
DA:139,10
DA:140,10
DA:142,10
DA:149,10
DA:159,0
DA:167,9
DA:172,2
DA:173,2
DA:175,2
DA:178,2
DA:179,0
DA:183,0
DA:184,0
DA:187,2
DA:188,2
DA:189,0
DA:193,0
DA:194,0
DA:197,2
DA:204,2
DA:206,0
DA:214,9
DA:219,2
DA:220,2
DA:222,2
DA:225,2
DA:226,0
DA:230,0
DA:231,0
DA:234,2
DA:235,2
DA:236,0
DA:240,0
DA:241,0
DA:244,2
DA:251,2
DA:253,0
DA:261,9
DA:266,4
DA:267,4
DA:269,4
DA:272,4
DA:273,0
DA:277,0
DA:278,0
DA:281,4
DA:282,4
DA:283,0
DA:287,0
DA:288,0
DA:291,4
DA:298,4
DA:300,0
DA:308,9
DA:313,0
DA:314,0
DA:316,0
DA:319,0
DA:320,0
DA:324,0
DA:325,0
DA:328,0
DA:329,0
DA:330,0
DA:334,0
DA:335,0
DA:338,0
DA:345,0
DA:347,0
DA:355,9
DA:360,2
DA:361,2
DA:363,2
DA:367,2
DA:369,0
DA:377,9
DA:382,0
DA:383,0
DA:385,0
DA:388,0
DA:389,0
DA:393,0
DA:394,0
DA:397,0
DA:402,0
DA:404,0
DA:412,9
DA:417,2
DA:418,2
DA:420,2
DA:423,2
DA:424,0
DA:428,0
DA:429,0
DA:432,2
DA:438,2
DA:444,0
DA:452,9
DA:457,2
DA:458,2
DA:460,2
DA:463,2
DA:464,0
DA:468,0
DA:469,0
DA:472,2
DA:478,2
DA:484,0
LF:151
LH:88
BRDA:23,0,0,40
BRDA:23,0,1,0
BRDA:24,1,0,40
BRDA:24,1,1,0
BRDA:32,2,0,16
BRDA:32,2,1,0
BRDA:48,3,0,1
BRDA:88,4,0,0
BRDA:121,5,0,0
BRDA:133,6,0,2
BRDA:134,7,0,1
BRDA:135,8,0,1
BRDA:136,9,0,0
BRDA:137,10,0,0
BRDA:138,11,0,0
BRDA:139,12,0,0
BRDA:140,13,0,0
BRDA:145,14,0,4
BRDA:145,14,1,6
BRDA:146,15,0,2
BRDA:146,15,1,8
BRDA:155,16,0,10
BRDA:155,16,1,0
BRDA:178,17,0,0
BRDA:188,18,0,0
BRDA:225,19,0,0
BRDA:235,20,0,0
BRDA:272,21,0,0
BRDA:282,22,0,0
BRDA:319,23,0,0
BRDA:329,24,0,0
BRDA:388,25,0,0
BRDA:423,26,0,0
BRDA:463,27,0,0
BRF:34
BRH:12
end_of_record
TN:
SF:src\controllers\membership.controller.ts
FN:22,(anonymous_0)
FN:42,(anonymous_1)
FN:62,(anonymous_2)
FN:82,(anonymous_3)
FN:102,(anonymous_4)
FN:122,(anonymous_5)
FN:142,(anonymous_6)
FN:162,(anonymous_7)
FN:182,(anonymous_8)
FN:202,(anonymous_9)
FN:222,(anonymous_10)
FN:241,(anonymous_11)
FNF:12
FNH:12
FNDA:2,(anonymous_0)
FNDA:1,(anonymous_1)
FNDA:1,(anonymous_2)
FNDA:1,(anonymous_3)
FNDA:1,(anonymous_4)
FNDA:1,(anonymous_5)
FNDA:1,(anonymous_6)
FNDA:1,(anonymous_7)
FNDA:1,(anonymous_8)
FNDA:1,(anonymous_9)
FNDA:1,(anonymous_10)
FNDA:1,(anonymous_11)
DA:2,1
DA:3,1
DA:15,1
DA:18,1
DA:23,2
DA:24,2
DA:25,2
DA:27,2
DA:28,2
DA:33,1
DA:35,1
DA:43,1
DA:44,1
DA:45,1
DA:47,1
DA:48,1
DA:53,1
DA:55,0
DA:63,1
DA:64,1
DA:65,1
DA:67,1
DA:68,1
DA:73,1
DA:75,0
DA:83,1
DA:84,1
DA:85,1
DA:87,1
DA:88,1
DA:93,1
DA:95,0
DA:103,1
DA:104,1
DA:105,1
DA:107,1
DA:108,1
DA:113,1
DA:115,0
DA:123,1
DA:124,1
DA:125,1
DA:127,1
DA:128,1
DA:133,1
DA:135,0
DA:143,1
DA:144,1
DA:145,1
DA:146,1
DA:148,1
DA:153,1
DA:155,0
DA:163,1
DA:164,1
DA:165,1
DA:167,1
DA:168,1
DA:173,1
DA:175,0
DA:183,1
DA:184,1
DA:185,1
DA:187,1
DA:188,1
DA:193,1
DA:195,0
DA:203,1
DA:204,1
DA:205,1
DA:207,1
DA:208,1
DA:213,1
DA:215,0
DA:223,1
DA:224,1
DA:225,1
DA:227,1
DA:232,1
DA:234,0
DA:242,1
DA:243,1
DA:244,1
DA:246,1
DA:247,1
DA:252,1
DA:254,0
DA:259,1
LF:88
LH:77
BRF:0
BRH:0
end_of_record
TN:
SF:src\controllers\organization.controller.ts
FN:19,(anonymous_0)
FN:30,(anonymous_1)
FN:48,(anonymous_2)
FN:68,(anonymous_3)
FN:87,(anonymous_4)
FN:103,(anonymous_5)
FN:119,(anonymous_6)
FN:139,(anonymous_7)
FN:155,(anonymous_8)
FN:173,(anonymous_9)
FN:189,(anonymous_10)
FN:207,(anonymous_11)
FN:223,(anonymous_12)
FNF:13
FNH:13
FNDA:17,(anonymous_0)
FNDA:1,(anonymous_1)
FNDA:1,(anonymous_2)
FNDA:1,(anonymous_3)
FNDA:1,(anonymous_4)
FNDA:2,(anonymous_5)
FNDA:1,(anonymous_6)
FNDA:2,(anonymous_7)
FNDA:1,(anonymous_8)
FNDA:2,(anonymous_9)
FNDA:1,(anonymous_10)
FNDA:2,(anonymous_11)
FNDA:3,(anonymous_12)
DA:2,8
DA:4,8
DA:5,8
DA:17,8
DA:19,8
DA:20,17
DA:21,0
DA:24,17
DA:30,8
DA:35,1
DA:36,1
DA:37,1
DA:42,1
DA:44,0
DA:48,8
DA:53,1
DA:54,1
DA:55,1
DA:56,1
DA:62,1
DA:64,0
DA:68,8
DA:73,1
DA:74,1
DA:75,1
DA:76,1
DA:81,1
DA:83,0
DA:87,8
DA:92,1
DA:93,1
DA:94,1
DA:95,1
DA:97,1
DA:99,0
DA:103,8
DA:108,2
DA:109,2
DA:110,2
DA:111,2
DA:113,1
DA:115,1
DA:119,8
DA:124,1
DA:125,1
DA:126,1
DA:127,1
DA:132,1
DA:134,0
DA:139,8
DA:144,2
DA:145,2
DA:146,2
DA:147,2
DA:149,1
DA:151,1
DA:155,8
DA:160,1
DA:161,1
DA:162,1
DA:163,1
DA:164,1
DA:166,1
DA:168,0
DA:173,8
DA:178,2
DA:179,2
DA:180,2
DA:181,2
DA:183,1
DA:185,1
DA:189,8
DA:194,1
DA:195,1
DA:196,1
DA:197,1
DA:198,1
DA:200,1
DA:202,0
DA:207,8
DA:212,2
DA:213,2
DA:214,2
DA:215,2
DA:217,1
DA:219,1
DA:223,8
DA:228,3
DA:229,3
DA:230,3
DA:231,3
DA:232,3
DA:234,3
DA:236,0
LF:94
LH:85
BRDA:20,0,0,0
BRF:1
BRH:0
end_of_record
TN:
SF:src\controllers\payment.controller.ts
FN:22,getActorContext
FN:32,getParam
FN:40,(anonymous_3)
FN:73,(anonymous_4)
FN:101,(anonymous_5)
FN:124,(anonymous_6)
FN:165,(anonymous_7)
FN:200,(anonymous_8)
FN:235,(anonymous_9)
FN:270,(anonymous_10)
FN:305,(anonymous_11)
FN:333,(anonymous_12)
FN:361,(anonymous_13)
FN:380,(anonymous_14)
FN:408,(anonymous_15)
FNF:15
FNH:0
FNDA:0,getActorContext
FNDA:0,getParam
FNDA:0,(anonymous_3)
FNDA:0,(anonymous_4)
FNDA:0,(anonymous_5)
FNDA:0,(anonymous_6)
FNDA:0,(anonymous_7)
FNDA:0,(anonymous_8)
FNDA:0,(anonymous_9)
FNDA:0,(anonymous_10)
FNDA:0,(anonymous_11)
FNDA:0,(anonymous_12)
FNDA:0,(anonymous_13)
FNDA:0,(anonymous_14)
FNDA:0,(anonymous_15)
DA:3,8
DA:4,8
DA:5,8
DA:6,8
DA:23,0
DA:33,0
DA:40,8
DA:41,0
DA:42,0
DA:44,0
DA:45,0
DA:46,0
DA:47,0
DA:48,0
DA:52,0
DA:61,0
DA:62,0
DA:64,0
DA:65,0
DA:73,8
DA:74,0
DA:75,0
DA:77,0
DA:78,0
DA:79,0
DA:80,0
DA:83,0
DA:84,0
DA:85,0
DA:86,0
DA:89,0
DA:90,0
DA:92,0
DA:93,0
DA:101,8
DA:102,0
DA:103,0
DA:105,0
DA:106,0
DA:107,0
DA:108,0
DA:109,0
DA:112,0
DA:113,0
DA:115,0
DA:116,0
DA:124,8
DA:125,0
DA:126,0
DA:128,0
DA:129,0
DA:130,0
DA:131,0
DA:134,0
DA:135,0
DA:136,0
DA:137,0
DA:138,0
DA:141,0
DA:142,0
DA:143,0
DA:144,0
DA:147,0
DA:153,0
DA:154,0
DA:156,0
DA:157,0
DA:165,8
DA:166,0
DA:167,0
DA:169,0
DA:170,0
DA:171,0
DA:172,0
DA:175,0
DA:176,0
DA:177,0
DA:178,0
DA:179,0
DA:182,0
DA:183,0
DA:184,0
DA:185,0
DA:188,0
DA:189,0
DA:191,0
DA:192,0
DA:200,8
DA:201,0
DA:202,0
DA:204,0
DA:205,0
DA:206,0
DA:207,0
DA:210,0
DA:211,0
DA:212,0
DA:213,0
DA:214,0
DA:217,0
DA:218,0
DA:219,0
DA:220,0
DA:223,0
DA:224,0
DA:226,0
DA:227,0
DA:235,8
DA:236,0
DA:237,0
DA:239,0
DA:240,0
DA:241,0
DA:242,0
DA:245,0
DA:246,0
DA:247,0
DA:248,0
DA:249,0
DA:252,0
DA:253,0
DA:254,0
DA:255,0
DA:258,0
DA:259,0
DA:261,0
DA:262,0
DA:270,8
DA:271,0
DA:272,0
DA:274,0
DA:275,0
DA:276,0
DA:277,0
DA:280,0
DA:281,0
DA:282,0
DA:283,0
DA:284,0
DA:287,0
DA:288,0
DA:289,0
DA:290,0
DA:293,0
DA:294,0
DA:296,0
DA:297,0
DA:305,8
DA:306,0
DA:307,0
DA:309,0
DA:310,0
DA:311,0
DA:312,0
DA:315,0
DA:316,0
DA:317,0
DA:318,0
DA:321,0
DA:322,0
DA:324,0
DA:325,0
DA:333,8
DA:334,0
DA:335,0
DA:337,0
DA:338,0
DA:339,0
DA:340,0
DA:343,0
DA:344,0
DA:345,0
DA:346,0
DA:349,0
DA:350,0
DA:352,0
DA:353,0
DA:361,8
DA:366,0
DA:367,0
DA:368,0
DA:369,0
DA:371,0
DA:372,0
DA:380,8
DA:381,0
DA:382,0
DA:384,0
DA:385,0
DA:386,0
DA:387,0
DA:390,0
DA:391,0
DA:392,0
DA:393,0
DA:396,0
DA:397,0
DA:399,0
DA:400,0
DA:408,8
DA:409,0
DA:410,0
DA:412,0
DA:413,0
DA:414,0
DA:415,0
DA:418,0
DA:419,0
DA:420,0
DA:421,0
DA:424,0
DA:425,0
DA:427,0
DA:428,0
LF:214
LH:17
BRDA:24,0,0,0
BRDA:24,0,1,0
BRDA:25,1,0,0
BRDA:25,1,1,0
BRDA:33,2,0,0
BRDA:33,2,1,0
BRDA:45,3,0,0
BRDA:78,4,0,0
BRDA:84,5,0,0
BRDA:106,6,0,0
BRDA:129,7,0,0
BRDA:135,8,0,0
BRDA:142,9,0,0
BRDA:149,10,0,0
BRDA:149,10,1,0
BRDA:150,11,0,0
BRDA:150,11,1,0
BRDA:170,12,0,0
BRDA:176,13,0,0
BRDA:183,14,0,0
BRDA:205,15,0,0
BRDA:211,16,0,0
BRDA:218,17,0,0
BRDA:240,18,0,0
BRDA:246,19,0,0
BRDA:253,20,0,0
BRDA:275,21,0,0
BRDA:281,22,0,0
BRDA:288,23,0,0
BRDA:310,24,0,0
BRDA:316,25,0,0
BRDA:338,26,0,0
BRDA:344,27,0,0
BRDA:385,28,0,0
BRDA:391,29,0,0
BRDA:413,30,0,0
BRDA:419,31,0,0
BRF:37
BRH:0
end_of_record
TN:
SF:src\controllers\property.controller.ts
FN:9,getActorContext
FN:22,getParam
FN:33,createProperty
FN:50,updateProperty
FN:68,getProperty
FN:85,listProperties
FN:112,deleteProperty
FN:129,restoreProperty
FN:146,getPropertyStatistics
FNF:9
FNH:9
FNDA:22,getActorContext
FNDA:50,getParam
FNDA:9,createProperty
FNDA:2,updateProperty
FNDA:2,getProperty
FNDA:6,listProperties
FNDA:1,deleteProperty
FNDA:1,restoreProperty
FNDA:1,getPropertyStatistics
DA:2,8
DA:4,8
DA:10,22
DA:11,0
DA:13,22
DA:23,50
DA:24,0
DA:26,50
DA:33,8
DA:34,9
DA:35,9
DA:36,9
DA:38,9
DA:40,8
DA:42,1
DA:50,8
DA:51,2
DA:52,2
DA:53,2
DA:54,2
DA:56,2
DA:58,1
DA:60,1
DA:68,8
DA:69,2
DA:70,2
DA:71,2
DA:73,2
DA:75,1
DA:77,1
DA:85,8
DA:86,6
DA:87,6
DA:88,6
DA:100,6
DA:102,6
DA:104,0
DA:112,8
DA:113,1
DA:114,1
DA:115,1
DA:117,1
DA:119,1
DA:121,0
DA:129,8
DA:130,1
DA:131,1
DA:132,1
DA:134,1
DA:136,1
DA:138,0
DA:146,8
DA:147,1
DA:148,1
DA:150,1
DA:152,1
DA:154,0
LF:57
LH:51
BRDA:10,0,0,0
BRDA:23,1,0,0
BRDA:26,2,0,50
BRDA:26,2,1,37
BRDA:89,3,0,1
BRDA:89,3,1,5
BRDA:90,4,0,1
BRDA:90,4,1,5
BRDA:91,5,0,6
BRDA:91,5,1,5
BRDA:92,6,0,6
BRDA:92,6,1,5
BRDA:93,7,0,6
BRDA:93,7,1,5
BRDA:94,8,0,6
BRDA:94,8,1,6
BRDA:95,9,0,6
BRDA:95,9,1,4
BRDA:96,10,0,6
BRDA:96,10,1,6
BRDA:97,11,0,6
BRDA:97,11,1,6
BRF:22
BRH:20
end_of_record
TN:
SF:src\controllers\rbac.controller.ts
FN:25,(anonymous_0)
FN:39,(anonymous_1)
FN:45,(anonymous_2)
FN:66,(anonymous_3)
FN:88,(anonymous_4)
FN:105,(anonymous_5)
FN:121,(anonymous_6)
FN:167,(anonymous_7)
FN:184,(anonymous_8)
FN:202,(anonymous_9)
FN:219,(anonymous_10)
FN:235,(anonymous_11)
FN:277,(anonymous_12)
FN:297,(anonymous_13)
FN:319,(anonymous_14)
FN:337,(anonymous_15)
FN:361,(anonymous_16)
FN:383,(anonymous_17)
FN:400,(anonymous_18)
FN:422,(anonymous_19)
FN:439,(anonymous_20)
FNF:21
FNH:0
FNDA:0,(anonymous_0)
FNDA:0,(anonymous_1)
FNDA:0,(anonymous_2)
FNDA:0,(anonymous_3)
FNDA:0,(anonymous_4)
FNDA:0,(anonymous_5)
FNDA:0,(anonymous_6)
FNDA:0,(anonymous_7)
FNDA:0,(anonymous_8)
FNDA:0,(anonymous_9)
FNDA:0,(anonymous_10)
FNDA:0,(anonymous_11)
FNDA:0,(anonymous_12)
FNDA:0,(anonymous_13)
FNDA:0,(anonymous_14)
FNDA:0,(anonymous_15)
FNDA:0,(anonymous_16)
FNDA:0,(anonymous_17)
FNDA:0,(anonymous_18)
FNDA:0,(anonymous_19)
FNDA:0,(anonymous_20)
DA:2,8
DA:4,8
DA:6,8
DA:25,8
DA:26,0
DA:27,0
DA:30,0
DA:39,8
DA:40,0
DA:45,8
DA:50,0
DA:51,0
DA:52,0
DA:54,0
DA:60,0
DA:62,0
DA:66,8
DA:71,0
DA:72,0
DA:73,0
DA:74,0
DA:76,0
DA:82,0
DA:84,0
DA:88,8
DA:93,0
DA:94,0
DA:95,0
DA:97,0
DA:99,0
DA:101,0
DA:105,8
DA:110,0
DA:111,0
DA:113,0
DA:115,0
DA:117,0
DA:121,8
DA:126,0
DA:127,0
DA:128,0
DA:129,0
DA:132,0
DA:133,0
DA:140,0
DA:143,0
DA:147,0
DA:161,0
DA:167,8
DA:172,0
DA:173,0
DA:174,0
DA:176,0
DA:178,0
DA:180,0
DA:184,8
DA:189,0
DA:190,0
DA:191,0
DA:192,0
DA:194,0
DA:196,0
DA:198,0
DA:202,8
DA:207,0
DA:208,0
DA:209,0
DA:211,0
DA:213,0
DA:215,0
DA:219,8
DA:224,0
DA:225,0
DA:227,0
DA:229,0
DA:231,0
DA:235,8
DA:240,0
DA:241,0
DA:242,0
DA:243,0
DA:246,0
DA:247,0
DA:254,0
DA:257,0
DA:259,0
DA:273,0
DA:277,8
DA:282,0
DA:283,0
DA:284,0
DA:285,0
DA:287,0
DA:289,0
DA:291,0
DA:297,8
DA:302,0
DA:303,0
DA:304,0
DA:305,0
DA:307,0
DA:313,0
DA:315,0
DA:319,8
DA:324,0
DA:325,0
DA:326,0
DA:327,0
DA:329,0
DA:331,0
DA:333,0
DA:337,8
DA:342,0
DA:343,0
DA:344,0
DA:345,0
DA:347,0
DA:353,0
DA:355,0
DA:361,8
DA:366,0
DA:367,0
DA:368,0
DA:370,0
DA:377,0
DA:379,0
DA:383,8
DA:388,0
DA:389,0
DA:390,0
DA:392,0
DA:394,0
DA:396,0
DA:400,8
DA:405,0
DA:406,0
DA:407,0
DA:409,0
DA:416,0
DA:418,0
DA:422,8
DA:427,0
DA:428,0
DA:429,0
DA:431,0
DA:433,0
DA:435,0
DA:439,8
DA:444,0
DA:445,0
DA:446,0
DA:448,0
DA:450,0
DA:452,0
DA:459,8
DA:460,8
LF:156
LH:26
BRDA:26,0,0,0
BRDA:132,1,0,0
BRDA:132,1,1,0
BRDA:143,2,0,0
BRDA:143,2,1,0
BRDA:246,3,0,0
BRDA:246,3,1,0
BRF:7
BRH:0
end_of_record
TN:
SF:src\controllers\tenant.controller.ts
FN:9,getActorContext
FN:22,getParam
FN:33,(anonymous_2)
FN:47,(anonymous_3)
FN:65,(anonymous_4)
FN:83,(anonymous_5)
FN:110,(anonymous_6)
FN:128,(anonymous_7)
FN:146,(anonymous_8)
FN:160,(anonymous_9)
FNF:10
FNH:10
FNDA:33,getActorContext
FNDA:53,getParam
FNDA:15,(anonymous_2)
FNDA:5,(anonymous_3)
FNDA:3,(anonymous_4)
FNDA:6,(anonymous_5)
FNDA:1,(anonymous_6)
FNDA:1,(anonymous_7)
FNDA:1,(anonymous_8)
FNDA:1,(anonymous_9)
DA:2,8
DA:3,8
DA:10,33
DA:11,0
DA:13,33
DA:23,53
DA:24,0
DA:26,53
DA:33,8
DA:34,15
DA:35,15
DA:36,15
DA:37,14
DA:39,1
DA:47,8
DA:48,5
DA:49,5
DA:50,5
DA:51,5
DA:52,0
DA:54,5
DA:55,2
DA:57,3
DA:65,8
DA:66,3
DA:67,3
DA:68,3
DA:69,3
DA:70,0
DA:72,3
DA:73,2
DA:75,1
DA:83,8
DA:84,6
DA:85,6
DA:87,6
DA:88,6
DA:90,6
DA:100,6
DA:102,0
DA:110,8
DA:111,1
DA:112,1
DA:113,1
DA:114,1
DA:115,0
DA:117,1
DA:118,1
DA:120,0
DA:128,8
DA:129,1
DA:130,1
DA:131,1
DA:132,1
DA:133,0
DA:135,1
DA:136,1
DA:138,0
DA:146,8
DA:147,1
DA:148,1
DA:149,1
DA:150,1
DA:152,0
DA:160,8
DA:161,1
DA:162,1
DA:163,1
DA:164,1
DA:165,0
DA:167,1
DA:168,1
DA:170,0
LF:73
LH:61
BRDA:10,0,0,0
BRDA:23,1,0,0
BRDA:51,2,0,0
BRDA:69,3,0,0
BRDA:87,4,0,6
BRDA:87,4,1,4
BRDA:88,5,0,6
BRDA:88,5,1,3
BRDA:96,6,0,6
BRDA:96,6,1,6
BRDA:114,7,0,0
BRDA:132,8,0,0
BRDA:164,9,0,0
BRF:13
BRH:6
end_of_record
TN:
SF:src\controllers\unit.controller.ts
FN:9,getActorContext
FN:22,getParam
FN:33,(anonymous_2)
FN:47,(anonymous_3)
FN:65,(anonymous_4)
FN:83,(anonymous_5)
FN:113,(anonymous_6)
FN:131,(anonymous_7)
FN:149,(anonymous_8)
FN:167,(anonymous_9)
FNF:10
FNH:2
FNDA:2,getActorContext
FNDA:0,getParam
FNDA:2,(anonymous_2)
FNDA:0,(anonymous_3)
FNDA:0,(anonymous_4)
FNDA:0,(anonymous_5)
FNDA:0,(anonymous_6)
FNDA:0,(anonymous_7)
FNDA:0,(anonymous_8)
FNDA:0,(anonymous_9)
DA:2,8
DA:3,8
DA:10,2
DA:11,0
DA:13,2
DA:23,0
DA:24,0
DA:26,0
DA:33,8
DA:34,2
DA:35,2
DA:36,2
DA:37,2
DA:39,0
DA:47,8
DA:48,0
DA:49,0
DA:50,0
DA:51,0
DA:52,0
DA:54,0
DA:55,0
DA:57,0
DA:65,8
DA:66,0
DA:67,0
DA:68,0
DA:69,0
DA:70,0
DA:72,0
DA:73,0
DA:75,0
DA:83,8
DA:84,0
DA:85,0
DA:87,0
DA:88,0
DA:90,0
DA:103,0
DA:105,0
DA:113,8
DA:114,0
DA:115,0
DA:116,0
DA:117,0
DA:118,0
DA:120,0
DA:121,0
DA:123,0
DA:131,8
DA:132,0
DA:133,0
DA:134,0
DA:135,0
DA:136,0
DA:138,0
DA:139,0
DA:141,0
DA:149,8
DA:150,0
DA:151,0
DA:152,0
DA:153,0
DA:154,0
DA:156,0
DA:157,0
DA:159,0
DA:167,8
DA:168,0
DA:169,0
DA:170,0
DA:171,0
DA:173,0
LF:73
LH:16
BRDA:10,0,0,0
BRDA:23,1,0,0
BRDA:51,2,0,0
BRDA:69,3,0,0
BRDA:87,4,0,0
BRDA:87,4,1,0
BRDA:88,5,0,0
BRDA:88,5,1,0
BRDA:96,6,0,0
BRDA:96,6,1,0
BRDA:96,7,0,0
BRDA:96,7,1,0
BRDA:99,8,0,0
BRDA:99,8,1,0
BRDA:117,9,0,0
BRDA:135,10,0,0
BRDA:153,11,0,0
BRF:17
BRH:0
end_of_record
TN:
SF:src\middleware\errorHandler.ts
FN:14,(anonymous_1)
FNF:1
FNH:1
FNDA:38,(anonymous_1)
DA:2,8
DA:3,8
DA:4,8
DA:5,8
DA:6,8
DA:14,8
DA:20,38
DA:23,38
DA:24,38
DA:26,38
DA:36,38
DA:37,0
DA:38,0
DA:39,0
DA:40,0
DA:41,0
DA:43,0
DA:45,0
DA:46,0
DA:50,38
DA:51,0
DA:52,0
DA:56,38
DA:57,13
DA:58,13
DA:62,25
DA:64,1
DA:65,0
DA:68,1
DA:74,1
DA:78,24
DA:79,24
DA:80,24
DA:84,0
DA:86,0
DA:87,0
DA:88,0
DA:91,0
DA:92,0
DA:93,0
DA:96,0
DA:97,0
DA:98,0
DA:102,0
DA:103,0
DA:105,0
DA:106,0
DA:110,0
LF:48
LH:22
BRDA:20,0,0,38
BRDA:20,0,1,0
BRDA:23,1,0,38
BRDA:23,1,1,0
BRDA:24,2,0,38
BRDA:24,2,1,0
BRDA:36,3,0,0
BRDA:40,4,0,0
BRDA:50,5,0,0
BRDA:56,6,0,13
BRDA:62,7,0,1
BRDA:64,8,0,0
BRDA:78,9,0,24
BRDA:84,10,0,0
BRDA:86,11,0,0
BRDA:91,12,0,0
BRDA:96,13,0,0
BRDA:103,14,0,0
BRDA:103,14,1,0
BRF:19
BRH:6
end_of_record
TN:
SF:src\repositories\base.repository.ts
FN:25,(anonymous_1)
FN:29,(anonymous_2)
FN:40,(anonymous_3)
FN:50,(anonymous_4)
FN:60,(anonymous_5)
FN:77,(anonymous_6)
FNF:6
FNH:2
FNDA:11,(anonymous_1)
FNDA:3,(anonymous_2)
FNDA:0,(anonymous_3)
FNDA:0,(anonymous_4)
FNDA:0,(anonymous_5)
FNDA:0,(anonymous_6)
DA:6,11
DA:7,11
DA:21,11
DA:26,11
DA:30,3
DA:31,3
DA:32,3
DA:33,3
DA:35,0
DA:36,0
DA:41,0
DA:42,0
DA:43,0
DA:45,0
DA:46,0
DA:51,0
DA:52,0
DA:53,0
DA:55,0
DA:56,0
DA:61,0
DA:62,0
DA:63,0
DA:67,0
DA:68,0
DA:70,0
DA:72,0
DA:73,0
DA:78,0
DA:79,0
DA:80,0
DA:81,0
DA:83,0
DA:84,0
LF:34
LH:8
BRDA:33,0,0,3
BRDA:33,0,1,0
BRDA:40,1,0,0
BRDA:40,2,0,0
BRDA:67,3,0,0
BRF:5
BRH:1
end_of_record
TN:
SF:src\repositories\lease.repository.ts
FN:57,(anonymous_1)
FN:71,(anonymous_2)
FN:84,(anonymous_3)
FN:101,(anonymous_4)
FN:115,(anonymous_5)
FN:146,(anonymous_6)
FN:177,(anonymous_7)
FN:208,(anonymous_8)
FN:239,(anonymous_9)
FN:279,(anonymous_10)
FN:316,(anonymous_11)
FN:334,(anonymous_12)
FN:347,(anonymous_13)
FN:360,(anonymous_14)
FN:380,(anonymous_15)
FN:404,(anonymous_16)
FN:428,(anonymous_17)
FN:441,(anonymous_18)
FN:475,(anonymous_19)
FNF:19
FNH:13
FNDA:6,(anonymous_1)
FNDA:9,(anonymous_2)
FNDA:0,(anonymous_3)
FNDA:0,(anonymous_4)
FNDA:0,(anonymous_5)
FNDA:0,(anonymous_6)
FNDA:0,(anonymous_7)
FNDA:0,(anonymous_8)
FNDA:1,(anonymous_9)
FNDA:4,(anonymous_10)
FNDA:3,(anonymous_11)
FNDA:1,(anonymous_12)
FNDA:1,(anonymous_13)
FNDA:8,(anonymous_14)
FNDA:2,(anonymous_15)
FNDA:1,(anonymous_16)
FNDA:3,(anonymous_17)
FNDA:1,(anonymous_18)
FNDA:1,(anonymous_19)
DA:1,9
DA:53,9
DA:58,6
DA:72,9
DA:88,0
DA:102,0
DA:120,0
DA:140,0
DA:151,0
DA:171,0
DA:182,0
DA:202,0
DA:213,0
DA:233,0
DA:247,1
DA:273,1
DA:284,4
DA:310,4
DA:322,3
DA:335,1
DA:348,1
DA:365,8
DA:374,8
DA:387,2
DA:398,2
DA:410,1
DA:427,1
DA:428,1
DA:429,3
DA:432,1
DA:448,1
DA:466,1
DA:482,1
DA:500,1
DA:507,9
LF:35
LH:25
BRDA:253,0,0,1
BRDA:253,0,1,0
BRDA:254,1,0,1
BRDA:254,1,1,0
BRDA:255,2,0,1
BRDA:255,2,1,0
BRDA:266,3,0,1
BRDA:266,3,1,0
BRDA:267,4,0,1
BRDA:267,4,1,0
BRDA:268,5,0,1
BRDA:268,5,1,0
BRDA:289,6,0,4
BRDA:289,6,1,1
BRDA:290,7,0,4
BRDA:290,7,1,0
BRDA:291,8,0,4
BRDA:291,8,1,1
BRDA:292,9,0,4
BRDA:292,9,1,1
BRDA:302,10,0,4
BRDA:302,10,1,1
BRDA:303,11,0,4
BRDA:303,11,1,0
BRDA:304,12,0,4
BRDA:304,12,1,1
BRDA:305,13,0,4
BRDA:305,13,1,1
BRDA:370,14,0,8
BRDA:370,14,1,0
BRDA:393,15,0,2
BRDA:393,15,1,1
BRF:32
BRH:23
end_of_record
TN:
SF:src\repositories\maintenance.repository.ts
FN:19,(anonymous_1)
FN:51,(anonymous_2)
FN:67,(anonymous_3)
FN:144,(anonymous_4)
FN:181,(anonymous_5)
FN:204,(anonymous_6)
FN:235,(anonymous_7)
FN:258,(anonymous_8)
FN:275,(anonymous_9)
FN:285,(anonymous_10)
FN:286,(anonymous_11)
FN:287,(anonymous_12)
FN:288,(anonymous_13)
FN:289,(anonymous_14)
FN:290,(anonymous_15)
FN:291,(anonymous_16)
FN:295,(anonymous_17)
FN:296,(anonymous_18)
FN:297,(anonymous_19)
FN:298,(anonymous_20)
FN:299,(anonymous_21)
FN:303,(anonymous_22)
FN:307,(anonymous_23)
FN:323,(anonymous_24)
FN:336,(anonymous_25)
FN:337,(anonymous_26)
FN:340,(anonymous_27)
FN:355,(anonymous_28)
FN:376,(anonymous_29)
FNF:29
FNH:23
FNDA:10,(anonymous_1)
FNDA:8,(anonymous_2)
FNDA:9,(anonymous_3)
FNDA:1,(anonymous_4)
FNDA:1,(anonymous_5)
FNDA:3,(anonymous_6)
FNDA:0,(anonymous_7)
FNDA:0,(anonymous_8)
FNDA:1,(anonymous_9)
FNDA:10,(anonymous_10)
FNDA:10,(anonymous_11)
FNDA:10,(anonymous_12)
FNDA:10,(anonymous_13)
FNDA:10,(anonymous_14)
FNDA:10,(anonymous_15)
FNDA:10,(anonymous_16)
FNDA:10,(anonymous_17)
FNDA:10,(anonymous_18)
FNDA:10,(anonymous_19)
FNDA:10,(anonymous_20)
FNDA:10,(anonymous_21)
FNDA:10,(anonymous_22)
FNDA:10,(anonymous_23)
FNDA:0,(anonymous_24)
FNDA:0,(anonymous_25)
FNDA:0,(anonymous_26)
FNDA:0,(anonymous_27)
FNDA:1,(anonymous_28)
FNDA:1,(anonymous_29)
DA:1,10
DA:15,10
DA:24,10
DA:55,8
DA:76,9
DA:77,9
DA:79,9
DA:85,9
DA:86,3
DA:87,3
DA:88,3
DA:89,3
DA:90,3
DA:91,3
DA:94,3
DA:95,0
DA:96,0
DA:97,0
DA:99,0
DA:100,0
DA:101,0
DA:102,0
DA:108,9
DA:109,2
DA:118,9
DA:119,9
DA:120,2
DA:121,2
DA:123,7
DA:126,9
DA:138,9
DA:150,1
DA:152,1
DA:153,1
DA:154,1
DA:155,1
DA:156,1
DA:157,1
DA:158,1
DA:159,1
DA:160,1
DA:161,1
DA:162,1
DA:163,1
DA:164,1
DA:166,1
DA:168,1
DA:187,1
DA:210,3
DA:216,3
DA:217,1
DA:218,2
DA:219,0
DA:222,3
DA:240,0
DA:241,0
DA:243,0
DA:262,0
DA:276,1
DA:283,1
DA:284,1
DA:285,10
DA:286,10
DA:287,10
DA:288,10
DA:289,10
DA:290,10
DA:291,10
DA:294,1
DA:295,10
DA:296,10
DA:297,10
DA:298,10
DA:299,10
DA:302,1
DA:303,10
DA:306,1
DA:307,10
DA:311,1
DA:327,0
DA:335,0
DA:336,0
DA:337,0
DA:339,0
DA:340,0
DA:344,0
DA:360,1
DA:381,1
DA:394,10
LF:89
LH:70
BRDA:39,0,0,10
BRDA:39,0,1,0
BRDA:76,1,0,9
BRDA:76,1,1,0
BRDA:76,2,0,9
BRDA:76,2,1,0
BRDA:77,3,0,9
BRDA:77,3,1,0
BRDA:85,4,0,3
BRDA:86,5,0,1
BRDA:87,6,0,1
BRDA:88,7,0,1
BRDA:89,8,0,0
BRDA:90,9,0,0
BRDA:91,10,0,0
BRDA:94,11,0,0
BRDA:94,12,0,3
BRDA:94,12,1,3
BRDA:96,13,0,0
BRDA:99,14,0,0
BRDA:108,15,0,2
BRDA:119,16,0,2
BRDA:119,16,1,7
BRDA:121,17,0,1
BRDA:121,17,1,1
BRDA:152,18,0,0
BRDA:153,19,0,0
BRDA:154,20,0,0
BRDA:155,21,0,0
BRDA:156,22,0,1
BRDA:157,23,0,0
BRDA:158,24,0,0
BRDA:158,25,0,0
BRDA:158,25,1,0
BRDA:159,26,0,0
BRDA:159,27,0,0
BRDA:159,27,1,0
BRDA:160,28,0,0
BRDA:160,29,0,0
BRDA:160,29,1,0
BRDA:161,30,0,0
BRDA:162,31,0,1
BRDA:163,32,0,0
BRDA:164,33,0,1
BRDA:216,34,0,1
BRDA:216,34,1,2
BRDA:218,35,0,0
BRDA:240,36,0,0
BRDA:240,36,1,0
BRDA:240,37,0,0
BRDA:240,37,1,0
BRDA:240,38,0,0
BRDA:240,38,1,0
BRDA:241,39,0,0
BRDA:241,39,1,0
BRDA:303,40,0,10
BRDA:303,40,1,0
BRDA:307,41,0,10
BRDA:307,41,1,9
BRDA:340,42,0,0
BRDA:340,42,1,0
BRF:61
BRH:23
end_of_record
TN:
SF:src\repositories\membership.repository.ts
FN:10,(anonymous_1)
FN:25,(anonymous_2)
FN:37,(anonymous_3)
FN:49,(anonymous_4)
FN:66,(anonymous_5)
FN:82,(anonymous_6)
FN:98,(anonymous_7)
FN:110,(anonymous_8)
FN:123,(anonymous_9)
FN:138,(anonymous_10)
FN:154,(anonymous_11)
FN:180,(anonymous_12)
FN:193,(anonymous_13)
FN:210,(anonymous_14)
FN:261,(anonymous_15)
FN:279,(anonymous_16)
FN:297,(anonymous_17)
FN:315,(anonymous_18)
FN:331,(anonymous_19)
FN:347,(anonymous_20)
FN:360,(anonymous_21)
FNF:21
FNH:0
FNDA:0,(anonymous_1)
FNDA:0,(anonymous_2)
FNDA:0,(anonymous_3)
FNDA:0,(anonymous_4)
FNDA:0,(anonymous_5)
FNDA:0,(anonymous_6)
FNDA:0,(anonymous_7)
FNDA:0,(anonymous_8)
FNDA:0,(anonymous_9)
FNDA:0,(anonymous_10)
FNDA:0,(anonymous_11)
FNDA:0,(anonymous_12)
FNDA:0,(anonymous_13)
FNDA:0,(anonymous_14)
FNDA:0,(anonymous_15)
FNDA:0,(anonymous_16)
FNDA:0,(anonymous_17)
FNDA:0,(anonymous_18)
FNDA:0,(anonymous_19)
FNDA:0,(anonymous_20)
FNDA:0,(anonymous_21)
DA:1,1
DA:4,1
DA:6,1
DA:17,0
DA:26,0
DA:38,0
DA:50,0
DA:67,0
DA:83,0
DA:99,0
DA:111,0
DA:124,0
DA:132,0
DA:139,0
DA:148,0
DA:161,0
DA:181,0
DA:194,0
DA:211,0
DA:213,0
DA:226,0
DA:247,0
DA:262,0
DA:280,0
DA:298,0
DA:316,0
DA:332,0
DA:348,0
DA:361,0
DA:376,1
LF:30
LH:4
BRDA:216,0,0,0
BRDA:216,0,1,0
BRDA:217,1,0,0
BRDA:217,1,1,0
BRDA:218,2,0,0
BRDA:218,2,1,0
BRF:6
BRH:0
end_of_record
TN:
SF:src\repositories\organization.repository.ts
FN:7,(anonymous_1)
FN:11,(anonymous_2)
FN:17,(anonymous_3)
FN:23,(anonymous_4)
FN:36,(anonymous_5)
FN:50,(anonymous_6)
FN:72,(anonymous_7)
FN:91,(anonymous_8)
FN:98,(anonymous_9)
FN:118,(anonymous_10)
FN:139,(anonymous_11)
FN:146,(anonymous_12)
FN:167,(anonymous_13)
FN:185,(anonymous_14)
FNF:14
FNH:11
FNDA:14,(anonymous_1)
FNDA:1,(anonymous_2)
FNDA:1,(anonymous_3)
FNDA:19,(anonymous_4)
FNDA:1,(anonymous_5)
FNDA:1,(anonymous_6)
FNDA:1,(anonymous_7)
FNDA:0,(anonymous_8)
FNDA:1,(anonymous_9)
FNDA:1,(anonymous_10)
FNDA:0,(anonymous_11)
FNDA:1,(anonymous_12)
FNDA:3,(anonymous_13)
FNDA:0,(anonymous_14)
DA:2,14
DA:3,14
DA:6,14
DA:8,14
DA:12,1
DA:18,1
DA:24,19
DA:25,0
DA:28,19
DA:41,1
DA:46,1
DA:51,1
DA:55,1
DA:56,0
DA:59,1
DA:76,1
DA:92,0
DA:99,1
DA:103,1
DA:104,0
DA:107,1
DA:122,1
DA:140,0
DA:147,1
DA:151,1
DA:152,0
DA:155,1
DA:171,3
DA:186,0
DA:193,14
LF:30
LH:23
BRDA:24,0,0,0
BRDA:55,1,0,0
BRDA:81,2,0,1
BRDA:81,2,1,0
BRDA:82,3,0,1
BRDA:82,3,1,0
BRDA:83,4,0,1
BRDA:83,4,1,0
BRDA:84,5,0,1
BRDA:84,5,1,1
BRDA:85,6,0,1
BRDA:85,6,1,0
BRDA:86,7,0,1
BRDA:86,7,1,1
BRDA:103,8,0,0
BRDA:130,9,0,1
BRDA:130,9,1,0
BRDA:131,10,0,1
BRDA:131,10,1,0
BRDA:132,11,0,1
BRDA:132,11,1,0
BRDA:133,12,0,1
BRDA:133,12,1,0
BRDA:151,13,0,0
BRDA:176,14,0,3
BRDA:176,14,1,1
BRDA:177,15,0,3
BRDA:177,15,1,0
BRDA:178,16,0,3
BRDA:178,16,1,1
BRDA:179,17,0,3
BRDA:179,17,1,2
BRDA:180,18,0,3
BRDA:180,18,1,0
BRF:34
BRH:20
end_of_record
TN:
SF:src\repositories\password-reset-token.repository.ts
FN:16,(anonymous_1)
FN:29,(anonymous_2)
FN:41,(anonymous_3)
FN:52,(anonymous_4)
FN:66,(anonymous_5)
FNF:5
FNH:2
FNDA:2,(anonymous_1)
FNDA:3,(anonymous_2)
FNDA:0,(anonymous_3)
FNDA:0,(anonymous_4)
FNDA:0,(anonymous_5)
DA:6,8
DA:7,8
DA:15,8
DA:17,2
DA:18,2
DA:21,2
DA:22,2
DA:24,0
DA:25,0
DA:30,3
DA:31,3
DA:36,0
DA:37,0
DA:42,0
DA:43,0
DA:47,0
DA:48,0
DA:53,0
DA:54,0
DA:58,0
DA:59,0
DA:61,0
DA:62,0
DA:67,0
DA:68,0
DA:75,0
DA:76,0
DA:78,0
DA:79,0
DA:84,8
LF:30
LH:10
BRF:0
BRH:0
end_of_record
TN:
SF:src\repositories\payment.repository.ts
FN:73,(anonymous_1)
FN:87,(anonymous_2)
FN:100,(anonymous_3)
FN:115,(anonymous_4)
FN:129,(anonymous_5)
FN:185,(anonymous_6)
FN:200,(anonymous_7)
FN:213,(anonymous_8)
FN:226,(anonymous_9)
FN:250,(anonymous_10)
FN:252,(anonymous_11)
FN:253,(anonymous_12)
FN:254,(anonymous_13)
FN:255,(anonymous_14)
FN:256,(anonymous_15)
FN:257,(anonymous_16)
FN:264,(anonymous_17)
FN:286,(anonymous_18)
FN:288,(anonymous_19)
FN:289,(anonymous_20)
FN:290,(anonymous_21)
FN:297,(anonymous_22)
FN:319,(anonymous_23)
FN:321,(anonymous_24)
FN:322,(anonymous_25)
FN:323,(anonymous_26)
FN:330,(anonymous_27)
FN:348,(anonymous_28)
FNF:28
FNH:0
FNDA:0,(anonymous_1)
FNDA:0,(anonymous_2)
FNDA:0,(anonymous_3)
FNDA:0,(anonymous_4)
FNDA:0,(anonymous_5)
FNDA:0,(anonymous_6)
FNDA:0,(anonymous_7)
FNDA:0,(anonymous_8)
FNDA:0,(anonymous_9)
FNDA:0,(anonymous_10)
FNDA:0,(anonymous_11)
FNDA:0,(anonymous_12)
FNDA:0,(anonymous_13)
FNDA:0,(anonymous_14)
FNDA:0,(anonymous_15)
FNDA:0,(anonymous_16)
FNDA:0,(anonymous_17)
FNDA:0,(anonymous_18)
FNDA:0,(anonymous_19)
FNDA:0,(anonymous_20)
FNDA:0,(anonymous_21)
FNDA:0,(anonymous_22)
FNDA:0,(anonymous_23)
FNDA:0,(anonymous_24)
FNDA:0,(anonymous_25)
FNDA:0,(anonymous_26)
FNDA:0,(anonymous_27)
FNDA:0,(anonymous_28)
DA:1,9
DA:69,9
DA:74,0
DA:88,0
DA:101,0
DA:109,0
DA:116,0
DA:135,0
DA:141,0
DA:142,0
DA:143,0
DA:144,0
DA:145,0
DA:146,0
DA:147,0
DA:148,0
DA:149,0
DA:150,0
DA:151,0
DA:152,0
DA:157,0
DA:158,0
DA:165,0
DA:166,0
DA:167,0
DA:169,0
DA:179,0
DA:186,0
DA:201,0
DA:214,0
DA:235,0
DA:248,0
DA:250,0
DA:252,0
DA:253,0
DA:254,0
DA:255,0
DA:256,0
DA:257,0
DA:270,0
DA:284,0
DA:286,0
DA:288,0
DA:289,0
DA:290,0
DA:303,0
DA:317,0
DA:319,0
DA:321,0
DA:322,0
DA:323,0
DA:331,0
DA:332,0
DA:334,0
DA:353,0
DA:354,0
DA:356,0
DA:376,0
DA:380,9
LF:59
LH:3
BRDA:106,0,0,0
BRDA:106,0,1,0
BRDA:141,1,0,0
BRDA:142,2,0,0
BRDA:143,3,0,0
BRDA:144,4,0,0
BRDA:145,5,0,0
BRDA:146,6,0,0
BRDA:147,7,0,0
BRDA:148,8,0,0
BRDA:149,9,0,0
BRDA:149,10,0,0
BRDA:149,10,1,0
BRDA:151,11,0,0
BRDA:152,12,0,0
BRDA:157,13,0,0
BRDA:166,14,0,0
BRDA:166,14,1,0
BRDA:167,15,0,0
BRDA:167,15,1,0
BRDA:253,16,0,0
BRDA:253,16,1,0
BRDA:254,17,0,0
BRDA:254,17,1,0
BRDA:289,18,0,0
BRDA:289,18,1,0
BRDA:290,19,0,0
BRDA:290,19,1,0
BRDA:322,20,0,0
BRDA:322,20,1,0
BRDA:323,21,0,0
BRDA:323,21,1,0
BRDA:353,22,0,0
BRDA:353,22,1,0
BRF:34
BRH:0
end_of_record
TN:
SF:src\repositories\permission.repository.ts
FN:13,(anonymous_1)
FN:36,(anonymous_2)
FN:47,(anonymous_3)
FN:63,(anonymous_4)
FN:80,(anonymous_5)
FN:102,(anonymous_6)
FN:121,(anonymous_7)
FN:136,(anonymous_8)
FN:148,(anonymous_9)
FN:156,(anonymous_10)
FNF:10
FNH:0
FNDA:0,(anonymous_1)
FNDA:0,(anonymous_2)
FNDA:0,(anonymous_3)
FNDA:0,(anonymous_4)
FNDA:0,(anonymous_5)
FNDA:0,(anonymous_6)
FNDA:0,(anonymous_7)
FNDA:0,(anonymous_8)
FNDA:0,(anonymous_9)
FNDA:0,(anonymous_10)
DA:1,8
DA:3,8
DA:9,8
DA:20,0
DA:22,0
DA:37,0
DA:39,0
DA:48,0
DA:50,0
DA:64,0
DA:66,0
DA:81,0
DA:83,0
DA:107,0
DA:109,0
DA:122,0
DA:124,0
DA:137,0
DA:149,0
DA:150,0
DA:157,0
DA:159,0
DA:172,8
LF:23
LH:4
BRDA:63,0,0,0
BRDA:63,1,0,0
BRDA:80,2,0,0
BRDA:80,3,0,0
BRDA:113,4,0,0
BRDA:113,4,1,0
BRDA:150,5,0,0
BRDA:150,5,1,0
BRF:8
BRH:0
end_of_record
TN:
SF:src\repositories\property.repository.ts
FN:7,(anonymous_1)
FN:14,(anonymous_2)
FN:27,(anonymous_3)
FN:40,(anonymous_4)
FN:57,(anonymous_5)
FN:79,(anonymous_6)
FN:116,(anonymous_7)
FN:123,(anonymous_8)
FN:136,(anonymous_9)
FN:148,(anonymous_10)
FN:166,(anonymous_11)
FNF:11
FNH:8
FNDA:11,(anonymous_1)
FNDA:10,(anonymous_2)
FNDA:25,(anonymous_3)
FNDA:0,(anonymous_4)
FNDA:2,(anonymous_5)
FNDA:4,(anonymous_6)
FNDA:8,(anonymous_7)
FNDA:1,(anonymous_8)
FNDA:0,(anonymous_9)
FNDA:0,(anonymous_10)
FNDA:1,(anonymous_11)
DA:2,11
DA:3,11
DA:6,11
DA:8,11
DA:15,10
DA:28,25
DA:45,0
DA:51,0
DA:62,2
DA:73,2
DA:89,4
DA:94,4
DA:95,1
DA:98,4
DA:99,1
DA:102,4
DA:103,1
DA:106,4
DA:107,0
DA:110,4
DA:117,8
DA:127,1
DA:137,0
DA:149,0
DA:155,0
DA:156,0
DA:159,0
DA:160,0
DA:167,1
DA:182,1
DA:186,11
LF:31
LH:22
BRDA:94,0,0,1
BRDA:98,1,0,1
BRDA:102,2,0,1
BRDA:106,3,0,0
BRDA:155,4,0,0
BRF:5
BRH:3
end_of_record
TN:
SF:src\repositories\refresh-token.repository.ts
FN:16,(anonymous_1)
FN:29,(anonymous_2)
FN:41,(anonymous_3)
FN:53,(anonymous_4)
FN:67,(anonymous_5)
FN:81,(anonymous_6)
FNF:6
FNH:3
FNDA:26,(anonymous_1)
FNDA:5,(anonymous_2)
FNDA:0,(anonymous_3)
FNDA:3,(anonymous_4)
FNDA:0,(anonymous_5)
FNDA:0,(anonymous_6)
DA:6,8
DA:7,8
DA:15,8
DA:17,26
DA:18,26
DA:21,26
DA:22,26
DA:24,0
DA:25,0
DA:30,5
DA:31,5
DA:36,0
DA:37,0
DA:42,0
DA:43,0
DA:48,0
DA:49,0
DA:54,3
DA:55,3
DA:59,3
DA:60,3
DA:62,0
DA:63,0
DA:68,0
DA:69,0
DA:73,0
DA:74,0
DA:76,0
DA:77,0
DA:82,0
DA:83,0
DA:90,0
DA:91,0
DA:93,0
DA:94,0
DA:99,8
LF:36
LH:14
BRF:0
BRH:0
end_of_record
TN:
SF:src\repositories\role.repository.ts
FN:13,(anonymous_1)
FN:45,(anonymous_2)
FN:63,(anonymous_3)
FN:86,(anonymous_4)
FN:110,(anonymous_5)
FN:139,(anonymous_6)
FN:165,(anonymous_7)
FN:180,(anonymous_8)
FN:192,(anonymous_9)
FN:200,(anonymous_10)
FN:221,(anonymous_11)
FN:244,(anonymous_12)
FN:257,(anonymous_13)
FN:274,(anonymous_14)
FN:290,(anonymous_15)
FN:305,(anonymous_16)
FN:317,(anonymous_17)
FN:328,(anonymous_18)
FNF:18
FNH:0
FNDA:0,(anonymous_1)
FNDA:0,(anonymous_2)
FNDA:0,(anonymous_3)
FNDA:0,(anonymous_4)
FNDA:0,(anonymous_5)
FNDA:0,(anonymous_6)
FNDA:0,(anonymous_7)
FNDA:0,(anonymous_8)
FNDA:0,(anonymous_9)
FNDA:0,(anonymous_10)
FNDA:0,(anonymous_11)
FNDA:0,(anonymous_12)
FNDA:0,(anonymous_13)
FNDA:0,(anonymous_14)
FNDA:0,(anonymous_15)
FNDA:0,(anonymous_16)
FNDA:0,(anonymous_17)
FNDA:0,(anonymous_18)
DA:1,8
DA:3,8
DA:9,8
DA:21,0
DA:23,0
DA:46,0
DA:48,0
DA:64,0
DA:66,0
DA:87,0
DA:89,0
DA:111,0
DA:113,0
DA:144,0
DA:146,0
DA:166,0
DA:168,0
DA:181,0
DA:193,0
DA:194,0
DA:201,0
DA:222,0
DA:224,0
DA:225,0
DA:226,0
DA:230,0
DA:242,0
DA:243,0
DA:244,0
DA:251,0
DA:258,0
DA:260,0
DA:275,0
DA:277,0
DA:291,0
DA:299,0
DA:306,0
DA:318,0
DA:321,0
DA:326,0
DA:327,0
DA:328,0
DA:335,0
DA:339,8
LF:44
LH:4
BRDA:29,0,0,0
BRDA:29,0,1,0
BRDA:86,1,0,0
BRDA:86,2,0,0
BRDA:110,3,0,0
BRDA:110,4,0,0
BRDA:150,5,0,0
BRDA:150,5,1,0
BRDA:194,6,0,0
BRDA:194,6,1,0
BRDA:225,7,0,0
BRDA:242,8,0,0
BRDA:326,9,0,0
BRF:13
BRH:0
end_of_record
TN:
SF:src\repositories\tenant.repository.ts
FN:7,(anonymous_1)
FN:14,(anonymous_2)
FN:27,(anonymous_3)
FN:40,(anonymous_4)
FN:53,(anonymous_5)
FN:70,(anonymous_6)
FN:97,(anonymous_7)
FN:124,(anonymous_8)
FN:142,(anonymous_9)
FN:154,(anonymous_10)
FN:166,(anonymous_11)
FN:176,(anonymous_12)
FN:185,(anonymous_13)
FN:196,(anonymous_14)
FN:205,(anonymous_15)
FNF:15
FNH:12
FNDA:10,(anonymous_1)
FNDA:16,(anonymous_2)
FNDA:18,(anonymous_3)
FNDA:0,(anonymous_4)
FNDA:0,(anonymous_5)
FNDA:2,(anonymous_6)
FNDA:4,(anonymous_7)
FNDA:0,(anonymous_8)
FNDA:1,(anonymous_9)
FNDA:1,(anonymous_10)
FNDA:1,(anonymous_11)
FNDA:2,(anonymous_12)
FNDA:1,(anonymous_13)
FNDA:1,(anonymous_14)
FNDA:1,(anonymous_15)
DA:2,10
DA:3,10
DA:6,10
DA:8,10
DA:15,16
DA:28,18
DA:41,0
DA:58,0
DA:64,0
DA:76,2
DA:87,2
DA:88,0
DA:91,2
DA:105,4
DA:110,4
DA:111,1
DA:114,4
DA:115,1
DA:118,4
DA:125,0
DA:131,0
DA:132,0
DA:135,0
DA:136,0
DA:143,1
DA:155,1
DA:167,1
DA:176,2
DA:186,1
DA:196,1
DA:206,1
DA:212,1
DA:220,10
LF:33
LH:24
BRDA:87,0,0,0
BRDA:110,1,0,1
BRDA:114,2,0,1
BRDA:131,3,0,0
BRF:4
BRH:2
end_of_record
TN:
SF:src\repositories\unit.repository.ts
FN:7,(anonymous_1)
FN:14,(anonymous_2)
FN:27,(anonymous_3)
FN:40,(anonymous_4)
FN:53,(anonymous_5)
FN:70,(anonymous_6)
FN:96,(anonymous_7)
FN:138,(anonymous_8)
FN:145,(anonymous_9)
FN:158,(anonymous_10)
FN:170,(anonymous_11)
FN:182,(anonymous_12)
FN:200,(anonymous_13)
FN:234,(anonymous_14)
FN:248,(anonymous_15)
FNF:15
FNH:4
FNDA:10,(anonymous_1)
FNDA:2,(anonymous_2)
FNDA:13,(anonymous_3)
FNDA:0,(anonymous_4)
FNDA:0,(anonymous_5)
FNDA:0,(anonymous_6)
FNDA:0,(anonymous_7)
FNDA:2,(anonymous_8)
FNDA:0,(anonymous_9)
FNDA:0,(anonymous_10)
FNDA:0,(anonymous_11)
FNDA:0,(anonymous_12)
FNDA:0,(anonymous_13)
FNDA:0,(anonymous_14)
FNDA:0,(anonymous_15)
DA:2,10
DA:3,10
DA:6,10
DA:8,10
DA:15,2
DA:28,13
DA:41,0
DA:58,0
DA:64,0
DA:76,0
DA:86,0
DA:87,0
DA:90,0
DA:107,0
DA:112,0
DA:113,0
DA:116,0
DA:117,0
DA:120,0
DA:121,0
DA:124,0
DA:125,0
DA:128,0
DA:129,0
DA:132,0
DA:139,2
DA:149,0
DA:159,0
DA:171,0
DA:183,0
DA:189,0
DA:190,0
DA:193,0
DA:194,0
DA:201,0
DA:219,0
DA:227,0
DA:233,0
DA:234,0
DA:235,0
DA:238,0
DA:249,0
DA:267,0
DA:275,0
DA:282,10
LF:45
LH:8
BRDA:86,0,0,0
BRDA:112,1,0,0
BRDA:116,2,0,0
BRDA:120,3,0,0
BRDA:124,4,0,0
BRDA:128,5,0,0
BRDA:189,6,0,0
BRF:7
BRH:0
end_of_record
TN:
SF:src\repositories\user-role.repository.ts
FN:12,(anonymous_1)
FN:48,(anonymous_2)
FN:65,(anonymous_3)
FN:91,(anonymous_4)
FN:106,(anonymous_5)
FN:133,(anonymous_6)
FN:149,(anonymous_7)
FN:168,(anonymous_8)
FN:179,(anonymous_9)
FN:185,(anonymous_10)
FN:207,(anonymous_11)
FN:220,(anonymous_12)
FN:236,(anonymous_13)
FN:263,(anonymous_14)
FN:289,(anonymous_15)
FN:290,(anonymous_16)
FN:304,(anonymous_17)
FN:332,(anonymous_18)
FN:358,(anonymous_19)
FN:360,(anonymous_20)
FN:361,(anonymous_21)
FNF:21
FNH:0
FNDA:0,(anonymous_1)
FNDA:0,(anonymous_2)
FNDA:0,(anonymous_3)
FNDA:0,(anonymous_4)
FNDA:0,(anonymous_5)
FNDA:0,(anonymous_6)
FNDA:0,(anonymous_7)
FNDA:0,(anonymous_8)
FNDA:0,(anonymous_9)
FNDA:0,(anonymous_10)
FNDA:0,(anonymous_11)
FNDA:0,(anonymous_12)
FNDA:0,(anonymous_13)
FNDA:0,(anonymous_14)
FNDA:0,(anonymous_15)
FNDA:0,(anonymous_16)
FNDA:0,(anonymous_17)
FNDA:0,(anonymous_18)
FNDA:0,(anonymous_19)
FNDA:0,(anonymous_20)
FNDA:0,(anonymous_21)
DA:1,8
DA:2,8
DA:8,8
DA:18,0
DA:24,0
DA:49,0
DA:51,0
DA:71,0
DA:74,0
DA:89,0
DA:90,0
DA:91,0
DA:100,0
DA:107,0
DA:109,0
DA:134,0
DA:143,0
DA:150,0
DA:162,0
DA:169,0
DA:179,0
DA:186,0
DA:188,0
DA:208,0
DA:221,0
DA:230,0
DA:237,0
DA:264,0
DA:266,0
DA:286,0
DA:287,0
DA:289,0
DA:290,0
DA:291,0
DA:292,0
DA:293,0
DA:298,0
DA:305,0
DA:307,0
DA:326,0
DA:333,0
DA:352,0
DA:359,0
DA:360,0
DA:361,0
DA:365,8
LF:46
LH:4
BRDA:89,0,0,0
BRDA:143,1,0,0
BRDA:143,1,1,0
BRDA:185,2,0,0
BRDA:185,3,0,0
BRDA:230,4,0,0
BRDA:230,4,1,0
BRDA:291,5,0,0
BRF:8
BRH:0
end_of_record
TN:
SF:src\repositories\user.repository.ts
FN:16,(anonymous_1)
FN:20,(anonymous_2)
FN:32,(anonymous_3)
FNF:3
FNH:3
FNDA:11,(anonymous_1)
FNDA:34,(anonymous_2)
FNDA:2,(anonymous_3)
DA:6,11
DA:7,11
DA:8,11
DA:13,11
DA:14,11
DA:17,11
DA:21,34
DA:22,34
DA:23,34
DA:27,0
DA:28,0
DA:33,2
DA:34,2
DA:35,2
DA:46,0
DA:47,0
DA:53,11
LF:17
LH:13
BRF:0
BRH:0
end_of_record
TN:
SF:src\routes\auth.routes.ts
FNF:0
FNH:0
DA:1,8
DA:2,8
DA:12,8
DA:14,8
DA:17,8
DA:18,8
DA:19,8
DA:20,8
DA:21,8
DA:24,8
DA:25,8
DA:26,8
DA:28,8
LF:13
LH:13
BRF:0
BRH:0
end_of_record
TN:
SF:src\routes\health.routes.ts
FNF:0
FNH:0
DA:6,8
DA:7,8
DA:9,8
DA:15,8
DA:21,8
DA:27,8
DA:29,8
LF:7
LH:7
BRF:0
BRH:0
end_of_record
TN:
SF:src\routes\lease.routes.ts
FNF:0
FNH:0
DA:1,8
DA:2,8
DA:3,8
DA:4,8
DA:12,8
DA:25,8
DA:31,8
DA:34,8
DA:41,8
DA:48,8
DA:55,8
DA:62,8
DA:69,8
DA:76,8
DA:83,8
DA:90,8
DA:97,8
DA:104,8
DA:108,8
DA:115,8
DA:119,8
DA:121,8
LF:22
LH:22
BRF:0
BRH:0
end_of_record
TN:
SF:src\routes\maintenance.routes.ts
FNF:0
FNH:0
DA:1,8
DA:2,8
DA:3,8
DA:17,8
DA:25,8
DA:26,8
DA:29,8
DA:30,8
DA:31,8
DA:32,8
DA:35,8
DA:36,8
DA:37,8
DA:40,8
DA:41,8
DA:43,8
LF:16
LH:16
BRF:0
BRH:0
end_of_record
TN:
SF:src\routes\membership.routes.ts
FN:14,(anonymous_0)
FN:22,(anonymous_1)
FN:30,(anonymous_2)
FN:38,(anonymous_3)
FN:46,(anonymous_4)
FN:54,(anonymous_5)
FN:62,(anonymous_6)
FN:70,(anonymous_7)
FN:78,(anonymous_8)
FN:86,(anonymous_9)
FN:94,(anonymous_10)
FN:102,(anonymous_11)
FNF:12
FNH:0
FNDA:0,(anonymous_0)
FNDA:0,(anonymous_1)
FNDA:0,(anonymous_2)
FNDA:0,(anonymous_3)
FNDA:0,(anonymous_4)
FNDA:0,(anonymous_5)
FNDA:0,(anonymous_6)
FNDA:0,(anonymous_7)
FNDA:0,(anonymous_8)
FNDA:0,(anonymous_9)
FNDA:0,(anonymous_10)
FNDA:0,(anonymous_11)
DA:1,0
DA:2,0
DA:3,0
DA:5,0
DA:8,0
DA:14,0
DA:15,0
DA:22,0
DA:23,0
DA:30,0
DA:31,0
DA:38,0
DA:39,0
DA:46,0
DA:47,0
DA:54,0
DA:55,0
DA:62,0
DA:63,0
DA:70,0
DA:71,0
DA:78,0
DA:79,0
DA:86,0
DA:87,0
DA:94,0
DA:95,0
DA:102,0
DA:103,0
DA:106,0
LF:30
LH:0
BRF:0
BRH:0
end_of_record
TN:
SF:src\routes\organization.routes.ts
FNF:0
FNH:0
DA:1,8
DA:2,8
DA:3,8
DA:4,8
DA:13,8
DA:28,8
DA:30,8
DA:32,8
DA:34,8
DA:35,8
DA:36,8
DA:41,8
DA:42,8
DA:45,8
DA:46,8
DA:53,8
DA:54,8
DA:61,8
DA:62,8
DA:68,8
LF:20
LH:20
BRF:0
BRH:0
end_of_record
TN:
SF:src\routes\payment.routes.ts
FNF:0
FNH:0
DA:1,8
DA:2,8
DA:3,8
DA:4,8
DA:16,8
DA:36,8
DA:39,8
DA:46,8
DA:53,8
DA:60,8
DA:67,8
DA:74,8
DA:81,8
DA:88,8
DA:99,8
DA:106,8
DA:117,8
DA:124,8
DA:131,8
DA:138,8
DA:140,8
LF:21
LH:21
BRF:0
BRH:0
end_of_record
TN:
SF:src\routes\payment.webhooks.ts
FN:10,(anonymous_1)
FN:26,(anonymous_2)
FNF:2
FNH:0
FNDA:0,(anonymous_1)
FNDA:0,(anonymous_2)
DA:2,0
DA:4,0
DA:5,0
DA:7,0
DA:8,0
DA:10,0
DA:11,0
DA:12,0
DA:13,0
DA:14,0
DA:15,0
DA:17,0
DA:18,0
DA:19,0
DA:21,0
DA:22,0
DA:26,0
DA:27,0
DA:28,0
DA:29,0
DA:30,0
DA:31,0
DA:33,0
DA:34,0
DA:35,0
DA:37,0
DA:38,0
DA:42,0
LF:28
LH:0
BRDA:15,0,0,0
BRDA:31,1,0,0
BRF:2
BRH:0
end_of_record
TN:
SF:src\routes\property.routes.ts
FNF:0
FNH:0
DA:1,8
DA:2,8
DA:3,8
DA:4,8
DA:10,8
DA:20,8
DA:23,8
DA:30,8
DA:46,8
DA:54,8
DA:62,8
DA:71,8
DA:79,8
DA:87,8
DA:89,8
LF:15
LH:15
BRF:0
BRH:0
end_of_record
TN:
SF:src\routes\rbac.routes.ts
FNF:0
FNH:0
DA:1,8
DA:2,8
DA:4,8
DA:5,8
DA:22,8
DA:48,8
DA:51,8
DA:59,8
DA:69,8
DA:79,8
DA:89,8
DA:99,8
DA:111,8
DA:121,8
DA:131,8
DA:141,8
DA:151,8
DA:161,8
DA:173,8
DA:183,8
DA:193,8
DA:207,8
DA:217,8
DA:227,8
DA:237,8
DA:246,8
DA:251,8
LF:27
LH:27
BRF:0
BRH:0
end_of_record
TN:
SF:src\routes\tenant.routes.ts
FNF:0
FNH:0
DA:1,8
DA:2,8
DA:3,8
DA:4,8
DA:10,8
DA:20,8
DA:21,8
DA:27,8
DA:30,8
DA:37,8
DA:44,8
DA:51,8
DA:58,8
DA:65,8
DA:72,8
DA:79,8
DA:86,8
DA:90,8
DA:97,8
DA:101,8
DA:103,8
LF:21
LH:21
BRF:0
BRH:0
end_of_record
TN:
SF:src\routes\unit.routes.ts
FNF:0
FNH:0
DA:1,8
DA:2,8
DA:3,8
DA:4,8
DA:10,8
DA:20,8
DA:21,8
DA:27,8
DA:30,8
DA:37,8
DA:44,8
DA:51,8
DA:58,8
DA:65,8
DA:72,8
DA:79,8
DA:86,8
DA:90,8
DA:97,8
DA:101,8
DA:103,8
LF:21
LH:21
BRF:0
BRH:0
end_of_record
TN:
SF:src\services\auth.service.ts
FN:101,(anonymous_1)
FN:121,(anonymous_2)
FN:186,(anonymous_3)
FN:195,(anonymous_4)
FN:217,(anonymous_5)
FN:277,(anonymous_6)
FN:286,(anonymous_7)
FN:304,(anonymous_8)
FN:343,(anonymous_9)
FN:353,(anonymous_10)
FN:383,(anonymous_11)
FN:399,(anonymous_12)
FN:426,(anonymous_13)
FN:465,(anonymous_14)
FN:497,(anonymous_15)
FN:506,(anonymous_16)
FN:522,(anonymous_17)
FN:529,(anonymous_18)
FN:542,(anonymous_19)
FN:546,(anonymous_20)
FN:567,(anonymous_21)
FNF:21
FNH:18
FNDA:15,(anonymous_1)
FNDA:14,(anonymous_2)
FNDA:0,(anonymous_3)
FNDA:14,(anonymous_4)
FNDA:12,(anonymous_5)
FNDA:0,(anonymous_6)
FNDA:10,(anonymous_7)
FNDA:5,(anonymous_8)
FNDA:1,(anonymous_9)
FNDA:2,(anonymous_10)
FNDA:3,(anonymous_11)
FNDA:1,(anonymous_12)
FNDA:2,(anonymous_13)
FNDA:1,(anonymous_14)
FNDA:0,(anonymous_15)
FNDA:1,(anonymous_16)
FNDA:26,(anonymous_17)
FNDA:26,(anonymous_18)
FNDA:27,(anonymous_19)
FNDA:26,(anonymous_20)
FNDA:14,(anonymous_21)
DA:6,8
DA:7,8
DA:8,8
DA:9,8
DA:11,8
DA:12,8
DA:13,8
DA:14,8
DA:15,8
DA:16,8
DA:17,8
DA:95,8
DA:96,8
DA:97,8
DA:98,8
DA:99,8
DA:102,15
DA:105,15
DA:106,15
DA:107,1
DA:108,1
DA:112,14
DA:115,14
DA:117,14
DA:119,14
DA:121,14
DA:123,14
DA:132,14
DA:141,14
DA:149,14
DA:152,14
DA:157,14
DA:159,14
DA:162,14
DA:179,14
DA:186,0
DA:195,14
DA:206,14
DA:212,0
DA:213,0
DA:218,12
DA:220,12
DA:223,12
DA:224,12
DA:225,1
DA:226,1
DA:230,11
DA:231,11
DA:232,1
DA:233,1
DA:237,10
DA:253,10
DA:254,0
DA:255,0
DA:259,10
DA:260,10
DA:265,10
DA:267,10
DA:270,10
DA:277,0
DA:286,10
DA:297,10
DA:305,5
DA:308,5
DA:310,5
DA:311,3
DA:312,3
DA:316,2
DA:318,2
DA:319,0
DA:320,0
DA:323,2
DA:326,2
DA:332,2
DA:333,2
DA:335,2
DA:337,2
DA:344,1
DA:345,1
DA:346,1
DA:348,0
DA:349,0
DA:354,2
DA:356,2
DA:359,2
DA:360,1
DA:361,1
DA:365,1
DA:366,1
DA:368,1
DA:375,1
DA:376,1
DA:378,1
DA:380,1
DA:384,3
DA:387,3
DA:389,3
DA:390,2
DA:391,2
DA:395,1
DA:397,1
DA:399,1
DA:400,1
DA:405,1
DA:411,1
DA:417,1
DA:419,1
DA:421,0
DA:422,0
DA:427,2
DA:429,2
DA:431,2
DA:432,0
DA:433,0
DA:437,2
DA:438,2
DA:439,1
DA:440,1
DA:444,1
DA:446,1
DA:448,1
DA:454,1
DA:456,1
DA:458,1
DA:460,0
DA:461,0
DA:466,1
DA:468,1
DA:484,1
DA:485,0
DA:486,0
DA:490,1
DA:497,0
DA:506,1
DA:517,1
DA:523,26
DA:530,26
DA:531,26
DA:533,26
DA:539,26
DA:543,27
DA:547,26
DA:548,26
DA:550,26
DA:551,26
DA:553,26
DA:555,0
DA:557,0
DA:559,0
DA:561,26
DA:563,0
DA:568,14
DA:574,14
DA:579,8
LF:154
LH:131
BRDA:106,0,0,1
BRDA:183,1,0,14
BRDA:183,1,1,0
BRDA:224,2,0,1
BRDA:231,3,0,1
BRDA:253,4,0,0
BRDA:253,5,0,10
BRDA:253,5,1,10
BRDA:274,6,0,10
BRDA:274,6,1,0
BRDA:310,7,0,3
BRDA:310,8,0,5
BRDA:310,8,1,4
BRDA:310,8,2,2
BRDA:318,9,0,0
BRDA:318,10,0,2
BRDA:318,10,1,2
BRDA:359,11,0,1
BRDA:375,12,0,1
BRDA:375,12,1,0
BRDA:389,13,0,2
BRDA:389,14,0,3
BRDA:389,14,1,2
BRDA:389,14,2,1
BRDA:431,15,0,0
BRDA:438,16,0,1
BRDA:484,17,0,0
BRDA:494,18,0,1
BRDA:494,18,1,0
BRDA:548,19,0,0
BRDA:553,20,0,0
BRDA:553,20,1,0
BRDA:553,20,2,0
BRDA:553,20,3,26
BRDA:553,20,4,0
BRDA:574,21,0,14
BRDA:574,21,1,0
BRF:37
BRH:23
end_of_record
TN:
SF:src\services\email.service.ts
FN:21,(anonymous_1)
FN:45,(anonymous_2)
FN:83,(anonymous_3)
FN:121,(anonymous_4)
FN:154,(anonymous_5)
FNF:5
FNH:3
FNDA:2,(anonymous_1)
FNDA:1,(anonymous_2)
FNDA:0,(anonymous_3)
FNDA:1,(anonymous_4)
FNDA:0,(anonymous_5)
DA:7,8
DA:16,8
DA:22,2
DA:28,2
DA:30,0
DA:33,2
DA:34,2
DA:35,2
DA:36,2
DA:37,2
DA:38,2
DA:46,1
DA:56,1
DA:72,1
DA:84,0
DA:94,0
DA:110,0
DA:122,1
DA:130,1
DA:143,1
DA:160,0
DA:170,0
DA:188,0
DA:197,8
LF:24
LH:17
BRDA:28,0,0,0
BRDA:28,0,1,2
BRDA:37,1,0,2
BRDA:37,1,1,0
BRF:4
BRH:2
end_of_record
TN:
SF:src\services\lease.service.ts
FN:34,(anonymous_1)
FN:130,(anonymous_2)
FN:143,(anonymous_3)
FN:217,(anonymous_4)
FN:269,(anonymous_5)
FN:337,(anonymous_6)
FN:374,(anonymous_7)
FN:395,(anonymous_8)
FN:423,(anonymous_9)
FN:433,(anonymous_10)
FN:449,(anonymous_11)
FNF:11
FNH:11
FNDA:8,(anonymous_1)
FNDA:5,(anonymous_2)
FNDA:1,(anonymous_3)
FNDA:5,(anonymous_4)
FNDA:1,(anonymous_5)
FNDA:1,(anonymous_6)
FNDA:1,(anonymous_7)
FNDA:1,(anonymous_8)
FNDA:1,(anonymous_9)
FNDA:1,(anonymous_10)
FNDA:1,(anonymous_11)
DA:2,8
DA:3,8
DA:4,8
DA:5,8
DA:6,8
DA:7,8
DA:8,8
DA:27,8
DA:28,8
DA:30,8
DA:36,8
DA:37,8
DA:38,0
DA:42,8
DA:43,8
DA:44,0
DA:48,8
DA:49,8
DA:50,0
DA:54,8
DA:55,8
DA:56,0
DA:60,8
DA:61,8
DA:62,1
DA:66,7
DA:67,1
DA:73,6
DA:74,0
DA:79,6
DA:80,0
DA:86,6
DA:87,0
DA:93,6
DA:94,0
DA:100,6
DA:101,1
DA:108,1
DA:109,0
DA:114,6
DA:116,6
DA:124,6
DA:131,5
DA:133,5
DA:134,3
DA:137,2
DA:145,1
DA:146,1
DA:147,0
DA:151,1
DA:152,0
DA:153,0
DA:155,0
DA:156,0
DA:162,0
DA:170,0
DA:171,0
DA:176,1
DA:177,0
DA:182,1
DA:183,0
DA:189,1
DA:190,0
DA:196,1
DA:197,0
DA:203,1
DA:205,1
DA:211,1
DA:226,5
DA:234,5
DA:235,1
DA:245,4
DA:252,4
DA:255,5
DA:274,1
DA:275,1
DA:276,0
DA:280,1
DA:281,0
DA:286,1
DA:287,0
DA:293,1
DA:294,0
DA:300,1
DA:308,1
DA:309,0
DA:313,1
DA:324,1
DA:331,1
DA:339,1
DA:340,1
DA:341,0
DA:345,1
DA:346,0
DA:352,1
DA:362,1
DA:368,1
DA:376,1
DA:377,1
DA:378,0
DA:382,1
DA:384,1
DA:389,1
DA:397,1
DA:398,1
DA:405,1
DA:406,0
DA:410,1
DA:412,1
DA:417,1
DA:427,1
DA:438,1
DA:439,1
DA:440,0
DA:443,1
DA:454,1
DA:455,1
DA:456,0
DA:459,1
DA:463,8
LF:120
LH:88
BRDA:37,0,0,0
BRDA:43,1,0,0
BRDA:49,2,0,0
BRDA:49,3,0,8
BRDA:49,3,1,8
BRDA:55,4,0,0
BRDA:61,5,0,1
BRDA:66,6,0,1
BRDA:73,7,0,0
BRDA:79,8,0,0
BRDA:86,9,0,0
BRDA:86,10,0,6
BRDA:86,10,1,6
BRDA:93,11,0,0
BRDA:93,12,0,6
BRDA:93,12,1,6
BRDA:100,13,0,1
BRDA:108,14,0,0
BRDA:133,15,0,3
BRDA:146,16,0,0
BRDA:151,17,0,0
BRDA:151,18,0,1
BRDA:151,18,1,1
BRDA:152,19,0,0
BRDA:152,19,1,0
BRDA:153,20,0,0
BRDA:153,20,1,0
BRDA:155,21,0,0
BRDA:170,22,0,0
BRDA:176,23,0,0
BRDA:176,24,0,1
BRDA:176,24,1,1
BRDA:182,25,0,0
BRDA:182,26,0,1
BRDA:182,26,1,0
BRDA:189,27,0,0
BRDA:189,28,0,1
BRDA:189,28,1,1
BRDA:196,29,0,0
BRDA:196,30,0,1
BRDA:196,30,1,1
BRDA:234,31,0,1
BRDA:234,31,1,4
BRDA:246,32,0,4
BRDA:246,32,1,1
BRDA:247,33,0,4
BRDA:247,33,1,0
BRDA:248,34,0,4
BRDA:248,34,1,1
BRDA:249,35,0,4
BRDA:249,35,1,1
BRDA:275,36,0,0
BRDA:280,37,0,0
BRDA:286,38,0,0
BRDA:293,39,0,0
BRDA:308,40,0,0
BRDA:340,41,0,0
BRDA:345,42,0,0
BRDA:357,43,0,1
BRDA:357,43,1,0
BRDA:377,44,0,0
BRDA:405,45,0,0
BRDA:439,46,0,0
BRDA:455,47,0,0
BRF:64
BRH:29
end_of_record
TN:
SF:src\services\maintenance.service.ts
FN:53,(anonymous_1)
FN:150,(anonymous_2)
FN:166,(anonymous_3)
FN:183,(anonymous_4)
FN:258,(anonymous_5)
FN:296,(anonymous_6)
FN:335,(anonymous_7)
FN:348,(anonymous_8)
FN:364,(anonymous_9)
FN:384,(anonymous_10)
FNF:10
FNH:9
FNDA:15,(anonymous_1)
FNDA:5,(anonymous_2)
FNDA:10,(anonymous_3)
FNDA:3,(anonymous_4)
FNDA:3,(anonymous_5)
FNDA:5,(anonymous_6)
FNDA:3,(anonymous_7)
FNDA:0,(anonymous_8)
FNDA:3,(anonymous_9)
FNDA:1,(anonymous_10)
DA:1,10
DA:2,10
DA:3,10
DA:4,10
DA:5,10
DA:6,10
DA:7,10
DA:8,10
DA:23,10
DA:33,10
DA:34,10
DA:35,10
DA:49,10
DA:59,15
DA:60,15
DA:61,1
DA:65,14
DA:69,14
DA:70,1
DA:74,13
DA:75,3
DA:79,3
DA:80,0
DA:85,13
DA:86,3
DA:90,3
DA:91,0
DA:96,13
DA:97,3
DA:98,3
DA:99,0
DA:104,13
DA:105,1
DA:109,12
DA:110,1
DA:114,11
DA:115,0
DA:119,11
DA:120,11
DA:121,11
DA:122,11
DA:123,0
DA:130,11
DA:134,0
DA:138,11
DA:144,11
DA:151,5
DA:156,5
DA:157,3
DA:160,2
DA:172,10
DA:189,3
DA:194,3
DA:195,0
DA:199,3
DA:200,1
DA:206,2
DA:207,1
DA:208,0
DA:212,1
DA:213,1
DA:214,0
DA:221,2
DA:222,0
DA:226,2
DA:227,0
DA:231,2
DA:232,0
DA:233,0
DA:234,0
DA:239,2
DA:240,0
DA:241,0
DA:245,2
DA:246,1
DA:247,0
DA:252,2
DA:264,3
DA:269,3
DA:270,0
DA:274,3
DA:275,3
DA:276,1
DA:280,2
DA:281,2
DA:282,0
DA:285,2
DA:302,5
DA:307,5
DA:308,0
DA:312,5
DA:313,0
DA:317,5
DA:318,5
DA:319,1
DA:324,4
DA:337,3
DA:338,3
DA:339,1
DA:342,2
DA:350,0
DA:354,0
DA:355,0
DA:358,0
DA:369,3
DA:374,3
DA:375,1
DA:378,2
DA:389,1
DA:397,1
DA:398,0
DA:401,1
DA:405,10
LF:113
LH:87
BRDA:60,0,0,1
BRDA:69,1,0,1
BRDA:74,2,0,3
BRDA:79,3,0,0
BRDA:85,4,0,3
BRDA:90,5,0,0
BRDA:96,6,0,3
BRDA:98,7,0,0
BRDA:104,8,0,1
BRDA:109,9,0,1
BRDA:114,10,0,0
BRDA:120,11,0,11
BRDA:122,12,0,0
BRDA:130,13,0,0
BRDA:131,14,0,11
BRDA:131,14,1,11
BRDA:131,14,2,11
BRDA:156,15,0,3
BRDA:194,16,0,0
BRDA:199,17,0,1
BRDA:206,18,0,1
BRDA:206,19,0,2
BRDA:206,19,1,1
BRDA:207,20,0,0
BRDA:212,21,0,1
BRDA:212,21,1,0
BRDA:213,22,0,0
BRDA:221,23,0,0
BRDA:221,24,0,2
BRDA:221,24,1,1
BRDA:226,25,0,0
BRDA:226,26,0,2
BRDA:226,26,1,0
BRDA:231,27,0,0
BRDA:231,28,0,2
BRDA:231,28,1,0
BRDA:233,29,0,0
BRDA:239,30,0,0
BRDA:240,31,0,0
BRDA:240,32,0,0
BRDA:240,32,1,0
BRDA:245,33,0,1
BRDA:246,34,0,0
BRDA:246,35,0,1
BRDA:246,35,1,1
BRDA:269,36,0,0
BRDA:275,37,0,1
BRDA:280,38,0,2
BRDA:280,38,1,0
BRDA:281,39,0,0
BRDA:281,40,0,2
BRDA:281,40,1,1
BRDA:307,41,0,0
BRDA:312,42,0,0
BRDA:317,43,0,5
BRDA:317,43,1,0
BRDA:318,44,0,1
BRDA:338,45,0,1
BRDA:354,46,0,0
BRDA:374,47,0,1
BRDA:397,48,0,0
BRF:61
BRH:32
end_of_record
TN:
SF:src\services\membership.service.ts
FN:33,(anonymous_1)
FN:94,(anonymous_2)
FN:150,(anonymous_3)
FN:182,(anonymous_4)
FN:216,(anonymous_5)
FN:263,(anonymous_6)
FN:284,(anonymous_7)
FN:301,(anonymous_8)
FN:339,(anonymous_9)
FN:372,(anonymous_10)
FN:405,(anonymous_11)
FN:428,(anonymous_12)
FNF:12
FNH:12
FNDA:3,(anonymous_1)
FNDA:3,(anonymous_2)
FNDA:1,(anonymous_3)
FNDA:1,(anonymous_4)
FNDA:1,(anonymous_5)
FNDA:1,(anonymous_6)
FNDA:1,(anonymous_7)
FNDA:1,(anonymous_8)
FNDA:1,(anonymous_9)
FNDA:1,(anonymous_10)
FNDA:1,(anonymous_11)
FNDA:1,(anonymous_12)
DA:1,1
DA:2,1
DA:3,1
DA:16,1
DA:17,1
DA:18,1
DA:19,1
DA:26,1
DA:27,1
DA:28,1
DA:39,3
DA:40,3
DA:41,1
DA:45,2
DA:46,2
DA:47,1
DA:51,1
DA:52,1
DA:53,0
DA:57,1
DA:58,0
DA:62,1
DA:63,1
DA:66,1
DA:75,1
DA:82,1
DA:88,1
DA:99,3
DA:100,3
DA:101,0
DA:105,3
DA:106,0
DA:110,3
DA:111,1
DA:112,1
DA:116,2
DA:117,2
DA:118,0
DA:122,2
DA:123,1
DA:127,1
DA:136,1
DA:138,1
DA:144,1
DA:154,1
DA:155,1
DA:156,0
DA:159,1
DA:160,0
DA:163,1
DA:164,1
DA:165,0
DA:168,1
DA:170,1
DA:176,1
DA:188,1
DA:189,1
DA:190,0
DA:193,1
DA:194,1
DA:195,0
DA:198,1
DA:199,0
DA:202,1
DA:204,1
DA:210,1
DA:221,1
DA:222,1
DA:223,0
DA:226,1
DA:227,1
DA:228,0
DA:231,1
DA:232,0
DA:236,1
DA:237,0
DA:240,1
DA:241,1
DA:244,1
DA:251,1
DA:257,1
DA:265,1
DA:266,1
DA:267,0
DA:270,1
DA:272,1
DA:278,1
DA:285,1
DA:286,1
DA:287,0
DA:290,1
DA:291,1
DA:292,0
DA:295,1
DA:306,1
DA:307,1
DA:308,0
DA:311,1
DA:312,1
DA:313,0
DA:316,1
DA:317,0
DA:320,1
DA:321,0
DA:324,1
DA:326,1
DA:333,1
DA:344,1
DA:345,1
DA:346,0
DA:349,1
DA:350,1
DA:351,0
DA:354,1
DA:355,0
DA:358,1
DA:360,1
DA:366,1
DA:377,1
DA:378,1
DA:379,0
DA:382,1
DA:383,1
DA:384,0
DA:387,1
DA:388,0
DA:391,1
DA:393,1
DA:399,1
DA:406,1
DA:407,1
DA:408,0
DA:411,1
DA:412,1
DA:415,0
DA:417,0
DA:422,0
DA:433,1
DA:434,1
DA:435,0
DA:438,1
DA:439,1
DA:440,0
DA:443,1
DA:444,0
DA:447,1
DA:449,1
DA:455,1
DA:459,1
LF:149
LH:114
BRDA:40,0,0,1
BRDA:46,1,0,1
BRDA:46,2,0,2
BRDA:46,2,1,2
BRDA:46,2,2,1
BRDA:52,3,0,0
BRDA:52,4,0,1
BRDA:52,4,1,0
BRDA:57,5,0,0
BRDA:100,6,0,0
BRDA:105,7,0,0
BRDA:110,8,0,1
BRDA:117,9,0,0
BRDA:117,10,0,2
BRDA:117,10,1,2
BRDA:122,11,0,1
BRDA:155,12,0,0
BRDA:159,13,0,0
BRDA:164,14,0,0
BRDA:164,15,0,1
BRDA:164,15,1,1
BRDA:189,16,0,0
BRDA:189,17,0,1
BRDA:189,17,1,1
BRDA:189,17,2,0
BRDA:194,18,0,0
BRDA:194,19,0,1
BRDA:194,19,1,1
BRDA:198,20,0,0
BRDA:222,21,0,0
BRDA:222,22,0,1
BRDA:222,22,1,1
BRDA:222,22,2,0
BRDA:227,23,0,0
BRDA:227,24,0,1
BRDA:227,24,1,1
BRDA:231,25,0,0
BRDA:236,26,0,0
BRDA:266,27,0,0
BRDA:286,28,0,0
BRDA:291,29,0,0
BRDA:307,30,0,0
BRDA:307,31,0,1
BRDA:307,31,1,1
BRDA:312,32,0,0
BRDA:316,33,0,0
BRDA:320,34,0,0
BRDA:345,35,0,0
BRDA:345,36,0,1
BRDA:345,36,1,1
BRDA:350,37,0,0
BRDA:354,38,0,0
BRDA:378,39,0,0
BRDA:378,40,0,1
BRDA:378,40,1,1
BRDA:378,40,2,0
BRDA:383,41,0,0
BRDA:387,42,0,0
BRDA:407,43,0,0
BRDA:411,44,0,1
BRDA:434,45,0,0
BRDA:434,46,0,1
BRDA:434,46,1,1
BRDA:439,47,0,0
BRDA:443,48,0,0
BRF:65
BRH:29
end_of_record
TN:
SF:src\services\organization.service.ts
FN:22,(anonymous_1)
FN:38,(anonymous_2)
FN:59,(anonymous_3)
FN:68,(anonymous_4)
FN:81,(anonymous_5)
FN:96,(anonymous_6)
FN:103,(anonymous_7)
FN:112,(anonymous_8)
FN:130,(anonymous_9)
FN:139,(anonymous_10)
FN:157,(anonymous_11)
FN:166,(anonymous_12)
FN:183,(anonymous_13)
FN:211,(anonymous_14)
FN:218,(anonymous_15)
FN:224,(anonymous_16)
FN:240,(anonymous_17)
FNF:17
FNH:16
FNDA:1,(anonymous_1)
FNDA:1,(anonymous_2)
FNDA:1,(anonymous_3)
FNDA:1,(anonymous_4)
FNDA:2,(anonymous_5)
FNDA:1,(anonymous_6)
FNDA:5,(anonymous_7)
FNDA:2,(anonymous_8)
FNDA:4,(anonymous_9)
FNDA:2,(anonymous_10)
FNDA:4,(anonymous_11)
FNDA:4,(anonymous_12)
FNDA:1,(anonymous_13)
FNDA:18,(anonymous_14)
FNDA:26,(anonymous_15)
FNDA:1,(anonymous_16)
FNDA:0,(anonymous_17)
DA:1,9
DA:2,9
DA:3,9
DA:4,9
DA:5,9
DA:6,9
DA:21,9
DA:23,1
DA:25,1
DA:27,1
DA:34,1
DA:35,1
DA:43,1
DA:44,1
DA:46,1
DA:47,0
DA:50,1
DA:55,1
DA:56,1
DA:60,1
DA:61,1
DA:63,1
DA:64,1
DA:65,1
DA:69,1
DA:71,1
DA:72,1
DA:73,0
DA:76,1
DA:77,1
DA:78,1
DA:82,2
DA:84,1
DA:89,1
DA:90,0
DA:93,1
DA:97,1
DA:98,1
DA:99,1
DA:104,5
DA:105,3
DA:107,2
DA:108,2
DA:109,2
DA:117,2
DA:118,2
DA:120,2
DA:125,2
DA:126,2
DA:131,4
DA:132,3
DA:134,2
DA:135,2
DA:136,2
DA:144,2
DA:145,2
DA:147,2
DA:152,2
DA:153,2
DA:158,4
DA:159,2
DA:161,2
DA:162,2
DA:163,2
DA:171,4
DA:172,4
DA:174,4
DA:179,4
DA:180,4
DA:187,1
DA:199,1
DA:203,1
DA:212,18
DA:213,18
DA:214,2
DA:219,26
DA:220,6
DA:225,1
DA:226,1
DA:227,1
DA:228,0
DA:232,1
DA:233,1
DA:234,1
DA:235,0
DA:241,0
DA:249,9
LF:87
LH:81
BRDA:23,0,0,1
BRDA:23,0,1,0
BRDA:46,1,0,0
BRDA:46,2,0,1
BRDA:46,2,1,1
BRDA:72,3,0,0
BRDA:72,4,0,1
BRDA:72,4,1,1
BRDA:89,5,0,0
BRDA:187,6,0,1
BRDA:187,6,1,0
BRDA:199,7,0,0
BRDA:199,7,1,1
BRDA:205,8,0,0
BRDA:205,8,1,1
BRDA:213,9,0,2
BRDA:219,10,0,6
BRDA:225,11,0,1
BRDA:227,12,0,0
BRDA:227,13,0,1
BRDA:227,13,1,0
BRDA:232,14,0,1
BRDA:234,15,0,0
BRDA:234,16,0,1
BRDA:234,16,1,0
BRF:25
BRH:14
end_of_record
TN:
SF:src\services\payment.service.ts
FN:45,(anonymous_1)
FN:150,(anonymous_2)
FN:163,(anonymous_3)
FN:203,(anonymous_4)
FN:280,(anonymous_5)
FN:334,(anonymous_6)
FN:360,(anonymous_7)
FN:406,(anonymous_8)
FN:438,(anonymous_9)
FN:459,(anonymous_10)
FN:484,(anonymous_11)
FN:491,(anonymous_12)
FN:504,(anonymous_13)
FNF:13
FNH:8
FNDA:5,(anonymous_1)
FNDA:12,(anonymous_2)
FNDA:1,(anonymous_3)
FNDA:0,(anonymous_4)
FNDA:3,(anonymous_5)
FNDA:0,(anonymous_6)
FNDA:2,(anonymous_7)
FNDA:2,(anonymous_8)
FNDA:2,(anonymous_9)
FNDA:1,(anonymous_10)
FNDA:0,(anonymous_11)
FNDA:0,(anonymous_12)
FNDA:0,(anonymous_13)
DA:2,9
DA:10,9
DA:11,9
DA:12,9
DA:13,9
DA:37,9
DA:38,9
DA:39,9
DA:41,9
DA:47,5
DA:48,5
DA:49,0
DA:53,5
DA:54,5
DA:55,1
DA:59,4
DA:63,4
DA:64,1
DA:68,3
DA:69,1
DA:75,2
DA:76,1
DA:82,1
DA:83,0
DA:89,1
DA:90,0
DA:96,1
DA:97,0
DA:103,1
DA:104,0
DA:109,1
DA:110,0
DA:115,1
DA:116,0
DA:122,1
DA:123,1
DA:124,1
DA:127,1
DA:135,1
DA:137,1
DA:144,1
DA:151,12
DA:153,12
DA:154,2
DA:157,10
DA:164,1
DA:166,1
DA:167,1
DA:168,1
DA:169,1
DA:170,1
DA:171,1
DA:172,1
DA:173,1
DA:174,1
DA:176,1
DA:182,1
DA:187,1
DA:194,1
DA:196,1
DA:204,0
DA:207,0
DA:208,0
DA:212,0
DA:213,0
DA:219,0
DA:220,0
DA:226,0
DA:227,0
DA:233,0
DA:234,0
DA:239,0
DA:240,0
DA:245,0
DA:246,0
DA:252,0
DA:253,0
DA:254,0
DA:255,0
DA:257,0
DA:258,0
DA:259,0
DA:261,0
DA:266,0
DA:268,0
DA:274,0
DA:281,3
DA:283,3
DA:284,1
DA:287,2
DA:288,0
DA:291,2
DA:293,2
DA:294,0
DA:299,2
DA:300,0
DA:305,2
DA:306,2
DA:308,2
DA:320,2
DA:328,2
DA:335,0
DA:337,0
DA:338,0
DA:341,0
DA:348,0
DA:354,0
DA:361,2
DA:363,2
DA:364,1
DA:367,1
DA:369,1
DA:370,0
DA:375,1
DA:376,0
DA:381,1
DA:393,1
DA:400,1
DA:407,2
DA:409,2
DA:410,1
DA:414,1
DA:415,1
DA:416,1
DA:417,1
DA:425,1
DA:432,1
DA:439,2
DA:441,2
DA:442,1
DA:445,1
DA:447,1
DA:453,1
DA:460,1
DA:462,1
DA:463,0
DA:466,1
DA:467,0
DA:470,1
DA:472,1
DA:478,1
DA:485,0
DA:493,0
DA:494,0
DA:495,0
DA:498,0
DA:505,0
DA:509,9
LF:148
LH:96
BRDA:48,0,0,0
BRDA:54,1,0,1
BRDA:63,2,0,1
BRDA:68,3,0,1
BRDA:75,4,0,1
BRDA:75,5,0,2
BRDA:75,5,1,2
BRDA:82,6,0,0
BRDA:82,7,0,1
BRDA:82,7,1,1
BRDA:89,8,0,0
BRDA:89,9,0,1
BRDA:89,9,1,1
BRDA:96,10,0,0
BRDA:103,11,0,0
BRDA:103,12,0,1
BRDA:103,12,1,0
BRDA:109,13,0,0
BRDA:109,14,0,1
BRDA:109,14,1,0
BRDA:115,15,0,0
BRDA:115,16,0,1
BRDA:115,16,1,0
BRDA:122,17,0,1
BRDA:122,17,1,1
BRDA:122,18,0,1
BRDA:122,18,1,1
BRDA:123,19,0,1
BRDA:123,19,1,1
BRDA:123,20,0,1
BRDA:123,20,1,1
BRDA:132,21,0,1
BRDA:132,21,1,0
BRDA:153,22,0,2
BRDA:166,23,0,0
BRDA:167,24,0,0
BRDA:168,25,0,0
BRDA:169,26,0,0
BRDA:170,27,0,0
BRDA:171,28,0,0
BRDA:172,29,0,0
BRDA:173,30,0,0
BRDA:174,31,0,0
BRDA:178,32,0,1
BRDA:178,32,1,1
BRDA:179,33,0,1
BRDA:179,33,1,1
BRDA:207,34,0,0
BRDA:212,35,0,0
BRDA:212,36,0,0
BRDA:212,36,1,0
BRDA:219,37,0,0
BRDA:219,38,0,0
BRDA:219,38,1,0
BRDA:226,39,0,0
BRDA:226,40,0,0
BRDA:226,40,1,0
BRDA:233,41,0,0
BRDA:233,42,0,0
BRDA:233,42,1,0
BRDA:239,43,0,0
BRDA:239,44,0,0
BRDA:239,44,1,0
BRDA:245,45,0,0
BRDA:245,46,0,0
BRDA:245,46,1,0
BRDA:252,47,0,0
BRDA:252,47,1,0
BRDA:253,48,0,0
BRDA:253,48,1,0
BRDA:254,49,0,0
BRDA:254,49,1,0
BRDA:255,50,0,0
BRDA:255,50,1,0
BRDA:257,51,0,0
BRDA:257,51,1,0
BRDA:257,52,0,0
BRDA:257,52,1,0
BRDA:258,53,0,0
BRDA:258,53,1,0
BRDA:258,54,0,0
BRDA:258,54,1,0
BRDA:263,55,0,0
BRDA:263,55,1,0
BRDA:283,56,0,1
BRDA:287,57,0,0
BRDA:287,58,0,2
BRDA:287,58,1,2
BRDA:291,59,0,2
BRDA:291,59,1,1
BRDA:293,60,0,0
BRDA:299,61,0,0
BRDA:305,62,0,1
BRDA:305,62,1,1
BRDA:314,63,0,1
BRDA:314,63,1,1
BRDA:315,64,0,1
BRDA:315,64,1,1
BRDA:337,65,0,0
BRDA:337,66,0,0
BRDA:337,66,1,0
BRDA:363,67,0,1
BRDA:367,68,0,1
BRDA:367,68,1,1
BRDA:367,69,0,1
BRDA:367,69,1,0
BRDA:369,70,0,0
BRDA:375,71,0,0
BRDA:375,72,0,1
BRDA:375,72,1,0
BRDA:388,73,0,1
BRDA:388,73,1,1
BRDA:409,74,0,1
BRDA:415,75,0,1
BRDA:441,76,0,1
BRDA:462,77,0,0
BRDA:466,78,0,0
BRDA:494,79,0,0
BRF:118
BRH:48
end_of_record
TN:
SF:src\services\property.service.ts
FN:67,(anonymous_1)
FN:142,(anonymous_2)
FN:224,(anonymous_3)
FN:240,(anonymous_4)
FN:294,(anonymous_5)
FN:320,(anonymous_6)
FN:353,(anonymous_7)
FNF:7
FNH:7
FNDA:10,(anonymous_1)
FNDA:3,(anonymous_2)
FNDA:3,(anonymous_3)
FNDA:7,(anonymous_4)
FNDA:2,(anonymous_5)
FNDA:2,(anonymous_6)
FNDA:2,(anonymous_7)
DA:1,9
DA:2,9
DA:3,9
DA:4,9
DA:5,9
DA:6,9
DA:63,9
DA:72,10
DA:73,10
DA:74,0
DA:75,0
DA:79,10
DA:80,10
DA:81,1
DA:85,1
DA:89,9
DA:90,9
DA:91,0
DA:92,0
DA:98,9
DA:99,9
DA:100,9
DA:101,0
DA:102,0
DA:108,9
DA:130,9
DA:136,9
DA:148,3
DA:149,3
DA:150,0
DA:151,0
DA:155,3
DA:156,1
DA:157,1
DA:158,1
DA:162,1
DA:167,2
DA:168,0
DA:169,0
DA:170,0
DA:171,0
DA:178,2
DA:179,2
DA:180,2
DA:181,0
DA:182,0
DA:189,2
DA:191,2
DA:192,2
DA:193,2
DA:194,2
DA:195,2
DA:196,2
DA:197,2
DA:198,2
DA:199,2
DA:200,2
DA:201,2
DA:202,2
DA:203,2
DA:204,2
DA:205,2
DA:206,2
DA:208,2
DA:210,2
DA:212,2
DA:218,2
DA:228,3
DA:229,3
DA:230,1
DA:231,1
DA:234,2
DA:244,7
DA:251,7
DA:253,7
DA:254,1
DA:257,7
DA:258,1
DA:261,7
DA:262,1
DA:265,7
DA:266,0
DA:270,7
DA:271,2
DA:272,2
DA:277,2
DA:281,5
DA:283,5
DA:288,5
DA:299,2
DA:300,2
DA:301,0
DA:302,0
DA:306,2
DA:308,2
DA:314,2
DA:325,2
DA:326,2
DA:327,0
DA:328,0
DA:331,2
DA:332,0
DA:333,0
DA:339,2
DA:341,2
DA:347,2
DA:354,2
DA:356,2
DA:361,2
DA:365,9
LF:110
LH:89
BRDA:73,0,0,0
BRDA:80,1,0,1
BRDA:90,2,0,0
BRDA:99,3,0,9
BRDA:99,3,1,0
BRDA:100,4,0,0
BRDA:120,5,0,2
BRDA:120,5,1,7
BRDA:121,6,0,2
BRDA:121,6,1,7
BRDA:122,7,0,9
BRDA:122,7,1,7
BRDA:149,8,0,0
BRDA:155,9,0,1
BRDA:155,10,0,3
BRDA:155,10,1,1
BRDA:157,11,0,1
BRDA:167,12,0,0
BRDA:169,13,0,0
BRDA:178,14,0,2
BRDA:180,15,0,0
BRDA:191,16,0,2
BRDA:192,17,0,0
BRDA:193,18,0,0
BRDA:194,19,0,0
BRDA:195,20,0,2
BRDA:196,21,0,0
BRDA:197,22,0,0
BRDA:198,23,0,0
BRDA:199,24,0,0
BRDA:200,25,0,0
BRDA:201,26,0,0
BRDA:202,27,0,0
BRDA:203,28,0,0
BRDA:204,29,0,1
BRDA:205,30,0,0
BRDA:206,31,0,0
BRDA:229,32,0,1
BRDA:244,33,0,7
BRDA:244,33,1,5
BRDA:244,34,0,7
BRDA:244,34,1,5
BRDA:253,35,0,1
BRDA:257,36,0,1
BRDA:261,37,0,1
BRDA:265,38,0,0
BRDA:270,39,0,2
BRDA:300,40,0,0
BRDA:326,41,0,0
BRDA:326,42,0,2
BRDA:326,42,1,2
BRDA:331,43,0,0
BRF:52
BRH:27
end_of_record
TN:
SF:src\services\rbac.service.ts
FN:16,(anonymous_1)
FN:24,(anonymous_2)
FN:34,(anonymous_3)
FN:74,(anonymous_4)
FN:98,(anonymous_5)
FN:112,(anonymous_6)
FN:123,(anonymous_7)
FN:130,(anonymous_8)
FN:139,(anonymous_9)
FN:181,(anonymous_10)
FN:210,(anonymous_11)
FN:229,(anonymous_12)
FN:240,(anonymous_13)
FN:247,(anonymous_14)
FN:254,(anonymous_15)
FN:287,(anonymous_16)
FN:317,(anonymous_17)
FN:336,(anonymous_18)
FN:346,(anonymous_19)
FN:366,(anonymous_20)
FN:406,(anonymous_21)
FN:420,(anonymous_22)
FN:436,(anonymous_23)
FN:454,(anonymous_24)
FN:461,(anonymous_25)
FN:468,(anonymous_26)
FN:475,(anonymous_27)
FN:482,(anonymous_28)
FN:489,(anonymous_29)
FN:498,(anonymous_30)
FNF:30
FNH:0
FNDA:0,(anonymous_1)
FNDA:0,(anonymous_2)
FNDA:0,(anonymous_3)
FNDA:0,(anonymous_4)
FNDA:0,(anonymous_5)
FNDA:0,(anonymous_6)
FNDA:0,(anonymous_7)
FNDA:0,(anonymous_8)
FNDA:0,(anonymous_9)
FNDA:0,(anonymous_10)
FNDA:0,(anonymous_11)
FNDA:0,(anonymous_12)
FNDA:0,(anonymous_13)
FNDA:0,(anonymous_14)
FNDA:0,(anonymous_15)
FNDA:0,(anonymous_16)
FNDA:0,(anonymous_17)
FNDA:0,(anonymous_18)
FNDA:0,(anonymous_19)
FNDA:0,(anonymous_20)
FNDA:0,(anonymous_21)
FNDA:0,(anonymous_22)
FNDA:0,(anonymous_23)
FNDA:0,(anonymous_24)
FNDA:0,(anonymous_25)
FNDA:0,(anonymous_26)
FNDA:0,(anonymous_27)
FNDA:0,(anonymous_28)
FNDA:0,(anonymous_29)
FNDA:0,(anonymous_30)
DA:1,8
DA:2,8
DA:3,8
DA:4,8
DA:5,8
DA:6,8
DA:12,8
DA:17,0
DA:18,0
DA:25,0
DA:26,0
DA:43,0
DA:46,0
DA:47,0
DA:48,0
DA:52,0
DA:53,0
DA:57,0
DA:58,0
DA:59,0
DA:62,0
DA:82,0
DA:84,0
DA:85,0
DA:86,0
DA:89,0
DA:99,0
DA:101,0
DA:102,0
DA:103,0
DA:106,0
DA:113,0
DA:114,0
DA:115,0
DA:117,0
DA:124,0
DA:131,0
DA:149,0
DA:152,0
DA:153,0
DA:154,0
DA:158,0
DA:159,0
DA:163,0
DA:164,0
DA:165,0
DA:168,0
DA:189,0
DA:191,0
DA:192,0
DA:193,0
DA:197,0
DA:198,0
DA:201,0
DA:211,0
DA:213,0
DA:214,0
DA:215,0
DA:219,0
DA:220,0
DA:223,0
DA:230,0
DA:231,0
DA:232,0
DA:234,0
DA:241,0
DA:248,0
DA:263,0
DA:265,0
DA:266,0
DA:267,0
DA:271,0
DA:272,0
DA:276,0
DA:277,0
DA:278,0
DA:281,0
DA:288,0
DA:290,0
DA:291,0
DA:292,0
DA:295,0
DA:296,0
DA:297,0
DA:301,0
DA:302,0
DA:306,0
DA:307,0
DA:308,0
DA:311,0
DA:318,0
DA:320,0
DA:321,0
DA:322,0
DA:326,0
DA:327,0
DA:330,0
DA:337,0
DA:339,0
DA:340,0
DA:341,0
DA:345,0
DA:346,0
DA:349,0
DA:350,0
DA:351,0
DA:353,0
DA:354,0
DA:358,0
DA:372,0
DA:375,0
DA:376,0
DA:377,0
DA:381,0
DA:382,0
DA:383,0
DA:385,0
DA:386,0
DA:390,0
DA:391,0
DA:392,0
DA:395,0
DA:407,0
DA:409,0
DA:410,0
DA:411,0
DA:414,0
DA:426,0
DA:429,0
DA:430,0
DA:431,0
DA:435,0
DA:436,0
DA:439,0
DA:440,0
DA:441,0
DA:443,0
DA:444,0
DA:448,0
DA:455,0
DA:462,0
DA:469,0
DA:476,0
DA:483,0
DA:490,0
DA:499,0
DA:502,0
DA:552,0
DA:553,0
DA:554,0
DA:555,0
DA:556,0
DA:561,0
DA:563,0
DA:568,0
DA:652,0
DA:653,0
DA:654,0
DA:656,0
DA:657,0
DA:665,0
DA:667,0
DA:670,0
DA:673,0
DA:675,0
DA:682,8
LF:166
LH:8
BRDA:47,0,0,0
BRDA:52,1,0,0
BRDA:58,2,0,0
BRDA:58,3,0,0
BRDA:58,3,1,0
BRDA:85,4,0,0
BRDA:85,5,0,0
BRDA:85,5,1,0
BRDA:102,6,0,0
BRDA:102,7,0,0
BRDA:102,7,1,0
BRDA:114,8,0,0
BRDA:114,9,0,0
BRDA:114,9,1,0
BRDA:123,10,0,0
BRDA:123,11,0,0
BRDA:130,12,0,0
BRDA:130,13,0,0
BRDA:153,14,0,0
BRDA:158,15,0,0
BRDA:164,16,0,0
BRDA:164,17,0,0
BRDA:164,17,1,0
BRDA:173,18,0,0
BRDA:173,18,1,0
BRDA:192,19,0,0
BRDA:192,20,0,0
BRDA:192,20,1,0
BRDA:197,21,0,0
BRDA:214,22,0,0
BRDA:214,23,0,0
BRDA:214,23,1,0
BRDA:219,24,0,0
BRDA:231,25,0,0
BRDA:231,26,0,0
BRDA:231,26,1,0
BRDA:240,27,0,0
BRDA:240,28,0,0
BRDA:247,29,0,0
BRDA:247,30,0,0
BRDA:266,31,0,0
BRDA:266,32,0,0
BRDA:266,32,1,0
BRDA:271,33,0,0
BRDA:277,34,0,0
BRDA:277,35,0,0
BRDA:277,35,1,0
BRDA:291,36,0,0
BRDA:291,37,0,0
BRDA:291,37,1,0
BRDA:296,38,0,0
BRDA:296,39,0,0
BRDA:296,39,1,0
BRDA:301,40,0,0
BRDA:301,41,0,0
BRDA:301,41,1,0
BRDA:307,42,0,0
BRDA:321,43,0,0
BRDA:321,44,0,0
BRDA:321,44,1,0
BRDA:326,45,0,0
BRDA:340,46,0,0
BRDA:340,47,0,0
BRDA:340,47,1,0
BRDA:350,48,0,0
BRDA:350,49,0,0
BRDA:350,49,1,0
BRDA:353,50,0,0
BRDA:376,51,0,0
BRDA:382,52,0,0
BRDA:382,53,0,0
BRDA:382,53,1,0
BRDA:385,54,0,0
BRDA:391,55,0,0
BRDA:410,56,0,0
BRDA:430,57,0,0
BRDA:440,58,0,0
BRDA:440,59,0,0
BRDA:440,59,1,0
BRDA:443,60,0,0
BRDA:555,61,0,0
BRDA:555,61,1,0
BRDA:555,62,0,0
BRDA:555,62,1,0
BRDA:656,63,0,0
BRDA:656,63,1,0
BRDA:656,64,0,0
BRDA:656,64,1,0
BRF:88
BRH:0
end_of_record
TN:
SF:src\services\tenant.service.ts
FN:63,(anonymous_1)
FN:148,(anonymous_2)
FN:165,(anonymous_3)
FN:261,(anonymous_4)
FN:312,(anonymous_5)
FN:341,(anonymous_6)
FN:380,(anonymous_7)
FN:405,(anonymous_8)
FN:412,(anonymous_9)
FNF:9
FNH:9
FNDA:15,(anonymous_1)
FNDA:5,(anonymous_2)
FNDA:3,(anonymous_3)
FNDA:6,(anonymous_4)
FNDA:1,(anonymous_5)
FNDA:1,(anonymous_6)
FNDA:1,(anonymous_7)
FNDA:1,(anonymous_8)
FNDA:14,(anonymous_9)
DA:2,8
DA:3,8
DA:4,8
DA:5,8
DA:6,8
DA:7,8
DA:8,8
DA:59,8
DA:68,15
DA:69,15
DA:70,0
DA:71,0
DA:75,15
DA:76,15
DA:77,1
DA:81,1
DA:85,14
DA:86,2
DA:87,2
DA:88,0
DA:92,0
DA:97,14
DA:98,14
DA:99,14
DA:100,0
DA:101,0
DA:107,14
DA:108,0
DA:114,14
DA:134,14
DA:136,14
DA:142,14
DA:149,5
DA:151,5
DA:152,3
DA:156,3
DA:159,2
DA:171,3
DA:172,3
DA:173,0
DA:174,0
DA:178,3
DA:179,1
DA:180,1
DA:181,1
DA:185,1
DA:190,2
DA:191,0
DA:197,2
DA:198,1
DA:199,0
DA:200,0
DA:201,0
DA:205,0
DA:211,2
DA:212,1
DA:213,1
DA:214,0
DA:215,0
DA:222,2
DA:226,2
DA:227,2
DA:228,2
DA:229,2
DA:230,2
DA:231,2
DA:232,2
DA:233,2
DA:234,2
DA:235,2
DA:236,2
DA:237,2
DA:238,1
DA:239,0
DA:241,1
DA:244,2
DA:245,2
DA:247,2
DA:249,2
DA:255,2
DA:265,6
DA:266,6
DA:268,6
DA:271,6
DA:272,1
DA:273,1
DA:274,0
DA:278,0
DA:283,6
DA:284,2
DA:291,2
DA:295,4
DA:297,4
DA:298,4
DA:300,4
DA:306,4
DA:314,1
DA:315,1
DA:316,0
DA:320,0
DA:324,1
DA:329,1
DA:335,1
DA:343,1
DA:350,1
DA:351,0
DA:352,0
DA:355,1
DA:356,0
DA:357,0
DA:363,1
DA:368,1
DA:374,1
DA:385,1
DA:386,1
DA:387,0
DA:391,0
DA:394,1
DA:396,1
DA:406,1
DA:413,14
DA:414,14
DA:418,8
LF:123
LH:96
BRDA:69,0,0,0
BRDA:76,1,0,1
BRDA:85,2,0,2
BRDA:87,3,0,0
BRDA:98,4,0,14
BRDA:98,4,1,0
BRDA:99,5,0,0
BRDA:107,6,0,0
BRDA:120,7,0,1
BRDA:120,7,1,13
BRDA:151,8,0,3
BRDA:172,9,0,0
BRDA:178,10,0,1
BRDA:178,11,0,3
BRDA:178,11,1,1
BRDA:180,12,0,1
BRDA:190,13,0,0
BRDA:190,14,0,2
BRDA:190,14,1,0
BRDA:197,15,0,1
BRDA:198,16,0,0
BRDA:200,17,0,0
BRDA:211,18,0,1
BRDA:213,19,0,0
BRDA:226,20,0,1
BRDA:227,21,0,0
BRDA:228,22,0,0
BRDA:229,23,0,1
BRDA:230,24,0,0
BRDA:231,25,0,0
BRDA:232,26,0,0
BRDA:233,27,0,0
BRDA:234,28,0,0
BRDA:235,29,0,0
BRDA:236,30,0,0
BRDA:237,31,0,1
BRDA:238,32,0,0
BRDA:238,32,1,1
BRDA:244,33,0,1
BRDA:245,34,0,0
BRDA:265,35,0,6
BRDA:265,35,1,0
BRDA:266,36,0,6
BRDA:266,36,1,0
BRDA:268,37,0,6
BRDA:268,37,1,6
BRDA:268,38,0,6
BRDA:268,38,1,6
BRDA:271,39,0,1
BRDA:273,40,0,0
BRDA:283,41,0,2
BRDA:297,42,0,1
BRDA:298,43,0,1
BRDA:315,44,0,0
BRDA:350,45,0,0
BRDA:355,46,0,0
BRDA:386,47,0,0
BRF:57
BRH:28
end_of_record
TN:
SF:src\services\unit.service.ts
FN:67,(anonymous_1)
FN:192,(anonymous_2)
FN:209,(anonymous_3)
FN:327,(anonymous_4)
FN:381,(anonymous_5)
FN:411,(anonymous_6)
FN:451,(anonymous_7)
FN:471,(anonymous_8)
FNF:8
FNH:1
FNDA:2,(anonymous_1)
FNDA:0,(anonymous_2)
FNDA:0,(anonymous_3)
FNDA:0,(anonymous_4)
FNDA:0,(anonymous_5)
FNDA:0,(anonymous_6)
FNDA:0,(anonymous_7)
FNDA:0,(anonymous_8)
DA:1,8
DA:2,8
DA:3,8
DA:4,8
DA:5,8
DA:6,8
DA:7,8
DA:8,8
DA:63,8
DA:72,2
DA:73,2
DA:74,0
DA:75,0
DA:79,2
DA:80,2
DA:81,0
DA:85,0
DA:89,2
DA:90,2
DA:91,0
DA:95,0
DA:99,2
DA:100,2
DA:101,2
DA:102,0
DA:103,0
DA:109,2
DA:110,2
DA:111,2
DA:112,0
DA:113,0
DA:119,2
DA:120,0
DA:125,2
DA:126,0
DA:131,2
DA:132,0
DA:137,2
DA:138,0
DA:143,2
DA:144,0
DA:149,2
DA:150,0
DA:156,2
DA:177,2
DA:179,2
DA:186,2
DA:193,0
DA:195,0
DA:196,0
DA:200,0
DA:203,0
DA:215,0
DA:216,0
DA:217,0
DA:218,0
DA:222,0
DA:223,0
DA:224,0
DA:225,0
DA:229,0
DA:234,0
DA:235,0
DA:236,0
DA:237,0
DA:238,0
DA:245,0
DA:246,0
DA:247,0
DA:248,0
DA:249,0
DA:256,0
DA:257,0
DA:262,0
DA:263,0
DA:268,0
DA:269,0
DA:274,0
DA:275,0
DA:280,0
DA:281,0
DA:286,0
DA:287,0
DA:293,0
DA:297,0
DA:298,0
DA:299,0
DA:300,0
DA:301,0
DA:302,0
DA:303,0
DA:304,0
DA:305,0
DA:306,0
DA:307,0
DA:308,0
DA:309,0
DA:310,0
DA:312,0
DA:314,0
DA:321,0
DA:331,0
DA:332,0
DA:334,0
DA:337,0
DA:338,0
DA:339,0
DA:340,0
DA:344,0
DA:349,0
DA:350,0
DA:357,0
DA:361,0
DA:363,0
DA:364,0
DA:365,0
DA:366,0
DA:367,0
DA:369,0
DA:375,0
DA:383,0
DA:384,0
DA:385,0
DA:389,0
DA:393,0
DA:398,0
DA:405,0
DA:413,0
DA:420,0
DA:421,0
DA:422,0
DA:425,0
DA:426,0
DA:427,0
DA:433,0
DA:438,0
DA:445,0
DA:456,0
DA:457,0
DA:458,0
DA:462,0
DA:465,0
DA:472,0
DA:476,8
LF:144
LH:32
BRDA:73,0,0,0
BRDA:80,1,0,0
BRDA:90,2,0,0
BRDA:100,3,0,2
BRDA:100,3,1,0
BRDA:101,4,0,0
BRDA:110,5,0,2
BRDA:110,5,1,0
BRDA:111,6,0,0
BRDA:119,7,0,0
BRDA:119,8,0,2
BRDA:119,8,1,2
BRDA:125,9,0,0
BRDA:125,10,0,2
BRDA:125,10,1,2
BRDA:131,11,0,0
BRDA:131,12,0,2
BRDA:131,12,1,2
BRDA:137,13,0,0
BRDA:137,14,0,2
BRDA:137,14,1,0
BRDA:143,15,0,0
BRDA:143,16,0,2
BRDA:143,16,1,0
BRDA:149,17,0,0
BRDA:149,18,0,2
BRDA:149,18,1,0
BRDA:167,19,0,2
BRDA:167,19,1,0
BRDA:168,20,0,2
BRDA:168,20,1,0
BRDA:169,21,0,0
BRDA:169,21,1,2
BRDA:170,22,0,0
BRDA:170,22,1,2
BRDA:171,23,0,0
BRDA:171,23,1,2
BRDA:195,24,0,0
BRDA:216,25,0,0
BRDA:222,26,0,0
BRDA:222,27,0,0
BRDA:222,27,1,0
BRDA:224,28,0,0
BRDA:234,29,0,0
BRDA:236,30,0,0
BRDA:245,31,0,0
BRDA:247,32,0,0
BRDA:256,33,0,0
BRDA:256,34,0,0
BRDA:256,34,1,0
BRDA:262,35,0,0
BRDA:262,36,0,0
BRDA:262,36,1,0
BRDA:268,37,0,0
BRDA:268,38,0,0
BRDA:268,38,1,0
BRDA:274,39,0,0
BRDA:274,40,0,0
BRDA:274,40,1,0
BRDA:280,41,0,0
BRDA:280,42,0,0
BRDA:280,42,1,0
BRDA:286,43,0,0
BRDA:286,44,0,0
BRDA:286,44,1,0
BRDA:297,45,0,0
BRDA:298,46,0,0
BRDA:299,47,0,0
BRDA:300,48,0,0
BRDA:301,49,0,0
BRDA:302,50,0,0
BRDA:303,51,0,0
BRDA:304,52,0,0
BRDA:305,53,0,0
BRDA:306,54,0,0
BRDA:307,55,0,0
BRDA:308,56,0,0
BRDA:309,57,0,0
BRDA:310,58,0,0
BRDA:331,59,0,0
BRDA:331,59,1,0
BRDA:332,60,0,0
BRDA:332,60,1,0
BRDA:334,61,0,0
BRDA:334,61,1,0
BRDA:334,62,0,0
BRDA:334,62,1,0
BRDA:337,63,0,0
BRDA:339,64,0,0
BRDA:349,65,0,0
BRDA:363,66,0,0
BRDA:364,67,0,0
BRDA:365,68,0,0
BRDA:366,69,0,0
BRDA:367,70,0,0
BRDA:384,71,0,0
BRDA:420,72,0,0
BRDA:425,73,0,0
BRDA:457,74,0,0
BRF:99
BRH:16
end_of_record
TN:
SF:src\services\payments\cashfreeAdapter.ts
FN:12,(anonymous_1)
FN:35,(anonymous_2)
FN:40,(anonymous_3)
FNF:3
FNH:0
FNDA:0,(anonymous_1)
FNDA:0,(anonymous_2)
FNDA:0,(anonymous_3)
DA:2,1
DA:3,1
DA:5,1
DA:7,1
DA:8,1
DA:10,1
DA:14,0
DA:26,0
DA:32,0
DA:33,0
DA:36,0
DA:37,0
DA:38,0
DA:41,0
DA:42,0
DA:44,0
DA:45,0
DA:46,0
DA:55,0
DA:59,1
LF:20
LH:7
BRDA:7,0,0,1
BRDA:7,0,1,1
BRDA:8,1,0,1
BRDA:8,1,1,1
BRDA:16,2,0,0
BRDA:16,2,1,0
BRDA:17,3,0,0
BRDA:17,3,1,0
BRDA:36,4,0,0
BRDA:41,5,0,0
BRDA:41,5,1,0
BRDA:41,5,2,0
BRDA:41,5,3,0
BRDA:42,6,0,0
BRDA:45,7,0,0
BRDA:49,8,0,0
BRDA:49,8,1,0
BRDA:49,8,2,0
BRF:18
BRH:4
end_of_record
TN:
SF:src\services\payments\payment.service.ts
FN:10,(anonymous_1)
FN:16,(anonymous_2)
FNF:2
FNH:2
FNDA:2,(anonymous_1)
FNDA:2,(anonymous_2)
DA:1,1
DA:2,1
DA:5,1
DA:10,1
DA:11,2
DA:12,2
DA:13,1
DA:16,2
LF:8
LH:8
BRDA:12,0,0,1
BRF:1
BRH:1
end_of_record
TN:
SF:src\services\payments\razorpayAdapter.ts
FN:12,(anonymous_1)
FN:21,(anonymous_2)
FN:32,(anonymous_3)
FN:37,(anonymous_4)
FNF:4
FNH:0
FNDA:0,(anonymous_1)
FNDA:0,(anonymous_2)
FNDA:0,(anonymous_3)
FNDA:0,(anonymous_4)
DA:2,1
DA:3,1
DA:5,1
DA:7,1
DA:8,1
DA:10,1
DA:12,1
DA:13,0
DA:14,0
DA:16,0
DA:19,1
DA:22,0
DA:23,0
DA:24,0
DA:30,0
DA:33,0
DA:34,0
DA:35,0
DA:39,0
DA:40,0
DA:41,0
DA:43,0
DA:46,0
DA:47,0
DA:48,0
DA:57,0
DA:61,1
LF:27
LH:9
BRDA:7,0,0,1
BRDA:7,0,1,1
BRDA:8,1,0,1
BRDA:8,1,1,1
BRDA:13,2,0,0
BRDA:13,3,0,0
BRDA:13,3,1,0
BRDA:23,4,0,0
BRDA:26,5,0,0
BRDA:26,5,1,0
BRDA:33,6,0,0
BRDA:39,7,0,0
BRDA:39,7,1,0
BRDA:39,8,0,0
BRDA:39,8,1,0
BRDA:40,9,0,0
BRDA:40,9,1,0
BRDA:40,9,2,0
BRDA:41,10,0,0
BRDA:41,10,1,0
BRDA:41,10,2,0
BRDA:43,11,0,0
BRDA:47,12,0,0
BRDA:51,13,0,0
BRDA:51,13,1,0
BRF:25
BRH:4
end_of_record
TN:
SF:src\shared\index.ts
FN:6,(anonymous_0)
FN:10,(anonymous_1)
FN:11,(anonymous_2)
FN:12,(anonymous_3)
FN:13,(anonymous_4)
FN:14,(anonymous_5)
FN:15,(anonymous_6)
FN:16,(anonymous_7)
FN:17,(anonymous_8)
FN:18,(anonymous_9)
FN:19,(anonymous_10)
FN:37,(anonymous_11)
FN:38,(anonymous_12)
FN:39,(anonymous_13)
FN:40,(anonymous_14)
FN:41,(anonymous_15)
FN:42,(anonymous_16)
FN:43,(anonymous_17)
FN:44,(anonymous_18)
FN:48,(anonymous_19)
FN:49,(anonymous_20)
FN:49,(anonymous_21)
FN:50,(anonymous_22)
FN:51,(anonymous_23)
FN:52,(anonymous_24)
FN:52,(anonymous_25)
FN:53,(anonymous_26)
FN:53,(anonymous_27)
FN:54,(anonymous_28)
FN:54,(anonymous_29)
FN:54,(anonymous_30)
FNF:31
FNH:0
FNDA:0,(anonymous_0)
FNDA:0,(anonymous_1)
FNDA:0,(anonymous_2)
FNDA:0,(anonymous_3)
FNDA:0,(anonymous_4)
FNDA:0,(anonymous_5)
FNDA:0,(anonymous_6)
FNDA:0,(anonymous_7)
FNDA:0,(anonymous_8)
FNDA:0,(anonymous_9)
FNDA:0,(anonymous_10)
FNDA:0,(anonymous_11)
FNDA:0,(anonymous_12)
FNDA:0,(anonymous_13)
FNDA:0,(anonymous_14)
FNDA:0,(anonymous_15)
FNDA:0,(anonymous_16)
FNDA:0,(anonymous_17)
FNDA:0,(anonymous_18)
FNDA:0,(anonymous_19)
FNDA:0,(anonymous_20)
FNDA:0,(anonymous_21)
FNDA:0,(anonymous_22)
FNDA:0,(anonymous_23)
FNDA:0,(anonymous_24)
FNDA:0,(anonymous_25)
FNDA:0,(anonymous_26)
FNDA:0,(anonymous_27)
FNDA:0,(anonymous_28)
FNDA:0,(anonymous_29)
FNDA:0,(anonymous_30)
DA:6,0
DA:9,0
DA:10,0
DA:11,0
DA:12,0
DA:13,0
DA:14,0
DA:15,0
DA:16,0
DA:17,0
DA:18,0
DA:19,0
DA:36,0
DA:37,0
DA:38,0
DA:39,0
DA:40,0
DA:41,0
DA:42,0
DA:43,0
DA:44,0
DA:48,0
DA:49,0
DA:50,0
DA:51,0
DA:52,0
DA:53,0
DA:54,0
LF:28
LH:0
BRF:0
BRH:0
end_of_record
TN:
SF:src\shared\constants\app.constants.ts
FNF:0
FNH:0
DA:5,24
LF:1
LH:1
BRF:0
BRH:0
end_of_record
TN:
SF:src\shared\constants\index.ts
FN:1,(anonymous_0)
FNF:1
FNH:1
FNDA:442,(anonymous_0)
DA:1,466
LF:1
LH:1
BRF:0
BRH:0
end_of_record
TN:
SF:src\shared\core\context\index.ts
FN:1,(anonymous_0)
FN:1,(anonymous_1)
FNF:2
FNH:1
FNDA:24,(anonymous_0)
FNDA:0,(anonymous_1)
DA:1,42
LF:1
LH:1
BRF:0
BRH:0
end_of_record
TN:
SF:src\shared\core\context\request.context.ts
FN:14,(anonymous_0)
FN:21,(anonymous_1)
FN:28,(anonymous_2)
FN:35,(anonymous_3)
FN:42,(anonymous_4)
FN:49,(anonymous_5)
FN:56,(anonymous_6)
FN:63,(anonymous_7)
FN:75,(anonymous_8)
FNF:9
FNH:2
FNDA:0,(anonymous_0)
FNDA:24,(anonymous_1)
FNDA:24,(anonymous_2)
FNDA:0,(anonymous_3)
FNDA:0,(anonymous_4)
FNDA:0,(anonymous_5)
FNDA:0,(anonymous_6)
FNDA:0,(anonymous_7)
FNDA:0,(anonymous_8)
DA:5,18
DA:8,18
DA:10,18
DA:15,0
DA:22,24
DA:29,24
DA:36,0
DA:43,0
DA:50,0
DA:57,0
DA:64,0
DA:73,18
DA:75,18
DA:80,0
DA:81,0
DA:82,0
DA:83,0
DA:84,0
DA:86,0
DA:94,0
DA:97,0
DA:99,0
LF:22
LH:7
BRDA:81,0,0,0
BRDA:81,0,1,0
BRDA:82,1,0,0
BRDA:82,1,1,0
BRDA:83,2,0,0
BRDA:83,2,1,0
BRDA:84,3,0,0
BRDA:84,3,1,0
BRF:8
BRH:0
end_of_record
TN:
SF:src\shared\core\filtering\filter.builder.ts
FN:23,(anonymous_0)
FN:47,(anonymous_1)
FN:72,(anonymous_2)
FNF:3
FNH:0
FNDA:0,(anonymous_0)
FNDA:0,(anonymous_1)
FNDA:0,(anonymous_2)
DA:19,9
DA:24,0
DA:26,0
DA:27,0
DA:38,0
DA:41,0
DA:48,0
DA:50,0
DA:52,0
DA:54,0
DA:55,0
DA:57,0
DA:58,0
DA:66,0
DA:74,0
DA:75,0
DA:79,0
DA:80,0
DA:83,0
DA:84,0
DA:85,0
DA:87,0
DA:91,0
LF:23
LH:1
BRDA:35,0,0,0
BRDA:35,0,1,0
BRDA:38,1,0,0
BRDA:38,1,1,0
BRDA:50,2,0,0
BRDA:57,3,0,0
BRDA:57,4,0,0
BRDA:57,4,1,0
BRDA:57,4,2,0
BRDA:74,5,0,0
BRDA:74,6,0,0
BRDA:74,6,1,0
BRDA:79,7,0,0
BRDA:80,8,0,0
BRDA:83,9,0,0
BRDA:83,10,0,0
BRDA:83,10,1,0
BRF:17
BRH:0
end_of_record
TN:
SF:src\shared\core\filtering\index.ts
FN:1,(anonymous_0)
FNF:1
FNH:0
FNDA:0,(anonymous_0)
DA:1,9
LF:1
LH:1
BRF:0
BRH:0
end_of_record
TN:
SF:src\shared\core\pagination\index.ts
FN:1,(anonymous_0)
FN:1,(anonymous_1)
FNF:2
FNH:2
FNDA:14,(anonymous_0)
FNDA:13,(anonymous_1)
DA:1,35
LF:1
LH:1
BRF:0
BRH:0
end_of_record
TN:
SF:src\shared\core\pagination\pagination.dto.ts
FN:15,(anonymous_0)
FN:39,(anonymous_1)
FN:46,(anonymous_2)
FN:53,(anonymous_3)
FN:61,(anonymous_4)
FN:81,(anonymous_5)
FNF:6
FNH:4
FNDA:14,(anonymous_0)
FNDA:13,(anonymous_1)
FNDA:13,(anonymous_2)
FNDA:0,(anonymous_3)
FNDA:0,(anonymous_4)
FNDA:13,(anonymous_5)
DA:1,21
DA:2,21
DA:8,21
DA:22,14
DA:29,14
DA:30,14
DA:31,14
DA:32,14
DA:33,14
DA:40,13
DA:47,13
DA:54,0
DA:55,0
DA:62,0
DA:70,21
DA:87,13
DA:88,13
LF:17
LH:14
BRDA:16,0,0,0
BRDA:17,1,0,0
BRDA:18,2,0,7
BRDA:19,3,0,7
BRDA:33,4,0,3
BRDA:33,4,1,11
BRDA:54,5,0,0
BRF:7
BRH:4
end_of_record
TN:
SF:src\shared\core\repository\base.repository.ts
FN:15,(anonymous_0)
FN:23,(anonymous_1)
FN:33,(anonymous_2)
FN:44,(anonymous_3)
FN:54,(anonymous_4)
FN:76,(anonymous_5)
FN:93,(anonymous_6)
FN:103,(anonymous_7)
FN:120,(anonymous_8)
FN:135,(anonymous_9)
FN:145,(anonymous_10)
FN:161,(anonymous_11)
FN:177,(anonymous_12)
FN:187,(anonymous_13)
FN:200,(anonymous_14)
FN:208,(anonymous_15)
FN:216,(anonymous_16)
FN:223,(anonymous_17)
FNF:18
FNH:7
FNDA:45,(anonymous_0)
FNDA:39,(anonymous_1)
FNDA:0,(anonymous_2)
FNDA:0,(anonymous_3)
FNDA:13,(anonymous_4)
FNDA:15,(anonymous_5)
FNDA:0,(anonymous_6)
FNDA:5,(anonymous_7)
FNDA:0,(anonymous_8)
FNDA:0,(anonymous_9)
FNDA:2,(anonymous_10)
FNDA:2,(anonymous_11)
FNDA:0,(anonymous_12)
FNDA:0,(anonymous_13)
FNDA:0,(anonymous_14)
FNDA:0,(anonymous_15)
FNDA:0,(anonymous_16)
FNDA:0,(anonymous_17)
DA:2,18
DA:3,18
DA:4,18
DA:11,18
DA:16,45
DA:17,45
DA:24,39
DA:25,39
DA:34,0
DA:35,0
DA:36,0
DA:38,0
DA:45,0
DA:46,0
DA:58,13
DA:60,13
DA:70,13
DA:77,15
DA:78,15
DA:79,15
DA:81,15
DA:94,0
DA:95,0
DA:104,5
DA:105,5
DA:106,5
DA:108,5
DA:125,0
DA:126,0
DA:128,0
DA:136,0
DA:137,0
DA:146,2
DA:147,2
DA:149,2
DA:162,2
DA:163,2
DA:165,2
DA:178,0
DA:179,0
DA:188,0
DA:189,0
DA:201,0
DA:202,0
DA:209,0
DA:210,0
DA:217,0
DA:224,0
DA:225,0
DA:226,0
DA:227,0
DA:229,0
LF:52
LH:25
BRDA:33,0,0,0
BRDA:35,1,0,0
BRDA:79,2,0,15
BRDA:79,2,1,15
BRDA:79,2,2,1
BRDA:106,3,0,5
BRDA:106,3,1,5
BRDA:106,3,2,0
BRDA:123,4,0,0
BRDA:153,5,0,2
BRDA:153,5,1,2
BRDA:169,6,0,2
BRDA:169,6,1,2
BRDA:226,7,0,0
BRDA:226,7,1,0
BRDA:226,7,2,0
BRDA:227,8,0,0
BRDA:227,8,1,0
BRDA:227,8,2,0
BRF:19
BRH:9
end_of_record
TN:
SF:src\shared\core\repository\index.ts
FN:1,(anonymous_0)
FNF:1
FNH:1
FNDA:45,(anonymous_0)
DA:1,63
LF:1
LH:1
BRF:0
BRH:0
end_of_record
TN:
SF:src\shared\core\response\api.response.ts
FN:12,(anonymous_0)
FN:28,(anonymous_1)
FN:46,(anonymous_2)
FN:57,(anonymous_3)
FN:73,(anonymous_4)
FN:88,(anonymous_5)
FN:98,(anonymous_6)
FN:108,(anonymous_7)
FN:118,(anonymous_8)
FNF:9
FNH:9
FNDA:138,(anonymous_0)
FNDA:19,(anonymous_1)
FNDA:57,(anonymous_2)
FNDA:32,(anonymous_3)
FNDA:30,(anonymous_4)
FNDA:1,(anonymous_5)
FNDA:1,(anonymous_6)
FNDA:1,(anonymous_7)
FNDA:1,(anonymous_8)
DA:2,10
DA:8,10
DA:18,138
DA:35,19
DA:51,57
DA:63,32
DA:78,30
DA:92,1
DA:102,1
DA:112,1
DA:122,1
LF:11
LH:11
BRDA:15,0,0,10
BRDA:16,1,0,80
BRDA:32,2,0,0
BRDA:33,3,0,19
BRDA:49,4,0,0
BRDA:59,5,0,0
BRDA:60,6,0,1
BRDA:66,7,0,32
BRDA:66,7,1,31
BRDA:76,8,0,4
BRDA:90,9,0,0
BRDA:100,10,0,0
BRDA:110,11,0,0
BRDA:120,12,0,0
BRF:14
BRH:7
end_of_record
TN:
SF:src\shared\core\response\index.ts
FN:1,(anonymous_0)
FNF:1
FNH:1
FNDA:219,(anonymous_0)
DA:1,229
LF:1
LH:1
BRF:0
BRH:0
end_of_record
TN:
SF:src\shared\exceptions\app.exception.ts
FN:7,(anonymous_0)
FN:20,(anonymous_1)
FN:26,(anonymous_2)
FN:32,(anonymous_3)
FN:38,(anonymous_4)
FN:47,(anonymous_5)
FN:53,(anonymous_6)
FN:59,(anonymous_7)
FN:65,(anonymous_8)
FN:71,(anonymous_9)
FNF:10
FNH:1
FNDA:12,(anonymous_0)
FNDA:0,(anonymous_1)
FNDA:0,(anonymous_2)
FNDA:0,(anonymous_3)
FNDA:0,(anonymous_4)
FNDA:0,(anonymous_5)
FNDA:0,(anonymous_6)
FNDA:0,(anonymous_7)
FNDA:0,(anonymous_8)
FNDA:0,(anonymous_9)
DA:6,19
DA:8,12
DA:9,12
DA:10,12
DA:11,12
DA:13,12
DA:14,12
DA:15,12
DA:19,19
DA:21,0
DA:25,19
DA:27,0
DA:31,19
DA:33,0
DA:37,19
DA:42,0
DA:46,19
DA:48,0
DA:52,19
DA:54,0
DA:58,19
DA:60,0
DA:64,19
DA:66,0
DA:70,19
DA:72,0
DA:75,0
LF:27
LH:17
BRDA:9,0,0,0
BRDA:10,1,0,0
BRDA:20,2,0,0
BRDA:26,3,0,0
BRDA:32,4,0,0
BRDA:39,5,0,0
BRDA:47,6,0,0
BRDA:53,7,0,0
BRDA:59,8,0,0
BRDA:65,9,0,0
BRDA:73,10,0,0
BRF:11
BRH:0
end_of_record
TN:
SF:src\shared\exceptions\index.ts
FN:6,(anonymous_4)
FN:12,(anonymous_5)
FN:18,(anonymous_6)
FN:24,(anonymous_7)
FNF:4
FNH:2
FNDA:4,(anonymous_4)
FNDA:8,(anonymous_5)
FNDA:0,(anonymous_6)
FNDA:0,(anonymous_7)
DA:1,19
DA:3,19
DA:5,19
DA:7,4
DA:11,19
DA:13,8
DA:17,19
DA:19,0
DA:23,19
DA:25,0
LF:10
LH:8
BRDA:6,0,0,0
BRDA:12,1,0,0
BRDA:18,2,0,0
BRDA:24,3,0,0
BRF:4
BRH:0
end_of_record
TN:
SF:src\shared\logger\index.ts
FN:1,(anonymous_0)
FN:1,(anonymous_1)
FNF:2
FNH:0
FNDA:0,(anonymous_0)
FNDA:0,(anonymous_1)
DA:1,0
LF:1
LH:0
BRF:0
BRH:0
end_of_record
TN:
SF:src\shared\logger\logger.service.ts
FN:11,(anonymous_1)
FN:25,(anonymous_2)
FN:44,(anonymous_3)
FN:48,(anonymous_4)
FN:56,(anonymous_5)
FN:60,(anonymous_6)
FN:64,(anonymous_7)
FN:82,(anonymous_8)
FN:85,(anonymous_9)
FNF:9
FNH:0
FNDA:0,(anonymous_1)
FNDA:0,(anonymous_2)
FNDA:0,(anonymous_3)
FNDA:0,(anonymous_4)
FNDA:0,(anonymous_5)
FNDA:0,(anonymous_6)
FNDA:0,(anonymous_7)
FNDA:0,(anonymous_8)
FNDA:0,(anonymous_9)
DA:1,0
DA:2,0
DA:8,0
DA:12,0
DA:26,0
DA:27,0
DA:45,0
DA:49,0
DA:57,0
DA:61,0
DA:65,0
DA:66,0
DA:82,0
DA:83,0
DA:85,0
DA:86,0
DA:87,0
DA:88,0
DA:90,0
DA:99,0
DA:100,0
DA:101,0
DA:102,0
DA:104,0
DA:108,0
LF:25
LH:0
BRDA:13,0,0,0
BRDA:13,0,1,0
BRDA:26,1,0,0
BRDA:26,1,1,0
BRDA:28,2,0,0
BRDA:28,2,1,0
BRDA:51,3,0,0
BRDA:51,3,1,0
BRDA:52,4,0,0
BRDA:52,4,1,0
BRDA:99,5,0,0
BRDA:99,5,1,0
BRDA:101,6,0,0
BRDA:101,6,1,0
BRF:14
BRH:0
end_of_record
TN:
SF:src\shared\utils\date.util.ts
FN:19,(anonymous_1)
FN:26,(anonymous_2)
FN:33,(anonymous_3)
FN:40,(anonymous_4)
FN:47,(anonymous_5)
FN:54,(anonymous_6)
FN:61,(anonymous_7)
FN:68,(anonymous_8)
FN:75,(anonymous_9)
FN:82,(anonymous_10)
FN:89,(anonymous_11)
FN:96,(anonymous_12)
FN:103,(anonymous_13)
FN:110,(anonymous_14)
FN:130,(anonymous_15)
FNF:15
FNH:0
FNDA:0,(anonymous_1)
FNDA:0,(anonymous_2)
FNDA:0,(anonymous_3)
FNDA:0,(anonymous_4)
FNDA:0,(anonymous_5)
FNDA:0,(anonymous_6)
FNDA:0,(anonymous_7)
FNDA:0,(anonymous_8)
FNDA:0,(anonymous_9)
FNDA:0,(anonymous_10)
FNDA:0,(anonymous_11)
FNDA:0,(anonymous_12)
FNDA:0,(anonymous_13)
FNDA:0,(anonymous_14)
FNDA:0,(anonymous_15)
DA:1,21
DA:2,21
DA:3,21
DA:4,21
DA:6,21
DA:7,21
DA:13,21
DA:14,21
DA:20,0
DA:27,0
DA:34,0
DA:41,0
DA:48,0
DA:55,0
DA:62,0
DA:69,0
DA:76,0
DA:83,0
DA:90,0
DA:97,0
DA:104,0
DA:111,0
DA:112,0
DA:113,0
DA:116,0
DA:117,0
DA:124,0
DA:131,0
DA:132,0
DA:133,0
DA:135,0
LF:31
LH:8
BRDA:47,0,0,0
BRDA:54,1,0,0
BRDA:96,2,0,0
BRDA:103,3,0,0
BRDA:112,4,0,0
BRDA:133,5,0,0
BRDA:133,5,1,0
BRF:7
BRH:0
end_of_record
TN:
SF:src\shared\utils\index.ts
FN:1,(anonymous_0)
FN:2,(anonymous_1)
FN:2,(anonymous_2)
FN:3,(anonymous_3)
FN:4,(anonymous_4)
FN:4,(anonymous_5)
FN:4,(anonymous_6)
FN:5,(anonymous_7)
FNF:8
FNH:3
FNDA:0,(anonymous_0)
FNDA:0,(anonymous_1)
FNDA:0,(anonymous_2)
FNDA:0,(anonymous_3)
FNDA:40,(anonymous_4)
FNDA:3,(anonymous_5)
FNDA:27,(anonymous_6)
FNDA:0,(anonymous_7)
DA:1,21
DA:2,21
DA:3,21
DA:4,61
DA:5,21
LF:5
LH:5
BRF:0
BRH:0
end_of_record
TN:
SF:src\shared\utils\query.util.ts
FN:9,(anonymous_0)
FN:36,(anonymous_1)
FN:43,(anonymous_2)
FN:64,(anonymous_3)
FN:68,(anonymous_4)
FN:80,(anonymous_5)
FN:96,(anonymous_6)
FN:111,(anonymous_7)
FNF:8
FNH:6
FNDA:13,(anonymous_0)
FNDA:13,(anonymous_1)
FNDA:14,(anonymous_2)
FNDA:0,(anonymous_3)
FNDA:0,(anonymous_4)
FNDA:3,(anonymous_5)
FNDA:13,(anonymous_6)
FNDA:14,(anonymous_7)
DA:5,21
DA:21,13
DA:23,13
DA:37,13
DA:49,14
DA:60,21
DA:65,0
DA:67,0
DA:68,0
DA:81,3
DA:92,21
DA:101,13
DA:102,0
DA:105,13
DA:112,14
LF:15
LH:11
BRDA:46,0,0,0
BRDA:47,1,0,0
BRDA:65,2,0,0
BRDA:101,3,0,0
BRDA:112,4,0,0
BRDA:112,4,1,14
BRF:6
BRH:1
end_of_record
TN:
SF:src\shared\utils\security.util.ts
FN:21,(anonymous_9)
FN:28,(anonymous_10)
FN:35,(anonymous_11)
FN:70,(anonymous_12)
FN:88,(anonymous_13)
FN:95,(anonymous_14)
FN:102,(anonymous_15)
FN:109,(anonymous_16)
FNF:8
FNH:0
FNDA:0,(anonymous_9)
FNDA:0,(anonymous_10)
FNDA:0,(anonymous_11)
FNDA:0,(anonymous_12)
FNDA:0,(anonymous_13)
FNDA:0,(anonymous_14)
FNDA:0,(anonymous_15)
FNDA:0,(anonymous_16)
DA:1,21
DA:2,21
DA:8,21
DA:9,21
DA:10,21
DA:11,21
DA:22,0
DA:29,0
DA:39,0
DA:41,0
DA:42,0
DA:45,0
DA:46,0
DA:49,0
DA:50,0
DA:53,0
DA:54,0
DA:57,0
DA:58,0
DA:61,0
DA:71,0
DA:72,0
DA:73,0
DA:74,0
DA:76,0
DA:84,21
DA:89,0
DA:96,0
DA:103,0
DA:110,0
DA:111,0
LF:31
LH:7
BRDA:41,0,0,0
BRDA:45,1,0,0
BRDA:49,2,0,0
BRDA:53,3,0,0
BRDA:57,4,0,0
BRDA:70,5,0,0
BRDA:88,6,0,0
BRDA:95,7,0,0
BRF:8
BRH:0
end_of_record
TN:
SF:src\shared\utils\uuid.generator.ts
FN:14,(anonymous_1)
FN:22,(anonymous_2)
FN:31,(anonymous_3)
FN:41,(anonymous_4)
FN:48,(anonymous_5)
FNF:5
FNH:0
FNDA:0,(anonymous_1)
FNDA:0,(anonymous_2)
FNDA:0,(anonymous_3)
FNDA:0,(anonymous_4)
FNDA:0,(anonymous_5)
DA:1,21
DA:7,21
DA:9,21
DA:15,0
DA:23,0
DA:32,0
DA:33,0
DA:35,0
DA:42,0
DA:49,0
DA:50,0
LF:11
LH:3
BRDA:48,0,0,0
BRDA:49,1,0,0
BRF:2
BRH:0
end_of_record
TN:
SF:src\shared\utils\validation.util.ts
FN:9,(anonymous_0)
FN:17,(anonymous_1)
FN:25,(anonymous_2)
FN:33,(anonymous_3)
FN:41,(anonymous_4)
FN:53,(anonymous_5)
FN:64,(anonymous_6)
FN:74,(anonymous_7)
FN:84,(anonymous_8)
FN:91,(anonymous_9)
FNF:10
FNH:0
FNDA:0,(anonymous_0)
FNDA:0,(anonymous_1)
FNDA:0,(anonymous_2)
FNDA:0,(anonymous_3)
FNDA:0,(anonymous_4)
FNDA:0,(anonymous_5)
FNDA:0,(anonymous_6)
FNDA:0,(anonymous_7)
FNDA:0,(anonymous_8)
FNDA:0,(anonymous_9)
DA:5,21
DA:10,0
DA:11,0
DA:18,0
DA:19,0
DA:26,0
DA:27,0
DA:34,0
DA:35,0
DA:42,0
DA:43,0
DA:44,0
DA:46,0
DA:58,0
DA:65,0
DA:66,0
DA:67,0
DA:68,0
DA:75,0
DA:85,0
DA:92,0
LF:21
LH:1
BRDA:58,0,0,0
BRDA:58,0,1,0
BRDA:65,1,0,0
BRDA:65,2,0,0
BRDA:65,2,1,0
BRDA:66,3,0,0
BRDA:67,4,0,0
BRF:7
BRH:0
end_of_record
TN:
SF:src\shared\validation\index.ts
FN:85,validate
FN:95,(anonymous_1)
FN:111,validateOrThrow
FNF:3
FNH:0
FNDA:0,validate
FNDA:0,(anonymous_1)
FNDA:0,validateOrThrow
DA:1,9
DA:2,9
DA:8,9
DA:85,9
DA:89,0
DA:90,0
DA:91,0
DA:93,0
DA:94,0
DA:95,0
DA:96,0
DA:97,0
DA:98,0
DA:100,0
DA:102,0
DA:104,0
DA:111,9
DA:115,0
DA:116,0
DA:117,0
DA:119,0
LF:21
LH:5
BRDA:93,0,0,0
BRDA:97,1,0,0
BRDA:116,2,0,0
BRF:3
BRH:0
end_of_record
TN:
SF:src\utils\errors.ts
FN:5,(anonymous_0)
FN:18,(anonymous_1)
FN:26,(anonymous_2)
FN:33,(anonymous_3)
FN:40,(anonymous_4)
FN:47,(anonymous_5)
FNF:6
FNH:6
FNDA:79,(anonymous_0)
FNDA:16,(anonymous_1)
FNDA:14,(anonymous_2)
FNDA:19,(anonymous_3)
FNDA:16,(anonymous_4)
FNDA:12,(anonymous_5)
DA:1,18
DA:6,79
DA:7,79
DA:8,79
DA:9,79
DA:10,79
DA:11,79
DA:15,18
DA:19,16
DA:20,16
DA:21,16
DA:25,18
DA:27,14
DA:28,14
DA:32,18
DA:34,19
DA:35,19
DA:39,18
DA:41,16
DA:42,16
DA:46,18
DA:48,12
DA:49,12
LF:23
LH:23
BRDA:5,0,0,2
BRDA:33,1,0,1
BRDA:40,2,0,1
BRDA:47,3,0,1
BRF:4
BRH:4
end_of_record
TN:
SF:src\utils\jwt.ts
FN:1,getJwtSecret
FNF:1
FNH:0
FNDA:0,getJwtSecret
DA:1,0
DA:2,0
DA:3,0
DA:4,0
DA:6,0
LF:5
LH:0
BRDA:3,0,0,0
BRF:1
BRH:0
end_of_record
TN:
SF:src\utils\logger.ts
FN:6,(anonymous_0)
FN:28,(anonymous_1)
FN:32,(anonymous_2)
FN:37,(anonymous_3)
FN:49,(anonymous_4)
FN:81,(anonymous_5)
FN:85,(anonymous_6)
FN:89,(anonymous_7)
FN:93,(anonymous_8)
FNF:9
FNH:9
FNDA:15,(anonymous_0)
FNDA:15,(anonymous_1)
FNDA:321,(anonymous_2)
FNDA:214,(anonymous_3)
FNDA:321,(anonymous_4)
FNDA:107,(anonymous_5)
FNDA:116,(anonymous_6)
FNDA:49,(anonymous_7)
FNDA:49,(anonymous_8)
DA:6,15
DA:7,15
DA:8,15
DA:9,15
DA:10,15
DA:29,15
DA:33,321
DA:34,321
DA:38,214
DA:39,214
DA:46,214
DA:50,321
DA:52,214
DA:66,214
DA:69,214
DA:71,49
DA:72,49
DA:74,49
DA:75,49
DA:77,116
DA:82,107
DA:86,116
DA:90,49
DA:94,49
DA:99,15
DA:103,15
LF:26
LH:26
BRDA:6,0,0,15
BRDA:6,0,1,15
BRDA:28,1,0,0
BRDA:43,2,0,214
BRDA:43,2,1,151
BRDA:44,3,0,214
BRDA:44,3,1,49
BRDA:50,4,0,107
BRDA:56,5,0,214
BRDA:56,5,1,151
BRDA:57,6,0,214
BRDA:57,6,1,49
BRDA:69,7,0,49
BRDA:69,7,1,49
BRDA:69,7,2,116
BRDA:100,8,0,5
BRDA:100,8,1,10
BRDA:100,9,0,5
BRDA:100,9,1,0
BRF:19
BRH:17
end_of_record
TN:
SF:src\utils\validation.ts
FN:11,(anonymous_0)
FN:12,(anonymous_1)
FNF:2
FNH:2
FNDA:584,(anonymous_0)
FNDA:109,(anonymous_1)
DA:3,8
DA:11,8
DA:12,584
DA:13,109
DA:15,109
DA:16,58
DA:17,58
DA:18,9
DA:19,15
DA:20,15
DA:21,15
DA:23,15
DA:26,49
DA:30,109
DA:31,18
DA:32,18
DA:33,0
DA:34,0
DA:35,0
DA:36,0
DA:38,0
DA:43,109
DA:44,51
DA:45,51
DA:46,2
DA:47,2
DA:48,2
DA:49,2
DA:51,2
DA:56,109
DA:57,11
DA:60,98
LF:32
LH:27
BRDA:15,0,0,58
BRDA:17,1,0,9
BRDA:17,1,1,49
BRDA:20,2,0,15
BRDA:30,3,0,18
BRDA:32,4,0,0
BRDA:35,5,0,0
BRDA:43,6,0,51
BRDA:45,7,0,2
BRDA:48,8,0,2
BRDA:56,9,0,11
BRF:11
BRH:9
end_of_record
TN:
SF:src\validators\auth.validators.ts
FN:59,(anonymous_0)
FN:62,(anonymous_1)
FNF:2
FNH:2
FNDA:4,(anonymous_0)
FNDA:4,(anonymous_1)
DA:1,8
DA:4,8
DA:12,8
DA:15,8
DA:25,8
DA:33,8
DA:40,8
DA:47,8
DA:55,8
DA:59,4
DA:62,4
LF:11
LH:11
BRF:0
BRH:0
end_of_record
TN:
SF:src\validators\lease.validator.ts
FNF:0
FNH:0
DA:1,8
DA:4,8
DA:5,8
DA:8,8
DA:33,8
DA:56,8
DA:76,8
DA:91,8
DA:98,8
DA:106,8
LF:10
LH:10
BRF:0
BRH:0
end_of_record
TN:
SF:src\validators\lease.validators.ts
FNF:0
FNH:0
DA:1,0
DA:3,0
DA:13,0
DA:21,0
LF:4
LH:0
BRF:0
BRH:0
end_of_record
TN:
SF:src\validators\maintenance.validators.ts
FN:35,(anonymous_0)
FNF:1
FNH:1
FNDA:11,(anonymous_0)
DA:1,9
DA:4,9
DA:14,9
DA:22,9
DA:33,9
DA:34,9
DA:36,11
DA:37,11
DA:43,9
DA:73,9
DA:106,9
DA:136,9
DA:141,9
DA:146,9
DA:153,9
DA:160,9
DA:170,9
LF:17
LH:17
BRDA:37,0,0,11
BRDA:37,0,1,11
BRF:2
BRH:2
end_of_record
TN:
SF:src\validators\membership.validators.ts
FNF:0
FNH:0
DA:1,1
DA:2,1
DA:5,1
DA:6,1
DA:7,1
DA:10,1
DA:18,1
DA:25,1
DA:32,1
DA:39,1
DA:46,1
DA:53,1
DA:61,1
DA:68,1
DA:75,1
DA:88,1
LF:16
LH:16
BRF:0
BRH:0
end_of_record
TN:
SF:src\validators\organization.validators.ts
FN:87,(anonymous_0)
FNF:1
FNH:1
FNDA:1,(anonymous_0)
DA:1,8
DA:2,8
DA:3,8
DA:5,8
DA:7,8
DA:8,8
DA:11,8
DA:16,8
DA:21,8
DA:23,8
DA:25,8
DA:27,8
DA:29,8
DA:39,8
DA:42,8
DA:44,8
DA:56,8
DA:57,8
DA:59,8
DA:67,8
DA:86,8
DA:87,1
DA:91,8
DA:95,8
LF:24
LH:24
BRF:0
BRH:0
end_of_record
TN:
SF:src\validators\payment.validators.ts
FNF:0
FNH:0
DA:1,8
DA:4,8
DA:7,8
DA:10,8
DA:13,8
DA:33,8
DA:49,8
DA:67,8
DA:72,8
DA:77,8
DA:80,8
DA:85,8
DA:88,8
DA:93,8
LF:14
LH:14
BRF:0
BRH:0
end_of_record
TN:
SF:src\validators\property.validator.ts
FN:71,(anonymous_0)
FN:71,(anonymous_1)
FNF:2
FNH:2
FNDA:2,(anonymous_0)
FNDA:2,(anonymous_1)
DA:1,8
DA:4,8
DA:7,8
DA:10,8
DA:46,8
DA:51,8
DA:71,2
DA:78,8
DA:93,8
LF:9
LH:9
BRF:0
BRH:0
end_of_record
TN:
SF:src\validators\property.validators.ts
FNF:0
FNH:0
DA:1,0
DA:3,0
DA:12,0
DA:21,0
LF:4
LH:0
BRF:0
BRH:0
end_of_record
TN:
SF:src\validators\rbac.validators.ts
FNF:0
FNH:0
DA:1,8
DA:8,8
DA:26,8
DA:40,8
DA:50,8
DA:68,8
DA:82,8
DA:96,8
DA:102,8
DA:108,8
DA:114,8
DA:126,8
DA:133,8
DA:140,8
DA:149,8
DA:159,8
DA:168,8
LF:17
LH:17
BRF:0
BRH:0
end_of_record
TN:
SF:src\validators\tenant.validator.ts
FNF:0
FNH:0
DA:1,8
DA:4,8
DA:7,8
DA:26,8
DA:44,8
DA:64,8
DA:75,8
LF:7
LH:7
BRF:0
BRH:0
end_of_record
TN:
SF:src\validators\tenant.validators.ts
FNF:0
FNH:0
DA:1,0
DA:3,0
LF:2
LH:0
BRF:0
BRH:0
end_of_record
TN:
SF:src\validators\unit.validator.ts
FNF:0
FNH:0
DA:1,8
DA:4,8
DA:5,8
DA:8,8
DA:30,8
DA:38,8
DA:60,8
DA:74,8
LF:8
LH:8
BRF:0
BRH:0
end_of_record
TN:
SF:src\validators\unit.validators.ts
FNF:0
FNH:0
DA:1,0
DA:3,0
DA:12,0
DA:20,0
LF:4
LH:0
BRF:0
BRH:0
end_of_record
